#
# There is insufficient memory for the Java Runtime Environment to continue.
# Native memory allocation (mmap) failed to map 94371840 bytes for committing reserved memory.
# Possible reasons:
#   The system is out of physical RAM or swap space
#   In 32 bit mode, the process size limit was hit
# Possible solutions:
#   Reduce memory load on the system
#   Increase physical memory or swap space
#   Check if swap backing store is full
#   Use 64 bit Java on a 64 bit OS
#   Decrease Java heap size (-Xmx/-Xms)
#   Decrease number of Java threads
#   Decrease Java thread stack sizes (-Xss)
#   Set larger code cache with -XX:ReservedCodeCacheSize=
# This output file may be truncated or incomplete.
#
#  Out of Memory Error (os_linux.cpp:2673), pid=16313, tid=140674560108288
#
# JRE version: Java(TM) SE Runtime Environment (8.0_45-b14) (build 1.8.0_45-b14)
# Java VM: Java HotSpot(TM) 64-Bit Server VM (25.45-b02 mixed mode linux-amd64 compressed oops)
# Failed to write core dump. Core dumps have been disabled. To enable core dumping, try "ulimit -c unlimited" before starting Java again
#

---------------  T H R E A D  ---------------

Current thread (0x00007ff17013e800):  VMThread [stack: 0x00007ff1591f2000,0x00007ff1592f3000] [id=16327]

Stack: [0x00007ff1591f2000,0x00007ff1592f3000],  sp=0x00007ff1592f1060,  free space=1020k
Native frames: (J=compiled Java code, j=interpreted, Vv=VM code, C=native code)
V  [libjvm.so+0xaac99a]  VMError::report_and_die()+0x2ba
V  [libjvm.so+0x4f333b]  report_vm_out_of_memory(char const*, int, unsigned long, VMErrorType, char const*)+0x8b
V  [libjvm.so+0x90e7c3]  os::Linux::commit_memory_impl(char*, unsigned long, bool)+0x103
V  [libjvm.so+0x90ed19]  os::pd_commit_memory(char*, unsigned long, unsigned long, bool)+0x29
V  [libjvm.so+0x90867a]  os::commit_memory(char*, unsigned long, unsigned long, bool)+0x2a
V  [libjvm.so+0x97bac3]  PSVirtualSpace::expand_by(unsigned long)+0x53
V  [libjvm.so+0x97cec8]  PSYoungGen::resize_generation(unsigned long, unsigned long)+0xf8
V  [libjvm.so+0x97c022]  PSYoungGen::resize(unsigned long, unsigned long)+0x22
V  [libjvm.so+0x9792fb]  PSScavenge::invoke_no_policy()+0xf7b
V  [libjvm.so+0x979a81]  PSScavenge::invoke()+0x41
V  [libjvm.so+0x932050]  ParallelScavengeHeap::failed_mem_allocate(unsigned long)+0x70
V  [libjvm.so+0xaae1d7]  VM_ParallelGCFailedAllocation::doit()+0x97
V  [libjvm.so+0xab59c5]  VM_Operation::evaluate()+0x55
V  [libjvm.so+0xab3d9a]  VMThread::evaluate_operation(VM_Operation*)+0xba
V  [libjvm.so+0xab411e]  VMThread::loop()+0x1ce
V  [libjvm.so+0xab4590]  VMThread::run()+0x70
V  [libjvm.so+0x910de8]  java_start(Thread*)+0x108

VM_Operation (0x00007ff177989050): ParallelGCFailedAllocation, mode: safepoint, requested by thread 0x00007ff170009800


---------------  P R O C E S S  ---------------

Java Threads: ( => current thread )
  0x00007ff170191000 JavaThread "Service Thread" daemon [_thread_blocked, id=16334, stack(0x00007ff158822000,0x00007ff158923000)]
  0x00007ff170183800 JavaThread "C1 CompilerThread2" daemon [_thread_blocked, id=16333, stack(0x00007ff158923000,0x00007ff158a24000)]
  0x00007ff170182000 JavaThread "C2 CompilerThread1" daemon [_thread_blocked, id=16332, stack(0x00007ff158a24000,0x00007ff158b25000)]
  0x00007ff17017f000 JavaThread "C2 CompilerThread0" daemon [_thread_blocked, id=16331, stack(0x00007ff158b25000,0x00007ff158c26000)]
  0x00007ff17017d800 JavaThread "Signal Dispatcher" daemon [_thread_blocked, id=16330, stack(0x00007ff158c26000,0x00007ff158d27000)]
  0x00007ff170146000 JavaThread "Finalizer" daemon [_thread_blocked, id=16329, stack(0x00007ff158ff0000,0x00007ff1590f1000)]
  0x00007ff170143800 JavaThread "Reference Handler" daemon [_thread_blocked, id=16328, stack(0x00007ff1590f1000,0x00007ff1591f2000)]
  0x00007ff170009800 JavaThread "main" [_thread_blocked, id=16322, stack(0x00007ff17788a000,0x00007ff17798b000)]

Other Threads:
=>0x00007ff17013e800 VMThread [stack: 0x00007ff1591f2000,0x00007ff1592f3000] [id=16327]
  0x00007ff170193800 WatcherThread [stack: 0x00007ff158721000,0x00007ff158822000] [id=16335]

VM stat