#
# There is insufficient memory for the Java Runtime Environment to continue.
# Native memory allocation (mmap) failed to map 96468992 bytes for committing reserved memory.
# Possible reasons:
#   The system is out of physical RAM or swap space
#   In 32 bit mode, the process size limit was hit
# Possible solutions:
#   Reduce memory load on the system
#   Increase physical memory or swap space
#   Check if swap backing store is full
#   Use 64 bit Java on a 64 bit OS
#   Decrease Java heap size (-Xmx/-Xms)
#   Decrease number of Java threads
#   Decrease Java thread stack sizes (-Xss)
#   Set larger code cache with -XX:ReservedCodeCacheSize=
# This output file may be truncated or incomplete.
#
#  Out of Memory Error (os_linux.cpp:2673), pid=9403, tid=140035530786560
#
# JRE version: Java(TM) SE Runtime Environment (8.0_45-b14) (build 1.8.0_45-b14)
# Java VM: Java HotSpot(TM) 64-Bit Server VM (25.45-b02 mixed mode linux-amd64 compressed oops)
# Failed to write core dump. Core dumps have been disabled. To enable core dumping, try "ulimit -c unlimited" before starting Java again
#

---------------  T H R E A D  ---------------

Current thread (0x00007f5c8c13e800):  VMThread [stack: 0x00007f5c90018000,0x00007f5c90119000] [id=9416]

Stack: [0x00007f5c90018000,0x00007f5c90119000],  sp=0x00007f5c90116f60,  free space=1019k
Native frames: (J=compiled Java code, j=interpreted, Vv=VM code, C=native code)
V  [libjvm.so+0xaac99a]  VMError::report_and_die()+0x2ba
V  [libjvm.so+0x4f333b]  report_vm_out_of_memory(char const*, int, unsigned long, VMErrorType, char const*)+0x8b
V  [libjvm.so+0x90e7c3]  os::Linux::commit_memory_impl(char*, unsigned long, bool)+0x103
V  [libjvm.so+0x90ed19]  os::pd_commit_memory(char*, unsigned long, unsigned long, bool)+0x29
V  [libjvm.so+0x90867a]  os::commit_memory(char*, unsigned long, unsigned long, bool)+0x2a
V  [libjvm.so+0x97bac3]  PSVirtualSpace::expand_by(unsigned long)+0x53
V  [libjvm.so+0x97cec8]  PSYoungGen::resize_generation(unsigned long, unsigned long)+0xf8
V  [libjvm.so+0x97c022]  PSYoungGen::resize(unsigned long, unsigned long)+0x22
V  [libjvm.so+0x9792fb]  PSScavenge::invoke_no_policy()+0xf7b
V  [libjvm.so+0x979a81]  PSScavenge::invoke()+0x41
V  [libjvm.so+0x932050]  ParallelScavengeHeap::failed_mem_allocate(unsigned long)+0x70
V  [libjvm.so+0xaae1d7]  VM_ParallelGCFailedAllocation::doit()+0x97
V  [libjvm.so+0xab59c5]  VM_Operation::evaluate()+0x55
V  [libjvm.so+0xab3d9a]  VMThread::evaluate_operation(VM_Operation*)+0xba
V  [libjvm.so+0xab411e]  VMThread::loop()+0x1ce
V  [libjvm.so+0xab4590]  VMThread::run()+0x70
V  [libjvm.so+0x910de8]  java_start(Thread*)+0x108

VM_Operation (0x00007f5c956f90b0): ParallelGCFailedAllocation, mode: safepoint, requested by thread 0x00007f5c8c009800


---------------  P R O C E S S  ---------------

Java Threads: ( => current thread )
  0x00007f5c8c186800 JavaThread "Service Thread" daemon [_thread_blocked, id=9423, stack(0x00007f5c7c630000,0x00007f5c7c731000)]
  0x00007f5c8c181800 JavaThread "C1 CompilerThread2" daemon [_thread_blocked, id=9422, stack(0x00007f5c7c731000,0x00007f5c7c832000)]
  0x00007f5c8c17f800 JavaThread "C2 CompilerThread1" daemon [_thread_blocked, id=9421, stack(0x00007f5c7c832000,0x00007f5c7c933000)]
  0x00007f5c8c17d000 JavaThread "C2 CompilerThread0" daemon [_thread_blocked, id=9420, stack(0x00007f5c7c933000,0x00007f5c7ca34000)]
  0x00007f5c8c17b800 JavaThread "Signal Dispatcher" daemon [_thread_blocked, id=9419, stack(0x00007f5c7ca34000,0x00007f5c7cb35000)]
  0x00007f5c8c146000 JavaThread "Finalizer" daemon [_thread_blocked, id=9418, stack(0x00007f5c7cdfe000,0x00007f5c7ceff000)]
  0x00007f5c8c143800 JavaThread "Reference Handler" daemon [_thread_blocked, id=9417, stack(0x00007f5c7ceff000,0x00007f5c7d000000)]
  0x00007f5c8c009800 JavaThread "main" [_thread_blocked, id=9411, stack(0x00007f5c955fa000,0x00007f5c956fb000)]

Other Threads:
=>0x00007f5c8c13e800 VMThread [stack: 0x00007f5c90018000,0x00007f5c90119000] [id=9416]
  0x00007f5c8c189000 WatcherThread [stack: 0x00007f5c7c52f000,0x00007f5c7c630000] [id=9424]

VM state:at safepoint (normal execution)

VM Mutex/Monitor currently owned by a thread:  ([mutex/lock_event])
[0x00007f5c8c005ff0] Threads_lock - owner thread: 0x00007f5c8c13e800
[0x00007f5c8c0064f0] Heap_lock - owner thread: 0x00007f5c8c009800

Heap:
 PSYoungGen      total 66048K, used 2544K [0x00000000eab00000, 0x00000000eee00000, 0x0000000100000000)
  eden space 63488K, 0% used [0x00000000eab00000,0x00000000eab00000,0x00000000ee900000)
  from space 2560K, 99% used [0x00000000ee900000,0x00000000eeb7c010,0x00000000eeb80000)
  to   space 2560K, 0% used [0x00000000eeb80000,0x00000000eeb80000,0x00000000eee00000)
 ParOldGen       total 42496K, used 38844K [0x00000000c0000000, 0x00000000c2980000, 0x00000000eab00000)
  object space 42496K, 91% used [0x00000000c0000000,0x00000000c25ef298,0x00000000c2980000)
 Metaspace       used 6719K, capacity 7448K, committed 7680K, reserved 1056768K
  class space    used 654K, capacity 656K, committed 768K, reserved 1048576K

Card table byte_map: [0x00007f5c921d1000,0x00007f5c923d2000] byte_map_base: 0x00007f5c91bd1000

Marking Bits: (ParMarkBitMap*) 0x00007f5c94acf760
 Begin Bits: [0x00007f5c76000000, 0x00007f5c77000000)
 End Bits:   [0x00007f5c77000000, 0x00007f5c78000000)

Polling page: 0x00007f5c95717000

CodeCache: size=245760Kb used=6957Kb max_used=6969Kb free=238802Kb
 bounds [0x00007f5c7d000000, 0x00007f5c7d6e0000, 0x00007f5c8c000000]
 total_blobs=2347 nmethods=2055 adapters=206
 compilation: enabled

Compilation events (10 events):
Event: 2.742 Thread 0x00007f5c8c17d000 nmethod 2073 0x00007f5c7d6d2110 code [0x00007f5c7d6d22a0, 0x00007f5c7d6d2978]
Event: 2.743 Thread 0x00007f5c8c17d000 2075       4       java.util.HashMap::resize (359 bytes)
Event: 2.751 Thread 0x00007f5c8c17d000 nmethod 2075 0x00007f5c7d6d0990 code [0x00007f5c7d6d0b40, 0x00007f5c7d6d10c8]
Event: 2.751 Thread 0x00007f5c8c17d000 2087       4       java.util.HashMap::getNode (148 bytes)
Event: 2.753 Thread 0x00007f5c8c181800 2088 %     3       com.android.dx.merge.DexMerger::getSortedTypes @ 51 (139 bytes)
Event: 2.755 Thread 0x00007f5c8c181800 nmethod 2088% 0x00007f5c7d6cefd0 code [0x00007f5c7d6cf240, 0x00007f5c7d6d0188]
Event: 2.755 Thread 0x00007f5c8c17d000 nmethod 2087 0x00007f5c7d6cb050 code [0x00007f5c7d6cb1c0, 0x00007f5c7d6cb3e8]
Event: 2.755 Thread 0x00007f5c8c17d000 2086       4       java.util.HashMap::get (23 bytes)
Event: 2.760 Thread 0x00007f5c8c17d000 nmethod 2086 0x00007f5c7d6d1a90 code [0x00007f5c7d6d1c00, 0x00007f5c7d6d1e68]
Event: 2.760 Thread 0x00007f5c8c17d000 2082       4       com.android.dx.merge.IndexMap$EncodedValueTransformer::transformAnnotation (68 bytes)

GC Heap History (9 events):
Event: 0.986 GC heap before
{Heap before GC invocations=1 (full 0):
 PSYoungGen      total 18432K, used 15872K [0x00000000eab00000, 0x00000000ebf80000, 0x0000000100000000)
  eden space 15872K, 100% used [0x00000000eab00000,0x00000000eba80000,0x00000000eba80000)
  from space 2560K, 0% used [0x00000000ebd00000,0x00000000ebd00000,0x00000000ebf80000)
  to   space 2560K, 0% used [0x00000000eba80000,0x00000000eba80000,0x00000000ebd00000)
 ParOldGen       total 42496K, used 0K [0x00000000c0000000, 0x00000000c2980000, 0x00000000eab00000)
  object space 42496K, 0% used [0x00000000c0000000,0x00000000c0000000,0x00000000c2980000)
 Metaspace       used 4962K, capacity 6416K, committed 6528K, reserved 1056768K
  class space    used 496K, capacity 584K, committed 640K, reserved 1048576K
Event: 1.000 GC heap after
Heap after GC invocations=1 (full 0):
 PSYoungGen      total 18432K, used 2544K [0x00000000eab00000, 0x00000000ecf00000, 0x0000000100000000)
  eden space 15872K, 0% used [0x00000000eab00000,0x00000000eab00000,0x00000000eba80000)
  from space 2560K, 99% used [0x00000000eba80000,0x00000000ebcfc2e0,0x00000000ebd00000)
  to   space 2560K, 0% used [0x00000000ecc80000,0x00000000ecc80000,0x00000000ecf00000)
 ParOldGen       total 42496K, used 4357K [0x00000000c0000000, 0x00000000c2980000, 0x00000000eab00000)
  object space 42496K, 10% used [0x00000000c0000000,0x00000000c04414d8,0x00000000c2980000)
 Metaspace       used 4962K, capacity 6416K, committed 6528K, reserved 1056768K
  class space    used 496K, capacity 584K, committed 640K, reserved 1048576K
}
Event: 1.624 GC heap before
{Heap before GC invocations=2 (full 0):
 PSYoungGen      total 18432K, used 18416K [0x00000000eab00000, 0x00000000ecf00000, 0x0000000100000000)
  eden space 15872K, 100% used [0x00000000eab00000,0x00000000eba80000,0x00000000eba80000)
  from space 2560K, 99% used [0x00000000eba80000,0x00000000ebcfc2e0,0x00000000ebd00000)
  to   space 2560K, 0% used [0x00000000ecc80000,0x00000000ecc80000,0x00000000ecf00000)
 ParOldGen       total 42496K, used 4357K [0x00000000c0000000, 0x00000000c2980000, 0x00000000eab00000)
  object space 42496K, 10% used [0x00000000c0000000,0x00000000c04414d8,0x00000000c2980000)
 Metaspace       used 5891K, capacity 6896K, committed 7040K, reserved 1056768K
  class space    used 571K, capacity 616K, committed 640K, reserved 1048576K
Event: 1.635 GC heap after
Heap after GC invocations=2 (full 0):
 PSYoungGen      total 34304K, used 2560K [0x00000000eab00000, 0x00000000ecf00000, 0x0000000100000000)
  eden space 31744K, 0% used [0x00000000eab00000,0x00000000eab00000,0x00000000eca00000)
  from space 2560K, 100% used [0x00000000ecc80000,0x00000000ecf00000,0x00000000ecf00000)
  to   space 2560K, 0% used [0x00000000eca00000,0x00000000eca00000,0x00000000ecc80000)
 ParOldGen       total 42496K, used 8323K [0x00000000c0000000, 0x00000000c2980000, 0x00000000eab00000)
  object space 42496K, 19% used [0x00000000c0000000,0x00000000c0820d38,0x00000000c2980000)
 Metaspace       used 5891K, capacity 6896K, committed 7040K, reserved 1056768K
  class space    used 571K, capacity 616K, committed 640K, reserved 1048576K
}
Event: 2.202 GC heap before
{Heap before GC invocations=3 (full 0):
 PSYoungGen      total 34304K, used 34304K [0x00000000eab00000, 0x00000000ecf00000, 0x0000000100000000)
  eden space 31744K, 100% used [0x00000000eab00000,0x00000000eca00000,0x00000000eca00000)
  from space 2560K, 100% used [0x00000000ecc80000,0x00000000ecf00000,0x00000000ecf00000)
  to   space 2560K, 0% used [0x00000000eca00000,0x00000000eca00000,0x00000000ecc80000)
 ParOldGen       total 42496K, used 8323K [0x00000000c0000000, 0x00000000c2980000, 0x00000000eab00000)
  object space 42496K, 19% used [0x00000000c0000000,0x00000000c0820d38,0x00000000c2980000)
 Metaspace       used 6673K, capacity 7384K, committed 7680K, reserved 1056768K
  class space    used 653K, capacity 656K, committed 768K, reserved 1048576K
Event: 2.213 GC heap after
Heap after GC invocations=3 (full 0):
 PSYoungGen      total 34304K, used 2547K [0x00000000eab00000, 0x00000000eee00000, 0x0000000100000000)
  eden space 31744K, 0% used [0x00000000eab00000,0x00000000eab00000,0x00000000eca00000)
  from space 2560K, 99% used [0x00000000eca00000,0x00000000ecc7cf58,0x00000000ecc80000)
  to   space 2560K, 0% used [0x00000000eeb80000,0x00000000eeb80000,0x00000000eee00000)
 ParOldGen       total 42496K, used 13386K [0x00000000c0000000, 0x00000000c2980000, 0x00000000eab00000)
  object space 42496K, 31% used [0x00000000c0000000,0x00000000c0d128c8,0x00000000c2980000)
 Metaspace       used 6673K, capacity 7384K, committed 7680K, reserved 1056768K
  class space    used 653K, capacity 656K, committed 768K, reserved 1048576K
}
Event: 2.427 GC heap before
{Heap before GC invocations=4 (full 0):
 PSYoungGen      total 34304K, used 34291K [0x00000000eab00000, 0x00000000eee00000, 0x0000000100000000)
  eden space 31744K, 100% used [0x00000000eab00000,0x00000000eca00000,0x00000000eca00000)
  from space 2560K, 99% used [0x00000000eca00000,0x00000000ecc7cf58,0x00000000ecc80000)
  to   space 2560K, 0% used [0x00000000eeb80000,0x00000000eeb80000,0x00000000eee00000)
 ParOldGen       total 42496K, used 13386K [0x00000000c0000000, 0x00000000c2980000, 0x00000000eab00000)
  object space 42496K, 31% used [0x00000000c0000000,0x00000000c0d128c8,0x00000000c2980000)
 Metaspace       used 6697K, capacity 7384K, committed 7680K, reserved 1056768K
  class space    used 653K, capacity 656K, committed 768K, reserved 1048576K
Event: 2.437 GC heap after
Heap after GC invocations=4 (full 0):
 PSYoungGen      total 66048K, used 2532K [0x00000000eab00000, 0x00000000eee00000, 0x0000000100000000)
  eden space 63488K, 0% used [0x00000000eab00000,0x00000000eab00000,0x00000000ee900000)
  from space 2560K, 98% used [0x00000000eeb80000,0x00000000eedf9200,0x00000000eee00000)
  to   space 2560K, 0% used [0x00000000ee900000,0x00000000ee900000,0x00000000eeb80000)
 ParOldGen       total 42496K, used 23671K [0x00000000c0000000, 0x00000000c2980000, 0x00000000eab00000)
  object space 42496K, 55% used [0x00000000c0000000,0x00000000c171dcd8,0x00000000c2980000)
 Metaspace       used 6697K, capacity 7384K, committed 7680K, reserved 1056768K
  class space    used 653K, capacity 656K, committed 768K, reserved 1048576K
}
Event: 2.763 GC heap before
{Heap before GC invocations=5 (full 0):
 PSYoungGen      total 66048K, used 66020K [0x00000000eab00000, 0x00000000eee00000, 0x0000000100000000)
  eden space 63488K, 100% used [0x00000000eab00000,0x00000000ee900000,0x00000000ee900000)
  from space 2560K, 98% used [0x00000000eeb80000,0x00000000eedf9200,0x00000000eee00000)
  to   space 2560K, 0% used [0x00000000ee900000,0x00000000ee900000,0x00000000eeb80000)
 ParOldGen       total 42496K, used 23671K [0x00000000c0000000, 0x00000000c2980000, 0x00000000eab00000)
  object space 42496K, 55% used [0x00000000c0000000,0x00000000c171dcd8,0x00000000c2980000)
 Metaspace       used 6719K, capacity 7448K, committed 7680K, reserved 1056768K
  class space    used 654K, capacity 656K, committed 768K, reserved 1048576K

Deoptimization events (10 events):
Event: 1.240 Thread 0x00007f5c8c009800 Uncommon trap: reason=bimorphic action=maybe_recompile pc=0x00007f5c7d3ac0d0 method=java.util.HashMap.getNode(ILjava/lang/Object;)Ljava/util/HashMap$Node; @ 126
Event: 1.576 Thread 0x00007f5c8c009800 Uncommon trap: reason=class_check action=maybe_recompile pc=0x00007f5c7d437bb4 method=java.util.HashMap.putVal(ILjava/lang/Object;Ljava/lang/Object;ZZ)Ljava/lang/Object; @ 56
Event: 1.576 Thread 0x00007f5c8c009800 Uncommon trap: reason=class_check action=maybe_recompile pc=0x00007f5c7d437bb4 method=java.util.HashMap.putVal(ILjava/lang/Object;Ljava/lang/Object;ZZ)Ljava/lang/Object; @ 56
Event: 1.576 Thread 0x00007f5c8c009800 Uncommon trap: reason=class_check action=maybe_recompile pc=0x00007f5c7d437bb4 method=java.util.HashMap.putVal(ILjava/lang/Object;Ljava/lang/Object;ZZ)Ljava/lang/Object; @ 56
Event: 1.577 Thread 0x00007f5c8c009800 Uncommon trap: reason=class_check action=maybe_recompile pc=0x00007f5c7d437c28 method=java.util.HashMap.putVal(ILjava/lang/Object;Ljava/lang/Object;ZZ)Ljava/lang/Object; @ 152
Event: 1.577 Thread 0x00007f5c8c009800 Uncommon trap: reason=class_check action=maybe_recompile pc=0x00007f5c7d437c28 method=java.util.HashMap.putVal(ILjava/lang/Object;Ljava/lang/Object;ZZ)Ljava/lang/Object; @ 152
Event: 1.722 Thread 0x00007f5c8c009800 Uncommon trap: reason=unstable_if action=reinterpret pc=0x00007f5c7d4fef40 method=java.util.HashMap.putVal(ILjava/lang/Object;Ljava/lang/Object;ZZ)Ljava/lang/Object; @ 162
Event: 1.881 Thread 0x00007f5c8c009800 Uncommon trap: reason=predicate action=maybe_recompile pc=0x00007f5c7d5a0054 method=com.android.dex.Leb128.readUnsignedLeb128(Lcom/android/dex/util/ByteInput;)I @ 41
Event: 2.121 Thread 0x00007f5c8c009800 Uncommon trap: reason=unstable_if action=reinterpret pc=0x00007f5c7d4351cc method=java.util.HashMap.getNode(ILjava/lang/Object;)Ljava/util/HashMap$Node; @ 84
Event: 2.123 Thread 0x00007f5c8c009800 Uncommon trap: reason=unstable_if action=reinterpret pc=0x00007f5c7d42fc94 method=java.util.HashMap.getNode(ILjava/lang/Object;)Ljava/util/HashMap$Node; @ 84

Internal exceptions (2 events):
Event: 0.074 Thread 0x00007f5c8c009800 Exception <a 'java/lang/NoSuchMethodError': Method sun.misc.Unsafe.defineClass(Ljava/lang/String;[BII)Ljava/lang/Class; name or signature does not match> (0x00000000eab12900) thrown at [/RE-WORK/workspace/8-2-build-linux-amd64/jdk8u45/3457/hotspot/src/sha
Event: 0.074 Thread 0x00007f5c8c009800 Exception <a 'java/lang/NoSuchMethodError': Method sun.misc.Unsafe.prefetchRead(Ljava/lang/Object;J)V name or signature does not match> (0x00000000eab12b90) thrown at [/RE-WORK/workspace/8-2-build-linux-amd64/jdk8u45/3457/hotspot/src/share/vm/prims/jni.cp

Events (10 events):
Event: 2.570 Thread 0x00007f5c8c009800 DEOPT UNPACKING pc=0x00007f5c7d047633 sp=0x00007f5c956f9060 mode 0
Event: 2.575 Thread 0x00007f5c8c009800 DEOPT PACKING pc=0x00007f5c7d37eb10 sp=0x00007f5c956f92d0
Event: 2.575 Thread 0x00007f5c8c009800 DEOPT UNPACKING pc=0x00007f5c7d047633 sp=0x00007f5c956f8fe0 mode 0
Event: 2.728 Thread 0x00007f5c8c009800 DEOPT PACKING pc=0x00007f5c7d37eb10 sp=0x00007f5c956f9350
Event: 2.728 Thread 0x00007f5c8c009800 DEOPT UNPACKING pc=0x00007f5c7d047633 sp=0x00007f5c956f9060 mode 0
Event: 2.743 Thread 0x00007f5c8c009800 DEOPT PACKING pc=0x00007f5c7d37eb10 sp=0x00007f5c956f9350
Event: 2.743 Thread 0x00007f5c8c009800 DEOPT UNPACKING pc=0x00007f5c7d047633 sp=0x00007f5c956f9060 mode 0
Event: 2.746 Thread 0x00007f5c8c009800 DEOPT PACKING pc=0x00007f5c7d37eb10 sp=0x00007f5c956f9220
Event: 2.746 Thread 0x00007f5c8c009800 DEOPT UNPACKING pc=0x00007f5c7d047633 sp=0x00007f5c956f8f38 mode 0
Event: 2.763 Executing VM operation: ParallelGCFailedAllocation


Dynamic libraries:
00400000-00401000 r-xp 00000000 08:04 4986776                            /usr/lib/jvm/java-8-oracle/jre/bin/java
00600000-00601000 rw-p 00000000 08:04 4986776                            /usr/lib/jvm/java-8-oracle/jre/bin/java
00ade000-00aff000 rw-p 00000000 00:00 0                                  [heap]
c0000000-c2980000 rw-p 00000000 00:00 0 
c2980000-eab00000 ---p 00000000 00:00 0 
eab00000-eee00000 rw-p 00000000 00:00 0 
f4a00000-100000000 ---p 00000000 00:00 0 
100000000-1000c0000 rw-p 00000000 00:00 0 
1000c0000-140000000 ---p 00000000 00:00 0 
7f5c40000000-7f5c40021000 rw-p 00000000 00:00 0 
7f5c40021000-7f5c44000000 ---p 00000000 00:00 0 
7f5c44000000-7f5c44021000 rw-p 00000000 00:00 0 
7f5c44021000-7f5c48000000 ---p 00000000 00:00 0 
7f5c48000000-7f5c48eac000 rw-p 00000000 00:00 0 
7f5c48eac000-7f5c4c000000 ---p 00000000 00:00 0 
7f5c4c000000-7f5c4c63d000 rw-p 00000000 00:00 0 
7f5c4c63d000-7f5c50000000 ---p 00000000 00:00 0 
7f5c50000000-7f5c50021000 rw-p 00000000 00:00 0 
7f5c50021000-7f5c54000000 ---p 00000000 00:00 0 
7f5c54000000-7f5c5476f000 rw-p 00000000 00:00 0 
7f5c5476f000-7f5c58000000 ---p 00000000 00:00 0 
7f5c58000000-7f5c58021000 rw-p 00000000 00:00 0 
7f5c58021000-7f5c5c000000 ---p 00000000 00:00 0 
7f5c5c000000-7f5c5c021000 rw-p 00000000 00:00 0 
7f5c5c021000-7f5c60000000 ---p 00000000 00:00 0 
7f5c60000000-7f5c60021000 rw-p 00000000 00:00 0 
7f5c60021000-7f5c64000000 ---p 00000000 00:00 0 
7f5c64000000-7f5c6428a000 rw-p 00000000 00:00 0 
7f5c6428a000-7f5c68000000 ---p 00000000 00:00 0 
7f5c68000000-7f5c68021000 rw-p 00000000 00:00 0 
7f5c68021000-7f5c6c000000 ---p 00000000 00:00 0 
7f5c70000000-7f5c70021000 rw-p 00000000 00:00 0 
7f5c70021000-7f5c74000000 ---p 00000000 00:00 0 
7f5c76000000-7f5c78000000 rw-p 00000000 00:00 0 
7f5c78000000-7f5c78021000 rw-p 00000000 00:00 0 
7f5c78021000-7f5c7c000000 ---p 00000000 00:00 0 
7f5c7c52f000-7f5c7c530000 ---p 00000000 00:00 0 
7f5c7c530000-7f5c7c630000 rw-p 00000000 00:00 0                          [stack:9424]
7f5c7c630000-7f5c7c633000 ---p 00000000 00:00 0 
7f5c7c633000-7f5c7c731000 rw-p 00000000 00:00 0                          [stack:9423]
7f5c7c731000-7f5c7c734000 ---p 00000000 00:00 0 
7f5c7c734000-7f5c7c832000 rw-p 00000000 00:00 0                          [stack:9422]
7f5c7c832000-7f5c7c835000 ---p 00000000 00:00 0 
7f5c7c835000-7f5c7c933000 rw-p 00000000 00:00 0                          [stack:9421]
7f5c7c933000-7f5c7c936000 ---p 00000000 00:00 0 
7f5c7c936000-7f5c7ca34000 rw-p 00000000 00:00 0                          [stack:9420]
7f5c7ca34000-7f5c7ca37000 ---p 00000000 00:00 0 
7f5c7ca37000-7f5c7cb35000 rw-p 00000000 00:00 0                          [stack:9419]
7f5c7cb35000-7f5c7cdfe000 r--p 00000000 08:04 1580843                    /usr/lib/locale/locale-archive
7f5c7cdfe000-7f5c7ce01000 ---p 00000000 00:00 0 
7f5c7ce01000-7f5c7ceff000 rw-p 00000000 00:00 0                          [stack:9418]
7f5c7ceff000-7f5c7cf02000 ---p 00000000 00:00 0 
7f5c7cf02000-7f5c7d000000 rw-p 00000000 00:00 0                          [stack:9417]
7f5c7d000000-7f5c7d6e0000 rwxp 00000000 00:00 0 
7f5c7d6e0000-7f5c8c000000 ---p 00000000 00:00 0 
7f5c8c000000-7f5c8c45d000 rw-p 00000000 00:00 0 
7f5c8c45d000-7f5c90000000 ---p 00000000 00:00 0 
7f5c90018000-7f5c90019000 ---p 00000000 00:00 0 
7f5c90019000-7f5c91028000 rw-p 00000000 00:00 0                          [stack:9416]
7f5c91028000-7f5c91201000 r--s 03d09000 08:04 2893612                    /usr/lib/jvm/java-8-oracle/jre/lib/rt.jar
7f5c91201000-7f5c91937000 rw-p 00000000 00:00 0 
7f5c91937000-7f5c91a77000 ---p 00000000 00:00 0 
7f5c91a77000-7f5c91c77000 rw-p 00000000 00:00 0 
7f5c91c77000-7f5c91c78000 ---p 00000000 00:00 0 
7f5c91c78000-7f5c91d78000 rw-p 00000000 00:00 0                          [stack:9415]
7f5c91d78000-7f5c91d79000 ---p 00000000 00:00 0 
7f5c91d79000-7f5c91e79000 rw-p 00000000 00:00 0                          [stack:9414]
7f5c91e79000-7f5c91e7a000 ---p 00000000 00:00 0 
7f5c91e7a000-7f5c91f7a000 rw-p 00000000 00:00 0                          [stack:9413]
7f5c91f7a000-7f5c91f7b000 ---p 00000000 00:00 0 
7f5c91f7b000-7f5c92090000 rw-p 00000000 00:00 0                          [stack:9412]
7f5c92090000-7f5c921d1000 ---p 00000000 00:00 0 
7f5c921d1000-7f5c921e6000 rw-p 00000000 00:00 0 
7f5c921e6000-7f5c92326000 ---p 00000000 00:00 0 
7f5c92326000-7f5c92348000 rw-p 00000000 00:00 0 
7f5c92348000-7f5c923d1000 ---p 00000000 00:00 0 
7f5c923d1000-7f5c923ee000 rw-p 00000000 00:00 0 
7f5c923ee000-7f5c92792000 ---p 00000000 00:00 0 
7f5c92792000-7f5c927ac000 r-xp 00000000 08:04 4462554                    /usr/lib/jvm/java-8-oracle/jre/lib/amd64/libzip.so
7f5c927ac000-7f5c929ac000 ---p 0001a000 08:04 4462554                    /usr/lib/jvm/java-8-oracle/jre/lib/amd64/libzip.so
7f5c929ac000-7f5c929ad000 rw-p 0001a000 08:04 4462554                    /usr/lib/jvm/java-8-oracle/jre/lib/amd64/libzip.so
7f5c929ad000-7f5c929b8000 r-xp 00000000 08:04 3150469                    /lib/x86_64-linux-gnu/libnss_files-2.19.so
7f5c929b8000-7f5c92bb7000 ---p 0000b000 08:04 3150469                    /lib/x86_64-linux-gnu/libnss_files-2.19.so
7f5c92bb7000-7f5c92bb8000 r--p 0000a000 08:04 3150469                    /lib/x86_64-linux-gnu/libnss_files-2.19.so
7f5c92bb8000-7f5c92bb9000 rw-p 0000b000 08:04 3150469                    /lib/x86_64-linux-gnu/libnss_files-2.19.so
7f5c92bb9000-7f5c92bc4000 r-xp 00000000 08:04 3150466                    /lib/x86_64-linux-gnu/libnss_nis-2.19.so
7f5c92bc4000-7f5c92dc3000 ---p 0000b000 08:04 3150466                    /lib/x86_64-linux-gnu/libnss_nis-2.19.so
7f5c92dc3000-7f5c92dc4000 r--p 0000a000 08:04 3150466                    /lib/x86_64-linux-gnu/libnss_nis-2.19.so
7f5c92dc4000-7f5c92dc5000 rw-p 0000b000 08:04 3150466                    /lib/x86_64-linux-gnu/libnss_nis-2.19.so
7f5c92dc5000-7f5c92ddc000 r-xp 00000000 08:04 3150460                    /lib/x86_64-linux-gnu/libnsl-2.19.so
7f5c92ddc000-7f5c92fdb000 ---p 00017000 08:04 3150460                    /lib/x86_64-linux-gnu/libnsl-2.19.so
7f5c92fdb000-7f5c92fdc000 r--p 00016000 08:04 3150460                    /lib/x86_64-linux-gnu/libnsl-2.19.so
7f5c92fdc000-7f5c92fdd000 rw-p 00017000 08:04 3150460                    /lib/x86_64-linux-gnu/libnsl-2.19.so
7f5c92fdd000-7f5c92fdf000 rw-p 00000000 00:00 0 
7f5c92fdf000-7f5c92fe8000 r-xp 00000000 08:04 3150457                    /lib/x86_64-linux-gnu/libnss_compat-2.19.so
7f5c92fe8000-7f5c931e7000 ---p 00009000 08:04 3150457                    /lib/x86_64-linux-gnu/libnss_compat-2.19.so
7f5c931e7000-7f5c931e8000 r--p 00008000 08:04 3150457                    /lib/x86_64-linux-gnu/libnss_compat-2.19.so
7f5c931e8000-7f5c931e9000 rw-p 00009000 08:04 3150457                    /lib/x86_64-linux-gnu/libnss_compat-2.19.so
7f5c931e9000-7f5c93213000 r-xp 00000000 08:04 4461799                    /usr/lib/jvm/java-8-oracle/jre/lib/amd64/libjava.so
7f5c93213000-7f5c93413000 ---p 0002a000 08:04 4461799                    /usr/lib/jvm/java-8-oracle/jre/lib/amd64/libjava.so
7f5c93413000-7f5c93415000 rw-p 0002a000 08:04 4461799                    /usr/lib/jvm/java-8-oracle/jre/lib/amd64/libjava.so
7f5c93415000-7f5c93422000 r-xp 00000000 08:04 4462580                    /usr/lib/jvm/java-8-oracle/jre/lib/amd64/libverify.so
7f5c93422000-7f5c93622000 ---p 0000d000 08:04 4462580                    /usr/lib/jvm/java-8-oracle/jre/lib/amd64/libverify.so
7f5c93622000-7f5c93624000 rw-p 0000d000 08:04 4462580                    /usr/lib/jvm/java-8-oracle/jre/lib/amd64/libverify.so
7f5c93624000-7f5c9362b000 r-xp 00000000 08:04 3150452                    /lib/x86_64-linux-gnu/librt-2.19.so
7f5c9362b000-7f5c9382a000 ---p 00007000 08:04 3150452                    /lib/x86_64-linux-gnu/librt-2.19.so
7f5c9382a000-7f5c9382b000 r--p 00006000 08:04 3150452                    /lib/x86_64-linux-gnu/librt-2.19.so
7f5c9382b000-7f5c9382c000 rw-p 00007000 08:04 3150452                    /lib/x86_64-linux-gnu/librt-2.19.so
7f5c9382c000-7f5c93931000 r-xp 00000000 08:04 3150459                    /lib/x86_64-linux-gnu/libm-2.19.so
7f5c93931000-7f5c93b30000 ---p 00105000 08:04 3150459                    /lib/x86_64-linux-gnu/libm-2.19.so
7f5c93b30000-7f5c93b31000 r--p 00104000 08:04 3150459                    /lib/x86_64-linux-gnu/libm-2.19.so
7f5c93b31000-7f5c93b32000 rw-p 00105000 08:04 3150459                    /lib/x86_64-linux-gnu/libm-2.19.so
7f5c93b32000-7f5c947e0000 r-xp 00000000 08:04 4723906                    /usr/lib/jvm/java-8-oracle/jre/lib/amd64/server/libjvm.so
7f5c947e0000-7f5c949df000 ---p 00cae000 08:04 4723906                    /usr/lib/jvm/java-8-oracle/jre/lib/amd64/server/libjvm.so
7f5c949df000-7f5c94ab6000 rw-p 00cad000 08:04 4723906                    /usr/lib/jvm/java-8-oracle/jre/lib/amd64/server/libjvm.so
7f5c94ab6000-7f5c94afa000 rw-p 00000000 00:00 0 
7f5c94afa000-7f5c94cb5000 r-xp 00000000 08:04 3150451                    /lib/x86_64-linux-gnu/libc-2.19.so
7f5c94cb5000-7f5c94eb5000 ---p 001bb000 08:04 3150451                    /lib/x86_64-linux-gnu/libc-2.19.so
7f5c94eb5000-7f5c94eb9000 r--p 001bb000 08:04 3150451                    /lib/x86_64-linux-gnu/libc-2.19.so
7f5c94eb9000-7f5c94ebb000 rw-p 001bf000 08:04 3150451                    /lib/x86_64-linux-gnu/libc-2.19.so
7f5c94ebb000-7f5c94ec0000 rw-p 00000000 00:00 0 
7f5c94ec0000-7f5c94ec3000 r-xp 00000000 08:04 3150455                    /lib/x86_64-linux-gnu/libdl-2.19.so
7f5c94ec3000-7f5c950c2000 ---p 00003000 08:04 3150455                    /lib/x86_64-linux-gnu/libdl-2.19.so
7f5c950c2000-7f5c950c3000 r--p 00002000 08:04 3150455                    /lib/x86_64-linux-gnu/libdl-2.19.so
7f5c950c3000-7f5c950c4000 rw-p 00003000 08:04 3150455                    /lib/x86_64-linux-gnu/libdl-2.19.so
7f5c950c4000-7f5c950d9000 r-xp 00000000 08:04 4589480                    /usr/lib/jvm/java-8-oracle/jre/lib/amd64/jli/libjli.so
7f5c950d9000-7f5c952d9000 ---p 00015000 08:04 4589480                    /usr/lib/jvm/java-8-oracle/jre/lib/amd64/jli/libjli.so
7f5c952d9000-7f5c952da000 rw-p 00015000 08:04 4589480                    /usr/lib/jvm/java-8-oracle/jre/lib/amd64/jli/libjli.so
7f5c952da000-7f5c952f3000 r-xp 00000000 08:04 3150468                    /lib/x86_64-linux-gnu/libpthread-2.19.so
7f5c952f3000-7f5c954f2000 ---p 00019000 08:04 3150468                    /lib/x86_64-linux-gnu/libpthread-2.19.so
7f5c954f2000-7f5c954f3000 r--p 00018000 08:04 3150468                    /lib/x86_64-linux-gnu/libpthread-2.19.so
7f5c954f3000-7f5c954f4000 rw-p 00019000 08:04 3150468                    /lib/x86_64-linux-gnu/libpthread-2.19.so
7f5c954f4000-7f5c954f8000 rw-p 00000000 00:00 0 
7f5c954f8000-7f5c9551b000 r-xp 00000000 08:04 3150449                    /lib/x86_64-linux-gnu/ld-2.19.so
7f5c95536000-7f5c95537000 rw-p 00000000 00:00 0 
7f5c95537000-7f5c9553c000 r--s 00094000 08:04 2893606                    /usr/lib/jvm/java-8-oracle/jre/lib/jsse.jar
7f5c9553c000-7f5c955fa000 rw-p 00000000 00:00 0 
7f5c955fa000-7f5c955fd000 ---p 00000000 00:00 0 
7f5c955fd000-7f5c956ff000 rw-p 00000000 00:00 0                          [stack:9411]
7f5c956ff000-7f5c9570e000 r--s 000dd000 08:04 1181352                    /home/vikky/Android/Sdk/build-tools/21.1.2/lib/dx.jar
7f5c9570e000-7f5c95716000 rw-s 00000000 08:04 5378191                    /tmp/hsperfdata_vikky/9403
7f5c95716000-7f5c95717000 rw-p 00000000 00:00 0 
7f5c95717000-7f5c95718000 ---p 00000000 00:00 0 
7f5c95718000-7f5c9571a000 rw-p 00000000 00:00 0 
7f5c9571a000-7f5c9571b000 r--p 00022000 08:04 3150449                    /lib/x86_64-linux-gnu/ld-2.19.so
7f5c9571b000-7f5c9571c000 rw-p 00023000 08:04 3150449                    /lib/x86_64-linux-gnu/ld-2.19.so
7f5c9571c000-7f5c9571d000 rw-p 00000000 00:00 0 
7fffd20da000-7fffd20fb000 rw-p 00000000 00:00 0                          [stack]
7fffd214f000-7fffd2151000 r-xp 00000000 00:00 0                          [vdso]
ffffffffff600000-ffffffffff601000 r-xp 00000000 00:00 0                  [vsyscall]

VM Arguments:
jvm_args: -Xmx1024M 
java_command: /home/vikky/Android/Sdk/build-tools/21.1.2/lib/dx.jar --dex --no-optimize --output /home/vikky/AndroidStudioProjects/Hisab/app/build/intermediates/dex/debug --input-list=/home/vikky/AndroidStudioProjects/Hisab/app/build/intermediates/tmp/dex/debug/inputList.txt
java_class_path (initial): /home/vikky/Android/Sdk/build-tools/21.1.2/lib/dx.jar
Launcher Type: SUN_STANDARD

Environment Variables:
JAVA_HOME=/usr/lib/jvm/java-8-oracle
PATH=/home/vikky/.rbenv/shims:/usr/local/sbin:/usr/local/bin:/usr/sbin:/usr/bin:/sbin:/bin:/usr/games:/usr/local/games:/usr/lib/jvm/java-8-oracle/bin:/usr/lib/jvm/java-8-oracle/db/bin:/usr/lib/jvm/java-8-oracle/jre/bin
LD_LIBRARY_PATH=./android-studio/bin:
SHELL=/bin/bash
DISPLAY=:0.0

Signal Handlers:
SIGSEGV: [libjvm.so+0xaad1e0], sa_mask[0]=11111111011111111101111111111110, sa_flags=SA_RESTART|SA_SIGINFO
SIGBUS: [libjvm.so+0xaad1e0], sa_mask[0]=11111111011111111101111111111110, sa_flags=SA_RESTART|SA_SIGINFO
SIGFPE: [libjvm.so+0x90b450], sa_mask[0]=11111111011111111101111111111110, sa_flags=SA_RESTART|SA_SIGINFO
SIGPIPE: [libjvm.so+0x90b450], sa_mask[0]=11111111011111111101111111111110, sa_flags=SA_RESTART|SA_SIGINFO
SIGXFSZ: [libjvm.so+0x90b450], sa_mask[0]=11111111011111111101111111111110, sa_flags=SA_RESTART|SA_SIGINFO
SIGILL: [libjvm.so+0x90b450], sa_mask[0]=11111111011111111101111111111110, sa_flags=SA_RESTART|SA_SIGINFO
SIGUSR1: SIG_DFL, sa_mask[0]=00000000000000000000000000000000, sa_flags=none
SIGUSR2: [libjvm.so+0x90ca90], sa_mask[0]=00100000000000000000000000000000, sa_flags=SA_RESTART|SA_SIGINFO
SIGHUP: [libjvm.so+0x90dde0], sa_mask[0]=11111111011111111101111111111110, sa_flags=SA_RESTART|SA_SIGINFO
SIGINT: [libjvm.so+0x90dde0], sa_mask[0]=11111111011111111101111111111110, sa_flags=SA_RESTART|SA_SIGINFO
SIGTERM: [libjvm.so+0x90dde0], sa_mask[0]=11111111011111111101111111111110, sa_flags=SA_RESTART|SA_SIGINFO
SIGQUIT: [libjvm.so+0x90dde0], sa_mask[0]=11111111011111111101111111111110, sa_flags=SA_RESTART|SA_SIGINFO


---------------  S Y S T E M  ---------------

OS:DISTRIB_ID=Ubuntu
DISTRIB_RELEASE=14.04
DISTRIB_CODENAME=trusty
DISTRIB_DESCRIPTION="Linux Lite 2.2"

uname:Linux 3.13.0-24-generic #47-Ubuntu SMP Fri May 2 23:30:00 UTC 2014 x86_64
libc:glibc 2.19 NPTL 2.19 
rlimit: STACK 8192k, CORE 0k, NPROC 30981, NOFILE 4096, AS infinity
load average:1.93 0.91 0.75

/proc/meminfo:
MemTotal:        3994112 kB
MemFree:          137984 kB
Buffers:             440 kB
Cached:           101736 kB
SwapCached:            0 kB
Active:          3600980 kB
Inactive:          81212 kB
Active(anon):    3585604 kB
Inactive(anon):    70140 kB
Active(file):      15376 kB
Inactive(file):    11072 kB
Unevictable:          48 kB
Mlocked:              48 kB
SwapTotal:             0 kB
SwapFree:              0 kB
Dirty:              1024 kB
Writeback:             0 kB
AnonPages:       3580416 kB
Mapped:            67696 kB
Shmem:             75400 kB
Slab:              57808 kB
SReclaimable:      28584 kB
SUnreclaim:        29224 kB
KernelStack:        4608 kB
PageTables:        33704 kB
NFS_Unstable:          0 kB
Bounce:                0 kB
WritebackTmp:          0 kB
CommitLimit:     1997056 kB
Committed_AS:    6239808 kB
VmallocTotal:   34359738367 kB
VmallocUsed:      555648 kB
VmallocChunk:   34359172812 kB
HardwareCorrupted:     0 kB
AnonHugePages:   1206272 kB
HugePages_Total:       0
HugePages_Free:        0
HugePages_Rsvd:        0
HugePages_Surp:        0
Hugepagesize:       2048 kB
DirectMap4k:       86272 kB
DirectMap2M:     4055040 kB


CPU:total 4 (2 cores per cpu, 2 threads per core) family 6 model 42 stepping 7, cmov, cx8, fxsr, mmx, sse, sse2, sse3, ssse3, sse4.1, sse4.2, popcnt, avx, clmul, ht, tsc, tscinvbit

/proc/cpuinfo:
processor	: 0
vendor_id	: GenuineIntel
cpu family	: 6
model		: 42
model name	: Intel(R) Core(TM) i3-2350M CPU @ 2.30GHz
stepping	: 7
microcode	: 0x1b
cpu MHz		: 2300.000
cache size	: 3072 KB
physical id	: 0
siblings	: 4
core id		: 0
cpu cores	: 2
apicid		: 0
initial apicid	: 0
fpu		: yes
fpu_exception	: yes
cpuid level	: 13
wp		: yes
flags		: fpu vme de pse tsc msr pae mce cx8 apic sep mtrr pge mca cmov pat pse36 clflush dts acpi mmx fxsr sse sse2 ss ht tm pbe syscall nx rdtscp lm constant_tsc arch_perfmon pebs bts rep_good nopl xtopology nonstop_tsc aperfmperf eagerfpu pni pclmulqdq dtes64 monitor ds_cpl vmx est tm2 ssse3 cx16 xtpr pdcm pcid sse4_1 sse4_2 x2apic popcnt tsc_deadline_timer xsave avx lahf_lm arat epb xsaveopt pln pts dtherm tpr_shadow vnmi flexpriority ept vpid
bogomips	: 4589.87
clflush size	: 64
cache_alignment	: 64
address sizes	: 36 bits physical, 48 bits virtual
power management:

processor	: 1
vendor_id	: GenuineIntel
cpu family	: 6
model		: 42
model name	: Intel(R) Core(TM) i3-2350M CPU @ 2.30GHz
stepping	: 7
microcode	: 0x1b
cpu MHz		: 2300.000
cache size	: 3072 KB
physical id	: 0
siblings	: 4
core id		: 0
cpu cores	: 2
apicid		: 1
initial apicid	: 1
fpu		: yes
fpu_exception	: yes
cpuid level	: 13
wp		: yes
flags		: fpu vme de pse tsc msr pae mce cx8 apic sep mtrr pge mca cmov pat pse36 clflush dts acpi mmx fxsr sse sse2 ss ht tm pbe syscall nx rdtscp lm constant_tsc arch_perfmon pebs bts rep_good nopl xtopology nonstop_tsc aperfmperf eagerfpu pni pclmulqdq dtes64 monitor ds_cpl vmx est tm2 ssse3 cx16 xtpr pdcm pcid sse4_1 sse4_2 x2apic popcnt tsc_deadline_timer xsave avx lahf_lm arat epb xsaveopt pln pts dtherm tpr_shadow vnmi flexpriority ept vpid
bogomips	: 4589.87
clflush size	: 64
cache_alignment	: 64
address sizes	: 36 bits physical, 48 bits virtual
power management:

processor	: 2
vendor_id	: GenuineIntel
cpu family	: 6
model		: 42
model name	: Intel(R) Core(TM) i3-2350M CPU @ 2.30GHz
stepping	: 7
microcode	: 0x1b
cpu MHz		: 800.000
cache size	: 3072 KB
physical id	: 0
siblings	: 4
core id		: 1
cpu cores	: 2
apicid		: 2
initial apicid	: 2
fpu		: yes
fpu_exception	: yes
cpuid level	: 13
wp		: yes
flags		: fpu vme de pse tsc msr pae mce cx8 apic sep mtrr pge mca cmov pat pse36 clflush dts acpi mmx fxsr sse sse2 ss ht tm pbe syscall nx rdtscp lm constant_tsc arch_perfmon pebs bts rep_good nopl xtopology nonstop_tsc aperfmperf eagerfpu pni pclmulqdq dtes64 monitor ds_cpl vmx est tm2 ssse3 cx16 xtpr pdcm pcid sse4_1 sse4_2 x2apic popcnt tsc_deadline_timer xsave avx lahf_lm arat epb xsaveopt pln pts dtherm tpr_shadow vnmi flexpriority ept vpid
bogomips	: 4589.87
clflush size	: 64
cache_alignment	: 64
address sizes	: 36 bits physical, 48 bits virtual
power management:

processor	: 3
vendor_id	: GenuineIntel
cpu family	: 6
model		: 42
model name	: Intel(R) Core(TM) i3-2350M CPU @ 2.30GHz
stepping	: 7
microcode	: 0x1b
cpu MHz		: 2300.000
cache size	: 3072 KB
physical id	: 0
siblings	: 4
core id		: 1
cpu cores	: 2
apicid		: 3
initial apicid	: 3
fpu		: yes
fpu_exception	: yes
cpuid level	: 13
wp		: yes
flags		: fpu vme de pse tsc msr pae mce cx8 apic sep mtrr pge mca cmov pat pse36 clflush dts acpi mmx fxsr sse sse2 ss ht tm pbe syscall nx rdtscp lm constant_tsc arch_perfmon pebs bts rep_good nopl xtopology nonstop_tsc aperfmperf eagerfpu pni pclmulqdq dtes64 monitor ds_cpl vmx est tm2 ssse3 cx16 xtpr pdcm pcid sse4_1 sse4_2 x2apic popcnt tsc_deadline_timer xsave avx lahf_lm arat epb xsaveopt pln pts dtherm tpr_shadow vnmi flexpriority ept vpid
bogomips	: 4589.87
clflush size	: 64
cache_alignment	: 64
address sizes	: 36 bits physical, 48 bits virtual
power management:



Memory: 4k page, physical 3994112k(137984k free), swap 0k(0k free)

vm_info: Java HotSpot(TM) 64-Bit Server VM (25.45-b02) for linux-amd64 JRE (1.8.0_45-b14), built on Apr 10 2015 10:07:45 by "java_re" with gcc 4.3.0 20080428 (Red Hat 4.3.0-8)

time: Thu Aug  6 19:37:44 2015
elapsed time: 3 seconds (0d 0h 0m 3s)

