#
# There is insufficient memory for the Java Runtime Environment to continue.
# Native memory allocation (mmap) failed to map 90177536 bytes for committing reserved memory.
# Possible reasons:
#   The system is out of physical RAM or swap space
#   In 32 bit mode, the process size limit was hit
# Possible solutions:
#   Reduce memory load on the system
#   Increase physical memory or swap space
#   Check if swap backing store is full
#   Use 64 bit Java on a 64 bit OS
#   Decrease Java heap size (-Xmx/-Xms)
#   Decrease number of Java threads
#   Decrease Java thread stack sizes (-Xss)
#   Set larger code cache with -XX:ReservedCodeCacheSize=
# This output file may be truncated or incomplete.
#
#  Out of Memory Error (os_linux.cpp:2673), pid=17484, tid=139652496455424
#
# JRE version: Java(TM) SE Runtime Environment (8.0_45-b14) (build 1.8.0_45-b14)
# Java VM: Java HotSpot(TM) 64-Bit Server VM (25.45-b02 mixed mode linux-amd64 compressed oops)
# Failed to write core dump. Core dumps have been disabled. To enable core dumping, try "ulimit -c unlimited" before starting Java again
#

---------------  T H R E A D  ---------------

Current thread (0x00007f037413e800):  VMThread [stack: 0x00007f0361617000,0x00007f0361718000] [id=17497]

Stack: [0x00007f0361617000,0x00007f0361718000],  sp=0x00007f03617162e0,  free space=1020k
Native frames: (J=compiled Java code, j=interpreted, Vv=VM code, C=native code)
V  [libjvm.so+0xaac99a]  VMError::report_and_die()+0x2ba
V  [libjvm.so+0x4f333b]  report_vm_out_of_memory(char const*, int, unsigned long, VMErrorType, char const*)+0x8b
V  [libjvm.so+0x90e7c3]  os::Linux::commit_memory_impl(char*, unsigned long, bool)+0x103
V  [libjvm.so+0x90ed19]  os::pd_commit_memory(char*, unsigned long, unsigned long, bool)+0x29
V  [libjvm.so+0x90867a]  os::commit_memory(char*, unsigned long, unsigned long, bool)+0x2a
V  [libjvm.so+0x97bac3]  PSVirtualSpace::expand_by(unsigned long)+0x53
V  [libjvm.so+0x97cec8]  PSYoungGen::resize_generation(unsigned long, unsigned long)+0xf8
V  [libjvm.so+0x97c022]  PSYoungGen::resize(unsigned long, unsigned long)+0x22
V  [libjvm.so+0x9792fb]  PSScavenge::invoke_no_policy()+0xf7b
V  [libjvm.so+0x979a81]  PSScavenge::invoke()+0x41
V  [libjvm.so+0x932050]  ParallelScavengeHeap::failed_mem_allocate(unsigned long)+0x70
V  [libjvm.so+0xaae1d7]  VM_ParallelGCFailedAllocation::doit()+0x97
V  [libjvm.so+0xab59c5]  VM_Operation::evaluate()+0x55
V  [libjvm.so+0xab3d9a]  VMThread::evaluate_operation(VM_Operation*)+0xba
V  [libjvm.so+0xab411e]  VMThread::loop()+0x1ce
V  [libjvm.so+0xab4590]  VMThread::run()+0x70
V  [libjvm.so+0x910de8]  java_start(Thread*)+0x108

VM_Operation (0x00007f037bd03060): ParallelGCFailedAllocation, mode: safepoint, requested by thread 0x00007f0374009800


---------------  P R O C E S S  ---------------

Java Threads: ( => current thread )
  0x00007f0374186800 JavaThread "Service Thread" daemon [_thread_blocked, id=17504, stack(0x00007f0360c47000,0x00007f0360d48000)]
  0x00007f0374181800 JavaThread "C1 CompilerThread2" daemon [_thread_blocked, id=17503, stack(0x00007f0360d48000,0x00007f0360e49000)]
  0x00007f037417f800 JavaThread "C2 CompilerThread1" daemon [_thread_blocked, id=17502, stack(0x00007f0360e49000,0x00007f0360f4a000)]
  0x00007f037417c800 JavaThread "C2 CompilerThread0" daemon [_thread_blocked, id=17501, stack(0x00007f0360f4a000,0x00007f036104b000)]
  0x00007f037417b800 JavaThread "Signal Dispatcher" daemon [_thread_blocked, id=17500, stack(0x00007f036104b000,0x00007f036114c000)]
  0x00007f0374146000 JavaThread "Finalizer" daemon [_thread_blocked, id=17499, stack(0x00007f0361415000,0x00007f0361516000)]
  0x00007f0374143800 JavaThread "Reference Handler" daemon [_thread_blocked, id=17498, stack(0x00007f0361516000,0x00007f0361617000)]
  0x00007f0374009800 JavaThread "main" [_thread_blocked, id=17492, stack(0x00007f037bc04000,0x00007f037bd05000)]

Other Threads:
=>0x00007f037413e800 VMThread [stack: 0x00007f0361617000,0x00007f0361718000] [id=17497]
  0x00007f0374189000 WatcherThread [stack: 0x00007f0360b46000,0x00007f0360c47000] [id=17505]

VM state:at safepoint (normal execution)

VM Mutex/Monitor currently owned by a thread:  ([mutex/lock_event])
[0x00007f0374005ff0] Threads_lock - owner thread: 0x00007f037413e800
[0x00007f03740064f0] Heap_lock - owner thread: 0x00007f0374009800

Heap:
 PSYoungGen      total 66048K, used 2553K [0x00000000eab00000, 0x00000000eee00000, 0x0000000100000000)
  eden space 63488K, 0% used [0x00000000eab00000,0x00000000eab00000,0x00000000ee900000)
  from space 2560K, 99% used [0x00000000ee900000,0x00000000eeb7e6e0,0x00000000eeb80000)
  to   space 2560K, 0% used [0x00000000eeb80000,0x00000000eeb80000,0x00000000eee00000)
 ParOldGen       total 42496K, used 31677K [0x00000000c0000000, 0x00000000c2980000, 0x00000000eab00000)
  object space 42496K, 74% used [0x00000000c0000000,0x00000000c1eef700,0x00000000c2980000)
 Metaspace       used 6589K, capacity 7320K, committed 7680K, reserved 1056768K
  class space    used 653K, capacity 656K, committed 768K, reserved 1048576K

Card table byte_map: [0x00007f03787db000,0x00007f03789dc000] byte_map_base: 0x00007f03781db000

Marking Bits: (ParMarkBitMap*) 0x00007f037b0d9760
 Begin Bits: [0x00007f0363000000, 0x00007f0364000000)
 End Bits:   [0x00007f0364000000, 0x00007f0365000000)

Polling page: 0x00007f037bd21000

CodeCache: size=245760Kb used=6007Kb max_used=6020Kb free=239752Kb
 bounds [0x00007f0365000000, 0x00007f03655f0000, 0x00007f0374000000]
 total_blobs=2092 nmethods=1800 adapters=206
 compilation: enabled

Compilation events (10 events):
Event: 2.646 Thread 0x00007f0374181800 1844       2       com.android.dx.io.instructions.InstructionCodec$32::decode (74 bytes)
Event: 2.648 Thread 0x00007f0374181800 nmethod 1844 0x00007f03655d1410 code [0x00007f03655d1640, 0x00007f03655d2058]
Event: 2.662 Thread 0x00007f0374181800 1845       2       com.android.dx.io.instructions.InstructionCodec$32::encode (95 bytes)
Event: 2.663 Thread 0x00007f0374181800 nmethod 1845 0x00007f03655e1850 code [0x00007f03655e1a20, 0x00007f03655e2028]
Event: 2.674 Thread 0x00007f037417c800 nmethod 1836 0x00007f03655e6250 code [0x00007f03655e6400, 0x00007f03655e72b8]
Event: 2.674 Thread 0x00007f037417c800 1837       4       com.android.dx.merge.DexMerger::transformMethods (126 bytes)
Event: 2.675 Thread 0x00007f0374181800 1846       1       com.android.dx.io.instructions.SparseSwitchPayloadDecodedInstruction::getKeys (5 bytes)
Event: 2.675 Thread 0x00007f0374181800 nmethod 1846 0x00007f03655cf390 code [0x00007f03655cf4e0, 0x00007f03655cf5f0]
Event: 2.675 Thread 0x00007f0374181800 1847       1       com.android.dx.io.instructions.SparseSwitchPayloadDecodedInstruction::getTargets (5 bytes)
Event: 2.675 Thread 0x00007f0374181800 nmethod 1847 0x00007f03655cf0d0 code [0x00007f03655cf220, 0x00007f03655cf330]

GC Heap History (9 events):
Event: 1.063 GC heap before
{Heap before GC invocations=1 (full 0):
 PSYoungGen      total 18432K, used 15677K [0x00000000eab00000, 0x00000000ebf80000, 0x0000000100000000)
  eden space 15872K, 98% used [0x00000000eab00000,0x00000000eba4f710,0x00000000eba80000)
  from space 2560K, 0% used [0x00000000ebd00000,0x00000000ebd00000,0x00000000ebf80000)
  to   space 2560K, 0% used [0x00000000eba80000,0x00000000eba80000,0x00000000ebd00000)
 ParOldGen       total 42496K, used 0K [0x00000000c0000000, 0x00000000c2980000, 0x00000000eab00000)
  object space 42496K, 0% used [0x00000000c0000000,0x00000000c0000000,0x00000000c2980000)
 Metaspace       used 4945K, capacity 6416K, committed 6528K, reserved 1056768K
  class space    used 498K, capacity 584K, committed 640K, reserved 1048576K
Event: 1.075 GC heap after
Heap after GC invocations=1 (full 0):
 PSYoungGen      total 18432K, used 2548K [0x00000000eab00000, 0x00000000ecf00000, 0x0000000100000000)
  eden space 15872K, 0% used [0x00000000eab00000,0x00000000eab00000,0x00000000eba80000)
  from space 2560K, 99% used [0x00000000eba80000,0x00000000ebcfd110,0x00000000ebd00000)
  to   space 2560K, 0% used [0x00000000ecc80000,0x00000000ecc80000,0x00000000ecf00000)
 ParOldGen       total 42496K, used 3659K [0x00000000c0000000, 0x00000000c2980000, 0x00000000eab00000)
  object space 42496K, 8% used [0x00000000c0000000,0x00000000c0392d20,0x00000000c2980000)
 Metaspace       used 4945K, capacity 6416K, committed 6528K, reserved 1056768K
  class space    used 498K, capacity 584K, committed 640K, reserved 1048576K
}
Event: 1.734 GC heap before
{Heap before GC invocations=2 (full 0):
 PSYoungGen      total 18432K, used 17946K [0x00000000eab00000, 0x00000000ecf00000, 0x0000000100000000)
  eden space 15872K, 97% used [0x00000000eab00000,0x00000000eba09778,0x00000000eba80000)
  from space 2560K, 99% used [0x00000000eba80000,0x00000000ebcfd110,0x00000000ebd00000)
  to   space 2560K, 0% used [0x00000000ecc80000,0x00000000ecc80000,0x00000000ecf00000)
 ParOldGen       total 42496K, used 3659K [0x00000000c0000000, 0x00000000c2980000, 0x00000000eab00000)
  object space 42496K, 8% used [0x00000000c0000000,0x00000000c0392d20,0x00000000c2980000)
 Metaspace       used 6474K, capacity 7256K, committed 7424K, reserved 1056768K
  class space    used 652K, capacity 656K, committed 768K, reserved 1048576K
Event: 1.744 GC heap after
Heap after GC invocations=2 (full 0):
 PSYoungGen      total 34304K, used 2556K [0x00000000eab00000, 0x00000000ecf00000, 0x0000000100000000)
  eden space 31744K, 0% used [0x00000000eab00000,0x00000000eab00000,0x00000000eca00000)
  from space 2560K, 99% used [0x00000000ecc80000,0x00000000eceff360,0x00000000ecf00000)
  to   space 2560K, 0% used [0x00000000eca00000,0x00000000eca00000,0x00000000ecc80000)
 ParOldGen       total 42496K, used 6632K [0x00000000c0000000, 0x00000000c2980000, 0x00000000eab00000)
  object space 42496K, 15% used [0x00000000c0000000,0x00000000c067a1a8,0x00000000c2980000)
 Metaspace       used 6474K, capacity 7256K, committed 7424K, reserved 1056768K
  class space    used 652K, capacity 656K, committed 768K, reserved 1048576K
}
Event: 2.057 GC heap before
{Heap before GC invocations=3 (full 0):
 PSYoungGen      total 34304K, used 33581K [0x00000000eab00000, 0x00000000ecf00000, 0x0000000100000000)
  eden space 31744K, 97% used [0x00000000eab00000,0x00000000ec94c278,0x00000000eca00000)
  from space 2560K, 99% used [0x00000000ecc80000,0x00000000eceff360,0x00000000ecf00000)
  to   space 2560K, 0% used [0x00000000eca00000,0x00000000eca00000,0x00000000ecc80000)
 ParOldGen       total 42496K, used 6632K [0x00000000c0000000, 0x00000000c2980000, 0x00000000eab00000)
  object space 42496K, 15% used [0x00000000c0000000,0x00000000c067a1a8,0x00000000c2980000)
 Metaspace       used 6543K, capacity 7256K, committed 7424K, reserved 1056768K
  class space    used 652K, capacity 656K, committed 768K, reserved 1048576K
Event: 2.271 GC heap after
Heap after GC invocations=3 (full 0):
 PSYoungGen      total 34304K, used 2546K [0x00000000eab00000, 0x00000000eee00000, 0x0000000100000000)
  eden space 31744K, 0% used [0x00000000eab00000,0x00000000eab00000,0x00000000eca00000)
  from space 2560K, 99% used [0x00000000eca00000,0x00000000ecc7caa0,0x00000000ecc80000)
  to   space 2560K, 0% used [0x00000000eeb80000,0x00000000eeb80000,0x00000000eee00000)
 ParOldGen       total 42496K, used 13646K [0x00000000c0000000, 0x00000000c2980000, 0x00000000eab00000)
  object space 42496K, 32% used [0x00000000c0000000,0x00000000c0d53b88,0x00000000c2980000)
 Metaspace       used 6543K, capacity 7256K, committed 7424K, reserved 1056768K
  class space    used 652K, capacity 656K, committed 768K, reserved 1048576K
}
Event: 2.442 GC heap before
{Heap before GC invocations=4 (full 0):
 PSYoungGen      total 34304K, used 34290K [0x00000000eab00000, 0x00000000eee00000, 0x0000000100000000)
  eden space 31744K, 100% used [0x00000000eab00000,0x00000000eca00000,0x00000000eca00000)
  from space 2560K, 99% used [0x00000000eca00000,0x00000000ecc7caa0,0x00000000ecc80000)
  to   space 2560K, 0% used [0x00000000eeb80000,0x00000000eeb80000,0x00000000eee00000)
 ParOldGen       total 42496K, used 13646K [0x00000000c0000000, 0x00000000c2980000, 0x00000000eab00000)
  object space 42496K, 32% used [0x00000000c0000000,0x00000000c0d53b88,0x00000000c2980000)
 Metaspace       used 6569K, capacity 7320K, committed 7680K, reserved 1056768K
  class space    used 653K, capacity 656K, committed 768K, reserved 1048576K
Event: 2.451 GC heap after
Heap after GC invocations=4 (full 0):
 PSYoungGen      total 66048K, used 2557K [0x00000000eab00000, 0x00000000eee00000, 0x0000000100000000)
  eden space 63488K, 0% used [0x00000000eab00000,0x00000000eab00000,0x00000000ee900000)
  from space 2560K, 99% used [0x00000000eeb80000,0x00000000eedff540,0x00000000eee00000)
  to   space 2560K, 0% used [0x00000000ee900000,0x00000000ee900000,0x00000000eeb80000)
 ParOldGen       total 42496K, used 18797K [0x00000000c0000000, 0x00000000c2980000, 0x00000000eab00000)
  object space 42496K, 44% used [0x00000000c0000000,0x00000000c125b7d0,0x00000000c2980000)
 Metaspace       used 6569K, capacity 7320K, committed 7680K, reserved 1056768K
  class space    used 653K, capacity 656K, committed 768K, reserved 1048576K
}
Event: 2.677 GC heap before
{Heap before GC invocations=5 (full 0):
 PSYoungGen      total 66048K, used 66045K [0x00000000eab00000, 0x00000000eee00000, 0x0000000100000000)
  eden space 63488K, 100% used [0x00000000eab00000,0x00000000ee900000,0x00000000ee900000)
  from space 2560K, 99% used [0x00000000eeb80000,0x00000000eedff540,0x00000000eee00000)
  to   space 2560K, 0% used [0x00000000ee900000,0x00000000ee900000,0x00000000eeb80000)
 ParOldGen       total 42496K, used 18797K [0x00000000c0000000, 0x00000000c2980000, 0x00000000eab00000)
  object space 42496K, 44% used [0x00000000c0000000,0x00000000c125b7d0,0x00000000c2980000)
 Metaspace       used 6589K, capacity 7320K, committed 7680K, reserved 1056768K
  class space    used 653K, capacity 656K, committed 768K, reserved 1048576K

Deoptimization events (10 events):
Event: 1.295 Thread 0x00007f0374009800 Uncommon trap: reason=unstable_if action=reinterpret pc=0x00007f0365404650 method=com.android.dx.util.ByteArrayAnnotatedOutput.writeByte(I)V @ 13
Event: 1.395 Thread 0x00007f0374009800 Uncommon trap: reason=class_check action=maybe_recompile pc=0x00007f036539f720 method=java.util.HashMap.putVal(ILjava/lang/Object;Ljava/lang/Object;ZZ)Ljava/lang/Object; @ 56
Event: 1.395 Thread 0x00007f0374009800 Uncommon trap: reason=class_check action=maybe_recompile pc=0x00007f036539f720 method=java.util.HashMap.putVal(ILjava/lang/Object;Ljava/lang/Object;ZZ)Ljava/lang/Object; @ 56
Event: 1.396 Thread 0x00007f0374009800 Uncommon trap: reason=class_check action=maybe_recompile pc=0x00007f036539f720 method=java.util.HashMap.putVal(ILjava/lang/Object;Ljava/lang/Object;ZZ)Ljava/lang/Object; @ 56
Event: 1.396 Thread 0x00007f0374009800 Uncommon trap: reason=class_check action=maybe_recompile pc=0x00007f036539f7bc method=java.util.HashMap.putVal(ILjava/lang/Object;Ljava/lang/Object;ZZ)Ljava/lang/Object; @ 152
Event: 1.396 Thread 0x00007f0374009800 Uncommon trap: reason=class_check action=maybe_recompile pc=0x00007f036539f7bc method=java.util.HashMap.putVal(ILjava/lang/Object;Ljava/lang/Object;ZZ)Ljava/lang/Object; @ 152
Event: 1.517 Thread 0x00007f0374009800 Uncommon trap: reason=unstable_if action=reinterpret pc=0x00007f036542c5d0 method=java.util.HashMap.putVal(ILjava/lang/Object;Ljava/lang/Object;ZZ)Ljava/lang/Object; @ 162
Event: 1.657 Thread 0x00007f0374009800 Uncommon trap: reason=predicate action=maybe_recompile pc=0x00007f03654b3794 method=com.android.dex.Leb128.readUnsignedLeb128(Lcom/android/dex/util/ByteInput;)I @ 41
Event: 2.305 Thread 0x00007f0374009800 Uncommon trap: reason=unstable_if action=reinterpret pc=0x00007f036538cbb8 method=java.util.HashMap.getNode(ILjava/lang/Object;)Ljava/util/HashMap$Node; @ 84
Event: 2.305 Thread 0x00007f0374009800 Uncommon trap: reason=unstable_if action=reinterpret pc=0x00007f0365395a00 method=java.util.HashMap.getNode(ILjava/lang/Object;)Ljava/util/HashMap$Node; @ 84

Internal exceptions (2 events):
Event: 0.095 Thread 0x00007f0374009800 Exception <a 'java/lang/NoSuchMethodError': Method sun.misc.Unsafe.defineClass(Ljava/lang/String;[BII)Ljava/lang/Class; name or signature does not match> (0x00000000eab12708) thrown at [/RE-WORK/workspace/8-2-build-linux-amd64/jdk8u45/3457/hotspot/src/sha
Event: 0.095 Thread 0x00007f0374009800 Exception <a 'java/lang/NoSuchMethodError': Method sun.misc.Unsafe.prefetchRead(Ljava/lang/Object;J)V name or signature does not match> (0x00000000eab12998) thrown at [/RE-WORK/workspace/8-2-build-linux-amd64/jdk8u45/3457/hotspot/src/share/vm/prims/jni.cp

Events (10 events):
Event: 2.451 Executing VM operation: ParallelGCFailedAllocation done
Event: 2.570 Thread 0x00007f0374009800 DEOPT PACKING pc=0x00007f0365571c6a sp=0x00007f037bd033e0
Event: 2.570 Thread 0x00007f0374009800 DEOPT UNPACKING pc=0x00007f0365047633 sp=0x00007f037bd03108 mode 0
Event: 2.574 Thread 0x00007f0374009800 DEOPT PACKING pc=0x00007f036553b0c6 sp=0x00007f037bd03390
Event: 2.574 Thread 0x00007f0374009800 DEOPT UNPACKING pc=0x00007f0365047633 sp=0x00007f037bd030d0 mode 0
Event: 2.579 Thread 0x00007f0374009800 DEOPT PACKING pc=0x00007f036553b0c6 sp=0x00007f037bd03390
Event: 2.579 Thread 0x00007f0374009800 DEOPT UNPACKING pc=0x00007f0365047633 sp=0x00007f037bd030d0 mode 0
Event: 2.585 Thread 0x00007f0374009800 DEOPT PACKING pc=0x00007f036553b0c6 sp=0x00007f037bd03390
Event: 2.585 Thread 0x00007f0374009800 DEOPT UNPACKING pc=0x00007f0365047633 sp=0x00007f037bd030d0 mode 0
Event: 2.676 Executing VM operation: ParallelGCFailedAllocation


Dynamic libraries:
00400000-00401000 r-xp 00000000 08:04 4986776                            /usr/lib/jvm/java-8-oracle/jre/bin/java
00600000-00601000 rw-p 00000000 08:04 4986776                            /usr/lib/jvm/java-8-oracle/jre/bin/java
017a0000-017c1000 rw-p 00000000 00:00 0                                  [heap]
c0000000-c2980000 rw-p 00000000 00:00 0 
c2980000-eab00000 ---p 00000000 00:00 0 
eab00000-eee00000 rw-p 00000000 00:00 0 
f4400000-100000000 ---p 00000000 00:00 0 
100000000-1000c0000 rw-p 00000000 00:00 0 
1000c0000-140000000 ---p 00000000 00:00 0 
7f0324000000-7f0324021000 rw-p 00000000 00:00 0 
7f0324021000-7f0328000000 ---p 00000000 00:00 0 
7f0328000000-7f0328021000 rw-p 00000000 00:00 0 
7f0328021000-7f032c000000 ---p 00000000 00:00 0 
7f032c000000-7f032c80d000 rw-p 00000000 00:00 0 
7f032c80d000-7f0330000000 ---p 00000000 00:00 0 
7f0330000000-7f03305df000 rw-p 00000000 00:00 0 
7f03305df000-7f0334000000 ---p 00000000 00:00 0 
7f0334000000-7f0334021000 rw-p 00000000 00:00 0 
7f0334021000-7f0338000000 ---p 00000000 00:00 0 
7f0338000000-7f0338f65000 rw-p 00000000 00:00 0 
7f0338f65000-7f033c000000 ---p 00000000 00:00 0 
7f033c000000-7f033c021000 rw-p 00000000 00:00 0 
7f033c021000-7f0340000000 ---p 00000000 00:00 0 
7f0340000000-7f0340021000 rw-p 00000000 00:00 0 
7f0340021000-7f0344000000 ---p 00000000 00:00 0 
7f0344000000-7f0344021000 rw-p 00000000 00:00 0 
7f0344021000-7f0348000000 ---p 00000000 00:00 0 
7f0348000000-7f034828a000 rw-p 00000000 00:00 0 
7f034828a000-7f034c000000 ---p 00000000 00:00 0 
7f034c000000-7f034c021000 rw-p 00000000 00:00 0 
7f034c021000-7f0350000000 ---p 00000000 00:00 0 
7f0354000000-7f0354021000 rw-p 00000000 00:00 0 
7f0354021000-7f0358000000 ---p 00000000 00:00 0 
7f035c000000-7f035c021000 rw-p 00000000 00:00 0 
7f035c021000-7f0360000000 ---p 00000000 00:00 0 
7f0360b46000-7f0360b47000 ---p 00000000 00:00 0 
7f0360b47000-7f0360c47000 rw-p 00000000 00:00 0                          [stack:17505]
7f0360c47000-7f0360c4a000 ---p 00000000 00:00 0 
7f0360c4a000-7f0360d48000 rw-p 00000000 00:00 0                          [stack:17504]
7f0360d48000-7f0360d4b000 ---p 00000000 00:00 0 
7f0360d4b000-7f0360e49000 rw-p 00000000 00:00 0                          [stack:17503]
7f0360e49000-7f0360e4c000 ---p 00000000 00:00 0 
7f0360e4c000-7f0360f4a000 rw-p 00000000 00:00 0                          [stack:17502]
7f0360f4a000-7f0360f4d000 ---p 00000000 00:00 0 
7f0360f4d000-7f036104b000 rw-p 00000000 00:00 0                          [stack:17501]
7f036104b000-7f036104e000 ---p 00000000 00:00 0 
7f036104e000-7f036114c000 rw-p 00000000 00:00 0                          [stack:17500]
7f036114c000-7f0361415000 r--p 00000000 08:04 1580843                    /usr/lib/locale/locale-archive
7f0361415000-7f0361418000 ---p 00000000 00:00 0 
7f0361418000-7f0361516000 rw-p 00000000 00:00 0                          [stack:17499]
7f0361516000-7f0361519000 ---p 00000000 00:00 0 
7f0361519000-7f0361617000 rw-p 00000000 00:00 0                          [stack:17498]
7f0361617000-7f0361618000 ---p 00000000 00:00 0 
7f0361618000-7f0362627000 rw-p 00000000 00:00 0                          [stack:17497]
7f0362627000-7f0362800000 r--s 03d09000 08:04 2893612                    /usr/lib/jvm/java-8-oracle/jre/lib/rt.jar
7f0362800000-7f0362ec0000 rw-p 00000000 00:00 0 
7f0362ec0000-7f0363000000 ---p 00000000 00:00 0 
7f0363000000-7f0365000000 rw-p 00000000 00:00 0 
7f0365000000-7f03655f0000 rwxp 00000000 00:00 0 
7f03655f0000-7f0374000000 ---p 00000000 00:00 0 
7f0374000000-7f037445d000 rw-p 00000000 00:00 0 
7f037445d000-7f0378000000 ---p 00000000 00:00 0 
7f037800b000-7f0378281000 rw-p 00000000 00:00 0 
7f0378281000-7f0378282000 ---p 00000000 00:00 0 
7f0378282000-7f0378382000 rw-p 00000000 00:00 0                          [stack:17496]
7f0378382000-7f0378383000 ---p 00000000 00:00 0 
7f0378383000-7f0378483000 rw-p 00000000 00:00 0                          [stack:17495]
7f0378483000-7f0378484000 ---p 00000000 00:00 0 
7f0378484000-7f0378584000 rw-p 00000000 00:00 0                          [stack:17494]
7f0378584000-7f0378585000 ---p 00000000 00:00 0 
7f0378585000-7f037869a000 rw-p 00000000 00:00 0                          [stack:17493]
7f037869a000-7f03787db000 ---p 00000000 00:00 0 
7f03787db000-7f03787f0000 rw-p 00000000 00:00 0 
7f03787f0000-7f0378930000 ---p 00000000 00:00 0 
7f0378930000-7f0378952000 rw-p 00000000 00:00 0 
7f0378952000-7f03789db000 ---p 00000000 00:00 0 
7f03789db000-7f03789f4000 rw-p 00000000 00:00 0 
7f03789f4000-7f0378d9c000 ---p 00000000 00:00 0 
7f0378d9c000-7f0378db6000 r-xp 00000000 08:04 4462554                    /usr/lib/jvm/java-8-oracle/jre/lib/amd64/libzip.so
7f0378db6000-7f0378fb6000 ---p 0001a000 08:04 4462554                    /usr/lib/jvm/java-8-oracle/jre/lib/amd64/libzip.so
7f0378fb6000-7f0378fb7000 rw-p 0001a000 08:04 4462554                    /usr/lib/jvm/java-8-oracle/jre/lib/amd64/libzip.so
7f0378fb7000-7f0378fc2000 r-xp 00000000 08:04 3150469                    /lib/x86_64-linux-gnu/libnss_files-2.19.so
7f0378fc2000-7f03791c1000 ---p 0000b000 08:04 3150469                    /lib/x86_64-linux-gnu/libnss_files-2.19.so
7f03791c1000-7f03791c2000 r--p 0000a000 08:04 3150469                    /lib/x86_64-linux-gnu/libnss_files-2.19.so
7f03791c2000-7f03791c3000 rw-p 0000b000 08:04 3150469                    /lib/x86_64-linux-gnu/libnss_files-2.19.so
7f03791c3000-7f03791ce000 r-xp 00000000 08:04 3150466                    /lib/x86_64-linux-gnu/libnss_nis-2.19.so
7f03791ce000-7f03793cd000 ---p 0000b000 08:04 3150466                    /lib/x86_64-linux-gnu/libnss_nis-2.19.so
7f03793cd000-7f03793ce000 r--p 0000a000 08:04 3150466                    /lib/x86_64-linux-gnu/libnss_nis-2.19.so
7f03793ce000-7f03793cf000 rw-p 0000b000 08:04 3150466                    /lib/x86_64-linux-gnu/libnss_nis-2.19.so
7f03793cf000-7f03793e6000 r-xp 00000000 08:04 3150460                    /lib/x86_64-linux-gnu/libnsl-2.19.so
7f03793e6000-7f03795e5000 ---p 00017000 08:04 3150460                    /lib/x86_64-linux-gnu/libnsl-2.19.so
7f03795e5000-7f03795e6000 r--p 00016000 08:04 3150460                    /lib/x86_64-linux-gnu/libnsl-2.19.so
7f03795e6000-7f03795e7000 rw-p 00017000 08:04 3150460                    /lib/x86_64-linux-gnu/libnsl-2.19.so
7f03795e7000-7f03795e9000 rw-p 00000000 00:00 0 
7f03795e9000-7f03795f2000 r-xp 00000000 08:04 3150457                    /lib/x86_64-linux-gnu/libnss_compat-2.19.so
7f03795f2000-7f03797f1000 ---p 00009000 08:04 3150457                    /lib/x86_64-linux-gnu/libnss_compat-2.19.so
7f03797f1000-7f03797f2000 r--p 00008000 08:04 3150457                    /lib/x86_64-linux-gnu/libnss_compat-2.19.so
7f03797f2000-7f03797f3000 rw-p 00009000 08:04 3150457                    /lib/x86_64-linux-gnu/libnss_compat-2.19.so
7f03797f3000-7f037981d000 r-xp 00000000 08:04 4461799                    /usr/lib/jvm/java-8-oracle/jre/lib/amd64/libjava.so
7f037981d000-7f0379a1d000 ---p 0002a000 08:04 4461799                    /usr/lib/jvm/java-8-oracle/jre/lib/amd64/libjava.so
7f0379a1d000-7f0379a1f000 rw-p 0002a000 08:04 4461799                    /usr/lib/jvm/java-8-oracle/jre/lib/amd64/libjava.so
7f0379a1f000-7f0379a2c000 r-xp 00000000 08:04 4462580                    /usr/lib/jvm/java-8-oracle/jre/lib/amd64/libverify.so
7f0379a2c000-7f0379c2c000 ---p 0000d000 08:04 4462580                    /usr/lib/jvm/java-8-oracle/jre/lib/amd64/libverify.so
7f0379c2c000-7f0379c2e000 rw-p 0000d000 08:04 4462580                    /usr/lib/jvm/java-8-oracle/jre/lib/amd64/libverify.so
7f0379c2e000-7f0379c35000 r-xp 00000000 08:04 3150452                    /lib/x86_64-linux-gnu/librt-2.19.so
7f0379c35000-7f0379e34000 ---p 00007000 08:04 3150452                    /lib/x86_64-linux-gnu/librt-2.19.so
7f0379e34000-7f0379e35000 r--p 00006000 08:04 3150452                    /lib/x86_64-linux-gnu/librt-2.19.so
7f0379e35000-7f0379e36000 rw-p 00007000 08:04 3150452                    /lib/x86_64-linux-gnu/librt-2.19.so
7f0379e36000-7f0379f3b000 r-xp 00000000 08:04 3150459                    /lib/x86_64-linux-gnu/libm-2.19.so
7f0379f3b000-7f037a13a000 ---p 00105000 08:04 3150459                    /lib/x86_64-linux-gnu/libm-2.19.so
7f037a13a000-7f037a13b000 r--p 00104000 08:04 3150459                    /lib/x86_64-linux-gnu/libm-2.19.so
7f037a13b000-7f037a13c000 rw-p 00105000 08:04 3150459                    /lib/x86_64-linux-gnu/libm-2.19.so
7f037a13c000-7f037adea000 r-xp 00000000 08:04 4723906                    /usr/lib/jvm/java-8-oracle/jre/lib/amd64/server/libjvm.so
7f037adea000-7f037afe9000 ---p 00cae000 08:04 4723906                    /usr/lib/jvm/java-8-oracle/jre/lib/amd64/server/libjvm.so
7f037afe9000-7f037b0c0000 rw-p 00cad000 08:04 4723906                    /usr/lib/jvm/java-8-oracle/jre/lib/amd64/server/libjvm.so
7f037b0c0000-7f037b104000 rw-p 00000000 00:00 0 
7f037b104000-7f037b2bf000 r-xp 00000000 08:04 3150451                    /lib/x86_64-linux-gnu/libc-2.19.so
7f037b2bf000-7f037b4bf000 ---p 001bb000 08:04 3150451                    /lib/x86_64-linux-gnu/libc-2.19.so
7f037b4bf000-7f037b4c3000 r--p 001bb000 08:04 3150451                    /lib/x86_64-linux-gnu/libc-2.19.so
7f037b4c3000-7f037b4c5000 rw-p 001bf000 08:04 3150451                    /lib/x86_64-linux-gnu/libc-2.19.so
7f037b4c5000-7f037b4ca000 rw-p 00000000 00:00 0 
7f037b4ca000-7f037b4cd000 r-xp 00000000 08:04 3150455                    /lib/x86_64-linux-gnu/libdl-2.19.so
7f037b4cd000-7f037b6cc000 ---p 00003000 08:04 3150455                    /lib/x86_64-linux-gnu/libdl-2.19.so
7f037b6cc000-7f037b6cd000 r--p 00002000 08:04 3150455                    /lib/x86_64-linux-gnu/libdl-2.19.so
7f037b6cd000-7f037b6ce000 rw-p 00003000 08:04 3150455                    /lib/x86_64-linux-gnu/libdl-2.19.so
7f037b6ce000-7f037b6e3000 r-xp 00000000 08:04 4589480                    /usr/lib/jvm/java-8-oracle/jre/lib/amd64/jli/libjli.so
7f037b6e3000-7f037b8e3000 ---p 00015000 08:04 4589480                    /usr/lib/jvm/java-8-oracle/jre/lib/amd64/jli/libjli.so
7f037b8e3000-7f037b8e4000 rw-p 00015000 08:04 4589480                    /usr/lib/jvm/java-8-oracle/jre/lib/amd64/jli/libjli.so
7f037b8e4000-7f037b8fd000 r-xp 00000000 08:04 3150468                    /lib/x86_64-linux-gnu/libpthread-2.19.so
7f037b8fd000-7f037bafc000 ---p 00019000 08:04 3150468                    /lib/x86_64-linux-gnu/libpthread-2.19.so
7f037bafc000-7f037bafd000 r--p 00018000 08:04 3150468                    /lib/x86_64-linux-gnu/libpthread-2.19.so
7f037bafd000-7f037bafe000 rw-p 00019000 08:04 3150468                    /lib/x86_64-linux-gnu/libpthread-2.19.so
7f037bafe000-7f037bb02000 rw-p 00000000 00:00 0 
7f037bb02000-7f037bb25000 r-xp 00000000 08:04 3150449                    /lib/x86_64-linux-gnu/ld-2.19.so
7f037bb40000-7f037bb41000 rw-p 00000000 00:00 0 
7f037bb41000-7f037bb46000 r--s 00094000 08:04 2893606                    /usr/lib/jvm/java-8-oracle/jre/lib/jsse.jar
7f037bb46000-7f037bc04000 rw-p 00000000 00:00 0 
7f037bc04000-7f037bc07000 ---p 00000000 00:00 0 
7f037bc07000-7f037bd09000 rw-p 00000000 00:00 0                          [stack:17492]
7f037bd09000-7f037bd18000 r--s 000dd000 08:04 1181352                    /home/vikky/Android/Sdk/build-tools/21.1.2/lib/dx.jar
7f037bd18000-7f037bd20000 rw-s 00000000 08:04 5377895                    /tmp/hsperfdata_vikky/17484
7f037bd20000-7f037bd21000 rw-p 00000000 00:00 0 
7f037bd21000-7f037bd22000 ---p 00000000 00:00 0 
7f037bd22000-7f037bd24000 rw-p 00000000 00:00 0 
7f037bd24000-7f037bd25000 r--p 00022000 08:04 3150449                    /lib/x86_64-linux-gnu/ld-2.19.so
7f037bd25000-7f037bd26000 rw-p 00023000 08:04 3150449                    /lib/x86_64-linux-gnu/ld-2.19.so
7f037bd26000-7f037bd27000 rw-p 00000000 00:00 0 
7fffe80e5000-7fffe8106000 rw-p 00000000 00:00 0                          [stack]
7fffe81fe000-7fffe8200000 r-xp 00000000 00:00 0                          [vdso]
ffffffffff600000-ffffffffff601000 r-xp 00000000 00:00 0                  [vsyscall]

VM Arguments:
jvm_args: -Xmx1024M 
java_command: /home/vikky/Android/Sdk/build-tools/21.1.2/lib/dx.jar --dex --no-optimize --output /home/vikky/AndroidStudioProjects/Hisab/app/build/intermediates/dex/debug --input-list=/home/vikky/AndroidStudioProjects/Hisab/app/build/intermediates/tmp/dex/debug/inputList.txt
java_class_path (initial): /home/vikky/Android/Sdk/build-tools/21.1.2/lib/dx.jar
Launcher Type: SUN_STANDARD

Environment Variables:
JAVA_HOME=/usr/lib/jvm/java-8-oracle
PATH=/home/vikky/.rbenv/shims:/usr/local/sbin:/usr/local/bin:/usr/sbin:/usr/bin:/sbin:/bin:/usr/games:/usr/local/games:/usr/lib/jvm/java-8-oracle/bin:/usr/lib/jvm/java-8-oracle/db/bin:/usr/lib/jvm/java-8-oracle/jre/bin:/home/vikky/.rvm/bin:/home/vikky/.rvm/bin
LD_LIBRARY_PATH=./android-studio/bin:
SHELL=/bin/bash
DISPLAY=:0.0

Signal Handlers:
SIGSEGV: [libjvm.so+0xaad1e0], sa_mask[0]=11111111011111111101111111111110, sa_flags=SA_RESTART|SA_SIGINFO
SIGBUS: [libjvm.so+0xaad1e0], sa_mask[0]=11111111011111111101111111111110, sa_flags=SA_RESTART|SA_SIGINFO
SIGFPE: [libjvm.so+0x90b450], sa_mask[0]=11111111011111111101111111111110, sa_flags=SA_RESTART|SA_SIGINFO
SIGPIPE: [libjvm.so+0x90b450], sa_mask[0]=11111111011111111101111111111110, sa_flags=SA_RESTART|SA_SIGINFO
SIGXFSZ: [libjvm.so+0x90b450], sa_mask[0]=11111111011111111101111111111110, sa_flags=SA_RESTART|SA_SIGINFO
SIGILL: [libjvm.so+0x90b450], sa_mask[0]=11111111011111111101111111111110, sa_flags=SA_RESTART|SA_SIGINFO
SIGUSR1: SIG_DFL, sa_mask[0]=00000000000000000000000000000000, sa_flags=none
SIGUSR2: [libjvm.so+0x90ca90], sa_mask[0]=00100000000000000000000000000000, sa_flags=SA_RESTART|SA_SIGINFO
SIGHUP: [libjvm.so+0x90dde0], sa_mask[0]=11111111011111111101111111111110, sa_flags=SA_RESTART|SA_SIGINFO
SIGINT: [libjvm.so+0x90dde0], sa_mask[0]=11111111011111111101111111111110, sa_flags=SA_RESTART|SA_SIGINFO
SIGTERM: [libjvm.so+0x90dde0], sa_mask[0]=11111111011111111101111111111110, sa_flags=SA_RESTART|SA_SIGINFO
SIGQUIT: [libjvm.so+0x90dde0], sa_mask[0]=11111111011111111101111111111110, sa_flags=SA_RESTART|SA_SIGINFO


---------------  S Y S T E M  ---------------

OS:DISTRIB_ID=Ubuntu
DISTRIB_RELEASE=14.04
DISTRIB_CODENAME=trusty
DISTRIB_DESCRIPTION="Linux Lite 2.2"

uname:Linux 3.13.0-24-generic #47-Ubuntu SMP Fri May 2 23:30:00 UTC 2014 x86_64
libc:glibc 2.19 NPTL 2.19 
rlimit: STACK 8192k, CORE 0k, NPROC 30981, NOFILE 4096, AS infinity
load average:0.65 0.42 0.51

/proc/meminfo:
MemTotal:        3994112 kB
MemFree:          107376 kB
Buffers:            4780 kB
Cached:           164804 kB
SwapCached:            0 kB
Active:          3598340 kB
Inactive:         122480 kB
Active(anon):    3557888 kB
Inactive(anon):    86040 kB
Active(file):      40452 kB
Inactive(file):    36440 kB
Unevictable:          48 kB
Mlocked:              48 kB
SwapTotal:             0 kB
SwapFree:              0 kB
Dirty:               608 kB
Writeback:            60 kB
AnonPages:       3551364 kB
Mapped:            88772 kB
Shmem:             92612 kB
Slab:              57744 kB
SReclaimable:      26836 kB
SUnreclaim:        30908 kB
KernelStack:        4384 kB
PageTables:        32820 kB
NFS_Unstable:          0 kB
Bounce:                0 kB
WritebackTmp:          0 kB
CommitLimit:     1997056 kB
Committed_AS:    5840296 kB
VmallocTotal:   34359738367 kB
VmallocUsed:      555616 kB
VmallocChunk:   34359168332 kB
HardwareCorrupted:     0 kB
AnonHugePages:   1021952 kB
HugePages_Total:       0
HugePages_Free:        0
HugePages_Rsvd:        0
HugePages_Surp:        0
Hugepagesize:       2048 kB
DirectMap4k:       71936 kB
DirectMap2M:     4069376 kB


CPU:total 4 (2 cores per cpu, 2 threads per core) family 6 model 42 stepping 7, cmov, cx8, fxsr, mmx, sse, sse2, sse3, ssse3, sse4.1, sse4.2, popcnt, avx, clmul, ht, tsc, tscinvbit

/proc/cpuinfo:
processor	: 0
vendor_id	: GenuineIntel
cpu family	: 6
model		: 42
model name	: Intel(R) Core(TM) i3-2350M CPU @ 2.30GHz
stepping	: 7
microcode	: 0x1b
cpu MHz		: 2300.000
cache size	: 3072 KB
physical id	: 0
siblings	: 4
core id		: 0
cpu cores	: 2
apicid		: 0
initial apicid	: 0
fpu		: yes
fpu_exception	: yes
cpuid level	: 13
wp		: yes
flags		: fpu vme de pse tsc msr pae mce cx8 apic sep mtrr pge mca cmov pat pse36 clflush dts acpi mmx fxsr sse sse2 ss ht tm pbe syscall nx rdtscp lm constant_tsc arch_perfmon pebs bts rep_good nopl xtopology nonstop_tsc aperfmperf eagerfpu pni pclmulqdq dtes64 monitor ds_cpl vmx est tm2 ssse3 cx16 xtpr pdcm pcid sse4_1 sse4_2 x2apic popcnt tsc_deadline_timer xsave avx lahf_lm arat epb xsaveopt pln pts dtherm tpr_shadow vnmi flexpriority ept vpid
bogomips	: 4589.54
clflush size	: 64
cache_alignment	: 64
address sizes	: 36 bits physical, 48 bits virtual
power management:

processor	: 1
vendor_id	: GenuineIntel
cpu family	: 6
model		: 42
model name	: Intel(R) Core(TM) i3-2350M CPU @ 2.30GHz
stepping	: 7
microcode	: 0x1b
cpu MHz		: 800.000
cache size	: 3072 KB
physical id	: 0
siblings	: 4
core id		: 0
cpu cores	: 2
apicid		: 1
initial apicid	: 1
fpu		: yes
fpu_exception	: yes
cpuid level	: 13
wp		: yes
flags		: fpu vme de pse tsc msr pae mce cx8 apic sep mtrr pge mca cmov pat pse36 clflush dts acpi mmx fxsr sse sse2 ss ht tm pbe syscall nx rdtscp lm constant_tsc arch_perfmon pebs bts rep_good nopl xtopology nonstop_tsc aperfmperf eagerfpu pni pclmulqdq dtes64 monitor ds_cpl vmx est tm2 ssse3 cx16 xtpr pdcm pcid sse4_1 sse4_2 x2apic popcnt tsc_deadline_timer xsave avx lahf_lm arat epb xsaveopt pln pts dtherm tpr_shadow vnmi flexpriority ept vpid
bogomips	: 4589.54
clflush size	: 64
cache_alignment	: 64
address sizes	: 36 bits physical, 48 bits virtual
power management:

processor	: 2
vendor_id	: GenuineIntel
cpu family	: 6
model		: 42
model name	: Intel(R) Core(TM) i3-2350M CPU @ 2.30GHz
stepping	: 7
microcode	: 0x1b
cpu MHz		: 2300.000
cache size	: 3072 KB
physical id	: 0
siblings	: 4
core id		: 1
cpu cores	: 2
apicid		: 2
initial apicid	: 2
fpu		: yes
fpu_exception	: yes
cpuid level	: 13
wp		: yes
flags		: fpu vme de pse tsc msr pae mce cx8 apic sep mtrr pge mca cmov pat pse36 clflush dts acpi mmx fxsr sse sse2 ss ht tm pbe syscall nx rdtscp lm constant_tsc arch_perfmon pebs bts rep_good nopl xtopology nonstop_tsc aperfmperf eagerfpu pni pclmulqdq dtes64 monitor ds_cpl vmx est tm2 ssse3 cx16 xtpr pdcm pcid sse4_1 sse4_2 x2apic popcnt tsc_deadline_timer xsave avx lahf_lm arat epb xsaveopt pln pts dtherm tpr_shadow vnmi flexpriority ept vpid
bogomips	: 4589.54
clflush size	: 64
cache_alignment	: 64
address sizes	: 36 bits physical, 48 bits virtual
power management:

processor	: 3
vendor_id	: GenuineIntel
cpu family	: 6
model		: 42
model name	: Intel(R) Core(TM) i3-2350M CPU @ 2.30GHz
stepping	: 7
microcode	: 0x1b
cpu MHz		: 800.000
cache size	: 3072 KB
physical id	: 0
siblings	: 4
core id		: 1
cpu cores	: 2
apicid		: 3
initial apicid	: 3
fpu		: yes
fpu_exception	: yes
cpuid level	: 13
wp		: yes
flags		: fpu vme de pse tsc msr pae mce cx8 apic sep mtrr pge mca cmov pat pse36 clflush dts acpi mmx fxsr sse sse2 ss ht tm pbe syscall nx rdtscp lm constant_tsc arch_perfmon pebs bts rep_good nopl xtopology nonstop_tsc aperfmperf eagerfpu pni pclmulqdq dtes64 monitor ds_cpl vmx est tm2 ssse3 cx16 xtpr pdcm pcid sse4_1 sse4_2 x2apic popcnt tsc_deadline_timer xsave avx lahf_lm arat epb xsaveopt pln pts dtherm tpr_shadow vnmi flexpriority ept vpid
bogomips	: 4589.54
clflush size	: 64
cache_alignment	: 64
address sizes	: 36 bits physical, 48 bits virtual
power management:



Memory: 4k page, physical 3994112k(107376k free), swap 0k(0k free)

vm_info: Java HotSpot(TM) 64-Bit Server VM (25.45-b02) for linux-amd64 JRE (1.8.0_45-b14), built on Apr 10 2015 10:07:45 by "java_re" with gcc 4.3.0 20080428 (Red Hat 4.3.0-8)

time: Sat Jul 11 17:15:48 2015
elapsed time: 3 seconds (0d 0h 0m 3s)

