#
# There is insufficient memory for the Java Runtime Environment to continue.
# Native memory allocation (mmap) failed to map 104857600 bytes for committing reserved memory.
# Possible reasons:
#   The system is out of physical RAM or swap space
#   In 32 bit mode, the process size limit was hit
# Possible solutions:
#   Reduce memory load on the system
#   Increase physical memory or swap space
#   Check if swap backing store is full
#   Use 64 bit Java on a 64 bit OS
#   Decrease Java heap size (-Xmx/-Xms)
#   Decrease number of Java threads
#   Decrease Java thread stack sizes (-Xss)
#   Set larger code cache with -XX:ReservedCodeCacheSize=
# This output file may be truncated or incomplete.
#
#  Out of Memory Error (os_linux.cpp:2673), pid=5979, tid=140675869783808
#
# JRE version: Java(TM) SE Runtime Environment (8.0_45-b14) (build 1.8.0_45-b14)
# Java VM: Java HotSpot(TM) 64-Bit Server VM (25.45-b02 mixed mode linux-amd64 compressed oops)
# Failed to write core dump. Core dumps have been disabled. To enable core dumping, try "ulimit -c unlimited" before starting Java again
#

---------------  T H R E A D  ---------------

Current thread (0x00007ff1bc13e800):  VMThread [stack: 0x00007ff1a72f3000,0x00007ff1a73f4000] [id=5992]

Stack: [0x00007ff1a72f3000,0x00007ff1a73f4000],  sp=0x00007ff1a73f1f60,  free space=1019k
Native frames: (J=compiled Java code, j=interpreted, Vv=VM code, C=native code)
V  [libjvm.so+0xaac99a]  VMError::report_and_die()+0x2ba
V  [libjvm.so+0x4f333b]  report_vm_out_of_memory(char const*, int, unsigned long, VMErrorType, char const*)+0x8b
V  [libjvm.so+0x90e7c3]  os::Linux::commit_memory_impl(char*, unsigned long, bool)+0x103
V  [libjvm.so+0x90ed19]  os::pd_commit_memory(char*, unsigned long, unsigned long, bool)+0x29
V  [libjvm.so+0x90867a]  os::commit_memory(char*, unsigned long, unsigned long, bool)+0x2a
V  [libjvm.so+0x97bac3]  PSVirtualSpace::expand_by(unsigned long)+0x53
V  [libjvm.so+0x97cec8]  PSYoungGen::resize_generation(unsigned long, unsigned long)+0xf8
V  [libjvm.so+0x97c022]  PSYoungGen::resize(unsigned long, unsigned long)+0x22
V  [libjvm.so+0x9792fb]  PSScavenge::invoke_no_policy()+0xf7b
V  [libjvm.so+0x979a81]  PSScavenge::invoke()+0x41
V  [libjvm.so+0x932050]  ParallelScavengeHeap::failed_mem_allocate(unsigned long)+0x70
V  [libjvm.so+0xaae1d7]  VM_ParallelGCFailedAllocation::doit()+0x97
V  [libjvm.so+0xab59c5]  VM_Operation::evaluate()+0x55
V  [libjvm.so+0xab3d9a]  VMThread::evaluate_operation(VM_Operation*)+0xba
V  [libjvm.so+0xab411e]  VMThread::loop()+0x1ce
V  [libjvm.so+0xab4590]  VMThread::run()+0x70
V  [libjvm.so+0x910de8]  java_start(Thread*)+0x108

VM_Operation (0x00007ff1c5aea0e0): ParallelGCFailedAllocation, mode: safepoint, requested by thread 0x00007ff1bc009800


---------------  P R O C E S S  ---------------

Java Threads: ( => current thread )
  0x00007ff1bc18e800 JavaThread "Service Thread" daemon [_thread_blocked, id=5999, stack(0x00007ff1a6923000,0x00007ff1a6a24000)]
  0x00007ff1bc181800 JavaThread "C1 CompilerThread2" daemon [_thread_blocked, id=5998, stack(0x00007ff1a6a24000,0x00007ff1a6b25000)]
  0x00007ff1bc17f800 JavaThread "C2 CompilerThread1" daemon [_thread_blocked, id=5997, stack(0x00007ff1a6b25000,0x00007ff1a6c26000)]
  0x00007ff1bc17d000 JavaThread "C2 CompilerThread0" daemon [_thread_blocked, id=5996, stack(0x00007ff1a6c26000,0x00007ff1a6d27000)]
  0x00007ff1bc17b800 JavaThread "Signal Dispatcher" daemon [_thread_blocked, id=5995, stack(0x00007ff1a6d27000,0x00007ff1a6e28000)]
  0x00007ff1bc146000 JavaThread "Finalizer" daemon [_thread_blocked, id=5994, stack(0x00007ff1a70f1000,0x00007ff1a71f2000)]
  0x00007ff1bc143800 JavaThread "Reference Handler" daemon [_thread_blocked, id=5993, stack(0x00007ff1a71f2000,0x00007ff1a72f3000)]
  0x00007ff1bc009800 JavaThread "main" [_thread_blocked, id=5987, stack(0x00007ff1c59eb000,0x00007ff1c5aec000)]

Other Threads:
=>0x00007ff1bc13e800 VMThread [stack: 0x00007ff1a72f3000,0x00007ff1a73f4000] [id=5992]
  0x00007ff1bc191000 WatcherThread [stack: 0x00007ff1a6822000,0x00007ff1a6923000] [id=6000]

VM state:at safepoint (normal execution)

VM Mutex/Monitor currently owned by a thread:  ([mutex/lock_event])
[0x00007ff1bc005ff0] Threads_lock - owner thread: 0x00007ff1bc13e800
[0x00007ff1bc0064f0] Heap_lock - owner thread: 0x00007ff1bc009800

Heap:
 PSYoungGen      total 66048K, used 2528K [0x00000000eab00000, 0x00000000eee00000, 0x0000000100000000)
  eden space 63488K, 0% used [0x00000000eab00000,0x00000000eab00000,0x00000000ee900000)
  from space 2560K, 98% used [0x00000000ee900000,0x00000000eeb78018,0x00000000eeb80000)
  to   space 2560K, 0% used [0x00000000eeb80000,0x00000000eeb80000,0x00000000eee00000)
 ParOldGen       total 50688K, used 49641K [0x00000000c0000000, 0x00000000c3180000, 0x00000000eab00000)
  object space 50688K, 97% used [0x00000000c0000000,0x00000000c307a760,0x00000000c3180000)
 Metaspace       used 6805K, capacity 7448K, committed 7680K, reserved 1056768K
  class space    used 654K, capacity 656K, committed 768K, reserved 1048576K

Card table byte_map: [0x00007ff1c25c3000,0x00007ff1c27c4000] byte_map_base: 0x00007ff1c1fc3000

Marking Bits: (ParMarkBitMap*) 0x00007ff1c4ec1760
 Begin Bits: [0x00007ff1c0069000, 0x00007ff1c1069000)
 End Bits:   [0x00007ff1c1069000, 0x00007ff1c2069000)

Polling page: 0x00007ff1c5b08000

CodeCache: size=245760Kb used=7665Kb max_used=7676Kb free=238094Kb
 bounds [0x00007ff1ad000000, 0x00007ff1ad790000, 0x00007ff1bc000000]
 total_blobs=2436 nmethods=2144 adapters=206
 compilation: enabled

Compilation events (10 events):
Event: 3.089 Thread 0x00007ff1bc17d000 nmethod 2149 0x00007ff1ad783a50 code [0x00007ff1ad783bc0, 0x00007ff1ad783df8]
Event: 3.089 Thread 0x00007ff1bc17d000 2131       4       com.android.dx.io.instructions.InstructionCodec$2::encode (11 bytes)
Event: 3.091 Thread 0x00007ff1bc17d000 nmethod 2131 0x00007ff1ad783690 code [0x00007ff1ad7837e0, 0x00007ff1ad7838d8]
Event: 3.091 Thread 0x00007ff1bc17d000 2144       4       com.android.dx.merge.InstructionTransformer$TypeVisitor::visit (63 bytes)
Event: 3.091 Thread 0x00007ff1bc17f800 nmethod 2130 0x00007ff1ad7832d0 code [0x00007ff1ad783420, 0x00007ff1ad783558]
Event: 3.091 Thread 0x00007ff1bc17f800 2139       4       com.android.dex.Dex$Section::assertFourByteAligned (23 bytes)
Event: 3.092 Thread 0x00007ff1bc17f800 nmethod 2139 0x00007ff1ad7745d0 code [0x00007ff1ad774720, 0x00007ff1ad7747b8]
Event: 3.092 Thread 0x00007ff1bc17f800 2117       4       com.android.dx.merge.DexMerger$IdMerger$UnsortedValue::<init> (38 bytes)
Event: 3.093 Thread 0x00007ff1bc17f800 nmethod 2117 0x00007ff1ad741090 code [0x00007ff1ad7411e0, 0x00007ff1ad741278]
Event: 3.093 Thread 0x00007ff1bc17f800 2154       4       com.android.dx.merge.DexMerger::transformMethods (126 bytes)

GC Heap History (9 events):
Event: 1.153 GC heap before
{Heap before GC invocations=1 (full 0):
 PSYoungGen      total 18432K, used 15872K [0x00000000eab00000, 0x00000000ebf80000, 0x0000000100000000)
  eden space 15872K, 100% used [0x00000000eab00000,0x00000000eba80000,0x00000000eba80000)
  from space 2560K, 0% used [0x00000000ebd00000,0x00000000ebd00000,0x00000000ebf80000)
  to   space 2560K, 0% used [0x00000000eba80000,0x00000000eba80000,0x00000000ebd00000)
 ParOldGen       total 42496K, used 0K [0x00000000c0000000, 0x00000000c2980000, 0x00000000eab00000)
  object space 42496K, 0% used [0x00000000c0000000,0x00000000c0000000,0x00000000c2980000)
 Metaspace       used 4966K, capacity 6416K, committed 6528K, reserved 1056768K
  class space    used 496K, capacity 584K, committed 640K, reserved 1048576K
Event: 1.167 GC heap after
Heap after GC invocations=1 (full 0):
 PSYoungGen      total 18432K, used 2544K [0x00000000eab00000, 0x00000000ecf00000, 0x0000000100000000)
  eden space 15872K, 0% used [0x00000000eab00000,0x00000000eab00000,0x00000000eba80000)
  from space 2560K, 99% used [0x00000000eba80000,0x00000000ebcfc048,0x00000000ebd00000)
  to   space 2560K, 0% used [0x00000000ecc80000,0x00000000ecc80000,0x00000000ecf00000)
 ParOldGen       total 42496K, used 4279K [0x00000000c0000000, 0x00000000c2980000, 0x00000000eab00000)
  object space 42496K, 10% used [0x00000000c0000000,0x00000000c042dcb8,0x00000000c2980000)
 Metaspace       used 4966K, capacity 6416K, committed 6528K, reserved 1056768K
  class space    used 496K, capacity 584K, committed 640K, reserved 1048576K
}
Event: 1.625 GC heap before
{Heap before GC invocations=2 (full 0):
 PSYoungGen      total 18432K, used 17870K [0x00000000eab00000, 0x00000000ecf00000, 0x0000000100000000)
  eden space 15872K, 96% used [0x00000000eab00000,0x00000000eb9f7b98,0x00000000eba80000)
  from space 2560K, 99% used [0x00000000eba80000,0x00000000ebcfc048,0x00000000ebd00000)
  to   space 2560K, 0% used [0x00000000ecc80000,0x00000000ecc80000,0x00000000ecf00000)
 ParOldGen       total 42496K, used 4279K [0x00000000c0000000, 0x00000000c2980000, 0x00000000eab00000)
  object space 42496K, 10% used [0x00000000c0000000,0x00000000c042dcb8,0x00000000c2980000)
 Metaspace       used 5082K, capacity 6480K, committed 6784K, reserved 1056768K
  class space    used 499K, capacity 584K, committed 640K, reserved 1048576K
Event: 1.637 GC heap after
Heap after GC invocations=2 (full 0):
 PSYoungGen      total 34304K, used 2560K [0x00000000eab00000, 0x00000000ecf00000, 0x0000000100000000)
  eden space 31744K, 0% used [0x00000000eab00000,0x00000000eab00000,0x00000000eca00000)
  from space 2560K, 100% used [0x00000000ecc80000,0x00000000ecf00000,0x00000000ecf00000)
  to   space 2560K, 0% used [0x00000000eca00000,0x00000000eca00000,0x00000000ecc80000)
 ParOldGen       total 42496K, used 10630K [0x00000000c0000000, 0x00000000c2980000, 0x00000000eab00000)
  object space 42496K, 25% used [0x00000000c0000000,0x00000000c0a61828,0x00000000c2980000)
 Metaspace       used 5082K, capacity 6480K, committed 6784K, reserved 1056768K
  class space    used 499K, capacity 584K, committed 640K, reserved 1048576K
}
Event: 2.673 GC heap before
{Heap before GC invocations=3 (full 0):
 PSYoungGen      total 34304K, used 34304K [0x00000000eab00000, 0x00000000ecf00000, 0x0000000100000000)
  eden space 31744K, 100% used [0x00000000eab00000,0x00000000eca00000,0x00000000eca00000)
  from space 2560K, 100% used [0x00000000ecc80000,0x00000000ecf00000,0x00000000ecf00000)
  to   space 2560K, 0% used [0x00000000eca00000,0x00000000eca00000,0x00000000ecc80000)
 ParOldGen       total 42496K, used 10630K [0x00000000c0000000, 0x00000000c2980000, 0x00000000eab00000)
  object space 42496K, 25% used [0x00000000c0000000,0x00000000c0a61828,0x00000000c2980000)
 Metaspace       used 6745K, capacity 7448K, committed 7680K, reserved 1056768K
  class space    used 653K, capacity 656K, committed 768K, reserved 1048576K
Event: 2.699 GC heap after
Heap after GC invocations=3 (full 0):
 PSYoungGen      total 34304K, used 2528K [0x00000000eab00000, 0x00000000eee00000, 0x0000000100000000)
  eden space 31744K, 0% used [0x00000000eab00000,0x00000000eab00000,0x00000000eca00000)
  from space 2560K, 98% used [0x00000000eca00000,0x00000000ecc78018,0x00000000ecc80000)
  to   space 2560K, 0% used [0x00000000eeb80000,0x00000000eeb80000,0x00000000eee00000)
 ParOldGen       total 42496K, used 20815K [0x00000000c0000000, 0x00000000c2980000, 0x00000000eab00000)
  object space 42496K, 48% used [0x00000000c0000000,0x00000000c1453ff8,0x00000000c2980000)
 Metaspace       used 6745K, capacity 7448K, committed 7680K, reserved 1056768K
  class space    used 653K, capacity 656K, committed 768K, reserved 1048576K
}
Event: 2.845 GC heap before
{Heap before GC invocations=4 (full 0):
 PSYoungGen      total 34304K, used 34272K [0x00000000eab00000, 0x00000000eee00000, 0x0000000100000000)
  eden space 31744K, 100% used [0x00000000eab00000,0x00000000eca00000,0x00000000eca00000)
  from space 2560K, 98% used [0x00000000eca00000,0x00000000ecc78018,0x00000000ecc80000)
  to   space 2560K, 0% used [0x00000000eeb80000,0x00000000eeb80000,0x00000000eee00000)
 ParOldGen       total 42496K, used 20815K [0x00000000c0000000, 0x00000000c2980000, 0x00000000eab00000)
  object space 42496K, 48% used [0x00000000c0000000,0x00000000c1453ff8,0x00000000c2980000)
 Metaspace       used 6787K, capacity 7448K, committed 7680K, reserved 1056768K
  class space    used 653K, capacity 656K, committed 768K, reserved 1048576K
Event: 2.855 GC heap after
Heap after GC invocations=4 (full 0):
 PSYoungGen      total 66048K, used 2547K [0x00000000eab00000, 0x00000000eee00000, 0x0000000100000000)
  eden space 63488K, 0% used [0x00000000eab00000,0x00000000eab00000,0x00000000ee900000)
  from space 2560K, 99% used [0x00000000eeb80000,0x00000000eedfcef8,0x00000000eee00000)
  to   space 2560K, 0% used [0x00000000ee900000,0x00000000ee900000,0x00000000eeb80000)
 ParOldGen       total 42496K, used 29321K [0x00000000c0000000, 0x00000000c2980000, 0x00000000eab00000)
  object space 42496K, 68% used [0x00000000c0000000,0x00000000c1ca25a8,0x00000000c2980000)
 Metaspace       used 6787K, capacity 7448K, committed 7680K, reserved 1056768K
  class space    used 653K, capacity 656K, committed 768K, reserved 1048576K
}
Event: 3.093 GC heap before
{Heap before GC invocations=5 (full 0):
 PSYoungGen      total 66048K, used 66035K [0x00000000eab00000, 0x00000000eee00000, 0x0000000100000000)
  eden space 63488K, 100% used [0x00000000eab00000,0x00000000ee900000,0x00000000ee900000)
  from space 2560K, 99% used [0x00000000eeb80000,0x00000000eedfcef8,0x00000000eee00000)
  to   space 2560K, 0% used [0x00000000ee900000,0x00000000ee900000,0x00000000eeb80000)
 ParOldGen       total 42496K, used 29321K [0x00000000c0000000, 0x00000000c2980000, 0x00000000eab00000)
  object space 42496K, 68% used [0x00000000c0000000,0x00000000c1ca25a8,0x00000000c2980000)
 Metaspace       used 6805K, capacity 7448K, committed 7680K, reserved 1056768K
  class space    used 654K, capacity 656K, committed 768K, reserved 1048576K

Deoptimization events (10 events):
Event: 2.085 Thread 0x00007ff1bc009800 Uncommon trap: reason=class_check action=maybe_recompile pc=0x00007ff1ad4bf24c method=java.util.HashMap.putVal(ILjava/lang/Object;Ljava/lang/Object;ZZ)Ljava/lang/Object; @ 56
Event: 2.085 Thread 0x00007ff1bc009800 Uncommon trap: reason=class_check action=maybe_recompile pc=0x00007ff1ad4bf24c method=java.util.HashMap.putVal(ILjava/lang/Object;Ljava/lang/Object;ZZ)Ljava/lang/Object; @ 56
Event: 2.085 Thread 0x00007ff1bc009800 Uncommon trap: reason=class_check action=maybe_recompile pc=0x00007ff1ad4bf24c method=java.util.HashMap.putVal(ILjava/lang/Object;Ljava/lang/Object;ZZ)Ljava/lang/Object; @ 56
Event: 2.085 Thread 0x00007ff1bc009800 Uncommon trap: reason=class_check action=maybe_recompile pc=0x00007ff1ad4bf2bc method=java.util.HashMap.putVal(ILjava/lang/Object;Ljava/lang/Object;ZZ)Ljava/lang/Object; @ 152
Event: 2.085 Thread 0x00007ff1bc009800 Uncommon trap: reason=class_check action=maybe_recompile pc=0x00007ff1ad4bf2bc method=java.util.HashMap.putVal(ILjava/lang/Object;Ljava/lang/Object;ZZ)Ljava/lang/Object; @ 152
Event: 2.245 Thread 0x00007ff1bc009800 Uncommon trap: reason=unstable_if action=reinterpret pc=0x00007ff1ad5b0560 method=java.util.HashMap.putVal(ILjava/lang/Object;Ljava/lang/Object;ZZ)Ljava/lang/Object; @ 162
Event: 2.420 Thread 0x00007ff1bc009800 Uncommon trap: reason=predicate action=maybe_recompile pc=0x00007ff1ad657e94 method=com.android.dex.Leb128.readUnsignedLeb128(Lcom/android/dex/util/ByteInput;)I @ 41
Event: 2.424 Thread 0x00007ff1bc009800 Uncommon trap: reason=unstable_if action=reinterpret pc=0x00007ff1ad601d8c method=java.util.HashMap.resize()[Ljava/util/HashMap$Node; @ 206
Event: 2.707 Thread 0x00007ff1bc009800 Uncommon trap: reason=unstable_if action=reinterpret pc=0x00007ff1ad6f9d54 method=java.util.HashMap.getNode(ILjava/lang/Object;)Ljava/util/HashMap$Node; @ 84
Event: 2.707 Thread 0x00007ff1bc009800 Uncommon trap: reason=unstable_if action=reinterpret pc=0x00007ff1ad4b5040 method=java.util.HashMap.getNode(ILjava/lang/Object;)Ljava/util/HashMap$Node; @ 84

Internal exceptions (2 events):
Event: 0.039 Thread 0x00007ff1bc009800 Exception <a 'java/lang/NoSuchMethodError': Method sun.misc.Unsafe.defineClass(Ljava/lang/String;[BII)Ljava/lang/Class; name or signature does not match> (0x00000000eab12898) thrown at [/RE-WORK/workspace/8-2-build-linux-amd64/jdk8u45/3457/hotspot/src/sha
Event: 0.039 Thread 0x00007ff1bc009800 Exception <a 'java/lang/NoSuchMethodError': Method sun.misc.Unsafe.prefetchRead(Ljava/lang/Object;J)V name or signature does not match> (0x00000000eab12b28) thrown at [/RE-WORK/workspace/8-2-build-linux-amd64/jdk8u45/3457/hotspot/src/share/vm/prims/jni.cp

Events (10 events):
Event: 2.855 Executing VM operation: ParallelGCFailedAllocation done
Event: 2.893 loading class com/android/dex/Dex$1
Event: 2.893 loading class com/android/dex/Dex$1 done
Event: 2.904 Thread 0x00007ff1bc009800 DEOPT PACKING pc=0x00007ff1ad6f782a sp=0x00007ff1c5aea3e0
Event: 2.904 Thread 0x00007ff1bc009800 DEOPT UNPACKING pc=0x00007ff1ad047633 sp=0x00007ff1c5aea108 mode 0
Event: 2.909 Thread 0x00007ff1bc009800 DEOPT PACKING pc=0x00007ff1ad6bdf86 sp=0x00007ff1c5aea390
Event: 2.909 Thread 0x00007ff1bc009800 DEOPT UNPACKING pc=0x00007ff1ad047633 sp=0x00007ff1c5aea0d0 mode 0
Event: 3.041 Thread 0x00007ff1bc009800 DEOPT PACKING pc=0x00007ff1ad7282b9 sp=0x00007ff1c5aea4c0
Event: 3.041 Thread 0x00007ff1bc009800 DEOPT UNPACKING pc=0x00007ff1ad047633 sp=0x00007ff1c5aea260 mode 0
Event: 3.093 Executing VM operation: ParallelGCFailedAllocation


Dynamic libraries:
00400000-00401000 r-xp 00000000 08:04 4986776                            /usr/lib/jvm/java-8-oracle/jre/bin/java
00600000-00601000 rw-p 00000000 08:04 4986776                            /usr/lib/jvm/java-8-oracle/jre/bin/java
019a2000-019c3000 rw-p 00000000 00:00 0                                  [heap]
c0000000-c3180000 rw-p 00000000 00:00 0 
c3180000-eab00000 ---p 00000000 00:00 0 
eab00000-eee00000 rw-p 00000000 00:00 0 
f5200000-100000000 ---p 00000000 00:00 0 
100000000-1000c0000 rw-p 00000000 00:00 0 
1000c0000-140000000 ---p 00000000 00:00 0 
7ff168000000-7ff168021000 rw-p 00000000 00:00 0 
7ff168021000-7ff16c000000 ---p 00000000 00:00 0 
7ff170000000-7ff17057f000 rw-p 00000000 00:00 0 
7ff17057f000-7ff174000000 ---p 00000000 00:00 0 
7ff174000000-7ff174021000 rw-p 00000000 00:00 0 
7ff174021000-7ff178000000 ---p 00000000 00:00 0 
7ff178000000-7ff178983000 rw-p 00000000 00:00 0 
7ff178983000-7ff17c000000 ---p 00000000 00:00 0 
7ff17c000000-7ff17cf9b000 rw-p 00000000 00:00 0 
7ff17cf9b000-7ff180000000 ---p 00000000 00:00 0 
7ff180000000-7ff180021000 rw-p 00000000 00:00 0 
7ff180021000-7ff184000000 ---p 00000000 00:00 0 
7ff184000000-7ff184021000 rw-p 00000000 00:00 0 
7ff184021000-7ff188000000 ---p 00000000 00:00 0 
7ff188000000-7ff18828a000 rw-p 00000000 00:00 0 
7ff18828a000-7ff18c000000 ---p 00000000 00:00 0 
7ff18c000000-7ff18c021000 rw-p 00000000 00:00 0 
7ff18c021000-7ff190000000 ---p 00000000 00:00 0 
7ff190000000-7ff190021000 rw-p 00000000 00:00 0 
7ff190021000-7ff194000000 ---p 00000000 00:00 0 
7ff198000000-7ff198021000 rw-p 00000000 00:00 0 
7ff198021000-7ff19c000000 ---p 00000000 00:00 0 
7ff1a0000000-7ff1a0021000 rw-p 00000000 00:00 0 
7ff1a0021000-7ff1a4000000 ---p 00000000 00:00 0 
7ff1a6822000-7ff1a6823000 ---p 00000000 00:00 0 
7ff1a6823000-7ff1a6923000 rw-p 00000000 00:00 0                          [stack:6000]
7ff1a6923000-7ff1a6926000 ---p 00000000 00:00 0 
7ff1a6926000-7ff1a6a24000 rw-p 00000000 00:00 0                          [stack:5999]
7ff1a6a24000-7ff1a6a27000 ---p 00000000 00:00 0 
7ff1a6a27000-7ff1a6b25000 rw-p 00000000 00:00 0                          [stack:5998]
7ff1a6b25000-7ff1a6b28000 ---p 00000000 00:00 0 
7ff1a6b28000-7ff1a6c26000 rw-p 00000000 00:00 0                          [stack:5997]
7ff1a6c26000-7ff1a6c29000 ---p 00000000 00:00 0 
7ff1a6c29000-7ff1a6d27000 rw-p 00000000 00:00 0                          [stack:5996]
7ff1a6d27000-7ff1a6d2a000 ---p 00000000 00:00 0 
7ff1a6d2a000-7ff1a6e28000 rw-p 00000000 00:00 0                          [stack:5995]
7ff1a6e28000-7ff1a70f1000 r--p 00000000 08:04 1580843                    /usr/lib/locale/locale-archive
7ff1a70f1000-7ff1a70f4000 ---p 00000000 00:00 0 
7ff1a70f4000-7ff1a71f2000 rw-p 00000000 00:00 0                          [stack:5994]
7ff1a71f2000-7ff1a71f5000 ---p 00000000 00:00 0 
7ff1a71f5000-7ff1a72f3000 rw-p 00000000 00:00 0                          [stack:5993]
7ff1a72f3000-7ff1a72f4000 ---p 00000000 00:00 0 
7ff1a72f4000-7ff1a8000000 rw-p 00000000 00:00 0                          [stack:5992]
7ff1a8000000-7ff1a8021000 rw-p 00000000 00:00 0 
7ff1a8021000-7ff1ac000000 ---p 00000000 00:00 0 
7ff1ac0ae000-7ff1ac3b1000 rw-p 00000000 00:00 0 
7ff1ac3b1000-7ff1ac58a000 r--s 03d09000 08:04 2893612                    /usr/lib/jvm/java-8-oracle/jre/lib/rt.jar
7ff1ac58a000-7ff1accc0000 rw-p 00000000 00:00 0 
7ff1accc0000-7ff1ace00000 ---p 00000000 00:00 0 
7ff1ace00000-7ff1ad000000 rw-p 00000000 00:00 0 
7ff1ad000000-7ff1ad790000 rwxp 00000000 00:00 0 
7ff1ad790000-7ff1bc000000 ---p 00000000 00:00 0 
7ff1bc000000-7ff1bc46d000 rw-p 00000000 00:00 0 
7ff1bc46d000-7ff1c0000000 ---p 00000000 00:00 0 
7ff1c0069000-7ff1c2069000 rw-p 00000000 00:00 0 
7ff1c2069000-7ff1c206a000 ---p 00000000 00:00 0 
7ff1c206a000-7ff1c216a000 rw-p 00000000 00:00 0                          [stack:5991]
7ff1c216a000-7ff1c216b000 ---p 00000000 00:00 0 
7ff1c216b000-7ff1c226b000 rw-p 00000000 00:00 0                          [stack:5990]
7ff1c226b000-7ff1c226c000 ---p 00000000 00:00 0 
7ff1c226c000-7ff1c236c000 rw-p 00000000 00:00 0                          [stack:5989]
7ff1c236c000-7ff1c236d000 ---p 00000000 00:00 0 
7ff1c236d000-7ff1c2486000 rw-p 00000000 00:00 0                          [stack:5988]
7ff1c2486000-7ff1c25c3000 ---p 00000000 00:00 0 
7ff1c25c3000-7ff1c25dc000 rw-p 00000000 00:00 0 
7ff1c25dc000-7ff1c2718000 ---p 00000000 00:00 0 
7ff1c2718000-7ff1c273a000 rw-p 00000000 00:00 0 
7ff1c273a000-7ff1c27c3000 ---p 00000000 00:00 0 
7ff1c27c3000-7ff1c27e3000 rw-p 00000000 00:00 0 
7ff1c27e3000-7ff1c2b84000 ---p 00000000 00:00 0 
7ff1c2b84000-7ff1c2b9e000 r-xp 00000000 08:04 4462554                    /usr/lib/jvm/java-8-oracle/jre/lib/amd64/libzip.so
7ff1c2b9e000-7ff1c2d9e000 ---p 0001a000 08:04 4462554                    /usr/lib/jvm/java-8-oracle/jre/lib/amd64/libzip.so
7ff1c2d9e000-7ff1c2d9f000 rw-p 0001a000 08:04 4462554                    /usr/lib/jvm/java-8-oracle/jre/lib/amd64/libzip.so
7ff1c2d9f000-7ff1c2daa000 r-xp 00000000 08:04 3150919                    /lib/x86_64-linux-gnu/libnss_files-2.19.so
7ff1c2daa000-7ff1c2fa9000 ---p 0000b000 08:04 3150919                    /lib/x86_64-linux-gnu/libnss_files-2.19.so
7ff1c2fa9000-7ff1c2faa000 r--p 0000a000 08:04 3150919                    /lib/x86_64-linux-gnu/libnss_files-2.19.so
7ff1c2faa000-7ff1c2fab000 rw-p 0000b000 08:04 3150919                    /lib/x86_64-linux-gnu/libnss_files-2.19.so
7ff1c2fab000-7ff1c2fb6000 r-xp 00000000 08:04 3150939                    /lib/x86_64-linux-gnu/libnss_nis-2.19.so
7ff1c2fb6000-7ff1c31b5000 ---p 0000b000 08:04 3150939                    /lib/x86_64-linux-gnu/libnss_nis-2.19.so
7ff1c31b5000-7ff1c31b6000 r--p 0000a000 08:04 3150939                    /lib/x86_64-linux-gnu/libnss_nis-2.19.so
7ff1c31b6000-7ff1c31b7000 rw-p 0000b000 08:04 3150939                    /lib/x86_64-linux-gnu/libnss_nis-2.19.so
7ff1c31b7000-7ff1c31ce000 r-xp 00000000 08:04 3150928                    /lib/x86_64-linux-gnu/libnsl-2.19.so
7ff1c31ce000-7ff1c33cd000 ---p 00017000 08:04 3150928                    /lib/x86_64-linux-gnu/libnsl-2.19.so
7ff1c33cd000-7ff1c33ce000 r--p 00016000 08:04 3150928                    /lib/x86_64-linux-gnu/libnsl-2.19.so
7ff1c33ce000-7ff1c33cf000 rw-p 00017000 08:04 3150928                    /lib/x86_64-linux-gnu/libnsl-2.19.so
7ff1c33cf000-7ff1c33d1000 rw-p 00000000 00:00 0 
7ff1c33d1000-7ff1c33da000 r-xp 00000000 08:04 3150927                    /lib/x86_64-linux-gnu/libnss_compat-2.19.so
7ff1c33da000-7ff1c35d9000 ---p 00009000 08:04 3150927                    /lib/x86_64-linux-gnu/libnss_compat-2.19.so
7ff1c35d9000-7ff1c35da000 r--p 00008000 08:04 3150927                    /lib/x86_64-linux-gnu/libnss_compat-2.19.so
7ff1c35da000-7ff1c35db000 rw-p 00009000 08:04 3150927                    /lib/x86_64-linux-gnu/libnss_compat-2.19.so
7ff1c35db000-7ff1c3605000 r-xp 00000000 08:04 4461799                    /usr/lib/jvm/java-8-oracle/jre/lib/amd64/libjava.so
7ff1c3605000-7ff1c3805000 ---p 0002a000 08:04 4461799                    /usr/lib/jvm/java-8-oracle/jre/lib/amd64/libjava.so
7ff1c3805000-7ff1c3807000 rw-p 0002a000 08:04 4461799                    /usr/lib/jvm/java-8-oracle/jre/lib/amd64/libjava.so
7ff1c3807000-7ff1c3814000 r-xp 00000000 08:04 4462580                    /usr/lib/jvm/java-8-oracle/jre/lib/amd64/libverify.so
7ff1c3814000-7ff1c3a14000 ---p 0000d000 08:04 4462580                    /usr/lib/jvm/java-8-oracle/jre/lib/amd64/libverify.so
7ff1c3a14000-7ff1c3a16000 rw-p 0000d000 08:04 4462580                    /usr/lib/jvm/java-8-oracle/jre/lib/amd64/libverify.so
7ff1c3a16000-7ff1c3a1d000 r-xp 00000000 08:04 3150936                    /lib/x86_64-linux-gnu/librt-2.19.so
7ff1c3a1d000-7ff1c3c1c000 ---p 00007000 08:04 3150936                    /lib/x86_64-linux-gnu/librt-2.19.so
7ff1c3c1c000-7ff1c3c1d000 r--p 00006000 08:04 3150936                    /lib/x86_64-linux-gnu/librt-2.19.so
7ff1c3c1d000-7ff1c3c1e000 rw-p 00007000 08:04 3150936                    /lib/x86_64-linux-gnu/librt-2.19.so
7ff1c3c1e000-7ff1c3d23000 r-xp 00000000 08:04 3150918                    /lib/x86_64-linux-gnu/libm-2.19.so
7ff1c3d23000-7ff1c3f22000 ---p 00105000 08:04 3150918                    /lib/x86_64-linux-gnu/libm-2.19.so
7ff1c3f22000-7ff1c3f23000 r--p 00104000 08:04 3150918                    /lib/x86_64-linux-gnu/libm-2.19.so
7ff1c3f23000-7ff1c3f24000 rw-p 00105000 08:04 3150918                    /lib/x86_64-linux-gnu/libm-2.19.so
7ff1c3f24000-7ff1c4bd2000 r-xp 00000000 08:04 4723906                    /usr/lib/jvm/java-8-oracle/jre/lib/amd64/server/libjvm.so
7ff1c4bd2000-7ff1c4dd1000 ---p 00cae000 08:04 4723906                    /usr/lib/jvm/java-8-oracle/jre/lib/amd64/server/libjvm.so
7ff1c4dd1000-7ff1c4ea8000 rw-p 00cad000 08:04 4723906                    /usr/lib/jvm/java-8-oracle/jre/lib/amd64/server/libjvm.so
7ff1c4ea8000-7ff1c4eec000 rw-p 00000000 00:00 0 
7ff1c4eec000-7ff1c50a7000 r-xp 00000000 08:04 3150933                    /lib/x86_64-linux-gnu/libc-2.19.so
7ff1c50a7000-7ff1c52a6000 ---p 001bb000 08:04 3150933                    /lib/x86_64-linux-gnu/libc-2.19.so
7ff1c52a6000-7ff1c52aa000 r--p 001ba000 08:04 3150933                    /lib/x86_64-linux-gnu/libc-2.19.so
7ff1c52aa000-7ff1c52ac000 rw-p 001be000 08:04 3150933                    /lib/x86_64-linux-gnu/libc-2.19.so
7ff1c52ac000-7ff1c52b1000 rw-p 00000000 00:00 0 
7ff1c52b1000-7ff1c52b4000 r-xp 00000000 08:04 3150922                    /lib/x86_64-linux-gnu/libdl-2.19.so
7ff1c52b4000-7ff1c54b3000 ---p 00003000 08:04 3150922                    /lib/x86_64-linux-gnu/libdl-2.19.so
7ff1c54b3000-7ff1c54b4000 r--p 00002000 08:04 3150922                    /lib/x86_64-linux-gnu/libdl-2.19.so
7ff1c54b4000-7ff1c54b5000 rw-p 00003000 08:04 3150922                    /lib/x86_64-linux-gnu/libdl-2.19.so
7ff1c54b5000-7ff1c54ca000 r-xp 00000000 08:04 4589480                    /usr/lib/jvm/java-8-oracle/jre/lib/amd64/jli/libjli.so
7ff1c54ca000-7ff1c56ca000 ---p 00015000 08:04 4589480                    /usr/lib/jvm/java-8-oracle/jre/lib/amd64/jli/libjli.so
7ff1c56ca000-7ff1c56cb000 rw-p 00015000 08:04 4589480                    /usr/lib/jvm/java-8-oracle/jre/lib/amd64/jli/libjli.so
7ff1c56cb000-7ff1c56e4000 r-xp 00000000 08:04 3150934                    /lib/x86_64-linux-gnu/libpthread-2.19.so
7ff1c56e4000-7ff1c58e3000 ---p 00019000 08:04 3150934                    /lib/x86_64-linux-gnu/libpthread-2.19.so
7ff1c58e3000-7ff1c58e4000 r--p 00018000 08:04 3150934                    /lib/x86_64-linux-gnu/libpthread-2.19.so
7ff1c58e4000-7ff1c58e5000 rw-p 00019000 08:04 3150934                    /lib/x86_64-linux-gnu/libpthread-2.19.so
7ff1c58e5000-7ff1c58e9000 rw-p 00000000 00:00 0 
7ff1c58e9000-7ff1c590c000 r-xp 00000000 08:04 3150930                    /lib/x86_64-linux-gnu/ld-2.19.so
7ff1c5927000-7ff1c5928000 rw-p 00000000 00:00 0 
7ff1c5928000-7ff1c592d000 r--s 00094000 08:04 2893606                    /usr/lib/jvm/java-8-oracle/jre/lib/jsse.jar
7ff1c592d000-7ff1c59eb000 rw-p 00000000 00:00 0 
7ff1c59eb000-7ff1c59ee000 ---p 00000000 00:00 0 
7ff1c59ee000-7ff1c5af0000 rw-p 00000000 00:00 0                          [stack:5987]
7ff1c5af0000-7ff1c5aff000 r--s 000dd000 08:04 1181352                    /home/vikky/Android/Sdk/build-tools/21.1.2/lib/dx.jar
7ff1c5aff000-7ff1c5b07000 rw-s 00000000 08:04 5378570                    /tmp/hsperfdata_vikky/5979
7ff1c5b07000-7ff1c5b08000 rw-p 00000000 00:00 0 
7ff1c5b08000-7ff1c5b09000 ---p 00000000 00:00 0 
7ff1c5b09000-7ff1c5b0b000 rw-p 00000000 00:00 0 
7ff1c5b0b000-7ff1c5b0c000 r--p 00022000 08:04 3150930                    /lib/x86_64-linux-gnu/ld-2.19.so
7ff1c5b0c000-7ff1c5b0d000 rw-p 00023000 08:04 3150930                    /lib/x86_64-linux-gnu/ld-2.19.so
7ff1c5b0d000-7ff1c5b0e000 rw-p 00000000 00:00 0 
7fffdb61a000-7fffdb63b000 rw-p 00000000 00:00 0                          [stack]
7fffdb776000-7fffdb778000 r-xp 00000000 00:00 0                          [vdso]
ffffffffff600000-ffffffffff601000 r-xp 00000000 00:00 0                  [vsyscall]

VM Arguments:
jvm_args: -Xmx1024M 
java_command: /home/vikky/Android/Sdk/build-tools/21.1.2/lib/dx.jar --dex --no-optimize --output /home/vikky/AndroidStudioProjects/Hisab/app/build/intermediates/dex/debug --input-list=/home/vikky/AndroidStudioProjects/Hisab/app/build/intermediates/tmp/dex/debug/inputList.txt
java_class_path (initial): /home/vikky/Android/Sdk/build-tools/21.1.2/lib/dx.jar
Launcher Type: SUN_STANDARD

Environment Variables:
JAVA_HOME=/usr/lib/jvm/java-8-oracle
PATH=/home/vikky/.rbenv/shims:/usr/local/sbin:/usr/local/bin:/usr/sbin:/usr/bin:/sbin:/bin:/usr/games:/usr/local/games:/usr/lib/jvm/java-8-oracle/bin:/usr/lib/jvm/java-8-oracle/db/bin:/usr/lib/jvm/java-8-oracle/jre/bin
LD_LIBRARY_PATH=./android-studio/bin:
SHELL=/bin/bash
DISPLAY=:0.0

Signal Handlers:
SIGSEGV: [libjvm.so+0xaad1e0], sa_mask[0]=11111111011111111101111111111110, sa_flags=SA_RESTART|SA_SIGINFO
SIGBUS: [libjvm.so+0xaad1e0], sa_mask[0]=11111111011111111101111111111110, sa_flags=SA_RESTART|SA_SIGINFO
SIGFPE: [libjvm.so+0x90b450], sa_mask[0]=11111111011111111101111111111110, sa_flags=SA_RESTART|SA_SIGINFO
SIGPIPE: [libjvm.so+0x90b450], sa_mask[0]=11111111011111111101111111111110, sa_flags=SA_RESTART|SA_SIGINFO
SIGXFSZ: [libjvm.so+0x90b450], sa_mask[0]=11111111011111111101111111111110, sa_flags=SA_RESTART|SA_SIGINFO
SIGILL: [libjvm.so+0x90b450], sa_mask[0]=11111111011111111101111111111110, sa_flags=SA_RESTART|SA_SIGINFO
SIGUSR1: SIG_DFL, sa_mask[0]=00000000000000000000000000000000, sa_flags=none
SIGUSR2: [libjvm.so+0x90ca90], sa_mask[0]=00100000000000000000000000000000, sa_flags=SA_RESTART|SA_SIGINFO
SIGHUP: [libjvm.so+0x90dde0], sa_mask[0]=11111111011111111101111111111110, sa_flags=SA_RESTART|SA_SIGINFO
SIGINT: [libjvm.so+0x90dde0], sa_mask[0]=11111111011111111101111111111110, sa_flags=SA_RESTART|SA_SIGINFO
SIGTERM: [libjvm.so+0x90dde0], sa_mask[0]=11111111011111111101111111111110, sa_flags=SA_RESTART|SA_SIGINFO
SIGQUIT: [libjvm.so+0x90dde0], sa_mask[0]=11111111011111111101111111111110, sa_flags=SA_RESTART|SA_SIGINFO


---------------  S Y S T E M  ---------------

OS:DISTRIB_ID=Ubuntu
DISTRIB_RELEASE=14.04
DISTRIB_CODENAME=trusty
DISTRIB_DESCRIPTION="Linux Lite 2.2"

uname:Linux 3.13.0-24-generic #47-Ubuntu SMP Fri May 2 23:30:00 UTC 2014 x86_64
libc:glibc 2.19 NPTL 2.19 
rlimit: STACK 8192k, CORE 0k, NPROC 30981, NOFILE 4096, AS infinity
load average:1.43 1.21 0.92

/proc/meminfo:
MemTotal:        3994112 kB
MemFree:          103468 kB
Buffers:            2160 kB
Cached:           194316 kB
SwapCached:            0 kB
Active:          3561084 kB
Inactive:         148744 kB
Active(anon):    3519672 kB
Inactive(anon):   106108 kB
Active(file):      41412 kB
Inactive(file):    42636 kB
Unevictable:          64 kB
Mlocked:              64 kB
SwapTotal:             0 kB
SwapFree:              0 kB
Dirty:              9308 kB
Writeback:             0 kB
AnonPages:       3513744 kB
Mapped:           123188 kB
Shmem:            112188 kB
Slab:              61744 kB
SReclaimable:      29392 kB
SUnreclaim:        32352 kB
KernelStack:        5184 kB
PageTables:        43480 kB
NFS_Unstable:          0 kB
Bounce:                0 kB
WritebackTmp:          0 kB
CommitLimit:     1997056 kB
Committed_AS:    7019108 kB
VmallocTotal:   34359738367 kB
VmallocUsed:      555616 kB
VmallocChunk:   34359170252 kB
HardwareCorrupted:     0 kB
AnonHugePages:   1161216 kB
HugePages_Total:       0
HugePages_Free:        0
HugePages_Rsvd:        0
HugePages_Surp:        0
Hugepagesize:       2048 kB
DirectMap4k:       71936 kB
DirectMap2M:     4069376 kB


CPU:total 4 (2 cores per cpu, 2 threads per core) family 6 model 42 stepping 7, cmov, cx8, fxsr, mmx, sse, sse2, sse3, ssse3, sse4.1, sse4.2, popcnt, avx, clmul, ht, tsc, tscinvbit

/proc/cpuinfo:
processor	: 0
vendor_id	: GenuineIntel
cpu family	: 6
model		: 42
model name	: Intel(R) Core(TM) i3-2350M CPU @ 2.30GHz
stepping	: 7
microcode	: 0x1b
cpu MHz		: 800.000
cache size	: 3072 KB
physical id	: 0
siblings	: 4
core id		: 0
cpu cores	: 2
apicid		: 0
initial apicid	: 0
fpu		: yes
fpu_exception	: yes
cpuid level	: 13
wp		: yes
flags		: fpu vme de pse tsc msr pae mce cx8 apic sep mtrr pge mca cmov pat pse36 clflush dts acpi mmx fxsr sse sse2 ss ht tm pbe syscall nx rdtscp lm constant_tsc arch_perfmon pebs bts rep_good nopl xtopology nonstop_tsc aperfmperf eagerfpu pni pclmulqdq dtes64 monitor ds_cpl vmx est tm2 ssse3 cx16 xtpr pdcm pcid sse4_1 sse4_2 x2apic popcnt tsc_deadline_timer xsave avx lahf_lm arat epb xsaveopt pln pts dtherm tpr_shadow vnmi flexpriority ept vpid
bogomips	: 4589.64
clflush size	: 64
cache_alignment	: 64
address sizes	: 36 bits physical, 48 bits virtual
power management:

processor	: 1
vendor_id	: GenuineIntel
cpu family	: 6
model		: 42
model name	: Intel(R) Core(TM) i3-2350M CPU @ 2.30GHz
stepping	: 7
microcode	: 0x1b
cpu MHz		: 800.000
cache size	: 3072 KB
physical id	: 0
siblings	: 4
core id		: 0
cpu cores	: 2
apicid		: 1
initial apicid	: 1
fpu		: yes
fpu_exception	: yes
cpuid level	: 13
wp		: yes
flags		: fpu vme de pse tsc msr pae mce cx8 apic sep mtrr pge mca cmov pat pse36 clflush dts acpi mmx fxsr sse sse2 ss ht tm pbe syscall nx rdtscp lm constant_tsc arch_perfmon pebs bts rep_good nopl xtopology nonstop_tsc aperfmperf eagerfpu pni pclmulqdq dtes64 monitor ds_cpl vmx est tm2 ssse3 cx16 xtpr pdcm pcid sse4_1 sse4_2 x2apic popcnt tsc_deadline_timer xsave avx lahf_lm arat epb xsaveopt pln pts dtherm tpr_shadow vnmi flexpriority ept vpid
bogomips	: 4589.64
clflush size	: 64
cache_alignment	: 64
address sizes	: 36 bits physical, 48 bits virtual
power management:

processor	: 2
vendor_id	: GenuineIntel
cpu family	: 6
model		: 42
model name	: Intel(R) Core(TM) i3-2350M CPU @ 2.30GHz
stepping	: 7
microcode	: 0x1b
cpu MHz		: 2300.000
cache size	: 3072 KB
physical id	: 0
siblings	: 4
core id		: 1
cpu cores	: 2
apicid		: 2
initial apicid	: 2
fpu		: yes
fpu_exception	: yes
cpuid level	: 13
wp		: yes
flags		: fpu vme de pse tsc msr pae mce cx8 apic sep mtrr pge mca cmov pat pse36 clflush dts acpi mmx fxsr sse sse2 ss ht tm pbe syscall nx rdtscp lm constant_tsc arch_perfmon pebs bts rep_good nopl xtopology nonstop_tsc aperfmperf eagerfpu pni pclmulqdq dtes64 monitor ds_cpl vmx est tm2 ssse3 cx16 xtpr pdcm pcid sse4_1 sse4_2 x2apic popcnt tsc_deadline_timer xsave avx lahf_lm arat epb xsaveopt pln pts dtherm tpr_shadow vnmi flexpriority ept vpid
bogomips	: 4589.64
clflush size	: 64
cache_alignment	: 64
address sizes	: 36 bits physical, 48 bits virtual
power management:

processor	: 3
vendor_id	: GenuineIntel
cpu family	: 6
model		: 42
model name	: Intel(R) Core(TM) i3-2350M CPU @ 2.30GHz
stepping	: 7
microcode	: 0x1b
cpu MHz		: 800.000
cache size	: 3072 KB
physical id	: 0
siblings	: 4
core id		: 1
cpu cores	: 2
apicid		: 3
initial apicid	: 3
fpu		: yes
fpu_exception	: yes
cpuid level	: 13
wp		: yes
flags		: fpu vme de pse tsc msr pae mce cx8 apic sep mtrr pge mca cmov pat pse36 clflush dts acpi mmx fxsr sse sse2 ss ht tm pbe syscall nx rdtscp lm constant_tsc arch_perfmon pebs bts rep_good nopl xtopology nonstop_tsc aperfmperf eagerfpu pni pclmulqdq dtes64 monitor ds_cpl vmx est tm2 ssse3 cx16 xtpr pdcm pcid sse4_1 sse4_2 x2apic popcnt tsc_deadline_timer xsave avx lahf_lm arat epb xsaveopt pln pts dtherm tpr_shadow vnmi flexpriority ept vpid
bogomips	: 4589.64
clflush size	: 64
cache_alignment	: 64
address sizes	: 36 bits physical, 48 bits virtual
power management:



Memory: 4k page, physical 3994112k(103468k free), swap 0k(0k free)

vm_info: Java HotSpot(TM) 64-Bit Server VM (25.45-b02) for linux-amd64 JRE (1.8.0_45-b14), built on Apr 10 2015 10:07:45 by "java_re" with gcc 4.3.0 20080428 (Red Hat 4.3.0-8)

time: Tue Aug 25 14:08:33 2015
elapsed time: 3 seconds (0d 0h 0m 3s)

