#
# There is insufficient memory for the Java Runtime Environment to continue.
# Native memory allocation (mmap) failed to map 94371840 bytes for committing reserved memory.
# Possible reasons:
#   The system is out of physical RAM or swap space
#   In 32 bit mode, the process size limit was hit
# Possible solutions:
#   Reduce memory load on the system
#   Increase physical memory or swap space
#   Check if swap backing store is full
#   Use 64 bit Java on a 64 bit OS
#   Decrease Java heap size (-Xmx/-Xms)
#   Decrease number of Java threads
#   Decrease Java thread stack sizes (-Xss)
#   Set larger code cache with -XX:ReservedCodeCacheSize=
# This output file may be truncated or incomplete.
#
#  Out of Memory Error (os_linux.cpp:2673), pid=9649, tid=139884472440576
#
# JRE version: Java(TM) SE Runtime Environment (8.0_45-b14) (build 1.8.0_45-b14)
# Java VM: Java HotSpot(TM) 64-Bit Server VM (25.45-b02 mixed mode linux-amd64 compressed oops)
# Failed to write core dump. Core dumps have been disabled. To enable core dumping, try "ulimit -c unlimited" before starting Java again
#

---------------  T H R E A D  ---------------

Current thread (0x00007f398813e800):  VMThread [stack: 0x00007f39643a1000,0x00007f39644a2000] [id=9662]

Stack: [0x00007f39643a1000,0x00007f39644a2000],  sp=0x00007f39644a0060,  free space=1020k
Native frames: (J=compiled Java code, j=interpreted, Vv=VM code, C=native code)
V  [libjvm.so+0xaac99a]  VMError::report_and_die()+0x2ba
V  [libjvm.so+0x4f333b]  report_vm_out_of_memory(char const*, int, unsigned long, VMErrorType, char const*)+0x8b
V  [libjvm.so+0x90e7c3]  os::Linux::commit_memory_impl(char*, unsigned long, bool)+0x103
V  [libjvm.so+0x90ed19]  os::pd_commit_memory(char*, unsigned long, unsigned long, bool)+0x29
V  [libjvm.so+0x90867a]  os::commit_memory(char*, unsigned long, unsigned long, bool)+0x2a
V  [libjvm.so+0x97bac3]  PSVirtualSpace::expand_by(unsigned long)+0x53
V  [libjvm.so+0x97cec8]  PSYoungGen::resize_generation(unsigned long, unsigned long)+0xf8
V  [libjvm.so+0x97c022]  PSYoungGen::resize(unsigned long, unsigned long)+0x22
V  [libjvm.so+0x9792fb]  PSScavenge::invoke_no_policy()+0xf7b
V  [libjvm.so+0x979a81]  PSScavenge::invoke()+0x41
V  [libjvm.so+0x932050]  ParallelScavengeHeap::failed_mem_allocate(unsigned long)+0x70
V  [libjvm.so+0xaae1d7]  VM_ParallelGCFailedAllocation::doit()+0x97
V  [libjvm.so+0xab59c5]  VM_Operation::evaluate()+0x55
V  [libjvm.so+0xab3d9a]  VMThread::evaluate_operation(VM_Operation*)+0xba
V  [libjvm.so+0xab411e]  VMThread::loop()+0x1ce
V  [libjvm.so+0xab4590]  VMThread::run()+0x70
V  [libjvm.so+0x910de8]  java_start(Thread*)+0x108

VM_Operation (0x00007f398ea8f170): ParallelGCFailedAllocation, mode: safepoint, requested by thread 0x00007f3988009800


---------------  P R O C E S S  ---------------

Java Threads: ( => current thread )
  0x00007f3988189000 JavaThread "Service Thread" daemon [_thread_blocked, id=9669, stack(0x00007f3957933000,0x00007f3957a34000)]
  0x00007f3988183800 JavaThread "C1 CompilerThread2" daemon [_thread_blocked, id=9668, stack(0x00007f3957a34000,0x00007f3957b35000)]
  0x00007f3988182000 JavaThread "C2 CompilerThread1" daemon [_thread_blocked, id=9667, stack(0x00007f3957b35000,0x00007f3957c36000)]
  0x00007f398817f000 JavaThread "C2 CompilerThread0" daemon [_thread_blocked, id=9666, stack(0x00007f3957c36000,0x00007f3957d37000)]
  0x00007f398817d800 JavaThread "Signal Dispatcher" daemon [_thread_blocked, id=9665, stack(0x00007f396409e000,0x00007f396419f000)]
  0x00007f3988146000 JavaThread "Finalizer" daemon [_thread_blocked, id=9664, stack(0x00007f396419f000,0x00007f39642a0000)]
  0x00007f3988143800 JavaThread "Reference Handler" daemon [_thread_blocked, id=9663, stack(0x00007f39642a0000,0x00007f39643a1000)]
  0x00007f3988009800 JavaThread "main" [_thread_blocked, id=9657, stack(0x00007f398e990000,0x00007f398ea91000)]

Other Threads:
=>0x00007f398813e800 VMThread [stack: 0x00007f39643a1000,0x00007f39644a2000] [id=9662]
  0x00007f398818b800 WatcherThread [stack: 0x00007f3957832000,0x00007f3957933000] [id=9670]

VM state:at safepoint (normal execution)

VM Mutex/Monitor currently owned by a thread:  ([mutex/lock_event])
[0x00007f3988005ff0] Threads_lock - owner thread: 0x00007f398813e800
[0x00007f39880064f0] Heap_lock - owner thread: 0x00007f3988009800

Heap:
 PSYoungGen      total 66048K, used 2540K [0x00000000eab00000, 0x00000000eee00000, 0x0000000100000000)
  eden space 63488K, 0% used [0x00000000eab00000,0x00000000eab00000,0x00000000ee900000)
  from space 2560K, 99% used [0x00000000ee900000,0x00000000eeb7b078,0x00000000eeb80000)
  to   space 2560K, 0% used [0x00000000eeb80000,0x00000000eeb80000,0x00000000eee00000)
 ParOldGen       total 49152K, used 26942K [0x00000000c0000000, 0x00000000c3000000, 0x00000000eab00000)
  object space 49152K, 54% used [0x00000000c0000000,0x00000000c1a4fa00,0x00000000c3000000)
 Metaspace       used 6707K, capacity 7384K, committed 7680K, reserved 1056768K
  class space    used 654K, capacity 656K, committed 768K, reserved 1048576K

Card table byte_map: [0x00007f397840c000,0x00007f397860d000] byte_map_base: 0x00007f3977e0c000

Marking Bits: (ParMarkBitMap*) 0x00007f398de65760
 Begin Bits: [0x00007f3966000000, 0x00007f3967000000)
 End Bits:   [0x00007f3967000000, 0x00007f3968000000)

Polling page: 0x00007f398eaad000

CodeCache: size=245760Kb used=6921Kb max_used=6932Kb free=238838Kb
 bounds [0x00007f39789cd000, 0x00007f397909d000, 0x00007f39879cd000]
 total_blobs=2303 nmethods=2011 adapters=206
 compilation: enabled

Compilation events (10 events):
Event: 4.257 Thread 0x00007f398817f000 2048       4       com.android.dex.Dex$ClassDefIterator::hasNext (26 bytes)
Event: 4.257 Thread 0x00007f3988183800 nmethod 2051 0x00007f3979089cd0 code [0x00007f3979089f60, 0x00007f397908b558]
Event: 4.257 Thread 0x00007f3988183800 2052       2       java.util.TimSort::mergeAt (358 bytes)
Event: 4.258 Thread 0x00007f3988183800 nmethod 2052 0x00007f3979096c50 code [0x00007f3979096e00, 0x00007f39790971f8]
Event: 4.259 Thread 0x00007f398817f000 nmethod 2048 0x00007f39790899d0 code [0x00007f3979089b20, 0x00007f3979089bd8]
Event: 4.259 Thread 0x00007f398817f000 2039       4       com.android.dx.merge.DexMerger::access$1800 (6 bytes)
Event: 4.260 Thread 0x00007f398817f000 nmethod 2039 0x00007f3979089710 code [0x00007f3979089860, 0x00007f39790898f8]
Event: 4.260 Thread 0x00007f398817f000 2033       4       java.nio.HeapByteBuffer::get (54 bytes)
Event: 4.263 Thread 0x00007f398817f000 nmethod 2033 0x00007f3979098850 code [0x00007f39790989c0, 0x00007f3979098bb8]
Event: 4.263 Thread 0x00007f398817f000 2040       4       com.android.dx.merge.DexMerger$4::read (8 bytes)

GC Heap History (10 events):
Event: 1.472 GC heap after
Heap after GC invocations=1 (full 0):
 PSYoungGen      total 18432K, used 2544K [0x00000000eab00000, 0x00000000ecf00000, 0x0000000100000000)
  eden space 15872K, 0% used [0x00000000eab00000,0x00000000eab00000,0x00000000eba80000)
  from space 2560K, 99% used [0x00000000eba80000,0x00000000ebcfc048,0x00000000ebd00000)
  to   space 2560K, 0% used [0x00000000ecc80000,0x00000000ecc80000,0x00000000ecf00000)
 ParOldGen       total 42496K, used 4275K [0x00000000c0000000, 0x00000000c2980000, 0x00000000eab00000)
  object space 42496K, 10% used [0x00000000c0000000,0x00000000c042cdd8,0x00000000c2980000)
 Metaspace       used 4985K, capacity 6416K, committed 6528K, reserved 1056768K
  class space    used 496K, capacity 584K, committed 640K, reserved 1048576K
}
Event: 2.303 GC heap before
{Heap before GC invocations=2 (full 0):
 PSYoungGen      total 18432K, used 18416K [0x00000000eab00000, 0x00000000ecf00000, 0x0000000100000000)
  eden space 15872K, 100% used [0x00000000eab00000,0x00000000eba80000,0x00000000eba80000)
  from space 2560K, 99% used [0x00000000eba80000,0x00000000ebcfc048,0x00000000ebd00000)
  to   space 2560K, 0% used [0x00000000ecc80000,0x00000000ecc80000,0x00000000ecf00000)
 ParOldGen       total 42496K, used 4275K [0x00000000c0000000, 0x00000000c2980000, 0x00000000eab00000)
  object space 42496K, 10% used [0x00000000c0000000,0x00000000c042cdd8,0x00000000c2980000)
 Metaspace       used 6005K, capacity 6960K, committed 7040K, reserved 1056768K
  class space    used 583K, capacity 616K, committed 640K, reserved 1048576K
Event: 2.321 GC heap after
Heap after GC invocations=2 (full 0):
 PSYoungGen      total 34304K, used 2560K [0x00000000eab00000, 0x00000000ecf00000, 0x0000000100000000)
  eden space 31744K, 0% used [0x00000000eab00000,0x00000000eab00000,0x00000000eca00000)
  from space 2560K, 100% used [0x00000000ecc80000,0x00000000ecf00000,0x00000000ecf00000)
  to   space 2560K, 0% used [0x00000000eca00000,0x00000000eca00000,0x00000000ecc80000)
 ParOldGen       total 42496K, used 8348K [0x00000000c0000000, 0x00000000c2980000, 0x00000000eab00000)
  object space 42496K, 19% used [0x00000000c0000000,0x00000000c0827008,0x00000000c2980000)
 Metaspace       used 6005K, capacity 6960K, committed 7040K, reserved 1056768K
  class space    used 583K, capacity 616K, committed 640K, reserved 1048576K
}
Event: 2.812 GC heap before
{Heap before GC invocations=3 (full 0):
 PSYoungGen      total 34304K, used 34304K [0x00000000eab00000, 0x00000000ecf00000, 0x0000000100000000)
  eden space 31744K, 100% used [0x00000000eab00000,0x00000000eca00000,0x00000000eca00000)
  from space 2560K, 100% used [0x00000000ecc80000,0x00000000ecf00000,0x00000000ecf00000)
  to   space 2560K, 0% used [0x00000000eca00000,0x00000000eca00000,0x00000000ecc80000)
 ParOldGen       total 42496K, used 8348K [0x00000000c0000000, 0x00000000c2980000, 0x00000000eab00000)
  object space 42496K, 19% used [0x00000000c0000000,0x00000000c0827008,0x00000000c2980000)
 Metaspace       used 6659K, capacity 7384K, committed 7680K, reserved 1056768K
  class space    used 653K, capacity 656K, committed 768K, reserved 1048576K
Event: 2.823 GC heap after
Heap after GC invocations=3 (full 0):
 PSYoungGen      total 34304K, used 2544K [0x00000000eab00000, 0x00000000eee00000, 0x0000000100000000)
  eden space 31744K, 0% used [0x00000000eab00000,0x00000000eab00000,0x00000000eca00000)
  from space 2560K, 99% used [0x00000000eca00000,0x00000000ecc7c010,0x00000000ecc80000)
  to   space 2560K, 0% used [0x00000000eeb80000,0x00000000eeb80000,0x00000000eee00000)
 ParOldGen       total 42496K, used 18653K [0x00000000c0000000, 0x00000000c2980000, 0x00000000eab00000)
  object space 42496K, 43% used [0x00000000c0000000,0x00000000c12376e8,0x00000000c2980000)
 Metaspace       used 6659K, capacity 7384K, committed 7680K, reserved 1056768K
  class space    used 653K, capacity 656K, committed 768K, reserved 1048576K
}
Event: 3.002 GC heap before
{Heap before GC invocations=4 (full 0):
 PSYoungGen      total 34304K, used 34288K [0x00000000eab00000, 0x00000000eee00000, 0x0000000100000000)
  eden space 31744K, 100% used [0x00000000eab00000,0x00000000eca00000,0x00000000eca00000)
  from space 2560K, 99% used [0x00000000eca00000,0x00000000ecc7c010,0x00000000ecc80000)
  to   space 2560K, 0% used [0x00000000eeb80000,0x00000000eeb80000,0x00000000eee00000)
 ParOldGen       total 42496K, used 18653K [0x00000000c0000000, 0x00000000c2980000, 0x00000000eab00000)
  object space 42496K, 43% used [0x00000000c0000000,0x00000000c12376e8,0x00000000c2980000)
 Metaspace       used 6687K, capacity 7384K, committed 7680K, reserved 1056768K
  class space    used 654K, capacity 656K, committed 768K, reserved 1048576K
Event: 3.019 GC heap after
Heap after GC invocations=4 (full 0):
 PSYoungGen      total 66048K, used 2560K [0x00000000eab00000, 0x00000000eee00000, 0x0000000100000000)
  eden space 63488K, 0% used [0x00000000eab00000,0x00000000eab00000,0x00000000ee900000)
  from space 2560K, 100% used [0x00000000eeb80000,0x00000000eee00000,0x00000000eee00000)
  to   space 2560K, 0% used [0x00000000ee900000,0x00000000ee900000,0x00000000eeb80000)
 ParOldGen       total 42496K, used 30015K [0x00000000c0000000, 0x00000000c2980000, 0x00000000eab00000)
  object space 42496K, 70% used [0x00000000c0000000,0x00000000c1d4ff58,0x00000000c2980000)
 Metaspace       used 6687K, capacity 7384K, committed 7680K, reserved 1056768K
  class space    used 654K, capacity 656K, committed 768K, reserved 1048576K
}
Event: 3.032 GC heap before
{Heap before GC invocations=5 (full 1):
 PSYoungGen      total 66048K, used 2560K [0x00000000eab00000, 0x00000000eee00000, 0x0000000100000000)
  eden space 63488K, 0% used [0x00000000eab00000,0x00000000eab00000,0x00000000ee900000)
  from space 2560K, 100% used [0x00000000eeb80000,0x00000000eee00000,0x00000000eee00000)
  to   space 2560K, 0% used [0x00000000ee900000,0x00000000ee900000,0x00000000eeb80000)
 ParOldGen       total 42496K, used 30015K [0x00000000c0000000, 0x00000000c2980000, 0x00000000eab00000)
  object space 42496K, 70% used [0x00000000c0000000,0x00000000c1d4ff58,0x00000000c2980000)
 Metaspace       used 6687K, capacity 7384K, committed 7680K, reserved 1056768K
  class space    used 654K, capacity 656K, committed 768K, reserved 1048576K
Event: 3.109 GC heap after
Heap after GC invocations=5 (full 1):
 PSYoungGen      total 66048K, used 0K [0x00000000eab00000, 0x00000000eee00000, 0x0000000100000000)
  eden space 63488K, 0% used [0x00000000eab00000,0x00000000eab00000,0x00000000ee900000)
  from space 2560K, 0% used [0x00000000eeb80000,0x00000000eeb80000,0x00000000eee00000)
  to   space 2560K, 0% used [0x00000000ee900000,0x00000000ee900000,0x00000000eeb80000)
 ParOldGen       total 49152K, used 12511K [0x00000000c0000000, 0x00000000c3000000, 0x00000000eab00000)
  object space 49152K, 25% used [0x00000000c0000000,0x00000000c0c37d58,0x00000000c3000000)
 Metaspace       used 6687K, capacity 7384K, committed 7680K, reserved 1056768K
  class space    used 654K, capacity 656K, committed 768K, reserved 1048576K
}
Event: 4.283 GC heap before
{Heap before GC invocations=6 (full 1):
 PSYoungGen      total 66048K, used 63488K [0x00000000eab00000, 0x00000000eee00000, 0x0000000100000000)
  eden space 63488K, 100% used [0x00000000eab00000,0x00000000ee900000,0x00000000ee900000)
  from space 2560K, 0% used [0x00000000eeb80000,0x00000000eeb80000,0x00000000eee00000)
  to   space 2560K, 0% used [0x00000000ee900000,0x00000000ee900000,0x00000000eeb80000)
 ParOldGen       total 49152K, used 12511K [0x00000000c0000000, 0x00000000c3000000, 0x00000000eab00000)
  object space 49152K, 25% used [0x00000000c0000000,0x00000000c0c37d58,0x00000000c3000000)
 Metaspace       used 6707K, capacity 7384K, committed 7680K, reserved 1056768K
  class space    used 654K, capacity 656K, committed 768K, reserved 1048576K

Deoptimization events (10 events):
Event: 2.175 Thread 0x00007f3988009800 Uncommon trap: reason=class_check action=maybe_recompile pc=0x00007f3978df5018 method=java.util.HashMap.putVal(ILjava/lang/Object;Ljava/lang/Object;ZZ)Ljava/lang/Object; @ 152
Event: 2.261 Thread 0x00007f3988009800 Uncommon trap: reason=class_check action=maybe_recompile pc=0x00007f3978e99ac0 method=com.android.dex.Leb128.writeUnsignedLeb128(Lcom/android/dex/util/ByteOutput;I)V @ 40
Event: 2.261 Thread 0x00007f3988009800 Uncommon trap: reason=class_check action=maybe_recompile pc=0x00007f3978e99ac0 method=com.android.dex.Leb128.writeUnsignedLeb128(Lcom/android/dex/util/ByteOutput;I)V @ 40
Event: 2.261 Thread 0x00007f3988009800 Uncommon trap: reason=class_check action=maybe_recompile pc=0x00007f3978e99ac0 method=com.android.dex.Leb128.writeUnsignedLeb128(Lcom/android/dex/util/ByteOutput;I)V @ 40
Event: 2.261 Thread 0x00007f3988009800 Uncommon trap: reason=class_check action=maybe_recompile pc=0x00007f3978e99ac0 method=com.android.dex.Leb128.writeUnsignedLeb128(Lcom/android/dex/util/ByteOutput;I)V @ 40
Event: 2.342 Thread 0x00007f3988009800 Uncommon trap: reason=unstable_if action=reinterpret pc=0x00007f3978ec07d8 method=java.util.HashMap.putVal(ILjava/lang/Object;Ljava/lang/Object;ZZ)Ljava/lang/Object; @ 162
Event: 2.356 Thread 0x00007f3988009800 Uncommon trap: reason=predicate action=maybe_recompile pc=0x00007f3978ee04dc method=com.android.dex.Leb128.writeUnsignedLeb128(Lcom/android/dex/util/ByteOutput;I)V @ 9
Event: 2.540 Thread 0x00007f3988009800 Uncommon trap: reason=predicate action=maybe_recompile pc=0x00007f3978f61d54 method=com.android.dex.Leb128.readUnsignedLeb128(Lcom/android/dex/util/ByteInput;)I @ 41
Event: 2.825 Thread 0x00007f3988009800 Uncommon trap: reason=unstable_if action=reinterpret pc=0x00007f3978df8914 method=java.util.HashMap.getNode(ILjava/lang/Object;)Ljava/util/HashMap$Node; @ 84
Event: 2.830 Thread 0x00007f3988009800 Uncommon trap: reason=unstable_if action=reinterpret pc=0x00007f3978df0280 method=java.util.HashMap.getNode(ILjava/lang/Object;)Ljava/util/HashMap$Node; @ 84

Internal exceptions (2 events):
Event: 0.353 Thread 0x00007f3988009800 Exception <a 'java/lang/NoSuchMethodError': Method sun.misc.Unsafe.defineClass(Ljava/lang/String;[BII)Ljava/lang/Class; name or signature does not match> (0x00000000eab12a38) thrown at [/RE-WORK/workspace/8-2-build-linux-amd64/jdk8u45/3457/hotspot/src/sha
Event: 0.353 Thread 0x00007f3988009800 Exception <a 'java/lang/NoSuchMethodError': Method sun.misc.Unsafe.prefetchRead(Ljava/lang/Object;J)V name or signature does not match> (0x00000000eab12cc8) thrown at [/RE-WORK/workspace/8-2-build-linux-amd64/jdk8u45/3457/hotspot/src/share/vm/prims/jni.cp

Events (10 events):
Event: 3.359 Thread 0x00007f3988009800 DEOPT UNPACKING pc=0x00007f3978a14633 sp=0x00007f398ea8f0d0 mode 0
Event: 3.364 Thread 0x00007f3988009800 DEOPT PACKING pc=0x00007f3978fd9cc6 sp=0x00007f398ea8f390
Event: 3.364 Thread 0x00007f3988009800 DEOPT UNPACKING pc=0x00007f3978a14633 sp=0x00007f398ea8f0d0 mode 0
Event: 3.369 Thread 0x00007f3988009800 DEOPT PACKING pc=0x00007f3978fd9cc6 sp=0x00007f398ea8f390
Event: 3.369 Thread 0x00007f3988009800 DEOPT UNPACKING pc=0x00007f3978a14633 sp=0x00007f398ea8f0d0 mode 0
Event: 3.375 Thread 0x00007f3988009800 DEOPT PACKING pc=0x00007f3978fd9cc6 sp=0x00007f398ea8f390
Event: 3.375 Thread 0x00007f3988009800 DEOPT UNPACKING pc=0x00007f3978a14633 sp=0x00007f398ea8f0d0 mode 0
Event: 3.381 Thread 0x00007f3988009800 DEOPT PACKING pc=0x00007f3978fd9cc6 sp=0x00007f398ea8f390
Event: 3.381 Thread 0x00007f3988009800 DEOPT UNPACKING pc=0x00007f3978a14633 sp=0x00007f398ea8f0d0 mode 0
Event: 4.283 Executing VM operation: ParallelGCFailedAllocation


Dynamic libraries:
00400000-00401000 r-xp 00000000 08:04 4986776                            /usr/lib/jvm/java-8-oracle/jre/bin/java
00600000-00601000 rw-p 00000000 08:04 4986776                            /usr/lib/jvm/java-8-oracle/jre/bin/java
021d8000-021f9000 rw-p 00000000 00:00 0                                  [heap]
c0000000-c3000000 rw-p 00000000 00:00 0 
c3000000-eab00000 ---p 00000000 00:00 0 
eab00000-eee00000 rw-p 00000000 00:00 0 
f4800000-100000000 ---p 00000000 00:00 0 
100000000-1000c0000 rw-p 00000000 00:00 0 
1000c0000-140000000 ---p 00000000 00:00 0 
7f3938000000-7f3938021000 rw-p 00000000 00:00 0 
7f3938021000-7f393c000000 ---p 00000000 00:00 0 
7f3940000000-7f39406cc000 rw-p 00000000 00:00 0 
7f39406cc000-7f3944000000 ---p 00000000 00:00 0 
7f3944000000-7f3944021000 rw-p 00000000 00:00 0 
7f3944021000-7f3948000000 ---p 00000000 00:00 0 
7f3948000000-7f3948f3e000 rw-p 00000000 00:00 0 
7f3948f3e000-7f394c000000 ---p 00000000 00:00 0 
7f394c000000-7f394c669000 rw-p 00000000 00:00 0 
7f394c669000-7f3950000000 ---p 00000000 00:00 0 
7f3950000000-7f3950021000 rw-p 00000000 00:00 0 
7f3950021000-7f3954000000 ---p 00000000 00:00 0 
7f3957832000-7f3957833000 ---p 00000000 00:00 0 
7f3957833000-7f3957933000 rw-p 00000000 00:00 0                          [stack:9670]
7f3957933000-7f3957936000 ---p 00000000 00:00 0 
7f3957936000-7f3957a34000 rw-p 00000000 00:00 0                          [stack:9669]
7f3957a34000-7f3957a37000 ---p 00000000 00:00 0 
7f3957a37000-7f3957b35000 rw-p 00000000 00:00 0                          [stack:9668]
7f3957b35000-7f3957b38000 ---p 00000000 00:00 0 
7f3957b38000-7f3957c36000 rw-p 00000000 00:00 0                          [stack:9667]
7f3957c36000-7f3957c39000 ---p 00000000 00:00 0 
7f3957c39000-7f3957d37000 rw-p 00000000 00:00 0                          [stack:9666]
7f3957d37000-7f3958000000 r--p 00000000 08:04 1580843                    /usr/lib/locale/locale-archive
7f3958000000-7f3958021000 rw-p 00000000 00:00 0 
7f3958021000-7f395c000000 ---p 00000000 00:00 0 
7f395c000000-7f395c021000 rw-p 00000000 00:00 0 
7f395c021000-7f3960000000 ---p 00000000 00:00 0 
7f3960000000-7f396028a000 rw-p 00000000 00:00 0 
7f396028a000-7f3964000000 ---p 00000000 00:00 0 
7f396409e000-7f39640a1000 ---p 00000000 00:00 0 
7f39640a1000-7f396419f000 rw-p 00000000 00:00 0                          [stack:9665]
7f396419f000-7f39641a2000 ---p 00000000 00:00 0 
7f39641a2000-7f39642a0000 rw-p 00000000 00:00 0                          [stack:9664]
7f39642a0000-7f39642a3000 ---p 00000000 00:00 0 
7f39642a3000-7f39643a1000 rw-p 00000000 00:00 0                          [stack:9663]
7f39643a1000-7f39643a2000 ---p 00000000 00:00 0 
7f39643a2000-7f39653b1000 rw-p 00000000 00:00 0                          [stack:9662]
7f39653b1000-7f396558a000 r--s 03d09000 08:04 2893612                    /usr/lib/jvm/java-8-oracle/jre/lib/rt.jar
7f396558a000-7f3965cc0000 rw-p 00000000 00:00 0 
7f3965cc0000-7f3965e00000 ---p 00000000 00:00 0 
7f3965e00000-7f3968000000 rw-p 00000000 00:00 0 
7f3968000000-7f3968021000 rw-p 00000000 00:00 0 
7f3968021000-7f396c000000 ---p 00000000 00:00 0 
7f396c000000-7f396c021000 rw-p 00000000 00:00 0 
7f396c021000-7f3970000000 ---p 00000000 00:00 0 
7f3970000000-7f3970021000 rw-p 00000000 00:00 0 
7f3970021000-7f3974000000 ---p 00000000 00:00 0 
7f3974000000-7f3974021000 rw-p 00000000 00:00 0 
7f3974021000-7f3978000000 ---p 00000000 00:00 0 
7f3978008000-7f3978009000 ---p 00000000 00:00 0 
7f3978009000-7f3978109000 rw-p 00000000 00:00 0                          [stack:9661]
7f3978109000-7f397810a000 ---p 00000000 00:00 0 
7f397810a000-7f397820a000 rw-p 00000000 00:00 0                          [stack:9660]
7f397820a000-7f397820b000 ---p 00000000 00:00 0 
7f397820b000-7f397830b000 rw-p 00000000 00:00 0                          [stack:9659]
7f397830b000-7f397830c000 ---p 00000000 00:00 0 
7f397830c000-7f3978424000 rw-p 00000000 00:00 0                          [stack:9658]
7f3978424000-7f3978561000 ---p 00000000 00:00 0 
7f3978561000-7f3978583000 rw-p 00000000 00:00 0 
7f3978583000-7f397860c000 ---p 00000000 00:00 0 
7f397860c000-7f3978629000 rw-p 00000000 00:00 0 
7f3978629000-7f39789cd000 ---p 00000000 00:00 0 
7f39789cd000-7f397909d000 rwxp 00000000 00:00 0 
7f397909d000-7f39879cd000 ---p 00000000 00:00 0 
7f39879cd000-7f39879e7000 r-xp 00000000 08:04 4462554                    /usr/lib/jvm/java-8-oracle/jre/lib/amd64/libzip.so
7f39879e7000-7f3987be7000 ---p 0001a000 08:04 4462554                    /usr/lib/jvm/java-8-oracle/jre/lib/amd64/libzip.so
7f3987be7000-7f3987be8000 rw-p 0001a000 08:04 4462554                    /usr/lib/jvm/java-8-oracle/jre/lib/amd64/libzip.so
7f3987be8000-7f3987bf3000 r-xp 00000000 08:04 3150469                    /lib/x86_64-linux-gnu/libnss_files-2.19.so
7f3987bf3000-7f3987df2000 ---p 0000b000 08:04 3150469                    /lib/x86_64-linux-gnu/libnss_files-2.19.so
7f3987df2000-7f3987df3000 r--p 0000a000 08:04 3150469                    /lib/x86_64-linux-gnu/libnss_files-2.19.so
7f3987df3000-7f3987df4000 rw-p 0000b000 08:04 3150469                    /lib/x86_64-linux-gnu/libnss_files-2.19.so
7f3987df4000-7f3987dff000 r-xp 00000000 08:04 3150466                    /lib/x86_64-linux-gnu/libnss_nis-2.19.so
7f3987dff000-7f3987ffe000 ---p 0000b000 08:04 3150466                    /lib/x86_64-linux-gnu/libnss_nis-2.19.so
7f3987ffe000-7f3987fff000 r--p 0000a000 08:04 3150466                    /lib/x86_64-linux-gnu/libnss_nis-2.19.so
7f3987fff000-7f3988000000 rw-p 0000b000 08:04 3150466                    /lib/x86_64-linux-gnu/libnss_nis-2.19.so
7f3988000000-7f398846f000 rw-p 00000000 00:00 0 
7f398846f000-7f398c000000 ---p 00000000 00:00 0 
7f398c005000-7f398c01d000 rw-p 00000000 00:00 0 
7f398c01d000-7f398c15b000 ---p 00000000 00:00 0 
7f398c15b000-7f398c172000 r-xp 00000000 08:04 3150460                    /lib/x86_64-linux-gnu/libnsl-2.19.so
7f398c172000-7f398c371000 ---p 00017000 08:04 3150460                    /lib/x86_64-linux-gnu/libnsl-2.19.so
7f398c371000-7f398c372000 r--p 00016000 08:04 3150460                    /lib/x86_64-linux-gnu/libnsl-2.19.so
7f398c372000-7f398c373000 rw-p 00017000 08:04 3150460                    /lib/x86_64-linux-gnu/libnsl-2.19.so
7f398c373000-7f398c375000 rw-p 00000000 00:00 0 
7f398c375000-7f398c37e000 r-xp 00000000 08:04 3150457                    /lib/x86_64-linux-gnu/libnss_compat-2.19.so
7f398c37e000-7f398c57d000 ---p 00009000 08:04 3150457                    /lib/x86_64-linux-gnu/libnss_compat-2.19.so
7f398c57d000-7f398c57e000 r--p 00008000 08:04 3150457                    /lib/x86_64-linux-gnu/libnss_compat-2.19.so
7f398c57e000-7f398c57f000 rw-p 00009000 08:04 3150457                    /lib/x86_64-linux-gnu/libnss_compat-2.19.so
7f398c57f000-7f398c5a9000 r-xp 00000000 08:04 4461799                    /usr/lib/jvm/java-8-oracle/jre/lib/amd64/libjava.so
7f398c5a9000-7f398c7a9000 ---p 0002a000 08:04 4461799                    /usr/lib/jvm/java-8-oracle/jre/lib/amd64/libjava.so
7f398c7a9000-7f398c7ab000 rw-p 0002a000 08:04 4461799                    /usr/lib/jvm/java-8-oracle/jre/lib/amd64/libjava.so
7f398c7ab000-7f398c7b8000 r-xp 00000000 08:04 4462580                    /usr/lib/jvm/java-8-oracle/jre/lib/amd64/libverify.so
7f398c7b8000-7f398c9b8000 ---p 0000d000 08:04 4462580                    /usr/lib/jvm/java-8-oracle/jre/lib/amd64/libverify.so
7f398c9b8000-7f398c9ba000 rw-p 0000d000 08:04 4462580                    /usr/lib/jvm/java-8-oracle/jre/lib/amd64/libverify.so
7f398c9ba000-7f398c9c1000 r-xp 00000000 08:04 3150452                    /lib/x86_64-linux-gnu/librt-2.19.so
7f398c9c1000-7f398cbc0000 ---p 00007000 08:04 3150452                    /lib/x86_64-linux-gnu/librt-2.19.so
7f398cbc0000-7f398cbc1000 r--p 00006000 08:04 3150452                    /lib/x86_64-linux-gnu/librt-2.19.so
7f398cbc1000-7f398cbc2000 rw-p 00007000 08:04 3150452                    /lib/x86_64-linux-gnu/librt-2.19.so
7f398cbc2000-7f398ccc7000 r-xp 00000000 08:04 3150459                    /lib/x86_64-linux-gnu/libm-2.19.so
7f398ccc7000-7f398cec6000 ---p 00105000 08:04 3150459                    /lib/x86_64-linux-gnu/libm-2.19.so
7f398cec6000-7f398cec7000 r--p 00104000 08:04 3150459                    /lib/x86_64-linux-gnu/libm-2.19.so
7f398cec7000-7f398cec8000 rw-p 00105000 08:04 3150459                    /lib/x86_64-linux-gnu/libm-2.19.so
7f398cec8000-7f398db76000 r-xp 00000000 08:04 4723906                    /usr/lib/jvm/java-8-oracle/jre/lib/amd64/server/libjvm.so
7f398db76000-7f398dd75000 ---p 00cae000 08:04 4723906                    /usr/lib/jvm/java-8-oracle/jre/lib/amd64/server/libjvm.so
7f398dd75000-7f398de4c000 rw-p 00cad000 08:04 4723906                    /usr/lib/jvm/java-8-oracle/jre/lib/amd64/server/libjvm.so
7f398de4c000-7f398de90000 rw-p 00000000 00:00 0 
7f398de90000-7f398e04b000 r-xp 00000000 08:04 3150451                    /lib/x86_64-linux-gnu/libc-2.19.so
7f398e04b000-7f398e24b000 ---p 001bb000 08:04 3150451                    /lib/x86_64-linux-gnu/libc-2.19.so
7f398e24b000-7f398e24f000 r--p 001bb000 08:04 3150451                    /lib/x86_64-linux-gnu/libc-2.19.so
7f398e24f000-7f398e251000 rw-p 001bf000 08:04 3150451                    /lib/x86_64-linux-gnu/libc-2.19.so
7f398e251000-7f398e256000 rw-p 00000000 00:00 0 
7f398e256000-7f398e259000 r-xp 00000000 08:04 3150455                    /lib/x86_64-linux-gnu/libdl-2.19.so
7f398e259000-7f398e458000 ---p 00003000 08:04 3150455                    /lib/x86_64-linux-gnu/libdl-2.19.so
7f398e458000-7f398e459000 r--p 00002000 08:04 3150455                    /lib/x86_64-linux-gnu/libdl-2.19.so
7f398e459000-7f398e45a000 rw-p 00003000 08:04 3150455                    /lib/x86_64-linux-gnu/libdl-2.19.so
7f398e45a000-7f398e46f000 r-xp 00000000 08:04 4589480                    /usr/lib/jvm/java-8-oracle/jre/lib/amd64/jli/libjli.so
7f398e46f000-7f398e66f000 ---p 00015000 08:04 4589480                    /usr/lib/jvm/java-8-oracle/jre/lib/amd64/jli/libjli.so
7f398e66f000-7f398e670000 rw-p 00015000 08:04 4589480                    /usr/lib/jvm/java-8-oracle/jre/lib/amd64/jli/libjli.so
7f398e670000-7f398e689000 r-xp 00000000 08:04 3150468                    /lib/x86_64-linux-gnu/libpthread-2.19.so
7f398e689000-7f398e888000 ---p 00019000 08:04 3150468                    /lib/x86_64-linux-gnu/libpthread-2.19.so
7f398e888000-7f398e889000 r--p 00018000 08:04 3150468                    /lib/x86_64-linux-gnu/libpthread-2.19.so
7f398e889000-7f398e88a000 rw-p 00019000 08:04 3150468                    /lib/x86_64-linux-gnu/libpthread-2.19.so
7f398e88a000-7f398e88e000 rw-p 00000000 00:00 0 
7f398e88e000-7f398e8b1000 r-xp 00000000 08:04 3150449                    /lib/x86_64-linux-gnu/ld-2.19.so
7f398e8cc000-7f398e8cd000 rw-p 00000000 00:00 0 
7f398e8cd000-7f398e8d2000 r--s 00094000 08:04 2893606                    /usr/lib/jvm/java-8-oracle/jre/lib/jsse.jar
7f398e8d2000-7f398e990000 rw-p 00000000 00:00 0 
7f398e990000-7f398e993000 ---p 00000000 00:00 0 
7f398e993000-7f398ea95000 rw-p 00000000 00:00 0                          [stack:9657]
7f398ea95000-7f398eaa4000 r--s 000dd000 08:04 1181352                    /home/vikky/Android/Sdk/build-tools/21.1.2/lib/dx.jar
7f398eaa4000-7f398eaac000 rw-s 00000000 08:04 5378173                    /tmp/hsperfdata_vikky/9649
7f398eaac000-7f398eaad000 rw-p 00000000 00:00 0 
7f398eaad000-7f398eaae000 ---p 00000000 00:00 0 
7f398eaae000-7f398eab0000 rw-p 00000000 00:00 0 
7f398eab0000-7f398eab1000 r--p 00022000 08:04 3150449                    /lib/x86_64-linux-gnu/ld-2.19.so
7f398eab1000-7f398eab2000 rw-p 00023000 08:04 3150449                    /lib/x86_64-linux-gnu/ld-2.19.so
7f398eab2000-7f398eab3000 rw-p 00000000 00:00 0 
7fff04491000-7fff044b2000 rw-p 00000000 00:00 0                          [stack]
7fff045fe000-7fff04600000 r-xp 00000000 00:00 0                          [vdso]
ffffffffff600000-ffffffffff601000 r-xp 00000000 00:00 0                  [vsyscall]

VM Arguments:
jvm_args: -Xmx1024M 
java_command: /home/vikky/Android/Sdk/build-tools/21.1.2/lib/dx.jar --dex --no-optimize --output /home/vikky/AndroidStudioProjects/Hisab/app/build/intermediates/dex/debug --input-list=/home/vikky/AndroidStudioProjects/Hisab/app/build/intermediates/tmp/dex/debug/inputList.txt
java_class_path (initial): /home/vikky/Android/Sdk/build-tools/21.1.2/lib/dx.jar
Launcher Type: SUN_STANDARD

Environment Variables:
JAVA_HOME=/usr/lib/jvm/java-8-oracle
PATH=/home/vikky/.rbenv/shims:/usr/local/sbin:/usr/local/bin:/usr/sbin:/usr/bin:/sbin:/bin:/usr/games:/usr/local/games:/usr/lib/jvm/java-8-oracle/bin:/usr/lib/jvm/java-8-oracle/db/bin:/usr/lib/jvm/java-8-oracle/jre/bin
LD_LIBRARY_PATH=./android-studio/bin:
SHELL=/bin/bash
DISPLAY=:0.0

Signal Handlers:
SIGSEGV: [libjvm.so+0xaad1e0], sa_mask[0]=11111111011111111101111111111110, sa_flags=SA_RESTART|SA_SIGINFO
SIGBUS: [libjvm.so+0xaad1e0], sa_mask[0]=11111111011111111101111111111110, sa_flags=SA_RESTART|SA_SIGINFO
SIGFPE: [libjvm.so+0x90b450], sa_mask[0]=11111111011111111101111111111110, sa_flags=SA_RESTART|SA_SIGINFO
SIGPIPE: [libjvm.so+0x90b450], sa_mask[0]=11111111011111111101111111111110, sa_flags=SA_RESTART|SA_SIGINFO
SIGXFSZ: [libjvm.so+0x90b450], sa_mask[0]=11111111011111111101111111111110, sa_flags=SA_RESTART|SA_SIGINFO
SIGILL: [libjvm.so+0x90b450], sa_mask[0]=11111111011111111101111111111110, sa_flags=SA_RESTART|SA_SIGINFO
SIGUSR1: SIG_DFL, sa_mask[0]=00000000000000000000000000000000, sa_flags=none
SIGUSR2: [libjvm.so+0x90ca90], sa_mask[0]=00100000000000000000000000000000, sa_flags=SA_RESTART|SA_SIGINFO
SIGHUP: [libjvm.so+0x90dde0], sa_mask[0]=11111111011111111101111111111110, sa_flags=SA_RESTART|SA_SIGINFO
SIGINT: [libjvm.so+0x90dde0], sa_mask[0]=11111111011111111101111111111110, sa_flags=SA_RESTART|SA_SIGINFO
SIGTERM: [libjvm.so+0x90dde0], sa_mask[0]=11111111011111111101111111111110, sa_flags=SA_RESTART|SA_SIGINFO
SIGQUIT: [libjvm.so+0x90dde0], sa_mask[0]=11111111011111111101111111111110, sa_flags=SA_RESTART|SA_SIGINFO


---------------  S Y S T E M  ---------------

OS:DISTRIB_ID=Ubuntu
DISTRIB_RELEASE=14.04
DISTRIB_CODENAME=trusty
DISTRIB_DESCRIPTION="Linux Lite 2.2"

uname:Linux 3.13.0-24-generic #47-Ubuntu SMP Fri May 2 23:30:00 UTC 2014 x86_64
libc:glibc 2.19 NPTL 2.19 
rlimit: STACK 8192k, CORE 0k, NPROC 30981, NOFILE 4096, AS infinity
load average:21.39 7.70 3.56

/proc/meminfo:
MemTotal:        3994112 kB
MemFree:          111224 kB
Buffers:             260 kB
Cached:           155408 kB
SwapCached:            0 kB
Active:          3544104 kB
Inactive:         140496 kB
Active(anon):    3534552 kB
Inactive(anon):   133052 kB
Active(file):       9552 kB
Inactive(file):     7444 kB
Unevictable:          64 kB
Mlocked:              64 kB
SwapTotal:             0 kB
SwapFree:              0 kB
Dirty:               132 kB
Writeback:             0 kB
AnonPages:       3529188 kB
Mapped:           108648 kB
Shmem:            138260 kB
Slab:              68320 kB
SReclaimable:      32396 kB
SUnreclaim:        35924 kB
KernelStack:        5776 kB
PageTables:        55228 kB
NFS_Unstable:          0 kB
Bounce:                0 kB
WritebackTmp:          0 kB
CommitLimit:     1997056 kB
Committed_AS:    8437964 kB
VmallocTotal:   34359738367 kB
VmallocUsed:      555648 kB
VmallocChunk:   34359169308 kB
HardwareCorrupted:     0 kB
AnonHugePages:    690176 kB
HugePages_Total:       0
HugePages_Free:        0
HugePages_Rsvd:        0
HugePages_Surp:        0
Hugepagesize:       2048 kB
DirectMap4k:       80128 kB
DirectMap2M:     4061184 kB


CPU:total 4 (2 cores per cpu, 2 threads per core) family 6 model 42 stepping 7, cmov, cx8, fxsr, mmx, sse, sse2, sse3, ssse3, sse4.1, sse4.2, popcnt, avx, clmul, ht, tsc, tscinvbit

/proc/cpuinfo:
processor	: 0
vendor_id	: GenuineIntel
cpu family	: 6
model		: 42
model name	: Intel(R) Core(TM) i3-2350M CPU @ 2.30GHz
stepping	: 7
microcode	: 0x1b
cpu MHz		: 2300.000
cache size	: 3072 KB
physical id	: 0
siblings	: 4
core id		: 0
cpu cores	: 2
apicid		: 0
initial apicid	: 0
fpu		: yes
fpu_exception	: yes
cpuid level	: 13
wp		: yes
flags		: fpu vme de pse tsc msr pae mce cx8 apic sep mtrr pge mca cmov pat pse36 clflush dts acpi mmx fxsr sse sse2 ss ht tm pbe syscall nx rdtscp lm constant_tsc arch_perfmon pebs bts rep_good nopl xtopology nonstop_tsc aperfmperf eagerfpu pni pclmulqdq dtes64 monitor ds_cpl vmx est tm2 ssse3 cx16 xtpr pdcm pcid sse4_1 sse4_2 x2apic popcnt tsc_deadline_timer xsave avx lahf_lm arat epb xsaveopt pln pts dtherm tpr_shadow vnmi flexpriority ept vpid
bogomips	: 4589.55
clflush size	: 64
cache_alignment	: 64
address sizes	: 36 bits physical, 48 bits virtual
power management:

processor	: 1
vendor_id	: GenuineIntel
cpu family	: 6
model		: 42
model name	: Intel(R) Core(TM) i3-2350M CPU @ 2.30GHz
stepping	: 7
microcode	: 0x1b
cpu MHz		: 800.000
cache size	: 3072 KB
physical id	: 0
siblings	: 4
core id		: 0
cpu cores	: 2
apicid		: 1
initial apicid	: 1
fpu		: yes
fpu_exception	: yes
cpuid level	: 13
wp		: yes
flags		: fpu vme de pse tsc msr pae mce cx8 apic sep mtrr pge mca cmov pat pse36 clflush dts acpi mmx fxsr sse sse2 ss ht tm pbe syscall nx rdtscp lm constant_tsc arch_perfmon pebs bts rep_good nopl xtopology nonstop_tsc aperfmperf eagerfpu pni pclmulqdq dtes64 monitor ds_cpl vmx est tm2 ssse3 cx16 xtpr pdcm pcid sse4_1 sse4_2 x2apic popcnt tsc_deadline_timer xsave avx lahf_lm arat epb xsaveopt pln pts dtherm tpr_shadow vnmi flexpriority ept vpid
bogomips	: 4589.55
clflush size	: 64
cache_alignment	: 64
address sizes	: 36 bits physical, 48 bits virtual
power management:

processor	: 2
vendor_id	: GenuineIntel
cpu family	: 6
model		: 42
model name	: Intel(R) Core(TM) i3-2350M CPU @ 2.30GHz
stepping	: 7
microcode	: 0x1b
cpu MHz		: 2300.000
cache size	: 3072 KB
physical id	: 0
siblings	: 4
core id		: 1
cpu cores	: 2
apicid		: 2
initial apicid	: 2
fpu		: yes
fpu_exception	: yes
cpuid level	: 13
wp		: yes
flags		: fpu vme de pse tsc msr pae mce cx8 apic sep mtrr pge mca cmov pat pse36 clflush dts acpi mmx fxsr sse sse2 ss ht tm pbe syscall nx rdtscp lm constant_tsc arch_perfmon pebs bts rep_good nopl xtopology nonstop_tsc aperfmperf eagerfpu pni pclmulqdq dtes64 monitor ds_cpl vmx est tm2 ssse3 cx16 xtpr pdcm pcid sse4_1 sse4_2 x2apic popcnt tsc_deadline_timer xsave avx lahf_lm arat epb xsaveopt pln pts dtherm tpr_shadow vnmi flexpriority ept vpid
bogomips	: 4589.55
clflush size	: 64
cache_alignment	: 64
address sizes	: 36 bits physical, 48 bits virtual
power management:

processor	: 3
vendor_id	: GenuineIntel
cpu family	: 6
model		: 42
model name	: Intel(R) Core(TM) i3-2350M CPU @ 2.30GHz
stepping	: 7
microcode	: 0x1b
cpu MHz		: 800.000
cache size	: 3072 KB
physical id	: 0
siblings	: 4
core id		: 1
cpu cores	: 2
apicid		: 3
initial apicid	: 3
fpu		: yes
fpu_exception	: yes
cpuid level	: 13
wp		: yes
flags		: fpu vme de pse tsc msr pae mce cx8 apic sep mtrr pge mca cmov pat pse36 clflush dts acpi mmx fxsr sse sse2 ss ht tm pbe syscall nx rdtscp lm constant_tsc arch_perfmon pebs bts rep_good nopl xtopology nonstop_tsc aperfmperf eagerfpu pni pclmulqdq dtes64 monitor ds_cpl vmx est tm2 ssse3 cx16 xtpr pdcm pcid sse4_1 sse4_2 x2apic popcnt tsc_deadline_timer xsave avx lahf_lm arat epb xsaveopt pln pts dtherm tpr_shadow vnmi flexpriority ept vpid
bogomips	: 4589.55
clflush size	: 64
cache_alignment	: 64
address sizes	: 36 bits physical, 48 bits virtual
power management:



Memory: 4k page, physical 3994112k(114480k free), swap 0k(0k free)

vm_info: Java HotSpot(TM) 64-Bit Server VM (25.45-b02) for linux-amd64 JRE (1.8.0_45-b14), built on Apr 10 2015 10:07:45 by "java_re" with gcc 4.3.0 20080428 (Red Hat 4.3.0-8)

time: Tue Aug  4 22:29:54 2015
elapsed time: 85 seconds (0d 0h 1m 25s)

