#
# There is insufficient memory for the Java Runtime Environment to continue.
# Native memory allocation (mmap) failed to map 101711872 bytes for committing reserved memory.
# Possible reasons:
#   The system is out of physical RAM or swap space
#   In 32 bit mode, the process size limit was hit
# Possible solutions:
#   Reduce memory load on the system
#   Increase physical memory or swap space
#   Check if swap backing store is full
#   Use 64 bit Java on a 64 bit OS
#   Decrease Java heap size (-Xmx/-Xms)
#   Decrease number of Java threads
#   Decrease Java thread stack sizes (-Xss)
#   Set larger code cache with -XX:ReservedCodeCacheSize=
# This output file may be truncated or incomplete.
#
#  Out of Memory Error (os_linux.cpp:2673), pid=13330, tid=140209492690688
#
# JRE version: Java(TM) SE Runtime Environment (8.0_45-b14) (build 1.8.0_45-b14)
# Java VM: Java HotSpot(TM) 64-Bit Server VM (25.45-b02 mixed mode linux-amd64 compressed oops)
# Failed to write core dump. Core dumps have been disabled. To enable core dumping, try "ulimit -c unlimited" before starting Java again
#

---------------  T H R E A D  ---------------

Current thread (0x00007f852813e800):  VMThread [stack: 0x00007f8510f18000,0x00007f8511019000] [id=13343]

Stack: [0x00007f8510f18000,0x00007f8511019000],  sp=0x00007f8511016fe0,  free space=1019k
Native frames: (J=compiled Java code, j=interpreted, Vv=VM code, C=native code)
V  [libjvm.so+0xaac99a]  VMError::report_and_die()+0x2ba
V  [libjvm.so+0x4f333b]  report_vm_out_of_memory(char const*, int, unsigned long, VMErrorType, char const*)+0x8b
V  [libjvm.so+0x90e7c3]  os::Linux::commit_memory_impl(char*, unsigned long, bool)+0x103
V  [libjvm.so+0x90ed19]  os::pd_commit_memory(char*, unsigned long, unsigned long, bool)+0x29
V  [libjvm.so+0x90867a]  os::commit_memory(char*, unsigned long, unsigned long, bool)+0x2a
V  [libjvm.so+0x97bac3]  PSVirtualSpace::expand_by(unsigned long)+0x53
V  [libjvm.so+0x97cec8]  PSYoungGen::resize_generation(unsigned long, unsigned long)+0xf8
V  [libjvm.so+0x97c022]  PSYoungGen::resize(unsigned long, unsigned long)+0x22
V  [libjvm.so+0x9792fb]  PSScavenge::invoke_no_policy()+0xf7b
V  [libjvm.so+0x979a81]  PSScavenge::invoke()+0x41
V  [libjvm.so+0x932050]  ParallelScavengeHeap::failed_mem_allocate(unsigned long)+0x70
V  [libjvm.so+0xaae1d7]  VM_ParallelGCFailedAllocation::doit()+0x97
V  [libjvm.so+0xab59c5]  VM_Operation::evaluate()+0x55
V  [libjvm.so+0xab3d9a]  VMThread::evaluate_operation(VM_Operation*)+0xba
V  [libjvm.so+0xab411e]  VMThread::loop()+0x1ce
V  [libjvm.so+0xab4590]  VMThread::run()+0x70
V  [libjvm.so+0x910de8]  java_start(Thread*)+0x108

VM_Operation (0x00007f852f65d300): ParallelGCFailedAllocation, mode: safepoint, requested by thread 0x00007f852800a000


---------------  P R O C E S S  ---------------

Java Threads: ( => current thread )
  0x00007f8528186800 JavaThread "Service Thread" daemon [_thread_blocked, id=13350, stack(0x00007f8510548000,0x00007f8510649000)]
  0x00007f8528181800 JavaThread "C1 CompilerThread2" daemon [_thread_blocked, id=13349, stack(0x00007f8510649000,0x00007f851074a000)]
  0x00007f852817f800 JavaThread "C2 CompilerThread1" daemon [_thread_blocked, id=13348, stack(0x00007f851074a000,0x00007f851084b000)]
  0x00007f852817d000 JavaThread "C2 CompilerThread0" daemon [_thread_blocked, id=13347, stack(0x00007f851084b000,0x00007f851094c000)]
  0x00007f852817b800 JavaThread "Signal Dispatcher" daemon [_thread_blocked, id=13346, stack(0x00007f851094c000,0x00007f8510a4d000)]
  0x00007f8528146000 JavaThread "Finalizer" daemon [_thread_blocked, id=13345, stack(0x00007f8510d16000,0x00007f8510e17000)]
  0x00007f8528144000 JavaThread "Reference Handler" daemon [_thread_blocked, id=13344, stack(0x00007f8510e17000,0x00007f8510f18000)]
  0x00007f852800a000 JavaThread "main" [_thread_blocked, id=13338, stack(0x00007f852f55e000,0x00007f852f65f000)]

Other Threads:
=>0x00007f852813e800 VMThread [stack: 0x00007f8510f18000,0x00007f8511019000] [id=13343]
  0x00007f8528189000 WatcherThread [stack: 0x00007f8510447000,0x00007f8510548000] [id=13351]

VM state:at safepoint (normal execution)

VM Mutex/Monitor currently owned by a thread:  ([mutex/lock_event])
[0x00007f8528006120] Threads_lock - owner thread: 0x00007f852813e800
[0x00007f8528006620] Heap_lock - owner thread: 0x00007f852800a000

Heap:
 PSYoungGen      total 66048K, used 2554K [0x00000000eab00000, 0x00000000eee00000, 0x0000000100000000)
  eden space 63488K, 0% used [0x00000000eab00000,0x00000000eab00000,0x00000000ee900000)
  from space 2560K, 99% used [0x00000000ee900000,0x00000000eeb7e9a8,0x00000000eeb80000)
  to   space 2560K, 0% used [0x00000000eeb80000,0x00000000eeb80000,0x00000000eee00000)
 ParOldGen       total 42496K, used 38585K [0x00000000c0000000, 0x00000000c2980000, 0x00000000eab00000)
  object space 42496K, 90% used [0x00000000c0000000,0x00000000c25ae418,0x00000000c2980000)
 Metaspace       used 6537K, capacity 7254K, committed 7424K, reserved 1056768K
  class space    used 649K, capacity 654K, committed 768K, reserved 1048576K

Card table byte_map: [0x00007f852c135000,0x00007f852c336000] byte_map_base: 0x00007f852bb35000

Marking Bits: (ParMarkBitMap*) 0x00007f852ea33760
 Begin Bits: [0x00007f8512000000, 0x00007f8513000000)
 End Bits:   [0x00007f8513000000, 0x00007f8514000000)

Polling page: 0x00007f852f67b000

CodeCache: size=245760Kb used=5678Kb max_used=5689Kb free=240081Kb
 bounds [0x00007f8519000000, 0x00007f85195a0000, 0x00007f8528000000]
 total_blobs=2044 nmethods=1752 adapters=206
 compilation: enabled

Compilation events (10 events):
Event: 2.848 Thread 0x00007f8528181800 1778       1       com.android.dx.io.instructions.SparseSwitchPayloadDecodedInstruction::getKeys (5 bytes)
Event: 2.848 Thread 0x00007f8528181800 nmethod 1778 0x00007f851957b090 code [0x00007f851957b1e0, 0x00007f851957b2f0]
Event: 2.848 Thread 0x00007f8528181800 1779       1       com.android.dx.io.instructions.SparseSwitchPayloadDecodedInstruction::getTargets (5 bytes)
Event: 2.848 Thread 0x00007f8528181800 nmethod 1779 0x00007f8519589c50 code [0x00007f8519589da0, 0x00007f8519589eb0]
Event: 2.852 Thread 0x00007f852817d000 nmethod 1775 0x00007f851958d2d0 code [0x00007f851958d460, 0x00007f851958de58]
Event: 2.852 Thread 0x00007f852817d000 1776       4       com.android.dx.merge.DexMerger::transformFields (71 bytes)
Event: 2.857 Thread 0x00007f852817d000 nmethod 1776 0x00007f85195938d0 code [0x00007f8519593a60, 0x00007f8519593cf8]
Event: 2.857 Thread 0x00007f852817d000 1671       4       com.android.dx.io.instructions.InstructionCodec::codeUnit (85 bytes)
Event: 2.859 Thread 0x00007f852817d000 nmethod 1671 0x00007f8519582d10 code [0x00007f8519582e60, 0x00007f8519582f78]
Event: 2.859 Thread 0x00007f852817d000 1668       4       com.android.dx.io.instructions.InstructionCodec::decodeRegisterList (265 bytes)

GC Heap History (9 events):
Event: 1.147 GC heap before
{Heap before GC invocations=1 (full 0):
 PSYoungGen      total 18432K, used 15483K [0x00000000eab00000, 0x00000000ebf80000, 0x0000000100000000)
  eden space 15872K, 97% used [0x00000000eab00000,0x00000000eba1ee40,0x00000000eba80000)
  from space 2560K, 0% used [0x00000000ebd00000,0x00000000ebd00000,0x00000000ebf80000)
  to   space 2560K, 0% used [0x00000000eba80000,0x00000000eba80000,0x00000000ebd00000)
 ParOldGen       total 42496K, used 0K [0x00000000c0000000, 0x00000000c2980000, 0x00000000eab00000)
  object space 42496K, 0% used [0x00000000c0000000,0x00000000c0000000,0x00000000c2980000)
 Metaspace       used 4920K, capacity 6352K, committed 6528K, reserved 1056768K
  class space    used 496K, capacity 584K, committed 640K, reserved 1048576K
Event: 1.161 GC heap after
Heap after GC invocations=1 (full 0):
 PSYoungGen      total 18432K, used 2556K [0x00000000eab00000, 0x00000000ecf00000, 0x0000000100000000)
  eden space 15872K, 0% used [0x00000000eab00000,0x00000000eab00000,0x00000000eba80000)
  from space 2560K, 99% used [0x00000000eba80000,0x00000000ebcff320,0x00000000ebd00000)
  to   space 2560K, 0% used [0x00000000ecc80000,0x00000000ecc80000,0x00000000ecf00000)
 ParOldGen       total 42496K, used 3521K [0x00000000c0000000, 0x00000000c2980000, 0x00000000eab00000)
  object space 42496K, 8% used [0x00000000c0000000,0x00000000c0370708,0x00000000c2980000)
 Metaspace       used 4920K, capacity 6352K, committed 6528K, reserved 1056768K
  class space    used 496K, capacity 584K, committed 640K, reserved 1048576K
}
Event: 1.847 GC heap before
{Heap before GC invocations=2 (full 0):
 PSYoungGen      total 18432K, used 18428K [0x00000000eab00000, 0x00000000ecf00000, 0x0000000100000000)
  eden space 15872K, 100% used [0x00000000eab00000,0x00000000eba80000,0x00000000eba80000)
  from space 2560K, 99% used [0x00000000eba80000,0x00000000ebcff320,0x00000000ebd00000)
  to   space 2560K, 0% used [0x00000000ecc80000,0x00000000ecc80000,0x00000000ecf00000)
 ParOldGen       total 42496K, used 3521K [0x00000000c0000000, 0x00000000c2980000, 0x00000000eab00000)
  object space 42496K, 8% used [0x00000000c0000000,0x00000000c0370708,0x00000000c2980000)
 Metaspace       used 6421K, capacity 7190K, committed 7424K, reserved 1056768K
  class space    used 647K, capacity 654K, committed 768K, reserved 1048576K
Event: 1.859 GC heap after
Heap after GC invocations=2 (full 0):
 PSYoungGen      total 34304K, used 2556K [0x00000000eab00000, 0x00000000ecf00000, 0x0000000100000000)
  eden space 31744K, 0% used [0x00000000eab00000,0x00000000eab00000,0x00000000eca00000)
  from space 2560K, 99% used [0x00000000ecc80000,0x00000000eceff118,0x00000000ecf00000)
  to   space 2560K, 0% used [0x00000000eca00000,0x00000000eca00000,0x00000000ecc80000)
 ParOldGen       total 42496K, used 7741K [0x00000000c0000000, 0x00000000c2980000, 0x00000000eab00000)
  object space 42496K, 18% used [0x00000000c0000000,0x00000000c078f608,0x00000000c2980000)
 Metaspace       used 6421K, capacity 7190K, committed 7424K, reserved 1056768K
  class space    used 647K, capacity 654K, committed 768K, reserved 1048576K
}
Event: 2.216 GC heap before
{Heap before GC invocations=3 (full 0):
 PSYoungGen      total 34304K, used 34300K [0x00000000eab00000, 0x00000000ecf00000, 0x0000000100000000)
  eden space 31744K, 100% used [0x00000000eab00000,0x00000000eca00000,0x00000000eca00000)
  from space 2560K, 99% used [0x00000000ecc80000,0x00000000eceff118,0x00000000ecf00000)
  to   space 2560K, 0% used [0x00000000eca00000,0x00000000eca00000,0x00000000ecc80000)
 ParOldGen       total 42496K, used 7741K [0x00000000c0000000, 0x00000000c2980000, 0x00000000eab00000)
  object space 42496K, 18% used [0x00000000c0000000,0x00000000c078f608,0x00000000c2980000)
 Metaspace       used 6494K, capacity 7254K, committed 7424K, reserved 1056768K
  class space    used 647K, capacity 654K, committed 768K, reserved 1048576K
Event: 2.229 GC heap after
Heap after GC invocations=3 (full 0):
 PSYoungGen      total 34304K, used 2553K [0x00000000eab00000, 0x00000000eee00000, 0x0000000100000000)
  eden space 31744K, 0% used [0x00000000eab00000,0x00000000eab00000,0x00000000eca00000)
  from space 2560K, 99% used [0x00000000eca00000,0x00000000ecc7e790,0x00000000ecc80000)
  to   space 2560K, 0% used [0x00000000eeb80000,0x00000000eeb80000,0x00000000eee00000)
 ParOldGen       total 42496K, used 18285K [0x00000000c0000000, 0x00000000c2980000, 0x00000000eab00000)
  object space 42496K, 43% used [0x00000000c0000000,0x00000000c11db7e8,0x00000000c2980000)
 Metaspace       used 6494K, capacity 7254K, committed 7424K, reserved 1056768K
  class space    used 647K, capacity 654K, committed 768K, reserved 1048576K
}
Event: 2.458 GC heap before
{Heap before GC invocations=4 (full 0):
 PSYoungGen      total 34304K, used 34297K [0x00000000eab00000, 0x00000000eee00000, 0x0000000100000000)
  eden space 31744K, 100% used [0x00000000eab00000,0x00000000eca00000,0x00000000eca00000)
  from space 2560K, 99% used [0x00000000eca00000,0x00000000ecc7e790,0x00000000ecc80000)
  to   space 2560K, 0% used [0x00000000eeb80000,0x00000000eeb80000,0x00000000eee00000)
 ParOldGen       total 42496K, used 18285K [0x00000000c0000000, 0x00000000c2980000, 0x00000000eab00000)
  object space 42496K, 43% used [0x00000000c0000000,0x00000000c11db7e8,0x00000000c2980000)
 Metaspace       used 6521K, capacity 7254K, committed 7424K, reserved 1056768K
  class space    used 648K, capacity 654K, committed 768K, reserved 1048576K
Event: 2.473 GC heap after
Heap after GC invocations=4 (full 0):
 PSYoungGen      total 66048K, used 2538K [0x00000000eab00000, 0x00000000eee00000, 0x0000000100000000)
  eden space 63488K, 0% used [0x00000000eab00000,0x00000000eab00000,0x00000000ee900000)
  from space 2560K, 99% used [0x00000000eeb80000,0x00000000eedfa998,0x00000000eee00000)
  to   space 2560K, 0% used [0x00000000ee900000,0x00000000ee900000,0x00000000eeb80000)
 ParOldGen       total 42496K, used 21158K [0x00000000c0000000, 0x00000000c2980000, 0x00000000eab00000)
  object space 42496K, 49% used [0x00000000c0000000,0x00000000c14a99b8,0x00000000c2980000)
 Metaspace       used 6521K, capacity 7254K, committed 7424K, reserved 1056768K
  class space    used 648K, capacity 654K, committed 768K, reserved 1048576K
}
Event: 2.860 GC heap before
{Heap before GC invocations=5 (full 0):
 PSYoungGen      total 66048K, used 66026K [0x00000000eab00000, 0x00000000eee00000, 0x0000000100000000)
  eden space 63488K, 100% used [0x00000000eab00000,0x00000000ee900000,0x00000000ee900000)
  from space 2560K, 99% used [0x00000000eeb80000,0x00000000eedfa998,0x00000000eee00000)
  to   space 2560K, 0% used [0x00000000ee900000,0x00000000ee900000,0x00000000eeb80000)
 ParOldGen       total 42496K, used 21158K [0x00000000c0000000, 0x00000000c2980000, 0x00000000eab00000)
  object space 42496K, 49% used [0x00000000c0000000,0x00000000c14a99b8,0x00000000c2980000)
 Metaspace       used 6537K, capacity 7254K, committed 7424K, reserved 1056768K
  class space    used 649K, capacity 654K, committed 768K, reserved 1048576K

Deoptimization events (10 events):
Event: 1.519 Thread 0x00007f852800a000 Uncommon trap: reason=class_check action=maybe_recompile pc=0x00007f85193bae8c method=com.android.dex.Leb128.writeUnsignedLeb128(Lcom/android/dex/util/ByteOutput;I)V @ 40
Event: 1.520 Thread 0x00007f852800a000 Uncommon trap: reason=class_check action=maybe_recompile pc=0x00007f85193bae8c method=com.android.dex.Leb128.writeUnsignedLeb128(Lcom/android/dex/util/ByteOutput;I)V @ 40
Event: 1.520 Thread 0x00007f852800a000 Uncommon trap: reason=class_check action=maybe_recompile pc=0x00007f85193bae8c method=com.android.dex.Leb128.writeUnsignedLeb128(Lcom/android/dex/util/ByteOutput;I)V @ 40
Event: 1.520 Thread 0x00007f852800a000 Uncommon trap: reason=class_check action=maybe_recompile pc=0x00007f85193bae8c method=com.android.dex.Leb128.writeUnsignedLeb128(Lcom/android/dex/util/ByteOutput;I)V @ 40
Event: 1.600 Thread 0x00007f852800a000 Uncommon trap: reason=unstable_if action=reinterpret pc=0x00007f85193d7ab0 method=java.util.HashMap.putVal(ILjava/lang/Object;Ljava/lang/Object;ZZ)Ljava/lang/Object; @ 162
Event: 1.616 Thread 0x00007f852800a000 Uncommon trap: reason=predicate action=maybe_recompile pc=0x00007f85193ef19c method=com.android.dex.Leb128.writeUnsignedLeb128(Lcom/android/dex/util/ByteOutput;I)V @ 9
Event: 1.763 Thread 0x00007f852800a000 Uncommon trap: reason=predicate action=maybe_recompile pc=0x00007f8519460390 method=com.android.dex.Leb128.readUnsignedLeb128(Lcom/android/dex/util/ByteInput;)I @ 41
Event: 1.767 Thread 0x00007f852800a000 Uncommon trap: reason=unstable_if action=reinterpret pc=0x00007f851942627c method=java.util.HashMap.putVal(ILjava/lang/Object;Ljava/lang/Object;ZZ)Ljava/lang/Object; @ 109
Event: 1.883 Thread 0x00007f852800a000 Uncommon trap: reason=unstable_if action=reinterpret pc=0x00007f8519423020 method=java.util.HashMap.getNode(ILjava/lang/Object;)Ljava/util/HashMap$Node; @ 84
Event: 1.883 Thread 0x00007f852800a000 Uncommon trap: reason=unstable_if action=reinterpret pc=0x00007f851937dfc0 method=java.util.HashMap.getNode(ILjava/lang/Object;)Ljava/util/HashMap$Node; @ 84

Internal exceptions (2 events):
Event: 0.332 Thread 0x00007f852800a000 Exception <a 'java/lang/NoSuchMethodError': Method sun.misc.Unsafe.defineClass(Ljava/lang/String;[BII)Ljava/lang/Class; name or signature does not match> (0x00000000eab12770) thrown at [/RE-WORK/workspace/8-2-build-linux-amd64/jdk8u45/3457/hotspot/src/sha
Event: 0.332 Thread 0x00007f852800a000 Exception <a 'java/lang/NoSuchMethodError': Method sun.misc.Unsafe.prefetchRead(Ljava/lang/Object;J)V name or signature does not match> (0x00000000eab12a00) thrown at [/RE-WORK/workspace/8-2-build-linux-amd64/jdk8u45/3457/hotspot/src/share/vm/prims/jni.cp

Events (10 events):
Event: 2.592 Thread 0x00007f852800a000 DEOPT UNPACKING pc=0x00007f8519047633 sp=0x00007f852f65cf70 mode 0
Event: 2.596 Thread 0x00007f852800a000 DEOPT PACKING pc=0x00007f85194787ce sp=0x00007f852f65d230
Event: 2.596 Thread 0x00007f852800a000 DEOPT UNPACKING pc=0x00007f8519047633 sp=0x00007f852f65cf70 mode 0
Event: 2.599 Thread 0x00007f852800a000 DEOPT PACKING pc=0x00007f85194787ce sp=0x00007f852f65d230
Event: 2.599 Thread 0x00007f852800a000 DEOPT UNPACKING pc=0x00007f8519047633 sp=0x00007f852f65cf70 mode 0
Event: 2.601 Thread 0x00007f852800a000 DEOPT PACKING pc=0x00007f85194787ce sp=0x00007f852f65d230
Event: 2.601 Thread 0x00007f852800a000 DEOPT UNPACKING pc=0x00007f8519047633 sp=0x00007f852f65cf70 mode 0
Event: 2.604 Thread 0x00007f852800a000 DEOPT PACKING pc=0x00007f85194787ce sp=0x00007f852f65d230
Event: 2.604 Thread 0x00007f852800a000 DEOPT UNPACKING pc=0x00007f8519047633 sp=0x00007f852f65cf70 mode 0
Event: 2.860 Executing VM operation: ParallelGCFailedAllocation


Dynamic libraries:
00400000-00401000 r-xp 00000000 08:04 4986776                            /usr/lib/jvm/java-8-oracle/jre/bin/java
00600000-00601000 rw-p 00000000 08:04 4986776                            /usr/lib/jvm/java-8-oracle/jre/bin/java
01223000-01244000 rw-p 00000000 00:00 0                                  [heap]
c0000000-c2980000 rw-p 00000000 00:00 0 
c2980000-eab00000 ---p 00000000 00:00 0 
eab00000-eee00000 rw-p 00000000 00:00 0 
f4f00000-100000000 ---p 00000000 00:00 0 
100000000-1000c0000 rw-p 00000000 00:00 0 
1000c0000-140000000 ---p 00000000 00:00 0 
7f84dc000000-7f84dc021000 rw-p 00000000 00:00 0 
7f84dc021000-7f84e0000000 ---p 00000000 00:00 0 
7f84e0000000-7f84e0021000 rw-p 00000000 00:00 0 
7f84e0021000-7f84e4000000 ---p 00000000 00:00 0 
7f84e4000000-7f84e4806000 rw-p 00000000 00:00 0 
7f84e4806000-7f84e8000000 ---p 00000000 00:00 0 
7f84e8000000-7f84e8707000 rw-p 00000000 00:00 0 
7f84e8707000-7f84ec000000 ---p 00000000 00:00 0 
7f84ec000000-7f84ec021000 rw-p 00000000 00:00 0 
7f84ec021000-7f84f0000000 ---p 00000000 00:00 0 
7f84f0000000-7f84f0d5e000 rw-p 00000000 00:00 0 
7f84f0d5e000-7f84f4000000 ---p 00000000 00:00 0 
7f84f4000000-7f84f4021000 rw-p 00000000 00:00 0 
7f84f4021000-7f84f8000000 ---p 00000000 00:00 0 
7f84f8000000-7f84f8021000 rw-p 00000000 00:00 0 
7f84f8021000-7f84fc000000 ---p 00000000 00:00 0 
7f84fc000000-7f84fc021000 rw-p 00000000 00:00 0 
7f84fc021000-7f8500000000 ---p 00000000 00:00 0 
7f8500000000-7f850028a000 rw-p 00000000 00:00 0 
7f850028a000-7f8504000000 ---p 00000000 00:00 0 
7f8504000000-7f8504021000 rw-p 00000000 00:00 0 
7f8504021000-7f8508000000 ---p 00000000 00:00 0 
7f850c000000-7f850c021000 rw-p 00000000 00:00 0 
7f850c021000-7f8510000000 ---p 00000000 00:00 0 
7f8510447000-7f8510448000 ---p 00000000 00:00 0 
7f8510448000-7f8510548000 rw-p 00000000 00:00 0                          [stack:13351]
7f8510548000-7f851054b000 ---p 00000000 00:00 0 
7f851054b000-7f8510649000 rw-p 00000000 00:00 0                          [stack:13350]
7f8510649000-7f851064c000 ---p 00000000 00:00 0 
7f851064c000-7f851074a000 rw-p 00000000 00:00 0                          [stack:13349]
7f851074a000-7f851074d000 ---p 00000000 00:00 0 
7f851074d000-7f851084b000 rw-p 00000000 00:00 0                          [stack:13348]
7f851084b000-7f851084e000 ---p 00000000 00:00 0 
7f851084e000-7f851094c000 rw-p 00000000 00:00 0                          [stack:13347]
7f851094c000-7f851094f000 ---p 00000000 00:00 0 
7f851094f000-7f8510a4d000 rw-p 00000000 00:00 0                          [stack:13346]
7f8510a4d000-7f8510d16000 r--p 00000000 08:04 1580843                    /usr/lib/locale/locale-archive
7f8510d16000-7f8510d19000 ---p 00000000 00:00 0 
7f8510d19000-7f8510e17000 rw-p 00000000 00:00 0                          [stack:13345]
7f8510e17000-7f8510e1a000 ---p 00000000 00:00 0 
7f8510e1a000-7f8510f18000 rw-p 00000000 00:00 0                          [stack:13344]
7f8510f18000-7f8510f19000 ---p 00000000 00:00 0 
7f8510f19000-7f8511e27000 rw-p 00000000 00:00 0                          [stack:13343]
7f8511e27000-7f8512000000 r--s 03d09000 08:04 2893612                    /usr/lib/jvm/java-8-oracle/jre/lib/rt.jar
7f8512000000-7f8514000000 rw-p 00000000 00:00 0 
7f8514000000-7f8514021000 rw-p 00000000 00:00 0 
7f8514021000-7f8518000000 ---p 00000000 00:00 0 
7f8518030000-7f8518827000 rw-p 00000000 00:00 0 
7f8518827000-7f85189a7000 ---p 00000000 00:00 0 
7f85189a7000-7f8518ba7000 rw-p 00000000 00:00 0 
7f8518ba7000-7f8518ba8000 ---p 00000000 00:00 0 
7f8518ba8000-7f8518ca8000 rw-p 00000000 00:00 0                          [stack:13342]
7f8518ca8000-7f8518ca9000 ---p 00000000 00:00 0 
7f8518ca9000-7f8518da9000 rw-p 00000000 00:00 0                          [stack:13341]
7f8518da9000-7f8518daa000 ---p 00000000 00:00 0 
7f8518daa000-7f8518ebf000 rw-p 00000000 00:00 0                          [stack:13340]
7f8518ebf000-7f8519000000 ---p 00000000 00:00 0 
7f8519000000-7f85195a0000 rwxp 00000000 00:00 0 
7f85195a0000-7f8528000000 ---p 00000000 00:00 0 
7f8528000000-7f8528465000 rw-p 00000000 00:00 0 
7f8528465000-7f852c000000 ---p 00000000 00:00 0 
7f852c034000-7f852c035000 ---p 00000000 00:00 0 
7f852c035000-7f852c14a000 rw-p 00000000 00:00 0                          [stack:13339]
7f852c14a000-7f852c28a000 ---p 00000000 00:00 0 
7f852c28a000-7f852c2ac000 rw-p 00000000 00:00 0 
7f852c2ac000-7f852c335000 ---p 00000000 00:00 0 
7f852c335000-7f852c34d000 rw-p 00000000 00:00 0 
7f852c34d000-7f852c6f6000 ---p 00000000 00:00 0 
7f852c6f6000-7f852c710000 r-xp 00000000 08:04 4462554                    /usr/lib/jvm/java-8-oracle/jre/lib/amd64/libzip.so
7f852c710000-7f852c910000 ---p 0001a000 08:04 4462554                    /usr/lib/jvm/java-8-oracle/jre/lib/amd64/libzip.so
7f852c910000-7f852c911000 rw-p 0001a000 08:04 4462554                    /usr/lib/jvm/java-8-oracle/jre/lib/amd64/libzip.so
7f852c911000-7f852c91c000 r-xp 00000000 08:04 3150469                    /lib/x86_64-linux-gnu/libnss_files-2.19.so
7f852c91c000-7f852cb1b000 ---p 0000b000 08:04 3150469                    /lib/x86_64-linux-gnu/libnss_files-2.19.so
7f852cb1b000-7f852cb1c000 r--p 0000a000 08:04 3150469                    /lib/x86_64-linux-gnu/libnss_files-2.19.so
7f852cb1c000-7f852cb1d000 rw-p 0000b000 08:04 3150469                    /lib/x86_64-linux-gnu/libnss_files-2.19.so
7f852cb1d000-7f852cb28000 r-xp 00000000 08:04 3150466                    /lib/x86_64-linux-gnu/libnss_nis-2.19.so
7f852cb28000-7f852cd27000 ---p 0000b000 08:04 3150466                    /lib/x86_64-linux-gnu/libnss_nis-2.19.so
7f852cd27000-7f852cd28000 r--p 0000a000 08:04 3150466                    /lib/x86_64-linux-gnu/libnss_nis-2.19.so
7f852cd28000-7f852cd29000 rw-p 0000b000 08:04 3150466                    /lib/x86_64-linux-gnu/libnss_nis-2.19.so
7f852cd29000-7f852cd40000 r-xp 00000000 08:04 3150460                    /lib/x86_64-linux-gnu/libnsl-2.19.so
7f852cd40000-7f852cf3f000 ---p 00017000 08:04 3150460                    /lib/x86_64-linux-gnu/libnsl-2.19.so
7f852cf3f000-7f852cf40000 r--p 00016000 08:04 3150460                    /lib/x86_64-linux-gnu/libnsl-2.19.so
7f852cf40000-7f852cf41000 rw-p 00017000 08:04 3150460                    /lib/x86_64-linux-gnu/libnsl-2.19.so
7f852cf41000-7f852cf43000 rw-p 00000000 00:00 0 
7f852cf43000-7f852cf4c000 r-xp 00000000 08:04 3150457                    /lib/x86_64-linux-gnu/libnss_compat-2.19.so
7f852cf4c000-7f852d14b000 ---p 00009000 08:04 3150457                    /lib/x86_64-linux-gnu/libnss_compat-2.19.so
7f852d14b000-7f852d14c000 r--p 00008000 08:04 3150457                    /lib/x86_64-linux-gnu/libnss_compat-2.19.so
7f852d14c000-7f852d14d000 rw-p 00009000 08:04 3150457                    /lib/x86_64-linux-gnu/libnss_compat-2.19.so
7f852d14d000-7f852d177000 r-xp 00000000 08:04 4461799                    /usr/lib/jvm/java-8-oracle/jre/lib/amd64/libjava.so
7f852d177000-7f852d377000 ---p 0002a000 08:04 4461799                    /usr/lib/jvm/java-8-oracle/jre/lib/amd64/libjava.so
7f852d377000-7f852d379000 rw-p 0002a000 08:04 4461799                    /usr/lib/jvm/java-8-oracle/jre/lib/amd64/libjava.so
7f852d379000-7f852d386000 r-xp 00000000 08:04 4462580                    /usr/lib/jvm/java-8-oracle/jre/lib/amd64/libverify.so
7f852d386000-7f852d586000 ---p 0000d000 08:04 4462580                    /usr/lib/jvm/java-8-oracle/jre/lib/amd64/libverify.so
7f852d586000-7f852d588000 rw-p 0000d000 08:04 4462580                    /usr/lib/jvm/java-8-oracle/jre/lib/amd64/libverify.so
7f852d588000-7f852d58f000 r-xp 00000000 08:04 3150452                    /lib/x86_64-linux-gnu/librt-2.19.so
7f852d58f000-7f852d78e000 ---p 00007000 08:04 3150452                    /lib/x86_64-linux-gnu/librt-2.19.so
7f852d78e000-7f852d78f000 r--p 00006000 08:04 3150452                    /lib/x86_64-linux-gnu/librt-2.19.so
7f852d78f000-7f852d790000 rw-p 00007000 08:04 3150452                    /lib/x86_64-linux-gnu/librt-2.19.so
7f852d790000-7f852d895000 r-xp 00000000 08:04 3150459                    /lib/x86_64-linux-gnu/libm-2.19.so
7f852d895000-7f852da94000 ---p 00105000 08:04 3150459                    /lib/x86_64-linux-gnu/libm-2.19.so
7f852da94000-7f852da95000 r--p 00104000 08:04 3150459                    /lib/x86_64-linux-gnu/libm-2.19.so
7f852da95000-7f852da96000 rw-p 00105000 08:04 3150459                    /lib/x86_64-linux-gnu/libm-2.19.so
7f852da96000-7f852e744000 r-xp 00000000 08:04 4723906                    /usr/lib/jvm/java-8-oracle/jre/lib/amd64/server/libjvm.so
7f852e744000-7f852e943000 ---p 00cae000 08:04 4723906                    /usr/lib/jvm/java-8-oracle/jre/lib/amd64/server/libjvm.so
7f852e943000-7f852ea1a000 rw-p 00cad000 08:04 4723906                    /usr/lib/jvm/java-8-oracle/jre/lib/amd64/server/libjvm.so
7f852ea1a000-7f852ea5e000 rw-p 00000000 00:00 0 
7f852ea5e000-7f852ec19000 r-xp 00000000 08:04 3150451                    /lib/x86_64-linux-gnu/libc-2.19.so
7f852ec19000-7f852ee19000 ---p 001bb000 08:04 3150451                    /lib/x86_64-linux-gnu/libc-2.19.so
7f852ee19000-7f852ee1d000 r--p 001bb000 08:04 3150451                    /lib/x86_64-linux-gnu/libc-2.19.so
7f852ee1d000-7f852ee1f000 rw-p 001bf000 08:04 3150451                    /lib/x86_64-linux-gnu/libc-2.19.so
7f852ee1f000-7f852ee24000 rw-p 00000000 00:00 0 
7f852ee24000-7f852ee27000 r-xp 00000000 08:04 3150455                    /lib/x86_64-linux-gnu/libdl-2.19.so
7f852ee27000-7f852f026000 ---p 00003000 08:04 3150455                    /lib/x86_64-linux-gnu/libdl-2.19.so
7f852f026000-7f852f027000 r--p 00002000 08:04 3150455                    /lib/x86_64-linux-gnu/libdl-2.19.so
7f852f027000-7f852f028000 rw-p 00003000 08:04 3150455                    /lib/x86_64-linux-gnu/libdl-2.19.so
7f852f028000-7f852f03d000 r-xp 00000000 08:04 4589480                    /usr/lib/jvm/java-8-oracle/jre/lib/amd64/jli/libjli.so
7f852f03d000-7f852f23d000 ---p 00015000 08:04 4589480                    /usr/lib/jvm/java-8-oracle/jre/lib/amd64/jli/libjli.so
7f852f23d000-7f852f23e000 rw-p 00015000 08:04 4589480                    /usr/lib/jvm/java-8-oracle/jre/lib/amd64/jli/libjli.so
7f852f23e000-7f852f257000 r-xp 00000000 08:04 3150468                    /lib/x86_64-linux-gnu/libpthread-2.19.so
7f852f257000-7f852f456000 ---p 00019000 08:04 3150468                    /lib/x86_64-linux-gnu/libpthread-2.19.so
7f852f456000-7f852f457000 r--p 00018000 08:04 3150468                    /lib/x86_64-linux-gnu/libpthread-2.19.so
7f852f457000-7f852f458000 rw-p 00019000 08:04 3150468                    /lib/x86_64-linux-gnu/libpthread-2.19.so
7f852f458000-7f852f45c000 rw-p 00000000 00:00 0 
7f852f45c000-7f852f47f000 r-xp 00000000 08:04 3150449                    /lib/x86_64-linux-gnu/ld-2.19.so
7f852f49a000-7f852f49b000 rw-p 00000000 00:00 0 
7f852f49b000-7f852f4a0000 r--s 00094000 08:04 2893606                    /usr/lib/jvm/java-8-oracle/jre/lib/jsse.jar
7f852f4a0000-7f852f55e000 rw-p 00000000 00:00 0 
7f852f55e000-7f852f561000 ---p 00000000 00:00 0 
7f852f561000-7f852f663000 rw-p 00000000 00:00 0                          [stack:13338]
7f852f663000-7f852f672000 r--s 000dd000 08:04 1181352                    /home/vikky/Android/Sdk/build-tools/21.1.2/lib/dx.jar
7f852f672000-7f852f67a000 rw-s 00000000 08:04 5377842                    /tmp/hsperfdata_vikky/13330
7f852f67a000-7f852f67b000 rw-p 00000000 00:00 0 
7f852f67b000-7f852f67c000 ---p 00000000 00:00 0 
7f852f67c000-7f852f67e000 rw-p 00000000 00:00 0 
7f852f67e000-7f852f67f000 r--p 00022000 08:04 3150449                    /lib/x86_64-linux-gnu/ld-2.19.so
7f852f67f000-7f852f680000 rw-p 00023000 08:04 3150449                    /lib/x86_64-linux-gnu/ld-2.19.so
7f852f680000-7f852f681000 rw-p 00000000 00:00 0 
7fffc6fe3000-7fffc7004000 rw-p 00000000 00:00 0                          [stack]
7fffc7032000-7fffc7034000 r-xp 00000000 00:00 0                          [vdso]
ffffffffff600000-ffffffffff601000 r-xp 00000000 00:00 0                  [vsyscall]

VM Arguments:
jvm_args: -Xmx1024M 
java_command: /home/vikky/Android/Sdk/build-tools/21.1.2/lib/dx.jar --dex --no-optimize --output /home/vikky/AndroidStudioProjects/Hisab/app/build/intermediates/dex/debug --input-list=/home/vikky/AndroidStudioProjects/Hisab/app/build/intermediates/tmp/dex/debug/inputList.txt
java_class_path (initial): /home/vikky/Android/Sdk/build-tools/21.1.2/lib/dx.jar
Launcher Type: SUN_STANDARD

Environment Variables:
JAVA_HOME=/usr/lib/jvm/java-8-oracle
CLASSPATH=./android-studio/bin/../lib/bootstrap.jar:./android-studio/bin/../lib/extensions.jar:./android-studio/bin/../lib/util.jar:./android-studio/bin/../lib/jdom.jar:./android-studio/bin/../lib/log4j.jar:./android-studio/bin/../lib/trove4j.jar:./android-studio/bin/../lib/jna.jar:/usr/lib/jvm/java-8-oracle/lib/tools.jar
PATH=/home/vikky/.rbenv/shims:/usr/local/sbin:/usr/local/bin:/usr/sbin:/usr/bin:/sbin:/bin:/usr/games:/usr/local/games:/usr/lib/jvm/java-8-oracle/bin:/usr/lib/jvm/java-8-oracle/db/bin:/usr/lib/jvm/java-8-oracle/jre/bin:/home/vikky/.rvm/bin:/home/vikky/.rvm/bin
LD_LIBRARY_PATH=./android-studio/bin:
SHELL=/bin/bash
DISPLAY=:0.0

Signal Handlers:
SIGSEGV: [libjvm.so+0xaad1e0], sa_mask[0]=11111111011111111101111111111110, sa_flags=SA_RESTART|SA_SIGINFO
SIGBUS: [libjvm.so+0xaad1e0], sa_mask[0]=11111111011111111101111111111110, sa_flags=SA_RESTART|SA_SIGINFO
SIGFPE: [libjvm.so+0x90b450], sa_mask[0]=11111111011111111101111111111110, sa_flags=SA_RESTART|SA_SIGINFO
SIGPIPE: [libjvm.so+0x90b450], sa_mask[0]=11111111011111111101111111111110, sa_flags=SA_RESTART|SA_SIGINFO
SIGXFSZ: [libjvm.so+0x90b450], sa_mask[0]=11111111011111111101111111111110, sa_flags=SA_RESTART|SA_SIGINFO
SIGILL: [libjvm.so+0x90b450], sa_mask[0]=11111111011111111101111111111110, sa_flags=SA_RESTART|SA_SIGINFO
SIGUSR1: SIG_DFL, sa_mask[0]=00000000000000000000000000000000, sa_flags=none
SIGUSR2: [libjvm.so+0x90ca90], sa_mask[0]=00100000000000000000000000000000, sa_flags=SA_RESTART|SA_SIGINFO
SIGHUP: [libjvm.so+0x90dde0], sa_mask[0]=11111111011111111101111111111110, sa_flags=SA_RESTART|SA_SIGINFO
SIGINT: [libjvm.so+0x90dde0], sa_mask[0]=11111111011111111101111111111110, sa_flags=SA_RESTART|SA_SIGINFO
SIGTERM: [libjvm.so+0x90dde0], sa_mask[0]=11111111011111111101111111111110, sa_flags=SA_RESTART|SA_SIGINFO
SIGQUIT: [libjvm.so+0x90dde0], sa_mask[0]=11111111011111111101111111111110, sa_flags=SA_RESTART|SA_SIGINFO


---------------  S Y S T E M  ---------------

OS:DISTRIB_ID=Ubuntu
DISTRIB_RELEASE=14.04
DISTRIB_CODENAME=trusty
DISTRIB_DESCRIPTION="Linux Lite 2.2"

uname:Linux 3.13.0-24-generic #47-Ubuntu SMP Fri May 2 23:30:00 UTC 2014 x86_64
libc:glibc 2.19 NPTL 2.19 
rlimit: STACK 8192k, CORE 0k, NPROC 30981, NOFILE 4096, AS infinity
load average:2.18 1.14 0.87

/proc/meminfo:
MemTotal:        3994112 kB
MemFree:          107708 kB
Buffers:            3568 kB
Cached:           207748 kB
SwapCached:            0 kB
Active:          3534532 kB
Inactive:         171824 kB
Active(anon):    3499372 kB
Inactive(anon):   135256 kB
Active(file):      35160 kB
Inactive(file):    36568 kB
Unevictable:          48 kB
Mlocked:              48 kB
SwapTotal:             0 kB
SwapFree:              0 kB
Dirty:               952 kB
Writeback:             0 kB
AnonPages:       3495056 kB
Mapped:           123772 kB
Shmem:            139672 kB
Slab:              59192 kB
SReclaimable:      28452 kB
SUnreclaim:        30740 kB
KernelStack:        4648 kB
PageTables:        35188 kB
NFS_Unstable:          0 kB
Bounce:                0 kB
WritebackTmp:          0 kB
CommitLimit:     1997056 kB
Committed_AS:    6646800 kB
VmallocTotal:   34359738367 kB
VmallocUsed:      555648 kB
VmallocChunk:   34359173516 kB
HardwareCorrupted:     0 kB
AnonHugePages:    372736 kB
HugePages_Total:       0
HugePages_Free:        0
HugePages_Rsvd:        0
HugePages_Surp:        0
Hugepagesize:       2048 kB
DirectMap4k:       78080 kB
DirectMap2M:     4063232 kB


CPU:total 4 (2 cores per cpu, 2 threads per core) family 6 model 42 stepping 7, cmov, cx8, fxsr, mmx, sse, sse2, sse3, ssse3, sse4.1, sse4.2, popcnt, avx, clmul, ht, tsc, tscinvbit

/proc/cpuinfo:
processor	: 0
vendor_id	: GenuineIntel
cpu family	: 6
model		: 42
model name	: Intel(R) Core(TM) i3-2350M CPU @ 2.30GHz
stepping	: 7
microcode	: 0x1b
cpu MHz		: 800.000
cache size	: 3072 KB
physical id	: 0
siblings	: 4
core id		: 0
cpu cores	: 2
apicid		: 0
initial apicid	: 0
fpu		: yes
fpu_exception	: yes
cpuid level	: 13
wp		: yes
flags		: fpu vme de pse tsc msr pae mce cx8 apic sep mtrr pge mca cmov pat pse36 clflush dts acpi mmx fxsr sse sse2 ss ht tm pbe syscall nx rdtscp lm constant_tsc arch_perfmon pebs bts rep_good nopl xtopology nonstop_tsc aperfmperf eagerfpu pni pclmulqdq dtes64 monitor ds_cpl vmx est tm2 ssse3 cx16 xtpr pdcm pcid sse4_1 sse4_2 x2apic popcnt tsc_deadline_timer xsave avx lahf_lm arat epb xsaveopt pln pts dtherm tpr_shadow vnmi flexpriority ept vpid
bogomips	: 4589.20
clflush size	: 64
cache_alignment	: 64
address sizes	: 36 bits physical, 48 bits virtual
power management:

processor	: 1
vendor_id	: GenuineIntel
cpu family	: 6
model		: 42
model name	: Intel(R) Core(TM) i3-2350M CPU @ 2.30GHz
stepping	: 7
microcode	: 0x1b
cpu MHz		: 1600.000
cache size	: 3072 KB
physical id	: 0
siblings	: 4
core id		: 0
cpu cores	: 2
apicid		: 1
initial apicid	: 1
fpu		: yes
fpu_exception	: yes
cpuid level	: 13
wp		: yes
flags		: fpu vme de pse tsc msr pae mce cx8 apic sep mtrr pge mca cmov pat pse36 clflush dts acpi mmx fxsr sse sse2 ss ht tm pbe syscall nx rdtscp lm constant_tsc arch_perfmon pebs bts rep_good nopl xtopology nonstop_tsc aperfmperf eagerfpu pni pclmulqdq dtes64 monitor ds_cpl vmx est tm2 ssse3 cx16 xtpr pdcm pcid sse4_1 sse4_2 x2apic popcnt tsc_deadline_timer xsave avx lahf_lm arat epb xsaveopt pln pts dtherm tpr_shadow vnmi flexpriority ept vpid
bogomips	: 4589.20
clflush size	: 64
cache_alignment	: 64
address sizes	: 36 bits physical, 48 bits virtual
power management:

processor	: 2
vendor_id	: GenuineIntel
cpu family	: 6
model		: 42
model name	: Intel(R) Core(TM) i3-2350M CPU @ 2.30GHz
stepping	: 7
microcode	: 0x1b
cpu MHz		: 2300.000
cache size	: 3072 KB
physical id	: 0
siblings	: 4
core id		: 1
cpu cores	: 2
apicid		: 2
initial apicid	: 2
fpu		: yes
fpu_exception	: yes
cpuid level	: 13
wp		: yes
flags		: fpu vme de pse tsc msr pae mce cx8 apic sep mtrr pge mca cmov pat pse36 clflush dts acpi mmx fxsr sse sse2 ss ht tm pbe syscall nx rdtscp lm constant_tsc arch_perfmon pebs bts rep_good nopl xtopology nonstop_tsc aperfmperf eagerfpu pni pclmulqdq dtes64 monitor ds_cpl vmx est tm2 ssse3 cx16 xtpr pdcm pcid sse4_1 sse4_2 x2apic popcnt tsc_deadline_timer xsave avx lahf_lm arat epb xsaveopt pln pts dtherm tpr_shadow vnmi flexpriority ept vpid
bogomips	: 4589.20
clflush size	: 64
cache_alignment	: 64
address sizes	: 36 bits physical, 48 bits virtual
power management:

processor	: 3
vendor_id	: GenuineIntel
cpu family	: 6
model		: 42
model name	: Intel(R) Core(TM) i3-2350M CPU @ 2.30GHz
stepping	: 7
microcode	: 0x1b
cpu MHz		: 800.000
cache size	: 3072 KB
physical id	: 0
siblings	: 4
core id		: 1
cpu cores	: 2
apicid		: 3
initial apicid	: 3
fpu		: yes
fpu_exception	: yes
cpuid level	: 13
wp		: yes
flags		: fpu vme de pse tsc msr pae mce cx8 apic sep mtrr pge mca cmov pat pse36 clflush dts acpi mmx fxsr sse sse2 ss ht tm pbe syscall nx rdtscp lm constant_tsc arch_perfmon pebs bts rep_good nopl xtopology nonstop_tsc aperfmperf eagerfpu pni pclmulqdq dtes64 monitor ds_cpl vmx est tm2 ssse3 cx16 xtpr pdcm pcid sse4_1 sse4_2 x2apic popcnt tsc_deadline_timer xsave avx lahf_lm arat epb xsaveopt pln pts dtherm tpr_shadow vnmi flexpriority ept vpid
bogomips	: 4589.20
clflush size	: 64
cache_alignment	: 64
address sizes	: 36 bits physical, 48 bits virtual
power management:



Memory: 4k page, physical 3994112k(107708k free), swap 0k(0k free)

vm_info: Java HotSpot(TM) 64-Bit Server VM (25.45-b02) for linux-amd64 JRE (1.8.0_45-b14), built on Apr 10 2015 10:07:45 by "java_re" with gcc 4.3.0 20080428 (Red Hat 4.3.0-8)

time: Sun Jul  5 12:50:23 2015
elapsed time: 3 seconds (0d 0h 0m 3s)

