#
# There is insufficient memory for the Java Runtime Environment to continue.
# Native memory allocation (mmap) failed to map 58720256 bytes for committing reserved memory.
# Possible reasons:
#   The system is out of physical RAM or swap space
#   In 32 bit mode, the process size limit was hit
# Possible solutions:
#   Reduce memory load on the system
#   Increase physical memory or swap space
#   Check if swap backing store is full
#   Use 64 bit Java on a 64 bit OS
#   Decrease Java heap size (-Xmx/-Xms)
#   Decrease number of Java threads
#   Decrease Java thread stack sizes (-Xss)
#   Set larger code cache with -XX:ReservedCodeCacheSize=
# This output file may be truncated or incomplete.
#
#  Out of Memory Error (os_linux.cpp:2673), pid=9624, tid=140714002675456
#
# JRE version: Java(TM) SE Runtime Environment (8.0_45-b14) (build 1.8.0_45-b14)
# Java VM: Java HotSpot(TM) 64-Bit Server VM (25.45-b02 mixed mode linux-amd64 compressed oops)
# Failed to write core dump. Core dumps have been disabled. To enable core dumping, try "ulimit -c unlimited" before starting Java again
#

---------------  T H R E A D  ---------------

Current thread (0x00007ffa8413e800):  VMThread [stack: 0x00007ffa8814f000,0x00007ffa88250000] [id=9637]

Stack: [0x00007ffa8814f000,0x00007ffa88250000],  sp=0x00007ffa8824e0e0,  free space=1020k
Native frames: (J=compiled Java code, j=interpreted, Vv=VM code, C=native code)
V  [libjvm.so+0xaac99a]  VMError::report_and_die()+0x2ba
V  [libjvm.so+0x4f333b]  report_vm_out_of_memory(char const*, int, unsigned long, VMErrorType, char const*)+0x8b
V  [libjvm.so+0x90e7c3]  os::Linux::commit_memory_impl(char*, unsigned long, bool)+0x103
V  [libjvm.so+0x90ed19]  os::pd_commit_memory(char*, unsigned long, unsigned long, bool)+0x29
V  [libjvm.so+0x90867a]  os::commit_memory(char*, unsigned long, unsigned long, bool)+0x2a
V  [libjvm.so+0x97bac3]  PSVirtualSpace::expand_by(unsigned long)+0x53
V  [libjvm.so+0x97cec8]  PSYoungGen::resize_generation(unsigned long, unsigned long)+0xf8
V  [libjvm.so+0x97c022]  PSYoungGen::resize(unsigned long, unsigned long)+0x22
V  [libjvm.so+0x9792fb]  PSScavenge::invoke_no_policy()+0xf7b
V  [libjvm.so+0x979a81]  PSScavenge::invoke()+0x41
V  [libjvm.so+0x932050]  ParallelScavengeHeap::failed_mem_allocate(unsigned long)+0x70
V  [libjvm.so+0xaae1d7]  VM_ParallelGCFailedAllocation::doit()+0x97
V  [libjvm.so+0xab59c5]  VM_Operation::evaluate()+0x55
V  [libjvm.so+0xab3d9a]  VMThread::evaluate_operation(VM_Operation*)+0xba
V  [libjvm.so+0xab411e]  VMThread::loop()+0x1ce
V  [libjvm.so+0xab4590]  VMThread::run()+0x70
V  [libjvm.so+0x910de8]  java_start(Thread*)+0x108

VM_Operation (0x00007ffa8d830240): ParallelGCFailedAllocation, mode: safepoint, requested by thread 0x00007ffa84009800


---------------  P R O C E S S  ---------------

Java Threads: ( => current thread )
  0x00007ffa84191000 JavaThread "Service Thread" daemon [_thread_blocked, id=9644, stack(0x00007ffa74731000,0x00007ffa74832000)]
  0x00007ffa84183800 JavaThread "C1 CompilerThread2" daemon [_thread_blocked, id=9643, stack(0x00007ffa74832000,0x00007ffa74933000)]
  0x00007ffa84182000 JavaThread "C2 CompilerThread1" daemon [_thread_blocked, id=9642, stack(0x00007ffa74933000,0x00007ffa74a34000)]
  0x00007ffa8417f000 JavaThread "C2 CompilerThread0" daemon [_thread_blocked, id=9641, stack(0x00007ffa74a34000,0x00007ffa74b35000)]
  0x00007ffa8417d800 JavaThread "Signal Dispatcher" daemon [_thread_blocked, id=9640, stack(0x00007ffa74b35000,0x00007ffa74c36000)]
  0x00007ffa84146000 JavaThread "Finalizer" daemon [_thread_blocked, id=9639, stack(0x00007ffa74eff000,0x00007ffa75000000)]
  0x00007ffa84143800 JavaThread "Reference Handler" daemon [_thread_blocked, id=9638, stack(0x00007ffa8804e000,0x00007ffa8814f000)]
  0x00007ffa84009800 JavaThread "main" [_thread_blocked, id=9632, stack(0x00007ffa8d731000,0x00007ffa8d832000)]

Other Threads:
=>0x00007ffa8413e800 VMThread [stack: 0x00007ffa8814f000,0x00007ffa88250000] [id=9637]
  0x00007ffa84193800 WatcherThread [stack: 0x00007ffa74630000,0x00007ffa74731000] [id=9645]

VM state:at safepoint (normal execution)

VM Mutex/Monitor currently owned by a thread:  ([mutex/lock_event])
[0x00007ffa84005ff0] Threads_lock - owner thread: 0x00007ffa8413e800
[0x00007ffa840064f0] Heap_lock - owner thread: 0x00007ffa84009800

Heap:
 PSYoungGen      total 34304K, used 2544K [0x00000000eab00000, 0x00000000ecf00000, 0x0000000100000000)
  eden space 31744K, 0% used [0x00000000eab00000,0x00000000eab00000,0x00000000eca00000)
  from space 2560K, 99% used [0x00000000eca00000,0x00000000ecc7c2c0,0x00000000ecc80000)
  to   space 2560K, 0% used [0x00000000ecc80000,0x00000000ecc80000,0x00000000ecf00000)
 ParOldGen       total 42496K, used 35287K [0x00000000c0000000, 0x00000000c2980000, 0x00000000eab00000)
  object space 42496K, 83% used [0x00000000c0000000,0x00000000c2275fd8,0x00000000c2980000)
 Metaspace       used 6727K, capacity 7448K, committed 7680K, reserved 1056768K
  class space    used 654K, capacity 656K, committed 768K, reserved 1048576K

Card table byte_map: [0x00007ffa8a308000,0x00007ffa8a509000] byte_map_base: 0x00007ffa89d08000

Marking Bits: (ParMarkBitMap*) 0x00007ffa8cc06760
 Begin Bits: [0x00007ffa6e000000, 0x00007ffa6f000000)
 End Bits:   [0x00007ffa6f000000, 0x00007ffa70000000)

Polling page: 0x00007ffa8d84e000

CodeCache: size=245760Kb used=6788Kb max_used=6807Kb free=238971Kb
 bounds [0x00007ffa75000000, 0x00007ffa756b0000, 0x00007ffa84000000]
 total_blobs=2258 nmethods=1966 adapters=206
 compilation: enabled

Compilation events (10 events):
Event: 4.708 Thread 0x00007ffa8417f000 1975       4       java.util.HashMap::get (23 bytes)
Event: 4.711 Thread 0x00007ffa84183800 1984       2       java.util.ComparableTimSort::mergeLo (656 bytes)
Event: 4.713 Thread 0x00007ffa84183800 nmethod 1984 0x00007ffa7569e550 code [0x00007ffa7569e800, 0x00007ffa7569fe78]
Event: 4.713 Thread 0x00007ffa84183800 1985       2       java.util.ComparableTimSort::mergeCollapse (101 bytes)
Event: 4.714 Thread 0x00007ffa8417f000 nmethod 1975 0x00007ffa75698dd0 code [0x00007ffa75698f40, 0x00007ffa756991a8]
Event: 4.714 Thread 0x00007ffa8417f000 1973       4       java.util.HashMap::resize (359 bytes)
Event: 4.715 Thread 0x00007ffa84182000 nmethod 1971 0x00007ffa756abe50 code [0x00007ffa756ac020, 0x00007ffa756ac910]
Event: 4.715 Thread 0x00007ffa84182000 1983       4       com.android.dx.merge.DexMerger$6::read (8 bytes)
Event: 4.715 Thread 0x00007ffa84183800 nmethod 1985 0x00007ffa756ab7d0 code [0x00007ffa756ab960, 0x00007ffa756abc38]
Event: 4.715 Thread 0x00007ffa84183800 1986       2       java.util.ComparableTimSort::mergeAt (356 bytes)

GC Heap History (9 events):
Event: 2.337 GC heap before
{Heap before GC invocations=1 (full 0):
 PSYoungGen      total 18432K, used 15872K [0x00000000eab00000, 0x00000000ebf80000, 0x0000000100000000)
  eden space 15872K, 100% used [0x00000000eab00000,0x00000000eba80000,0x00000000eba80000)
  from space 2560K, 0% used [0x00000000ebd00000,0x00000000ebd00000,0x00000000ebf80000)
  to   space 2560K, 0% used [0x00000000eba80000,0x00000000eba80000,0x00000000ebd00000)
 ParOldGen       total 42496K, used 0K [0x00000000c0000000, 0x00000000c2980000, 0x00000000eab00000)
  object space 42496K, 0% used [0x00000000c0000000,0x00000000c0000000,0x00000000c2980000)
 Metaspace       used 4957K, capacity 6416K, committed 6528K, reserved 1056768K
  class space    used 496K, capacity 584K, committed 640K, reserved 1048576K
Event: 2.351 GC heap after
Heap after GC invocations=1 (full 0):
 PSYoungGen      total 18432K, used 2528K [0x00000000eab00000, 0x00000000ebf80000, 0x0000000100000000)
  eden space 15872K, 0% used [0x00000000eab00000,0x00000000eab00000,0x00000000eba80000)
  from space 2560K, 98% used [0x00000000eba80000,0x00000000ebcf8018,0x00000000ebd00000)
  to   space 2560K, 0% used [0x00000000ebd00000,0x00000000ebd00000,0x00000000ebf80000)
 ParOldGen       total 42496K, used 4380K [0x00000000c0000000, 0x00000000c2980000, 0x00000000eab00000)
  object space 42496K, 10% used [0x00000000c0000000,0x00000000c0447250,0x00000000c2980000)
 Metaspace       used 4957K, capacity 6416K, committed 6528K, reserved 1056768K
  class space    used 496K, capacity 584K, committed 640K, reserved 1048576K
}
Event: 3.106 GC heap before
{Heap before GC invocations=2 (full 0):
 PSYoungGen      total 18432K, used 18400K [0x00000000eab00000, 0x00000000ebf80000, 0x0000000100000000)
  eden space 15872K, 100% used [0x00000000eab00000,0x00000000eba80000,0x00000000eba80000)
  from space 2560K, 98% used [0x00000000eba80000,0x00000000ebcf8018,0x00000000ebd00000)
  to   space 2560K, 0% used [0x00000000ebd00000,0x00000000ebd00000,0x00000000ebf80000)
 ParOldGen       total 42496K, used 4380K [0x00000000c0000000, 0x00000000c2980000, 0x00000000eab00000)
  object space 42496K, 10% used [0x00000000c0000000,0x00000000c0447250,0x00000000c2980000)
 Metaspace       used 5924K, capacity 6896K, committed 7040K, reserved 1056768K
  class space    used 571K, capacity 616K, committed 640K, reserved 1048576K
Event: 3.120 GC heap after
Heap after GC invocations=2 (full 0):
 PSYoungGen      total 18432K, used 2544K [0x00000000eab00000, 0x00000000ecf00000, 0x0000000100000000)
  eden space 15872K, 0% used [0x00000000eab00000,0x00000000eab00000,0x00000000eba80000)
  from space 2560K, 99% used [0x00000000ebd00000,0x00000000ebf7c028,0x00000000ebf80000)
  to   space 2560K, 0% used [0x00000000eba80000,0x00000000eba80000,0x00000000ebd00000)
 ParOldGen       total 42496K, used 8381K [0x00000000c0000000, 0x00000000c2980000, 0x00000000eab00000)
  object space 42496K, 19% used [0x00000000c0000000,0x00000000c082f650,0x00000000c2980000)
 Metaspace       used 5924K, capacity 6896K, committed 7040K, reserved 1056768K
  class space    used 571K, capacity 616K, committed 640K, reserved 1048576K
}
Event: 3.796 GC heap before
{Heap before GC invocations=3 (full 0):
 PSYoungGen      total 18432K, used 18416K [0x00000000eab00000, 0x00000000ecf00000, 0x0000000100000000)
  eden space 15872K, 100% used [0x00000000eab00000,0x00000000eba80000,0x00000000eba80000)
  from space 2560K, 99% used [0x00000000ebd00000,0x00000000ebf7c028,0x00000000ebf80000)
  to   space 2560K, 0% used [0x00000000eba80000,0x00000000eba80000,0x00000000ebd00000)
 ParOldGen       total 42496K, used 8381K [0x00000000c0000000, 0x00000000c2980000, 0x00000000eab00000)
  object space 42496K, 19% used [0x00000000c0000000,0x00000000c082f650,0x00000000c2980000)
 Metaspace       used 6666K, capacity 7384K, committed 7680K, reserved 1056768K
  class space    used 653K, capacity 656K, committed 768K, reserved 1048576K
Event: 3.806 GC heap after
Heap after GC invocations=3 (full 0):
 PSYoungGen      total 18432K, used 2528K [0x00000000eab00000, 0x00000000ecf00000, 0x0000000100000000)
  eden space 15872K, 0% used [0x00000000eab00000,0x00000000eab00000,0x00000000eba80000)
  from space 2560K, 98% used [0x00000000eba80000,0x00000000ebcf8018,0x00000000ebd00000)
  to   space 2560K, 0% used [0x00000000ecc80000,0x00000000ecc80000,0x00000000ecf00000)
 ParOldGen       total 42496K, used 13342K [0x00000000c0000000, 0x00000000c2980000, 0x00000000eab00000)
  object space 42496K, 31% used [0x00000000c0000000,0x00000000c0d07bb0,0x00000000c2980000)
 Metaspace       used 6666K, capacity 7384K, committed 7680K, reserved 1056768K
  class space    used 653K, capacity 656K, committed 768K, reserved 1048576K
}
Event: 3.929 GC heap before
{Heap before GC invocations=4 (full 0):
 PSYoungGen      total 18432K, used 18400K [0x00000000eab00000, 0x00000000ecf00000, 0x0000000100000000)
  eden space 15872K, 100% used [0x00000000eab00000,0x00000000eba80000,0x00000000eba80000)
  from space 2560K, 98% used [0x00000000eba80000,0x00000000ebcf8018,0x00000000ebd00000)
  to   space 2560K, 0% used [0x00000000ecc80000,0x00000000ecc80000,0x00000000ecf00000)
 ParOldGen       total 42496K, used 13342K [0x00000000c0000000, 0x00000000c2980000, 0x00000000eab00000)
  object space 42496K, 31% used [0x00000000c0000000,0x00000000c0d07bb0,0x00000000c2980000)
 Metaspace       used 6692K, capacity 7384K, committed 7680K, reserved 1056768K
  class space    used 653K, capacity 656K, committed 768K, reserved 1048576K
Event: 4.038 GC heap after
Heap after GC invocations=4 (full 0):
 PSYoungGen      total 34304K, used 2528K [0x00000000eab00000, 0x00000000ecf00000, 0x0000000100000000)
  eden space 31744K, 0% used [0x00000000eab00000,0x00000000eab00000,0x00000000eca00000)
  from space 2560K, 98% used [0x00000000ecc80000,0x00000000ecef8018,0x00000000ecf00000)
  to   space 2560K, 0% used [0x00000000eca00000,0x00000000eca00000,0x00000000ecc80000)
 ParOldGen       total 42496K, used 24063K [0x00000000c0000000, 0x00000000c2980000, 0x00000000eab00000)
  object space 42496K, 56% used [0x00000000c0000000,0x00000000c177ffb8,0x00000000c2980000)
 Metaspace       used 6692K, capacity 7384K, committed 7680K, reserved 1056768K
  class space    used 653K, capacity 656K, committed 768K, reserved 1048576K
}
Event: 4.715 GC heap before
{Heap before GC invocations=5 (full 0):
 PSYoungGen      total 34304K, used 34272K [0x00000000eab00000, 0x00000000ecf00000, 0x0000000100000000)
  eden space 31744K, 100% used [0x00000000eab00000,0x00000000eca00000,0x00000000eca00000)
  from space 2560K, 98% used [0x00000000ecc80000,0x00000000ecef8018,0x00000000ecf00000)
  to   space 2560K, 0% used [0x00000000eca00000,0x00000000eca00000,0x00000000ecc80000)
 ParOldGen       total 42496K, used 24063K [0x00000000c0000000, 0x00000000c2980000, 0x00000000eab00000)
  object space 42496K, 56% used [0x00000000c0000000,0x00000000c177ffb8,0x00000000c2980000)
 Metaspace       used 6727K, capacity 7448K, committed 7680K, reserved 1056768K
  class space    used 654K, capacity 656K, committed 768K, reserved 1048576K

Deoptimization events (10 events):
Event: 2.995 Thread 0x00007ffa84009800 Uncommon trap: reason=class_check action=maybe_recompile pc=0x00007ffa75434398 method=java.util.HashMap.putVal(ILjava/lang/Object;Ljava/lang/Object;ZZ)Ljava/lang/Object; @ 152
Event: 2.995 Thread 0x00007ffa84009800 Uncommon trap: reason=class_check action=maybe_recompile pc=0x00007ffa75434398 method=java.util.HashMap.putVal(ILjava/lang/Object;Ljava/lang/Object;ZZ)Ljava/lang/Object; @ 152
Event: 3.148 Thread 0x00007ffa84009800 Uncommon trap: reason=class_check action=maybe_recompile pc=0x00007ffa754f4a80 method=com.android.dex.Leb128.writeUnsignedLeb128(Lcom/android/dex/util/ByteOutput;I)V @ 40
Event: 3.148 Thread 0x00007ffa84009800 Uncommon trap: reason=class_check action=maybe_recompile pc=0x00007ffa754f4a80 method=com.android.dex.Leb128.writeUnsignedLeb128(Lcom/android/dex/util/ByteOutput;I)V @ 40
Event: 3.148 Thread 0x00007ffa84009800 Uncommon trap: reason=class_check action=maybe_recompile pc=0x00007ffa754f4a80 method=com.android.dex.Leb128.writeUnsignedLeb128(Lcom/android/dex/util/ByteOutput;I)V @ 40
Event: 3.148 Thread 0x00007ffa84009800 Uncommon trap: reason=class_check action=maybe_recompile pc=0x00007ffa754f4a80 method=com.android.dex.Leb128.writeUnsignedLeb128(Lcom/android/dex/util/ByteOutput;I)V @ 40
Event: 3.211 Thread 0x00007ffa84009800 Uncommon trap: reason=unstable_if action=reinterpret pc=0x00007ffa7550b9f4 method=java.util.HashMap.putVal(ILjava/lang/Object;Ljava/lang/Object;ZZ)Ljava/lang/Object; @ 162
Event: 3.226 Thread 0x00007ffa84009800 Uncommon trap: reason=predicate action=maybe_recompile pc=0x00007ffa75539470 method=com.android.dex.Leb128.writeUnsignedLeb128(Lcom/android/dex/util/ByteOutput;I)V @ 9
Event: 3.672 Thread 0x00007ffa84009800 Uncommon trap: reason=predicate action=maybe_recompile pc=0x00007ffa755bddd4 method=com.android.dex.Leb128.readUnsignedLeb128(Lcom/android/dex/util/ByteInput;)I @ 41
Event: 3.864 Thread 0x00007ffa84009800 Uncommon trap: reason=unstable_if action=reinterpret pc=0x00007ffa7548ce94 method=java.util.HashMap.getNode(ILjava/lang/Object;)Ljava/util/HashMap$Node; @ 84

Internal exceptions (2 events):
Event: 0.734 Thread 0x00007ffa84009800 Exception <a 'java/lang/NoSuchMethodError': Method sun.misc.Unsafe.defineClass(Ljava/lang/String;[BII)Ljava/lang/Class; name or signature does not match> (0x00000000eab12a38) thrown at [/RE-WORK/workspace/8-2-build-linux-amd64/jdk8u45/3457/hotspot/src/sha
Event: 0.734 Thread 0x00007ffa84009800 Exception <a 'java/lang/NoSuchMethodError': Method sun.misc.Unsafe.prefetchRead(Ljava/lang/Object;J)V name or signature does not match> (0x00000000eab12cc8) thrown at [/RE-WORK/workspace/8-2-build-linux-amd64/jdk8u45/3457/hotspot/src/share/vm/prims/jni.cp

Events (10 events):
Event: 4.060 Thread 0x00007ffa84009800 DEOPT UNPACKING pc=0x00007ffa75047633 sp=0x00007ffa8d82ff70 mode 0
Event: 4.063 Thread 0x00007ffa84009800 DEOPT PACKING pc=0x00007ffa755ae8ce sp=0x00007ffa8d830230
Event: 4.063 Thread 0x00007ffa84009800 DEOPT UNPACKING pc=0x00007ffa75047633 sp=0x00007ffa8d82ff70 mode 0
Event: 4.067 Thread 0x00007ffa84009800 DEOPT PACKING pc=0x00007ffa755ae8ce sp=0x00007ffa8d830230
Event: 4.067 Thread 0x00007ffa84009800 DEOPT UNPACKING pc=0x00007ffa75047633 sp=0x00007ffa8d82ff70 mode 0
Event: 4.080 loading class com/android/dex/Dex$1
Event: 4.080 loading class com/android/dex/Dex$1 done
Event: 4.703 Thread 0x00007ffa84009800 DEOPT PACKING pc=0x00007ffa75668079 sp=0x00007ffa8d8304c0
Event: 4.703 Thread 0x00007ffa84009800 DEOPT UNPACKING pc=0x00007ffa75047633 sp=0x00007ffa8d830260 mode 0
Event: 4.715 Executing VM operation: ParallelGCFailedAllocation


Dynamic libraries:
00400000-00401000 r-xp 00000000 08:04 4986776                            /usr/lib/jvm/java-8-oracle/jre/bin/java
00600000-00601000 rw-p 00000000 08:04 4986776                            /usr/lib/jvm/java-8-oracle/jre/bin/java
008e6000-00907000 rw-p 00000000 00:00 0                                  [heap]
c0000000-c2980000 rw-p 00000000 00:00 0 
c2980000-eab00000 ---p 00000000 00:00 0 
eab00000-ecf00000 rw-p 00000000 00:00 0 
f0700000-100000000 ---p 00000000 00:00 0 
100000000-1000c0000 rw-p 00000000 00:00 0 
1000c0000-140000000 ---p 00000000 00:00 0 
7ffa38000000-7ffa38021000 rw-p 00000000 00:00 0 
7ffa38021000-7ffa3c000000 ---p 00000000 00:00 0 
7ffa3c000000-7ffa3c021000 rw-p 00000000 00:00 0 
7ffa3c021000-7ffa40000000 ---p 00000000 00:00 0 
7ffa40000000-7ffa4075d000 rw-p 00000000 00:00 0 
7ffa4075d000-7ffa44000000 ---p 00000000 00:00 0 
7ffa44000000-7ffa44641000 rw-p 00000000 00:00 0 
7ffa44641000-7ffa48000000 ---p 00000000 00:00 0 
7ffa48000000-7ffa48021000 rw-p 00000000 00:00 0 
7ffa48021000-7ffa4c000000 ---p 00000000 00:00 0 
7ffa4c000000-7ffa4ce85000 rw-p 00000000 00:00 0 
7ffa4ce85000-7ffa50000000 ---p 00000000 00:00 0 
7ffa50000000-7ffa50021000 rw-p 00000000 00:00 0 
7ffa50021000-7ffa54000000 ---p 00000000 00:00 0 
7ffa54000000-7ffa54021000 rw-p 00000000 00:00 0 
7ffa54021000-7ffa58000000 ---p 00000000 00:00 0 
7ffa58000000-7ffa58021000 rw-p 00000000 00:00 0 
7ffa58021000-7ffa5c000000 ---p 00000000 00:00 0 
7ffa5c000000-7ffa5c28a000 rw-p 00000000 00:00 0 
7ffa5c28a000-7ffa60000000 ---p 00000000 00:00 0 
7ffa60000000-7ffa60021000 rw-p 00000000 00:00 0 
7ffa60021000-7ffa64000000 ---p 00000000 00:00 0 
7ffa68000000-7ffa68021000 rw-p 00000000 00:00 0 
7ffa68021000-7ffa6c000000 ---p 00000000 00:00 0 
7ffa6e000000-7ffa70000000 rw-p 00000000 00:00 0 
7ffa70000000-7ffa70021000 rw-p 00000000 00:00 0 
7ffa70021000-7ffa74000000 ---p 00000000 00:00 0 
7ffa74630000-7ffa74631000 ---p 00000000 00:00 0 
7ffa74631000-7ffa74731000 rw-p 00000000 00:00 0                          [stack:9645]
7ffa74731000-7ffa74734000 ---p 00000000 00:00 0 
7ffa74734000-7ffa74832000 rw-p 00000000 00:00 0                          [stack:9644]
7ffa74832000-7ffa74835000 ---p 00000000 00:00 0 
7ffa74835000-7ffa74933000 rw-p 00000000 00:00 0                          [stack:9643]
7ffa74933000-7ffa74936000 ---p 00000000 00:00 0 
7ffa74936000-7ffa74a34000 rw-p 00000000 00:00 0                          [stack:9642]
7ffa74a34000-7ffa74a37000 ---p 00000000 00:00 0 
7ffa74a37000-7ffa74b35000 rw-p 00000000 00:00 0                          [stack:9641]
7ffa74b35000-7ffa74b38000 ---p 00000000 00:00 0 
7ffa74b38000-7ffa74c36000 rw-p 00000000 00:00 0                          [stack:9640]
7ffa74c36000-7ffa74eff000 r--p 00000000 08:04 1580843                    /usr/lib/locale/locale-archive
7ffa74eff000-7ffa74f02000 ---p 00000000 00:00 0 
7ffa74f02000-7ffa75000000 rw-p 00000000 00:00 0                          [stack:9639]
7ffa75000000-7ffa756b0000 rwxp 00000000 00:00 0 
7ffa756b0000-7ffa84000000 ---p 00000000 00:00 0 
7ffa84000000-7ffa84457000 rw-p 00000000 00:00 0 
7ffa84457000-7ffa88000000 ---p 00000000 00:00 0 
7ffa8804e000-7ffa88051000 ---p 00000000 00:00 0 
7ffa88051000-7ffa8814f000 rw-p 00000000 00:00 0                          [stack:9638]
7ffa8814f000-7ffa88150000 ---p 00000000 00:00 0 
7ffa88150000-7ffa8915f000 rw-p 00000000 00:00 0                          [stack:9637]
7ffa8915f000-7ffa89338000 r--s 03d09000 08:04 2893612                    /usr/lib/jvm/java-8-oracle/jre/lib/rt.jar
7ffa89338000-7ffa89a6e000 rw-p 00000000 00:00 0 
7ffa89a6e000-7ffa89bae000 ---p 00000000 00:00 0 
7ffa89bae000-7ffa89dae000 rw-p 00000000 00:00 0 
7ffa89dae000-7ffa89daf000 ---p 00000000 00:00 0 
7ffa89daf000-7ffa89eaf000 rw-p 00000000 00:00 0                          [stack:9636]
7ffa89eaf000-7ffa89eb0000 ---p 00000000 00:00 0 
7ffa89eb0000-7ffa89fb0000 rw-p 00000000 00:00 0                          [stack:9635]
7ffa89fb0000-7ffa89fb1000 ---p 00000000 00:00 0 
7ffa89fb1000-7ffa8a0b1000 rw-p 00000000 00:00 0                          [stack:9634]
7ffa8a0b1000-7ffa8a0b2000 ---p 00000000 00:00 0 
7ffa8a0b2000-7ffa8a1c7000 rw-p 00000000 00:00 0                          [stack:9633]
7ffa8a1c7000-7ffa8a308000 ---p 00000000 00:00 0 
7ffa8a308000-7ffa8a31d000 rw-p 00000000 00:00 0 
7ffa8a31d000-7ffa8a45d000 ---p 00000000 00:00 0 
7ffa8a45d000-7ffa8a470000 rw-p 00000000 00:00 0 
7ffa8a470000-7ffa8a508000 ---p 00000000 00:00 0 
7ffa8a508000-7ffa8a524000 rw-p 00000000 00:00 0 
7ffa8a524000-7ffa8a8c9000 ---p 00000000 00:00 0 
7ffa8a8c9000-7ffa8a8e3000 r-xp 00000000 08:04 4462554                    /usr/lib/jvm/java-8-oracle/jre/lib/amd64/libzip.so
7ffa8a8e3000-7ffa8aae3000 ---p 0001a000 08:04 4462554                    /usr/lib/jvm/java-8-oracle/jre/lib/amd64/libzip.so
7ffa8aae3000-7ffa8aae4000 rw-p 0001a000 08:04 4462554                    /usr/lib/jvm/java-8-oracle/jre/lib/amd64/libzip.so
7ffa8aae4000-7ffa8aaef000 r-xp 00000000 08:04 3150469                    /lib/x86_64-linux-gnu/libnss_files-2.19.so
7ffa8aaef000-7ffa8acee000 ---p 0000b000 08:04 3150469                    /lib/x86_64-linux-gnu/libnss_files-2.19.so
7ffa8acee000-7ffa8acef000 r--p 0000a000 08:04 3150469                    /lib/x86_64-linux-gnu/libnss_files-2.19.so
7ffa8acef000-7ffa8acf0000 rw-p 0000b000 08:04 3150469                    /lib/x86_64-linux-gnu/libnss_files-2.19.so
7ffa8acf0000-7ffa8acfb000 r-xp 00000000 08:04 3150466                    /lib/x86_64-linux-gnu/libnss_nis-2.19.so
7ffa8acfb000-7ffa8aefa000 ---p 0000b000 08:04 3150466                    /lib/x86_64-linux-gnu/libnss_nis-2.19.so
7ffa8aefa000-7ffa8aefb000 r--p 0000a000 08:04 3150466                    /lib/x86_64-linux-gnu/libnss_nis-2.19.so
7ffa8aefb000-7ffa8aefc000 rw-p 0000b000 08:04 3150466                    /lib/x86_64-linux-gnu/libnss_nis-2.19.so
7ffa8aefc000-7ffa8af13000 r-xp 00000000 08:04 3150460                    /lib/x86_64-linux-gnu/libnsl-2.19.so
7ffa8af13000-7ffa8b112000 ---p 00017000 08:04 3150460                    /lib/x86_64-linux-gnu/libnsl-2.19.so
7ffa8b112000-7ffa8b113000 r--p 00016000 08:04 3150460                    /lib/x86_64-linux-gnu/libnsl-2.19.so
7ffa8b113000-7ffa8b114000 rw-p 00017000 08:04 3150460                    /lib/x86_64-linux-gnu/libnsl-2.19.so
7ffa8b114000-7ffa8b116000 rw-p 00000000 00:00 0 
7ffa8b116000-7ffa8b11f000 r-xp 00000000 08:04 3150457                    /lib/x86_64-linux-gnu/libnss_compat-2.19.so
7ffa8b11f000-7ffa8b31e000 ---p 00009000 08:04 3150457                    /lib/x86_64-linux-gnu/libnss_compat-2.19.so
7ffa8b31e000-7ffa8b31f000 r--p 00008000 08:04 3150457                    /lib/x86_64-linux-gnu/libnss_compat-2.19.so
7ffa8b31f000-7ffa8b320000 rw-p 00009000 08:04 3150457                    /lib/x86_64-linux-gnu/libnss_compat-2.19.so
7ffa8b320000-7ffa8b34a000 r-xp 00000000 08:04 4461799                    /usr/lib/jvm/java-8-oracle/jre/lib/amd64/libjava.so
7ffa8b34a000-7ffa8b54a000 ---p 0002a000 08:04 4461799                    /usr/lib/jvm/java-8-oracle/jre/lib/amd64/libjava.so
7ffa8b54a000-7ffa8b54c000 rw-p 0002a000 08:04 4461799                    /usr/lib/jvm/java-8-oracle/jre/lib/amd64/libjava.so
7ffa8b54c000-7ffa8b559000 r-xp 00000000 08:04 4462580                    /usr/lib/jvm/java-8-oracle/jre/lib/amd64/libverify.so
7ffa8b559000-7ffa8b759000 ---p 0000d000 08:04 4462580                    /usr/lib/jvm/java-8-oracle/jre/lib/amd64/libverify.so
7ffa8b759000-7ffa8b75b000 rw-p 0000d000 08:04 4462580                    /usr/lib/jvm/java-8-oracle/jre/lib/amd64/libverify.so
7ffa8b75b000-7ffa8b762000 r-xp 00000000 08:04 3150452                    /lib/x86_64-linux-gnu/librt-2.19.so
7ffa8b762000-7ffa8b961000 ---p 00007000 08:04 3150452                    /lib/x86_64-linux-gnu/librt-2.19.so
7ffa8b961000-7ffa8b962000 r--p 00006000 08:04 3150452                    /lib/x86_64-linux-gnu/librt-2.19.so
7ffa8b962000-7ffa8b963000 rw-p 00007000 08:04 3150452                    /lib/x86_64-linux-gnu/librt-2.19.so
7ffa8b963000-7ffa8ba68000 r-xp 00000000 08:04 3150459                    /lib/x86_64-linux-gnu/libm-2.19.so
7ffa8ba68000-7ffa8bc67000 ---p 00105000 08:04 3150459                    /lib/x86_64-linux-gnu/libm-2.19.so
7ffa8bc67000-7ffa8bc68000 r--p 00104000 08:04 3150459                    /lib/x86_64-linux-gnu/libm-2.19.so
7ffa8bc68000-7ffa8bc69000 rw-p 00105000 08:04 3150459                    /lib/x86_64-linux-gnu/libm-2.19.so
7ffa8bc69000-7ffa8c917000 r-xp 00000000 08:04 4723906                    /usr/lib/jvm/java-8-oracle/jre/lib/amd64/server/libjvm.so
7ffa8c917000-7ffa8cb16000 ---p 00cae000 08:04 4723906                    /usr/lib/jvm/java-8-oracle/jre/lib/amd64/server/libjvm.so
7ffa8cb16000-7ffa8cbed000 rw-p 00cad000 08:04 4723906                    /usr/lib/jvm/java-8-oracle/jre/lib/amd64/server/libjvm.so
7ffa8cbed000-7ffa8cc31000 rw-p 00000000 00:00 0 
7ffa8cc31000-7ffa8cdec000 r-xp 00000000 08:04 3150451                    /lib/x86_64-linux-gnu/libc-2.19.so
7ffa8cdec000-7ffa8cfec000 ---p 001bb000 08:04 3150451                    /lib/x86_64-linux-gnu/libc-2.19.so
7ffa8cfec000-7ffa8cff0000 r--p 001bb000 08:04 3150451                    /lib/x86_64-linux-gnu/libc-2.19.so
7ffa8cff0000-7ffa8cff2000 rw-p 001bf000 08:04 3150451                    /lib/x86_64-linux-gnu/libc-2.19.so
7ffa8cff2000-7ffa8cff7000 rw-p 00000000 00:00 0 
7ffa8cff7000-7ffa8cffa000 r-xp 00000000 08:04 3150455                    /lib/x86_64-linux-gnu/libdl-2.19.so
7ffa8cffa000-7ffa8d1f9000 ---p 00003000 08:04 3150455                    /lib/x86_64-linux-gnu/libdl-2.19.so
7ffa8d1f9000-7ffa8d1fa000 r--p 00002000 08:04 3150455                    /lib/x86_64-linux-gnu/libdl-2.19.so
7ffa8d1fa000-7ffa8d1fb000 rw-p 00003000 08:04 3150455                    /lib/x86_64-linux-gnu/libdl-2.19.so
7ffa8d1fb000-7ffa8d210000 r-xp 00000000 08:04 4589480                    /usr/lib/jvm/java-8-oracle/jre/lib/amd64/jli/libjli.so
7ffa8d210000-7ffa8d410000 ---p 00015000 08:04 4589480                    /usr/lib/jvm/java-8-oracle/jre/lib/amd64/jli/libjli.so
7ffa8d410000-7ffa8d411000 rw-p 00015000 08:04 4589480                    /usr/lib/jvm/java-8-oracle/jre/lib/amd64/jli/libjli.so
7ffa8d411000-7ffa8d42a000 r-xp 00000000 08:04 3150468                    /lib/x86_64-linux-gnu/libpthread-2.19.so
7ffa8d42a000-7ffa8d629000 ---p 00019000 08:04 3150468                    /lib/x86_64-linux-gnu/libpthread-2.19.so
7ffa8d629000-7ffa8d62a000 r--p 00018000 08:04 3150468                    /lib/x86_64-linux-gnu/libpthread-2.19.so
7ffa8d62a000-7ffa8d62b000 rw-p 00019000 08:04 3150468                    /lib/x86_64-linux-gnu/libpthread-2.19.so
7ffa8d62b000-7ffa8d62f000 rw-p 00000000 00:00 0 
7ffa8d62f000-7ffa8d652000 r-xp 00000000 08:04 3150449                    /lib/x86_64-linux-gnu/ld-2.19.so
7ffa8d66d000-7ffa8d66e000 rw-p 00000000 00:00 0 
7ffa8d66e000-7ffa8d673000 r--s 00094000 08:04 2893606                    /usr/lib/jvm/java-8-oracle/jre/lib/jsse.jar
7ffa8d673000-7ffa8d731000 rw-p 00000000 00:00 0 
7ffa8d731000-7ffa8d734000 ---p 00000000 00:00 0 
7ffa8d734000-7ffa8d836000 rw-p 00000000 00:00 0                          [stack:9632]
7ffa8d836000-7ffa8d845000 r--s 000dd000 08:04 1181352                    /home/vikky/Android/Sdk/build-tools/21.1.2/lib/dx.jar
7ffa8d845000-7ffa8d84d000 rw-s 00000000 08:04 5378194                    /tmp/hsperfdata_vikky/9624
7ffa8d84d000-7ffa8d84e000 rw-p 00000000 00:00 0 
7ffa8d84e000-7ffa8d84f000 ---p 00000000 00:00 0 
7ffa8d84f000-7ffa8d851000 rw-p 00000000 00:00 0 
7ffa8d851000-7ffa8d852000 r--p 00022000 08:04 3150449                    /lib/x86_64-linux-gnu/ld-2.19.so
7ffa8d852000-7ffa8d853000 rw-p 00023000 08:04 3150449                    /lib/x86_64-linux-gnu/ld-2.19.so
7ffa8d853000-7ffa8d854000 rw-p 00000000 00:00 0 
7fffd0d19000-7fffd0d3a000 rw-p 00000000 00:00 0                          [stack]
7fffd0dd1000-7fffd0dd3000 r-xp 00000000 00:00 0                          [vdso]
ffffffffff600000-ffffffffff601000 r-xp 00000000 00:00 0                  [vsyscall]

VM Arguments:
jvm_args: -Xmx1024M 
java_command: /home/vikky/Android/Sdk/build-tools/21.1.2/lib/dx.jar --dex --no-optimize --output /home/vikky/AndroidStudioProjects/Hisab/app/build/intermediates/dex/debug --input-list=/home/vikky/AndroidStudioProjects/Hisab/app/build/intermediates/tmp/dex/debug/inputList.txt
java_class_path (initial): /home/vikky/Android/Sdk/build-tools/21.1.2/lib/dx.jar
Launcher Type: SUN_STANDARD

Environment Variables:
JAVA_HOME=/usr/lib/jvm/java-8-oracle
PATH=/home/vikky/.rbenv/shims:/usr/local/sbin:/usr/local/bin:/usr/sbin:/usr/bin:/sbin:/bin:/usr/games:/usr/local/games:/usr/lib/jvm/java-8-oracle/bin:/usr/lib/jvm/java-8-oracle/db/bin:/usr/lib/jvm/java-8-oracle/jre/bin
LD_LIBRARY_PATH=./android-studio/bin:
SHELL=/bin/bash
DISPLAY=:0.0

Signal Handlers:
SIGSEGV: [libjvm.so+0xaad1e0], sa_mask[0]=11111111011111111101111111111110, sa_flags=SA_RESTART|SA_SIGINFO
SIGBUS: [libjvm.so+0xaad1e0], sa_mask[0]=11111111011111111101111111111110, sa_flags=SA_RESTART|SA_SIGINFO
SIGFPE: [libjvm.so+0x90b450], sa_mask[0]=11111111011111111101111111111110, sa_flags=SA_RESTART|SA_SIGINFO
SIGPIPE: [libjvm.so+0x90b450], sa_mask[0]=11111111011111111101111111111110, sa_flags=SA_RESTART|SA_SIGINFO
SIGXFSZ: [libjvm.so+0x90b450], sa_mask[0]=11111111011111111101111111111110, sa_flags=SA_RESTART|SA_SIGINFO
SIGILL: [libjvm.so+0x90b450], sa_mask[0]=11111111011111111101111111111110, sa_flags=SA_RESTART|SA_SIGINFO
SIGUSR1: SIG_DFL, sa_mask[0]=00000000000000000000000000000000, sa_flags=none
SIGUSR2: [libjvm.so+0x90ca90], sa_mask[0]=00100000000000000000000000000000, sa_flags=SA_RESTART|SA_SIGINFO
SIGHUP: [libjvm.so+0x90dde0], sa_mask[0]=11111111011111111101111111111110, sa_flags=SA_RESTART|SA_SIGINFO
SIGINT: [libjvm.so+0x90dde0], sa_mask[0]=11111111011111111101111111111110, sa_flags=SA_RESTART|SA_SIGINFO
SIGTERM: [libjvm.so+0x90dde0], sa_mask[0]=11111111011111111101111111111110, sa_flags=SA_RESTART|SA_SIGINFO
SIGQUIT: [libjvm.so+0x90dde0], sa_mask[0]=11111111011111111101111111111110, sa_flags=SA_RESTART|SA_SIGINFO


---------------  S Y S T E M  ---------------

OS:DISTRIB_ID=Ubuntu
DISTRIB_RELEASE=14.04
DISTRIB_CODENAME=trusty
DISTRIB_DESCRIPTION="Linux Lite 2.2"

uname:Linux 3.13.0-24-generic #47-Ubuntu SMP Fri May 2 23:30:00 UTC 2014 x86_64
libc:glibc 2.19 NPTL 2.19 
rlimit: STACK 8192k, CORE 0k, NPROC 30981, NOFILE 4096, AS infinity
load average:10.18 6.15 3.02

/proc/meminfo:
MemTotal:        3994112 kB
MemFree:          107056 kB
Buffers:            1996 kB
Cached:           129784 kB
SwapCached:            0 kB
Active:          3602744 kB
Inactive:         115124 kB
Active(anon):    3591756 kB
Inactive(anon):    71584 kB
Active(file):      10988 kB
Inactive(file):    43540 kB
Unevictable:          48 kB
Mlocked:              48 kB
SwapTotal:             0 kB
SwapFree:              0 kB
Dirty:               124 kB
Writeback:             0 kB
AnonPages:       3586296 kB
Mapped:            63364 kB
Shmem:             77092 kB
Slab:              56652 kB
SReclaimable:      27184 kB
SUnreclaim:        29468 kB
KernelStack:        4688 kB
PageTables:        34216 kB
NFS_Unstable:          0 kB
Bounce:                0 kB
WritebackTmp:          0 kB
CommitLimit:     1997056 kB
Committed_AS:    6258224 kB
VmallocTotal:   34359738367 kB
VmallocUsed:      555648 kB
VmallocChunk:   34359172812 kB
HardwareCorrupted:     0 kB
AnonHugePages:   1206272 kB
HugePages_Total:       0
HugePages_Free:        0
HugePages_Rsvd:        0
HugePages_Surp:        0
Hugepagesize:       2048 kB
DirectMap4k:       86272 kB
DirectMap2M:     4055040 kB


CPU:total 4 (2 cores per cpu, 2 threads per core) family 6 model 42 stepping 7, cmov, cx8, fxsr, mmx, sse, sse2, sse3, ssse3, sse4.1, sse4.2, popcnt, avx, clmul, ht, tsc, tscinvbit

/proc/cpuinfo:
processor	: 0
vendor_id	: GenuineIntel
cpu family	: 6
model		: 42
model name	: Intel(R) Core(TM) i3-2350M CPU @ 2.30GHz
stepping	: 7
microcode	: 0x1b
cpu MHz		: 2300.000
cache size	: 3072 KB
physical id	: 0
siblings	: 4
core id		: 0
cpu cores	: 2
apicid		: 0
initial apicid	: 0
fpu		: yes
fpu_exception	: yes
cpuid level	: 13
wp		: yes
flags		: fpu vme de pse tsc msr pae mce cx8 apic sep mtrr pge mca cmov pat pse36 clflush dts acpi mmx fxsr sse sse2 ss ht tm pbe syscall nx rdtscp lm constant_tsc arch_perfmon pebs bts rep_good nopl xtopology nonstop_tsc aperfmperf eagerfpu pni pclmulqdq dtes64 monitor ds_cpl vmx est tm2 ssse3 cx16 xtpr pdcm pcid sse4_1 sse4_2 x2apic popcnt tsc_deadline_timer xsave avx lahf_lm arat epb xsaveopt pln pts dtherm tpr_shadow vnmi flexpriority ept vpid
bogomips	: 4589.87
clflush size	: 64
cache_alignment	: 64
address sizes	: 36 bits physical, 48 bits virtual
power management:

processor	: 1
vendor_id	: GenuineIntel
cpu family	: 6
model		: 42
model name	: Intel(R) Core(TM) i3-2350M CPU @ 2.30GHz
stepping	: 7
microcode	: 0x1b
cpu MHz		: 800.000
cache size	: 3072 KB
physical id	: 0
siblings	: 4
core id		: 0
cpu cores	: 2
apicid		: 1
initial apicid	: 1
fpu		: yes
fpu_exception	: yes
cpuid level	: 13
wp		: yes
flags		: fpu vme de pse tsc msr pae mce cx8 apic sep mtrr pge mca cmov pat pse36 clflush dts acpi mmx fxsr sse sse2 ss ht tm pbe syscall nx rdtscp lm constant_tsc arch_perfmon pebs bts rep_good nopl xtopology nonstop_tsc aperfmperf eagerfpu pni pclmulqdq dtes64 monitor ds_cpl vmx est tm2 ssse3 cx16 xtpr pdcm pcid sse4_1 sse4_2 x2apic popcnt tsc_deadline_timer xsave avx lahf_lm arat epb xsaveopt pln pts dtherm tpr_shadow vnmi flexpriority ept vpid
bogomips	: 4589.87
clflush size	: 64
cache_alignment	: 64
address sizes	: 36 bits physical, 48 bits virtual
power management:

processor	: 2
vendor_id	: GenuineIntel
cpu family	: 6
model		: 42
model name	: Intel(R) Core(TM) i3-2350M CPU @ 2.30GHz
stepping	: 7
microcode	: 0x1b
cpu MHz		: 800.000
cache size	: 3072 KB
physical id	: 0
siblings	: 4
core id		: 1
cpu cores	: 2
apicid		: 2
initial apicid	: 2
fpu		: yes
fpu_exception	: yes
cpuid level	: 13
wp		: yes
flags		: fpu vme de pse tsc msr pae mce cx8 apic sep mtrr pge mca cmov pat pse36 clflush dts acpi mmx fxsr sse sse2 ss ht tm pbe syscall nx rdtscp lm constant_tsc arch_perfmon pebs bts rep_good nopl xtopology nonstop_tsc aperfmperf eagerfpu pni pclmulqdq dtes64 monitor ds_cpl vmx est tm2 ssse3 cx16 xtpr pdcm pcid sse4_1 sse4_2 x2apic popcnt tsc_deadline_timer xsave avx lahf_lm arat epb xsaveopt pln pts dtherm tpr_shadow vnmi flexpriority ept vpid
bogomips	: 4589.87
clflush size	: 64
cache_alignment	: 64
address sizes	: 36 bits physical, 48 bits virtual
power management:

processor	: 3
vendor_id	: GenuineIntel
cpu family	: 6
model		: 42
model name	: Intel(R) Core(TM) i3-2350M CPU @ 2.30GHz
stepping	: 7
microcode	: 0x1b
cpu MHz		: 2300.000
cache size	: 3072 KB
physical id	: 0
siblings	: 4
core id		: 1
cpu cores	: 2
apicid		: 3
initial apicid	: 3
fpu		: yes
fpu_exception	: yes
cpuid level	: 13
wp		: yes
flags		: fpu vme de pse tsc msr pae mce cx8 apic sep mtrr pge mca cmov pat pse36 clflush dts acpi mmx fxsr sse sse2 ss ht tm pbe syscall nx rdtscp lm constant_tsc arch_perfmon pebs bts rep_good nopl xtopology nonstop_tsc aperfmperf eagerfpu pni pclmulqdq dtes64 monitor ds_cpl vmx est tm2 ssse3 cx16 xtpr pdcm pcid sse4_1 sse4_2 x2apic popcnt tsc_deadline_timer xsave avx lahf_lm arat epb xsaveopt pln pts dtherm tpr_shadow vnmi flexpriority ept vpid
bogomips	: 4589.87
clflush size	: 64
cache_alignment	: 64
address sizes	: 36 bits physical, 48 bits virtual
power management:



Memory: 4k page, physical 3994112k(107056k free), swap 0k(0k free)

vm_info: Java HotSpot(TM) 64-Bit Server VM (25.45-b02) for linux-amd64 JRE (1.8.0_45-b14), built on Apr 10 2015 10:07:45 by "java_re" with gcc 4.3.0 20080428 (Red Hat 4.3.0-8)

time: Thu Aug  6 19:42:52 2015
elapsed time: 22 seconds (0d 0h 0m 22s)

