#
# There is insufficient memory for the Java Runtime Environment to continue.
# Native memory allocation (mmap) failed to map 89128960 bytes for committing reserved memory.
# Possible reasons:
#   The system is out of physical RAM or swap space
#   In 32 bit mode, the process size limit was hit
# Possible solutions:
#   Reduce memory load on the system
#   Increase physical memory or swap space
#   Check if swap backing store is full
#   Use 64 bit Java on a 64 bit OS
#   Decrease Java heap size (-Xmx/-Xms)
#   Decrease number of Java threads
#   Decrease Java thread stack sizes (-Xss)
#   Set larger code cache with -XX:ReservedCodeCacheSize=
# This output file may be truncated or incomplete.
#
#  Out of Memory Error (os_linux.cpp:2673), pid=10638, tid=140227011094272
#
# JRE version: Java(TM) SE Runtime Environment (8.0_45-b14) (build 1.8.0_45-b14)
# Java VM: Java HotSpot(TM) 64-Bit Server VM (25.45-b02 mixed mode linux-amd64 compressed oops)
# Failed to write core dump. Core dumps have been disabled. To enable core dumping, try "ulimit -c unlimited" before starting Java again
#

---------------  T H R E A D  ---------------

Current thread (0x00007f893c13e800):  VMThread [stack: 0x00007f89251f2000,0x00007f89252f3000] [id=10651]

Stack: [0x00007f89251f2000,0x00007f89252f3000],  sp=0x00007f89252f11e0,  free space=1020k
Native frames: (J=compiled Java code, j=interpreted, Vv=VM code, C=native code)
V  [libjvm.so+0xaac99a]  VMError::report_and_die()+0x2ba
V  [libjvm.so+0x4f333b]  report_vm_out_of_memory(char const*, int, unsigned long, VMErrorType, char const*)+0x8b
V  [libjvm.so+0x90e7c3]  os::Linux::commit_memory_impl(char*, unsigned long, bool)+0x103
V  [libjvm.so+0x90ed19]  os::pd_commit_memory(char*, unsigned long, unsigned long, bool)+0x29
V  [libjvm.so+0x90867a]  os::commit_memory(char*, unsigned long, unsigned long, bool)+0x2a
V  [libjvm.so+0x97bac3]  PSVirtualSpace::expand_by(unsigned long)+0x53
V  [libjvm.so+0x97cec8]  PSYoungGen::resize_generation(unsigned long, unsigned long)+0xf8
V  [libjvm.so+0x97c022]  PSYoungGen::resize(unsigned long, unsigned long)+0x22
V  [libjvm.so+0x9792fb]  PSScavenge::invoke_no_policy()+0xf7b
V  [libjvm.so+0x979a81]  PSScavenge::invoke()+0x41
V  [libjvm.so+0x932050]  ParallelScavengeHeap::failed_mem_allocate(unsigned long)+0x70
V  [libjvm.so+0xaae1d7]  VM_ParallelGCFailedAllocation::doit()+0x97
V  [libjvm.so+0xab59c5]  VM_Operation::evaluate()+0x55
V  [libjvm.so+0xab3d9a]  VMThread::evaluate_operation(VM_Operation*)+0xba
V  [libjvm.so+0xab411e]  VMThread::loop()+0x1ce
V  [libjvm.so+0xab4590]  VMThread::run()+0x70
V  [libjvm.so+0x910de8]  java_start(Thread*)+0x108

VM_Operation (0x00007f8943951100): ParallelGCFailedAllocation, mode: safepoint, requested by thread 0x00007f893c009800


---------------  P R O C E S S  ---------------

Java Threads: ( => current thread )
  0x00007f893c189000 JavaThread "Service Thread" daemon [_thread_blocked, id=10658, stack(0x00007f8924822000,0x00007f8924923000)]
  0x00007f893c183800 JavaThread "C1 CompilerThread2" daemon [_thread_blocked, id=10657, stack(0x00007f8924923000,0x00007f8924a24000)]
  0x00007f893c182000 JavaThread "C2 CompilerThread1" daemon [_thread_blocked, id=10656, stack(0x00007f8924a24000,0x00007f8924b25000)]
  0x00007f893c17f000 JavaThread "C2 CompilerThread0" daemon [_thread_blocked, id=10655, stack(0x00007f8924b25000,0x00007f8924c26000)]
  0x00007f893c17d800 JavaThread "Signal Dispatcher" daemon [_thread_blocked, id=10654, stack(0x00007f8924c26000,0x00007f8924d27000)]
  0x00007f893c146000 JavaThread "Finalizer" daemon [_thread_blocked, id=10653, stack(0x00007f8924ff0000,0x00007f89250f1000)]
  0x00007f893c143800 JavaThread "Reference Handler" daemon [_thread_blocked, id=10652, stack(0x00007f89250f1000,0x00007f89251f2000)]
  0x00007f893c009800 JavaThread "main" [_thread_blocked, id=10646, stack(0x00007f8943852000,0x00007f8943953000)]

Other Threads:
=>0x00007f893c13e800 VMThread [stack: 0x00007f89251f2000,0x00007f89252f3000] [id=10651]
  0x00007f893c18b800 WatcherThread [stack: 0x00007f8924721000,0x00007f8924822000] [id=10659]

VM state:at safepoint (normal execution)

VM Mutex/Monitor currently owned by a thread:  ([mutex/lock_event])
[0x00007f893c005ff0] Threads_lock - owner thread: 0x00007f893c13e800
[0x00007f893c0064f0] Heap_lock - owner thread: 0x00007f893c009800

Heap:
 PSYoungGen      total 66048K, used 2560K [0x00000000eab00000, 0x00000000eee00000, 0x0000000100000000)
  eden space 63488K, 0% used [0x00000000eab00000,0x00000000eab00000,0x00000000ee900000)
  from space 2560K, 100% used [0x00000000ee900000,0x00000000eeb80000,0x00000000eeb80000)
  to   space 2560K, 0% used [0x00000000eeb80000,0x00000000eeb80000,0x00000000eee00000)
 ParOldGen       total 42496K, used 33402K [0x00000000c0000000, 0x00000000c2980000, 0x00000000eab00000)
  object space 42496K, 78% used [0x00000000c0000000,0x00000000c209eac0,0x00000000c2980000)
 Metaspace       used 6779K, capacity 7448K, committed 7680K, reserved 1056768K
  class space    used 654K, capacity 656K, committed 768K, reserved 1048576K

Card table byte_map: [0x00007f894042a000,0x00007f894062b000] byte_map_base: 0x00007f893fe2a000

Marking Bits: (ParMarkBitMap*) 0x00007f8942d28760
 Begin Bits: [0x00007f8926000000, 0x00007f8927000000)
 End Bits:   [0x00007f8927000000, 0x00007f8928000000)

Polling page: 0x00007f894396f000

CodeCache: size=245760Kb used=7289Kb max_used=7289Kb free=238470Kb
 bounds [0x00007f892d000000, 0x00007f892d730000, 0x00007f893c000000]
 total_blobs=2452 nmethods=2160 adapters=206
 compilation: enabled

Compilation events (10 events):
Event: 3.258 Thread 0x00007f893c183800 2178       3       java.util.TimSort::mergeAt (358 bytes)
Event: 3.259 Thread 0x00007f893c183800 nmethod 2178 0x00007f892d71c2d0 code [0x00007f892d71c4a0, 0x00007f892d71ca58]
Event: 3.268 Thread 0x00007f893c183800 2179       3       com.android.dx.io.instructions.InstructionCodec::access$1700 (5 bytes)
Event: 3.268 Thread 0x00007f893c183800 nmethod 2179 0x00007f892d714fd0 code [0x00007f892d715140, 0x00007f892d7153c8]
Event: 3.273 Thread 0x00007f893c17f000 nmethod 2168 0x00007f892d723710 code [0x00007f892d7238a0, 0x00007f892d723f78]
Event: 3.273 Thread 0x00007f893c17f000 2173       4       com.android.dx.merge.IndexMap$EncodedValueTransformer::transformAnnotation (68 bytes)
Event: 3.302 Thread 0x00007f893c183800 2180       3       com.android.dx.io.instructions.InstructionCodec$32::decode (74 bytes)
Event: 3.304 Thread 0x00007f893c183800 nmethod 2180 0x00007f892d720710 code [0x00007f892d7209e0, 0x00007f892d722558]
Event: 3.305 Thread 0x00007f893c183800 2181       3       com.android.dx.io.instructions.InstructionCodec$32::encode (95 bytes)
Event: 3.307 Thread 0x00007f893c183800 nmethod 2181 0x00007f892d7245d0 code [0x00007f892d724880, 0x00007f892d726488]

GC Heap History (9 events):
Event: 1.118 GC heap before
{Heap before GC invocations=1 (full 0):
 PSYoungGen      total 18432K, used 15872K [0x00000000eab00000, 0x00000000ebf80000, 0x0000000100000000)
  eden space 15872K, 100% used [0x00000000eab00000,0x00000000eba80000,0x00000000eba80000)
  from space 2560K, 0% used [0x00000000ebd00000,0x00000000ebd00000,0x00000000ebf80000)
  to   space 2560K, 0% used [0x00000000eba80000,0x00000000eba80000,0x00000000ebd00000)
 ParOldGen       total 42496K, used 0K [0x00000000c0000000, 0x00000000c2980000, 0x00000000eab00000)
  object space 42496K, 0% used [0x00000000c0000000,0x00000000c0000000,0x00000000c2980000)
 Metaspace       used 4942K, capacity 6416K, committed 6528K, reserved 1056768K
  class space    used 496K, capacity 584K, committed 640K, reserved 1048576K
Event: 1.131 GC heap after
Heap after GC invocations=1 (full 0):
 PSYoungGen      total 18432K, used 2544K [0x00000000eab00000, 0x00000000ecf00000, 0x0000000100000000)
  eden space 15872K, 0% used [0x00000000eab00000,0x00000000eab00000,0x00000000eba80000)
  from space 2560K, 99% used [0x00000000eba80000,0x00000000ebcfc010,0x00000000ebd00000)
  to   space 2560K, 0% used [0x00000000ecc80000,0x00000000ecc80000,0x00000000ecf00000)
 ParOldGen       total 42496K, used 4335K [0x00000000c0000000, 0x00000000c2980000, 0x00000000eab00000)
  object space 42496K, 10% used [0x00000000c0000000,0x00000000c043bf30,0x00000000c2980000)
 Metaspace       used 4942K, capacity 6416K, committed 6528K, reserved 1056768K
  class space    used 496K, capacity 584K, committed 640K, reserved 1048576K
}
Event: 1.420 GC heap before
{Heap before GC invocations=2 (full 0):
 PSYoungGen      total 18432K, used 17603K [0x00000000eab00000, 0x00000000ecf00000, 0x0000000100000000)
  eden space 15872K, 94% used [0x00000000eab00000,0x00000000eb9b4da8,0x00000000eba80000)
  from space 2560K, 99% used [0x00000000eba80000,0x00000000ebcfc010,0x00000000ebd00000)
  to   space 2560K, 0% used [0x00000000ecc80000,0x00000000ecc80000,0x00000000ecf00000)
 ParOldGen       total 42496K, used 4335K [0x00000000c0000000, 0x00000000c2980000, 0x00000000eab00000)
  object space 42496K, 10% used [0x00000000c0000000,0x00000000c043bf30,0x00000000c2980000)
 Metaspace       used 5049K, capacity 6480K, committed 6784K, reserved 1056768K
  class space    used 499K, capacity 584K, committed 640K, reserved 1048576K
Event: 1.433 GC heap after
Heap after GC invocations=2 (full 0):
 PSYoungGen      total 34304K, used 2528K [0x00000000eab00000, 0x00000000ecf00000, 0x0000000100000000)
  eden space 31744K, 0% used [0x00000000eab00000,0x00000000eab00000,0x00000000eca00000)
  from space 2560K, 98% used [0x00000000ecc80000,0x00000000ecef83f8,0x00000000ecf00000)
  to   space 2560K, 0% used [0x00000000eca00000,0x00000000eca00000,0x00000000ecc80000)
 ParOldGen       total 42496K, used 10543K [0x00000000c0000000, 0x00000000c2980000, 0x00000000eab00000)
  object space 42496K, 24% used [0x00000000c0000000,0x00000000c0a4bf48,0x00000000c2980000)
 Metaspace       used 5049K, capacity 6480K, committed 6784K, reserved 1056768K
  class space    used 499K, capacity 584K, committed 640K, reserved 1048576K
}
Event: 2.665 GC heap before
{Heap before GC invocations=3 (full 0):
 PSYoungGen      total 34304K, used 34272K [0x00000000eab00000, 0x00000000ecf00000, 0x0000000100000000)
  eden space 31744K, 100% used [0x00000000eab00000,0x00000000eca00000,0x00000000eca00000)
  from space 2560K, 98% used [0x00000000ecc80000,0x00000000ecef83f8,0x00000000ecf00000)
  to   space 2560K, 0% used [0x00000000eca00000,0x00000000eca00000,0x00000000ecc80000)
 ParOldGen       total 42496K, used 10543K [0x00000000c0000000, 0x00000000c2980000, 0x00000000eab00000)
  object space 42496K, 24% used [0x00000000c0000000,0x00000000c0a4bf48,0x00000000c2980000)
 Metaspace       used 6718K, capacity 7448K, committed 7680K, reserved 1056768K
  class space    used 653K, capacity 656K, committed 768K, reserved 1048576K
Event: 2.686 GC heap after
Heap after GC invocations=3 (full 0):
 PSYoungGen      total 34304K, used 2560K [0x00000000eab00000, 0x00000000eee00000, 0x0000000100000000)
  eden space 31744K, 0% used [0x00000000eab00000,0x00000000eab00000,0x00000000eca00000)
  from space 2560K, 100% used [0x00000000eca00000,0x00000000ecc80000,0x00000000ecc80000)
  to   space 2560K, 0% used [0x00000000eeb80000,0x00000000eeb80000,0x00000000eee00000)
 ParOldGen       total 42496K, used 16639K [0x00000000c0000000, 0x00000000c2980000, 0x00000000eab00000)
  object space 42496K, 39% used [0x00000000c0000000,0x00000000c103ff70,0x00000000c2980000)
 Metaspace       used 6718K, capacity 7448K, committed 7680K, reserved 1056768K
  class space    used 653K, capacity 656K, committed 768K, reserved 1048576K
}
Event: 2.930 GC heap before
{Heap before GC invocations=4 (full 0):
 PSYoungGen      total 34304K, used 34304K [0x00000000eab00000, 0x00000000eee00000, 0x0000000100000000)
  eden space 31744K, 100% used [0x00000000eab00000,0x00000000eca00000,0x00000000eca00000)
  from space 2560K, 100% used [0x00000000eca00000,0x00000000ecc80000,0x00000000ecc80000)
  to   space 2560K, 0% used [0x00000000eeb80000,0x00000000eeb80000,0x00000000eee00000)
 ParOldGen       total 42496K, used 16639K [0x00000000c0000000, 0x00000000c2980000, 0x00000000eab00000)
  object space 42496K, 39% used [0x00000000c0000000,0x00000000c103ff70,0x00000000c2980000)
 Metaspace       used 6762K, capacity 7448K, committed 7680K, reserved 1056768K
  class space    used 654K, capacity 656K, committed 768K, reserved 1048576K
Event: 2.948 GC heap after
Heap after GC invocations=4 (full 0):
 PSYoungGen      total 66048K, used 2544K [0x00000000eab00000, 0x00000000eee00000, 0x0000000100000000)
  eden space 63488K, 0% used [0x00000000eab00000,0x00000000eab00000,0x00000000ee900000)
  from space 2560K, 99% used [0x00000000eeb80000,0x00000000eedfc3e8,0x00000000eee00000)
  to   space 2560K, 0% used [0x00000000ee900000,0x00000000ee900000,0x00000000eeb80000)
 ParOldGen       total 42496K, used 20779K [0x00000000c0000000, 0x00000000c2980000, 0x00000000eab00000)
  object space 42496K, 48% used [0x00000000c0000000,0x00000000c144ac98,0x00000000c2980000)
 Metaspace       used 6762K, capacity 7448K, committed 7680K, reserved 1056768K
  class space    used 654K, capacity 656K, committed 768K, reserved 1048576K
}
Event: 3.328 GC heap before
{Heap before GC invocations=5 (full 0):
 PSYoungGen      total 66048K, used 66032K [0x00000000eab00000, 0x00000000eee00000, 0x0000000100000000)
  eden space 63488K, 100% used [0x00000000eab00000,0x00000000ee900000,0x00000000ee900000)
  from space 2560K, 99% used [0x00000000eeb80000,0x00000000eedfc3e8,0x00000000eee00000)
  to   space 2560K, 0% used [0x00000000ee900000,0x00000000ee900000,0x00000000eeb80000)
 ParOldGen       total 42496K, used 20779K [0x00000000c0000000, 0x00000000c2980000, 0x00000000eab00000)
  object space 42496K, 48% used [0x00000000c0000000,0x00000000c144ac98,0x00000000c2980000)
 Metaspace       used 6779K, capacity 7448K, committed 7680K, reserved 1056768K
  class space    used 654K, capacity 656K, committed 768K, reserved 1048576K

Deoptimization events (10 events):
Event: 1.903 Thread 0x00007f893c009800 Uncommon trap: reason=class_check action=maybe_recompile pc=0x00007f892d439d5c method=java.util.HashMap.putVal(ILjava/lang/Object;Ljava/lang/Object;ZZ)Ljava/lang/Object; @ 56
Event: 1.903 Thread 0x00007f893c009800 Uncommon trap: reason=class_check action=maybe_recompile pc=0x00007f892d439d5c method=java.util.HashMap.putVal(ILjava/lang/Object;Ljava/lang/Object;ZZ)Ljava/lang/Object; @ 56
Event: 1.903 Thread 0x00007f893c009800 Uncommon trap: reason=class_check action=maybe_recompile pc=0x00007f892d439d5c method=java.util.HashMap.putVal(ILjava/lang/Object;Ljava/lang/Object;ZZ)Ljava/lang/Object; @ 56
Event: 1.903 Thread 0x00007f893c009800 Uncommon trap: reason=class_check action=maybe_recompile pc=0x00007f892d439d5c method=java.util.HashMap.putVal(ILjava/lang/Object;Ljava/lang/Object;ZZ)Ljava/lang/Object; @ 56
Event: 2.250 Thread 0x00007f893c009800 Uncommon trap: reason=unstable_if action=reinterpret pc=0x00007f892d5454e0 method=java.util.HashMap.putVal(ILjava/lang/Object;Ljava/lang/Object;ZZ)Ljava/lang/Object; @ 162
Event: 2.250 Thread 0x00007f893c009800 Uncommon trap: reason=unstable_if action=reinterpret pc=0x00007f892d5443dc method=java.util.HashMap.putVal(ILjava/lang/Object;Ljava/lang/Object;ZZ)Ljava/lang/Object; @ 162
Event: 2.251 Thread 0x00007f893c009800 Uncommon trap: reason=unstable_if action=reinterpret pc=0x00007f892d542c50 method=java.util.HashMap.resize()[Ljava/util/HashMap$Node; @ 206
Event: 2.402 Thread 0x00007f893c009800 Uncommon trap: reason=predicate action=maybe_recompile pc=0x00007f892d5e1d50 method=com.android.dex.Leb128.readUnsignedLeb128(Lcom/android/dex/util/ByteInput;)I @ 41
Event: 2.745 Thread 0x00007f893c009800 Uncommon trap: reason=unstable_if action=reinterpret pc=0x00007f892d42f514 method=java.util.HashMap.getNode(ILjava/lang/Object;)Ljava/util/HashMap$Node; @ 84
Event: 2.746 Thread 0x00007f893c009800 Uncommon trap: reason=unstable_if action=reinterpret pc=0x00007f892d490c40 method=java.util.HashMap.getNode(ILjava/lang/Object;)Ljava/util/HashMap$Node; @ 84

Internal exceptions (2 events):
Event: 0.199 Thread 0x00007f893c009800 Exception <a 'java/lang/NoSuchMethodError': Method sun.misc.Unsafe.defineClass(Ljava/lang/String;[BII)Ljava/lang/Class; name or signature does not match> (0x00000000eab12a38) thrown at [/RE-WORK/workspace/8-2-build-linux-amd64/jdk8u45/3457/hotspot/src/sha
Event: 0.199 Thread 0x00007f893c009800 Exception <a 'java/lang/NoSuchMethodError': Method sun.misc.Unsafe.prefetchRead(Ljava/lang/Object;J)V name or signature does not match> (0x00000000eab12cc8) thrown at [/RE-WORK/workspace/8-2-build-linux-amd64/jdk8u45/3457/hotspot/src/share/vm/prims/jni.cp

Events (10 events):
Event: 3.023 Thread 0x00007f893c009800 DEOPT UNPACKING pc=0x00007f892d047633 sp=0x00007f89439510d0 mode 0
Event: 3.067 Thread 0x00007f893c009800 DEOPT PACKING pc=0x00007f892d6b3419 sp=0x00007f89439514c0
Event: 3.067 Thread 0x00007f893c009800 DEOPT UNPACKING pc=0x00007f892d047633 sp=0x00007f8943951260 mode 0
Event: 3.071 Thread 0x00007f893c009800 DEOPT PACKING pc=0x00007f892d6b3419 sp=0x00007f89439514c0
Event: 3.071 Thread 0x00007f893c009800 DEOPT UNPACKING pc=0x00007f892d047633 sp=0x00007f8943951260 mode 0
Event: 3.073 Thread 0x00007f893c009800 DEOPT PACKING pc=0x00007f892d6b3419 sp=0x00007f89439514c0
Event: 3.073 Thread 0x00007f893c009800 DEOPT UNPACKING pc=0x00007f892d047633 sp=0x00007f8943951260 mode 0
Event: 3.231 Thread 0x00007f893c009800 DEOPT PACKING pc=0x00007f892d59a550 sp=0x00007f8943951350
Event: 3.231 Thread 0x00007f893c009800 DEOPT UNPACKING pc=0x00007f892d047633 sp=0x00007f8943951060 mode 0
Event: 3.328 Executing VM operation: ParallelGCFailedAllocation


Dynamic libraries:
00400000-00401000 r-xp 00000000 08:04 4986776                            /usr/lib/jvm/java-8-oracle/jre/bin/java
00600000-00601000 rw-p 00000000 08:04 4986776                            /usr/lib/jvm/java-8-oracle/jre/bin/java
00786000-007a7000 rw-p 00000000 00:00 0                                  [heap]
c0000000-c2980000 rw-p 00000000 00:00 0 
c2980000-eab00000 ---p 00000000 00:00 0 
eab00000-eee00000 rw-p 00000000 00:00 0 
f4300000-100000000 ---p 00000000 00:00 0 
100000000-1000c0000 rw-p 00000000 00:00 0 
1000c0000-140000000 ---p 00000000 00:00 0 
7f88f0000000-7f88f0021000 rw-p 00000000 00:00 0 
7f88f0021000-7f88f4000000 ---p 00000000 00:00 0 
7f88f4000000-7f88f4021000 rw-p 00000000 00:00 0 
7f88f4021000-7f88f8000000 ---p 00000000 00:00 0 
7f88f8000000-7f88f878f000 rw-p 00000000 00:00 0 
7f88f878f000-7f88fc000000 ---p 00000000 00:00 0 
7f88fc000000-7f88fc663000 rw-p 00000000 00:00 0 
7f88fc663000-7f8900000000 ---p 00000000 00:00 0 
7f8900000000-7f8900021000 rw-p 00000000 00:00 0 
7f8900021000-7f8904000000 ---p 00000000 00:00 0 
7f8904000000-7f89048ab000 rw-p 00000000 00:00 0 
7f89048ab000-7f8908000000 ---p 00000000 00:00 0 
7f8908000000-7f8908021000 rw-p 00000000 00:00 0 
7f8908021000-7f890c000000 ---p 00000000 00:00 0 
7f890c000000-7f890c021000 rw-p 00000000 00:00 0 
7f890c021000-7f8910000000 ---p 00000000 00:00 0 
7f8910000000-7f8910025000 rw-p 00000000 00:00 0 
7f8910025000-7f8914000000 ---p 00000000 00:00 0 
7f8914000000-7f8914292000 rw-p 00000000 00:00 0 
7f8914292000-7f8918000000 ---p 00000000 00:00 0 
7f8918000000-7f8918021000 rw-p 00000000 00:00 0 
7f8918021000-7f891c000000 ---p 00000000 00:00 0 
7f8920000000-7f8920021000 rw-p 00000000 00:00 0 
7f8920021000-7f8924000000 ---p 00000000 00:00 0 
7f8924721000-7f8924722000 ---p 00000000 00:00 0 
7f8924722000-7f8924822000 rw-p 00000000 00:00 0                          [stack:10659]
7f8924822000-7f8924825000 ---p 00000000 00:00 0 
7f8924825000-7f8924923000 rw-p 00000000 00:00 0                          [stack:10658]
7f8924923000-7f8924926000 ---p 00000000 00:00 0 
7f8924926000-7f8924a24000 rw-p 00000000 00:00 0                          [stack:10657]
7f8924a24000-7f8924a27000 ---p 00000000 00:00 0 
7f8924a27000-7f8924b25000 rw-p 00000000 00:00 0                          [stack:10656]
7f8924b25000-7f8924b28000 ---p 00000000 00:00 0 
7f8924b28000-7f8924c26000 rw-p 00000000 00:00 0                          [stack:10655]
7f8924c26000-7f8924c29000 ---p 00000000 00:00 0 
7f8924c29000-7f8924d27000 rw-p 00000000 00:00 0                          [stack:10654]
7f8924d27000-7f8924ff0000 r--p 00000000 08:04 1580843                    /usr/lib/locale/locale-archive
7f8924ff0000-7f8924ff3000 ---p 00000000 00:00 0 
7f8924ff3000-7f89250f1000 rw-p 00000000 00:00 0                          [stack:10653]
7f89250f1000-7f89250f4000 ---p 00000000 00:00 0 
7f89250f4000-7f89251f2000 rw-p 00000000 00:00 0                          [stack:10652]
7f89251f2000-7f89251f3000 ---p 00000000 00:00 0 
7f89251f3000-7f8928000000 rw-p 00000000 00:00 0                          [stack:10651]
7f8928000000-7f8928021000 rw-p 00000000 00:00 0 
7f8928021000-7f892c000000 ---p 00000000 00:00 0 
7f892c023000-7f892c225000 rw-p 00000000 00:00 0 
7f892c225000-7f892c3fe000 r--s 03d09000 08:04 2893612                    /usr/lib/jvm/java-8-oracle/jre/lib/rt.jar
7f892c3fe000-7f892cabe000 rw-p 00000000 00:00 0 
7f892cabe000-7f892cbfe000 ---p 00000000 00:00 0 
7f892cbfe000-7f892cdfe000 rw-p 00000000 00:00 0 
7f892cdfe000-7f892cdff000 ---p 00000000 00:00 0 
7f892cdff000-7f892ceff000 rw-p 00000000 00:00 0                          [stack:10650]
7f892ceff000-7f892cf00000 ---p 00000000 00:00 0 
7f892cf00000-7f892d000000 rw-p 00000000 00:00 0                          [stack:10649]
7f892d000000-7f892d730000 rwxp 00000000 00:00 0 
7f892d730000-7f893c000000 ---p 00000000 00:00 0 
7f893c000000-7f893c46f000 rw-p 00000000 00:00 0 
7f893c46f000-7f8940000000 ---p 00000000 00:00 0 
7f894005c000-7f89400d2000 rw-p 00000000 00:00 0 
7f89400d2000-7f89400d3000 ---p 00000000 00:00 0 
7f89400d3000-7f89401d3000 rw-p 00000000 00:00 0                          [stack:10648]
7f89401d3000-7f89401d4000 ---p 00000000 00:00 0 
7f89401d4000-7f89402e9000 rw-p 00000000 00:00 0                          [stack:10647]
7f89402e9000-7f894042a000 ---p 00000000 00:00 0 
7f894042a000-7f894043f000 rw-p 00000000 00:00 0 
7f894043f000-7f894057f000 ---p 00000000 00:00 0 
7f894057f000-7f89405a1000 rw-p 00000000 00:00 0 
7f89405a1000-7f894062a000 ---p 00000000 00:00 0 
7f894062a000-7f8940648000 rw-p 00000000 00:00 0 
7f8940648000-7f89409eb000 ---p 00000000 00:00 0 
7f89409eb000-7f8940a05000 r-xp 00000000 08:04 4462554                    /usr/lib/jvm/java-8-oracle/jre/lib/amd64/libzip.so
7f8940a05000-7f8940c05000 ---p 0001a000 08:04 4462554                    /usr/lib/jvm/java-8-oracle/jre/lib/amd64/libzip.so
7f8940c05000-7f8940c06000 rw-p 0001a000 08:04 4462554                    /usr/lib/jvm/java-8-oracle/jre/lib/amd64/libzip.so
7f8940c06000-7f8940c11000 r-xp 00000000 08:04 3150919                    /lib/x86_64-linux-gnu/libnss_files-2.19.so
7f8940c11000-7f8940e10000 ---p 0000b000 08:04 3150919                    /lib/x86_64-linux-gnu/libnss_files-2.19.so
7f8940e10000-7f8940e11000 r--p 0000a000 08:04 3150919                    /lib/x86_64-linux-gnu/libnss_files-2.19.so
7f8940e11000-7f8940e12000 rw-p 0000b000 08:04 3150919                    /lib/x86_64-linux-gnu/libnss_files-2.19.so
7f8940e12000-7f8940e1d000 r-xp 00000000 08:04 3150939                    /lib/x86_64-linux-gnu/libnss_nis-2.19.so
7f8940e1d000-7f894101c000 ---p 0000b000 08:04 3150939                    /lib/x86_64-linux-gnu/libnss_nis-2.19.so
7f894101c000-7f894101d000 r--p 0000a000 08:04 3150939                    /lib/x86_64-linux-gnu/libnss_nis-2.19.so
7f894101d000-7f894101e000 rw-p 0000b000 08:04 3150939                    /lib/x86_64-linux-gnu/libnss_nis-2.19.so
7f894101e000-7f8941035000 r-xp 00000000 08:04 3150928                    /lib/x86_64-linux-gnu/libnsl-2.19.so
7f8941035000-7f8941234000 ---p 00017000 08:04 3150928                    /lib/x86_64-linux-gnu/libnsl-2.19.so
7f8941234000-7f8941235000 r--p 00016000 08:04 3150928                    /lib/x86_64-linux-gnu/libnsl-2.19.so
7f8941235000-7f8941236000 rw-p 00017000 08:04 3150928                    /lib/x86_64-linux-gnu/libnsl-2.19.so
7f8941236000-7f8941238000 rw-p 00000000 00:00 0 
7f8941238000-7f8941241000 r-xp 00000000 08:04 3150927                    /lib/x86_64-linux-gnu/libnss_compat-2.19.so
7f8941241000-7f8941440000 ---p 00009000 08:04 3150927                    /lib/x86_64-linux-gnu/libnss_compat-2.19.so
7f8941440000-7f8941441000 r--p 00008000 08:04 3150927                    /lib/x86_64-linux-gnu/libnss_compat-2.19.so
7f8941441000-7f8941442000 rw-p 00009000 08:04 3150927                    /lib/x86_64-linux-gnu/libnss_compat-2.19.so
7f8941442000-7f894146c000 r-xp 00000000 08:04 4461799                    /usr/lib/jvm/java-8-oracle/jre/lib/amd64/libjava.so
7f894146c000-7f894166c000 ---p 0002a000 08:04 4461799                    /usr/lib/jvm/java-8-oracle/jre/lib/amd64/libjava.so
7f894166c000-7f894166e000 rw-p 0002a000 08:04 4461799                    /usr/lib/jvm/java-8-oracle/jre/lib/amd64/libjava.so
7f894166e000-7f894167b000 r-xp 00000000 08:04 4462580                    /usr/lib/jvm/java-8-oracle/jre/lib/amd64/libverify.so
7f894167b000-7f894187b000 ---p 0000d000 08:04 4462580                    /usr/lib/jvm/java-8-oracle/jre/lib/amd64/libverify.so
7f894187b000-7f894187d000 rw-p 0000d000 08:04 4462580                    /usr/lib/jvm/java-8-oracle/jre/lib/amd64/libverify.so
7f894187d000-7f8941884000 r-xp 00000000 08:04 3150936                    /lib/x86_64-linux-gnu/librt-2.19.so
7f8941884000-7f8941a83000 ---p 00007000 08:04 3150936                    /lib/x86_64-linux-gnu/librt-2.19.so
7f8941a83000-7f8941a84000 r--p 00006000 08:04 3150936                    /lib/x86_64-linux-gnu/librt-2.19.so
7f8941a84000-7f8941a85000 rw-p 00007000 08:04 3150936                    /lib/x86_64-linux-gnu/librt-2.19.so
7f8941a85000-7f8941b8a000 r-xp 00000000 08:04 3150918                    /lib/x86_64-linux-gnu/libm-2.19.so
7f8941b8a000-7f8941d89000 ---p 00105000 08:04 3150918                    /lib/x86_64-linux-gnu/libm-2.19.so
7f8941d89000-7f8941d8a000 r--p 00104000 08:04 3150918                    /lib/x86_64-linux-gnu/libm-2.19.so
7f8941d8a000-7f8941d8b000 rw-p 00105000 08:04 3150918                    /lib/x86_64-linux-gnu/libm-2.19.so
7f8941d8b000-7f8942a39000 r-xp 00000000 08:04 4723906                    /usr/lib/jvm/java-8-oracle/jre/lib/amd64/server/libjvm.so
7f8942a39000-7f8942c38000 ---p 00cae000 08:04 4723906                    /usr/lib/jvm/java-8-oracle/jre/lib/amd64/server/libjvm.so
7f8942c38000-7f8942d0f000 rw-p 00cad000 08:04 4723906                    /usr/lib/jvm/java-8-oracle/jre/lib/amd64/server/libjvm.so
7f8942d0f000-7f8942d53000 rw-p 00000000 00:00 0 
7f8942d53000-7f8942f0e000 r-xp 00000000 08:04 3150933                    /lib/x86_64-linux-gnu/libc-2.19.so
7f8942f0e000-7f894310d000 ---p 001bb000 08:04 3150933                    /lib/x86_64-linux-gnu/libc-2.19.so
7f894310d000-7f8943111000 r--p 001ba000 08:04 3150933                    /lib/x86_64-linux-gnu/libc-2.19.so
7f8943111000-7f8943113000 rw-p 001be000 08:04 3150933                    /lib/x86_64-linux-gnu/libc-2.19.so
7f8943113000-7f8943118000 rw-p 00000000 00:00 0 
7f8943118000-7f894311b000 r-xp 00000000 08:04 3150922                    /lib/x86_64-linux-gnu/libdl-2.19.so
7f894311b000-7f894331a000 ---p 00003000 08:04 3150922                    /lib/x86_64-linux-gnu/libdl-2.19.so
7f894331a000-7f894331b000 r--p 00002000 08:04 3150922                    /lib/x86_64-linux-gnu/libdl-2.19.so
7f894331b000-7f894331c000 rw-p 00003000 08:04 3150922                    /lib/x86_64-linux-gnu/libdl-2.19.so
7f894331c000-7f8943331000 r-xp 00000000 08:04 4589480                    /usr/lib/jvm/java-8-oracle/jre/lib/amd64/jli/libjli.so
7f8943331000-7f8943531000 ---p 00015000 08:04 4589480                    /usr/lib/jvm/java-8-oracle/jre/lib/amd64/jli/libjli.so
7f8943531000-7f8943532000 rw-p 00015000 08:04 4589480                    /usr/lib/jvm/java-8-oracle/jre/lib/amd64/jli/libjli.so
7f8943532000-7f894354b000 r-xp 00000000 08:04 3150934                    /lib/x86_64-linux-gnu/libpthread-2.19.so
7f894354b000-7f894374a000 ---p 00019000 08:04 3150934                    /lib/x86_64-linux-gnu/libpthread-2.19.so
7f894374a000-7f894374b000 r--p 00018000 08:04 3150934                    /lib/x86_64-linux-gnu/libpthread-2.19.so
7f894374b000-7f894374c000 rw-p 00019000 08:04 3150934                    /lib/x86_64-linux-gnu/libpthread-2.19.so
7f894374c000-7f8943750000 rw-p 00000000 00:00 0 
7f8943750000-7f8943773000 r-xp 00000000 08:04 3150930                    /lib/x86_64-linux-gnu/ld-2.19.so
7f894378e000-7f894378f000 rw-p 00000000 00:00 0 
7f894378f000-7f8943794000 r--s 00094000 08:04 2893606                    /usr/lib/jvm/java-8-oracle/jre/lib/jsse.jar
7f8943794000-7f8943852000 rw-p 00000000 00:00 0 
7f8943852000-7f8943855000 ---p 00000000 00:00 0 
7f8943855000-7f8943957000 rw-p 00000000 00:00 0                          [stack:10646]
7f8943957000-7f8943966000 r--s 000dd000 08:04 1181352                    /home/vikky/Android/Sdk/build-tools/21.1.2/lib/dx.jar
7f8943966000-7f894396e000 rw-s 00000000 08:04 5378540                    /tmp/hsperfdata_vikky/10638
7f894396e000-7f894396f000 rw-p 00000000 00:00 0 
7f894396f000-7f8943970000 ---p 00000000 00:00 0 
7f8943970000-7f8943972000 rw-p 00000000 00:00 0 
7f8943972000-7f8943973000 r--p 00022000 08:04 3150930                    /lib/x86_64-linux-gnu/ld-2.19.so
7f8943973000-7f8943974000 rw-p 00023000 08:04 3150930                    /lib/x86_64-linux-gnu/ld-2.19.so
7f8943974000-7f8943975000 rw-p 00000000 00:00 0 
7fff366f3000-7fff36714000 rw-p 00000000 00:00 0                          [stack]
7fff367fe000-7fff36800000 r-xp 00000000 00:00 0                          [vdso]
ffffffffff600000-ffffffffff601000 r-xp 00000000 00:00 0                  [vsyscall]

VM Arguments:
jvm_args: -Xmx1024M 
java_command: /home/vikky/Android/Sdk/build-tools/21.1.2/lib/dx.jar --dex --no-optimize --output /home/vikky/AndroidStudioProjects/Hisab/app/build/intermediates/dex/debug --input-list=/home/vikky/AndroidStudioProjects/Hisab/app/build/intermediates/tmp/dex/debug/inputList.txt
java_class_path (initial): /home/vikky/Android/Sdk/build-tools/21.1.2/lib/dx.jar
Launcher Type: SUN_STANDARD

Environment Variables:
JAVA_HOME=/usr/lib/jvm/java-8-oracle
PATH=/home/vikky/.rbenv/shims:/usr/local/sbin:/usr/local/bin:/usr/sbin:/usr/bin:/sbin:/bin:/usr/games:/usr/local/games:/usr/lib/jvm/java-8-oracle/bin:/usr/lib/jvm/java-8-oracle/db/bin:/usr/lib/jvm/java-8-oracle/jre/bin
LD_LIBRARY_PATH=./android-studio/bin:
SHELL=/bin/bash
DISPLAY=:0.0

Signal Handlers:
SIGSEGV: [libjvm.so+0xaad1e0], sa_mask[0]=11111111011111111101111111111110, sa_flags=SA_RESTART|SA_SIGINFO
SIGBUS: [libjvm.so+0xaad1e0], sa_mask[0]=11111111011111111101111111111110, sa_flags=SA_RESTART|SA_SIGINFO
SIGFPE: [libjvm.so+0x90b450], sa_mask[0]=11111111011111111101111111111110, sa_flags=SA_RESTART|SA_SIGINFO
SIGPIPE: [libjvm.so+0x90b450], sa_mask[0]=11111111011111111101111111111110, sa_flags=SA_RESTART|SA_SIGINFO
SIGXFSZ: [libjvm.so+0x90b450], sa_mask[0]=11111111011111111101111111111110, sa_flags=SA_RESTART|SA_SIGINFO
SIGILL: [libjvm.so+0x90b450], sa_mask[0]=11111111011111111101111111111110, sa_flags=SA_RESTART|SA_SIGINFO
SIGUSR1: SIG_DFL, sa_mask[0]=00000000000000000000000000000000, sa_flags=none
SIGUSR2: [libjvm.so+0x90ca90], sa_mask[0]=00100000000000000000000000000000, sa_flags=SA_RESTART|SA_SIGINFO
SIGHUP: [libjvm.so+0x90dde0], sa_mask[0]=11111111011111111101111111111110, sa_flags=SA_RESTART|SA_SIGINFO
SIGINT: [libjvm.so+0x90dde0], sa_mask[0]=11111111011111111101111111111110, sa_flags=SA_RESTART|SA_SIGINFO
SIGTERM: [libjvm.so+0x90dde0], sa_mask[0]=11111111011111111101111111111110, sa_flags=SA_RESTART|SA_SIGINFO
SIGQUIT: [libjvm.so+0x90dde0], sa_mask[0]=11111111011111111101111111111110, sa_flags=SA_RESTART|SA_SIGINFO


---------------  S Y S T E M  ---------------

OS:DISTRIB_ID=Ubuntu
DISTRIB_RELEASE=14.04
DISTRIB_CODENAME=trusty
DISTRIB_DESCRIPTION="Linux Lite 2.2"

uname:Linux 3.13.0-24-generic #47-Ubuntu SMP Fri May 2 23:30:00 UTC 2014 x86_64
libc:glibc 2.19 NPTL 2.19 
rlimit: STACK 8192k, CORE 0k, NPROC 30981, NOFILE 4096, AS infinity
load average:26.67 10.38 4.97

/proc/meminfo:
MemTotal:        3994112 kB
MemFree:          101980 kB
Buffers:             508 kB
Cached:           144596 kB
SwapCached:            0 kB
Active:          3578964 kB
Inactive:         135844 kB
Active(anon):    3573044 kB
Inactive(anon):   106856 kB
Active(file):       5920 kB
Inactive(file):    28988 kB
Unevictable:          48 kB
Mlocked:              48 kB
SwapTotal:             0 kB
SwapFree:              0 kB
Dirty:                60 kB
Writeback:             0 kB
AnonPages:       3569984 kB
Mapped:            79248 kB
Shmem:            109964 kB
Slab:              59764 kB
SReclaimable:      28704 kB
SUnreclaim:        31060 kB
KernelStack:        4840 kB
PageTables:        37152 kB
NFS_Unstable:          0 kB
Bounce:                0 kB
WritebackTmp:          0 kB
CommitLimit:     1997056 kB
Committed_AS:    6720072 kB
VmallocTotal:   34359738367 kB
VmallocUsed:      555664 kB
VmallocChunk:   34359170332 kB
HardwareCorrupted:     0 kB
AnonHugePages:    430080 kB
HugePages_Total:       0
HugePages_Free:        0
HugePages_Rsvd:        0
HugePages_Surp:        0
Hugepagesize:       2048 kB
DirectMap4k:       84224 kB
DirectMap2M:     4057088 kB


CPU:total 4 (2 cores per cpu, 2 threads per core) family 6 model 42 stepping 7, cmov, cx8, fxsr, mmx, sse, sse2, sse3, ssse3, sse4.1, sse4.2, popcnt, avx, clmul, ht, tsc, tscinvbit

/proc/cpuinfo:
processor	: 0
vendor_id	: GenuineIntel
cpu family	: 6
model		: 42
model name	: Intel(R) Core(TM) i3-2350M CPU @ 2.30GHz
stepping	: 7
microcode	: 0x1b
cpu MHz		: 2300.000
cache size	: 3072 KB
physical id	: 0
siblings	: 4
core id		: 0
cpu cores	: 2
apicid		: 0
initial apicid	: 0
fpu		: yes
fpu_exception	: yes
cpuid level	: 13
wp		: yes
flags		: fpu vme de pse tsc msr pae mce cx8 apic sep mtrr pge mca cmov pat pse36 clflush dts acpi mmx fxsr sse sse2 ss ht tm pbe syscall nx rdtscp lm constant_tsc arch_perfmon pebs bts rep_good nopl xtopology nonstop_tsc aperfmperf eagerfpu pni pclmulqdq dtes64 monitor ds_cpl vmx est tm2 ssse3 cx16 xtpr pdcm pcid sse4_1 sse4_2 x2apic popcnt tsc_deadline_timer xsave avx lahf_lm arat epb xsaveopt pln pts dtherm tpr_shadow vnmi flexpriority ept vpid
bogomips	: 4589.97
clflush size	: 64
cache_alignment	: 64
address sizes	: 36 bits physical, 48 bits virtual
power management:

processor	: 1
vendor_id	: GenuineIntel
cpu family	: 6
model		: 42
model name	: Intel(R) Core(TM) i3-2350M CPU @ 2.30GHz
stepping	: 7
microcode	: 0x1b
cpu MHz		: 800.000
cache size	: 3072 KB
physical id	: 0
siblings	: 4
core id		: 0
cpu cores	: 2
apicid		: 1
initial apicid	: 1
fpu		: yes
fpu_exception	: yes
cpuid level	: 13
wp		: yes
flags		: fpu vme de pse tsc msr pae mce cx8 apic sep mtrr pge mca cmov pat pse36 clflush dts acpi mmx fxsr sse sse2 ss ht tm pbe syscall nx rdtscp lm constant_tsc arch_perfmon pebs bts rep_good nopl xtopology nonstop_tsc aperfmperf eagerfpu pni pclmulqdq dtes64 monitor ds_cpl vmx est tm2 ssse3 cx16 xtpr pdcm pcid sse4_1 sse4_2 x2apic popcnt tsc_deadline_timer xsave avx lahf_lm arat epb xsaveopt pln pts dtherm tpr_shadow vnmi flexpriority ept vpid
bogomips	: 4589.97
clflush size	: 64
cache_alignment	: 64
address sizes	: 36 bits physical, 48 bits virtual
power management:

processor	: 2
vendor_id	: GenuineIntel
cpu family	: 6
model		: 42
model name	: Intel(R) Core(TM) i3-2350M CPU @ 2.30GHz
stepping	: 7
microcode	: 0x1b
cpu MHz		: 2300.000
cache size	: 3072 KB
physical id	: 0
siblings	: 4
core id		: 1
cpu cores	: 2
apicid		: 2
initial apicid	: 2
fpu		: yes
fpu_exception	: yes
cpuid level	: 13
wp		: yes
flags		: fpu vme de pse tsc msr pae mce cx8 apic sep mtrr pge mca cmov pat pse36 clflush dts acpi mmx fxsr sse sse2 ss ht tm pbe syscall nx rdtscp lm constant_tsc arch_perfmon pebs bts rep_good nopl xtopology nonstop_tsc aperfmperf eagerfpu pni pclmulqdq dtes64 monitor ds_cpl vmx est tm2 ssse3 cx16 xtpr pdcm pcid sse4_1 sse4_2 x2apic popcnt tsc_deadline_timer xsave avx lahf_lm arat epb xsaveopt pln pts dtherm tpr_shadow vnmi flexpriority ept vpid
bogomips	: 4589.97
clflush size	: 64
cache_alignment	: 64
address sizes	: 36 bits physical, 48 bits virtual
power management:

processor	: 3
vendor_id	: GenuineIntel
cpu family	: 6
model		: 42
model name	: Intel(R) Core(TM) i3-2350M CPU @ 2.30GHz
stepping	: 7
microcode	: 0x1b
cpu MHz		: 2300.000
cache size	: 3072 KB
physical id	: 0
siblings	: 4
core id		: 1
cpu cores	: 2
apicid		: 3
initial apicid	: 3
fpu		: yes
fpu_exception	: yes
cpuid level	: 13
wp		: yes
flags		: fpu vme de pse tsc msr pae mce cx8 apic sep mtrr pge mca cmov pat pse36 clflush dts acpi mmx fxsr sse sse2 ss ht tm pbe syscall nx rdtscp lm constant_tsc arch_perfmon pebs bts rep_good nopl xtopology nonstop_tsc aperfmperf eagerfpu pni pclmulqdq dtes64 monitor ds_cpl vmx est tm2 ssse3 cx16 xtpr pdcm pcid sse4_1 sse4_2 x2apic popcnt tsc_deadline_timer xsave avx lahf_lm arat epb xsaveopt pln pts dtherm tpr_shadow vnmi flexpriority ept vpid
bogomips	: 4589.97
clflush size	: 64
cache_alignment	: 64
address sizes	: 36 bits physical, 48 bits virtual
power management:



Memory: 4k page, physical 3994112k(101980k free), swap 0k(0k free)

vm_info: Java HotSpot(TM) 64-Bit Server VM (25.45-b02) for linux-amd64 JRE (1.8.0_45-b14), built on Apr 10 2015 10:07:45 by "java_re" with gcc 4.3.0 20080428 (Red Hat 4.3.0-8)

time: Mon Aug 24 12:24:54 2015
elapsed time: 81 seconds (0d 0h 1m 21s)

