#
# There is insufficient memory for the Java Runtime Environment to continue.
# Native memory allocation (mmap) failed to map 97517568 bytes for committing reserved memory.
# Possible reasons:
#   The system is out of physical RAM or swap space
#   In 32 bit mode, the process size limit was hit
# Possible solutions:
#   Reduce memory load on the system
#   Increase physical memory or swap space
#   Check if swap backing store is full
#   Use 64 bit Java on a 64 bit OS
#   Decrease Java heap size (-Xmx/-Xms)
#   Decrease number of Java threads
#   Decrease Java thread stack sizes (-Xss)
#   Set larger code cache with -XX:ReservedCodeCacheSize=
# This output file may be truncated or incomplete.
#
#  Out of Memory Error (os_linux.cpp:2673), pid=16560, tid=140723075671808
#
# JRE version: Java(TM) SE Runtime Environment (8.0_45-b14) (build 1.8.0_45-b14)
# Java VM: Java HotSpot(TM) 64-Bit Server VM (25.45-b02 mixed mode linux-amd64 compressed oops)
# Failed to write core dump. Core dumps have been disabled. To enable core dumping, try "ulimit -c unlimited" before starting Java again
#

---------------  T H R E A D  ---------------

Current thread (0x00007ffcb413e800):  VMThread [stack: 0x00007ffca4dfe000,0x00007ffca4eff000] [id=16573]

Stack: [0x00007ffca4dfe000,0x00007ffca4eff000],  sp=0x00007ffca4efd0e0,  free space=1020k
Native frames: (J=compiled Java code, j=interpreted, Vv=VM code, C=native code)
V  [libjvm.so+0xaac99a]  VMError::report_and_die()+0x2ba
V  [libjvm.so+0x4f333b]  report_vm_out_of_memory(char const*, int, unsigned long, VMErrorType, char const*)+0x8b
V  [libjvm.so+0x90e7c3]  os::Linux::commit_memory_impl(char*, unsigned long, bool)+0x103
V  [libjvm.so+0x90ed19]  os::pd_commit_memory(char*, unsigned long, unsigned long, bool)+0x29
V  [libjvm.so+0x90867a]  os::commit_memory(char*, unsigned long, unsigned long, bool)+0x2a
V  [libjvm.so+0x97bac3]  PSVirtualSpace::expand_by(unsigned long)+0x53
V  [libjvm.so+0x97cec8]  PSYoungGen::resize_generation(unsigned long, unsigned long)+0xf8
V  [libjvm.so+0x97c022]  PSYoungGen::resize(unsigned long, unsigned long)+0x22
V  [libjvm.so+0x9792fb]  PSScavenge::invoke_no_policy()+0xf7b
V  [libjvm.so+0x979a81]  PSScavenge::invoke()+0x41
V  [libjvm.so+0x932050]  ParallelScavengeHeap::failed_mem_allocate(unsigned long)+0x70
V  [libjvm.so+0xaae1d7]  VM_ParallelGCFailedAllocation::doit()+0x97
V  [libjvm.so+0xab59c5]  VM_Operation::evaluate()+0x55
V  [libjvm.so+0xab3d9a]  VMThread::evaluate_operation(VM_Operation*)+0xba
V  [libjvm.so+0xab411e]  VMThread::loop()+0x1ce
V  [libjvm.so+0xab4590]  VMThread::run()+0x70
V  [libjvm.so+0x910de8]  java_start(Thread*)+0x108

VM_Operation (0x00007ffcbd59a190): ParallelGCFailedAllocation, mode: safepoint, requested by thread 0x00007ffcb4009800


---------------  P R O C E S S  ---------------

Java Threads: ( => current thread )
  0x00007ffcb4189000 JavaThread "Service Thread" daemon [_thread_blocked, id=16580, stack(0x00007ffca442e000,0x00007ffca452f000)]
  0x00007ffcb4183800 JavaThread "C1 CompilerThread2" daemon [_thread_blocked, id=16579, stack(0x00007ffca452f000,0x00007ffca4630000)]
  0x00007ffcb4182000 JavaThread "C2 CompilerThread1" daemon [_thread_blocked, id=16578, stack(0x00007ffca4630000,0x00007ffca4731000)]
  0x00007ffcb417f000 JavaThread "C2 CompilerThread0" daemon [_thread_blocked, id=16577, stack(0x00007ffca4731000,0x00007ffca4832000)]
  0x00007ffcb417d800 JavaThread "Signal Dispatcher" daemon [_thread_blocked, id=16576, stack(0x00007ffca4832000,0x00007ffca4933000)]
  0x00007ffcb4146000 JavaThread "Finalizer" daemon [_thread_blocked, id=16575, stack(0x00007ffca4bfc000,0x00007ffca4cfd000)]
  0x00007ffcb4143800 JavaThread "Reference Handler" daemon [_thread_blocked, id=16574, stack(0x00007ffca4cfd000,0x00007ffca4dfe000)]
  0x00007ffcb4009800 JavaThread "main" [_thread_blocked, id=16568, stack(0x00007ffcbd49b000,0x00007ffcbd59c000)]

Other Threads:
=>0x00007ffcb413e800 VMThread [stack: 0x00007ffca4dfe000,0x00007ffca4eff000] [id=16573]
  0x00007ffcb418b800 WatcherThread [stack: 0x00007ffca432d000,0x00007ffca442e000] [id=16581]

VM state:at safepoint (normal execution)

VM Mutex/Monitor currently owned by a thread:  ([mutex/lock_event])
[0x00007ffcb4005ff0] Threads_lock - owner thread: 0x00007ffcb413e800
[0x00007ffcb40064f0] Heap_lock - owner thread: 0x00007ffcb4009800

Heap:
 PSYoungGen      total 66048K, used 2557K [0x00000000eab00000, 0x00000000eee00000, 0x0000000100000000)
  eden space 63488K, 0% used [0x00000000eab00000,0x00000000eab00000,0x00000000ee900000)
  from space 2560K, 99% used [0x00000000ee900000,0x00000000eeb7f5d8,0x00000000eeb80000)
  to   space 2560K, 0% used [0x00000000eeb80000,0x00000000eeb80000,0x00000000eee00000)
 ParOldGen       total 42496K, used 34342K [0x00000000c0000000, 0x00000000c2980000, 0x00000000eab00000)
  object space 42496K, 80% used [0x00000000c0000000,0x00000000c2189840,0x00000000c2980000)
 Metaspace       used 6575K, capacity 7256K, committed 7424K, reserved 1056768K
  class space    used 653K, capacity 656K, committed 768K, reserved 1048576K

Card table byte_map: [0x00007ffcba072000,0x00007ffcba273000] byte_map_base: 0x00007ffcb9a72000

Marking Bits: (ParMarkBitMap*) 0x00007ffcbc970760
 Begin Bits: [0x00007ffc96000000, 0x00007ffc97000000)
 End Bits:   [0x00007ffc97000000, 0x00007ffc98000000)

Polling page: 0x00007ffcbd5b8000

CodeCache: size=245760Kb used=5734Kb max_used=5740Kb free=240025Kb
 bounds [0x00007ffca5000000, 0x00007ffca55b0000, 0x00007ffcb4000000]
 total_blobs=2092 nmethods=1800 adapters=206
 compilation: enabled

Compilation events (10 events):
Event: 1.748 Thread 0x00007ffcb4183800 1809       3       com.android.dx.io.instructions.InstructionCodec$9::decode (37 bytes)
Event: 1.748 Thread 0x00007ffcb417f000 nmethod 1805 0x00007ffca559afd0 code [0x00007ffca559b120, 0x00007ffca559b3b8]
Event: 1.749 Thread 0x00007ffcb4183800 nmethod 1809 0x00007ffca559e5d0 code [0x00007ffca559e7a0, 0x00007ffca559ef18]
Event: 1.749 Thread 0x00007ffcb4183800 1811       3       com.android.dx.io.instructions.DecodedInstruction::getBUnit (46 bytes)
Event: 1.750 Thread 0x00007ffcb4183800 nmethod 1811 0x00007ffca559f410 code [0x00007ffca559f620, 0x00007ffca559ff58]
Event: 1.750 Thread 0x00007ffcb4183800 1812       3       com.android.dx.io.instructions.InstructionCodec$9::encode (22 bytes)
Event: 1.750 Thread 0x00007ffcb4182000 nmethod 1786 0x00007ffca558b7d0 code [0x00007ffca558b940, 0x00007ffca558bb78]
Event: 1.750 Thread 0x00007ffcb4183800 nmethod 1812 0x00007ffca55a0d50 code [0x00007ffca55a0f20, 0x00007ffca55a18a8]
Event: 1.751 Thread 0x00007ffcb4183800 1810       3       com.android.dx.io.instructions.FiveRegisterDecodedInstruction::withIndex (49 bytes)
Event: 1.751 Thread 0x00007ffcb4183800 nmethod 1810 0x00007ffca559dd90 code [0x00007ffca559df20, 0x00007ffca559e4c8]

GC Heap History (9 events):
Event: 0.600 GC heap before
{Heap before GC invocations=1 (full 0):
 PSYoungGen      total 18432K, used 15767K [0x00000000eab00000, 0x00000000ebf80000, 0x0000000100000000)
  eden space 15872K, 99% used [0x00000000eab00000,0x00000000eba65fe0,0x00000000eba80000)
  from space 2560K, 0% used [0x00000000ebd00000,0x00000000ebd00000,0x00000000ebf80000)
  to   space 2560K, 0% used [0x00000000eba80000,0x00000000eba80000,0x00000000ebd00000)
 ParOldGen       total 42496K, used 0K [0x00000000c0000000, 0x00000000c2980000, 0x00000000eab00000)
  object space 42496K, 0% used [0x00000000c0000000,0x00000000c0000000,0x00000000c2980000)
 Metaspace       used 4911K, capacity 6352K, committed 6528K, reserved 1056768K
  class space    used 498K, capacity 584K, committed 640K, reserved 1048576K
Event: 0.612 GC heap after
Heap after GC invocations=1 (full 0):
 PSYoungGen      total 18432K, used 2532K [0x00000000eab00000, 0x00000000ecf00000, 0x0000000100000000)
  eden space 15872K, 0% used [0x00000000eab00000,0x00000000eab00000,0x00000000eba80000)
  from space 2560K, 98% used [0x00000000eba80000,0x00000000ebcf9120,0x00000000ebd00000)
  to   space 2560K, 0% used [0x00000000ecc80000,0x00000000ecc80000,0x00000000ecf00000)
 ParOldGen       total 42496K, used 3730K [0x00000000c0000000, 0x00000000c2980000, 0x00000000eab00000)
  object space 42496K, 8% used [0x00000000c0000000,0x00000000c03a4980,0x00000000c2980000)
 Metaspace       used 4911K, capacity 6352K, committed 6528K, reserved 1056768K
  class space    used 498K, capacity 584K, committed 640K, reserved 1048576K
}
Event: 1.038 GC heap before
{Heap before GC invocations=2 (full 0):
 PSYoungGen      total 18432K, used 18065K [0x00000000eab00000, 0x00000000ecf00000, 0x0000000100000000)
  eden space 15872K, 97% used [0x00000000eab00000,0x00000000eba2b570,0x00000000eba80000)
  from space 2560K, 98% used [0x00000000eba80000,0x00000000ebcf9120,0x00000000ebd00000)
  to   space 2560K, 0% used [0x00000000ecc80000,0x00000000ecc80000,0x00000000ecf00000)
 ParOldGen       total 42496K, used 3730K [0x00000000c0000000, 0x00000000c2980000, 0x00000000eab00000)
  object space 42496K, 8% used [0x00000000c0000000,0x00000000c03a4980,0x00000000c2980000)
 Metaspace       used 6462K, capacity 7192K, committed 7424K, reserved 1056768K
  class space    used 652K, capacity 656K, committed 768K, reserved 1048576K
Event: 1.047 GC heap after
Heap after GC invocations=2 (full 0):
 PSYoungGen      total 34304K, used 2539K [0x00000000eab00000, 0x00000000ecf00000, 0x0000000100000000)
  eden space 31744K, 0% used [0x00000000eab00000,0x00000000eab00000,0x00000000eca00000)
  from space 2560K, 99% used [0x00000000ecc80000,0x00000000ecefada0,0x00000000ecf00000)
  to   space 2560K, 0% used [0x00000000eca00000,0x00000000eca00000,0x00000000ecc80000)
 ParOldGen       total 42496K, used 6804K [0x00000000c0000000, 0x00000000c2980000, 0x00000000eab00000)
  object space 42496K, 16% used [0x00000000c0000000,0x00000000c06a51b0,0x00000000c2980000)
 Metaspace       used 6462K, capacity 7192K, committed 7424K, reserved 1056768K
  class space    used 652K, capacity 656K, committed 768K, reserved 1048576K
}
Event: 1.370 GC heap before
{Heap before GC invocations=3 (full 0):
 PSYoungGen      total 34304K, used 34283K [0x00000000eab00000, 0x00000000ecf00000, 0x0000000100000000)
  eden space 31744K, 100% used [0x00000000eab00000,0x00000000eca00000,0x00000000eca00000)
  from space 2560K, 99% used [0x00000000ecc80000,0x00000000ecefada0,0x00000000ecf00000)
  to   space 2560K, 0% used [0x00000000eca00000,0x00000000eca00000,0x00000000ecc80000)
 ParOldGen       total 42496K, used 6804K [0x00000000c0000000, 0x00000000c2980000, 0x00000000eab00000)
  object space 42496K, 16% used [0x00000000c0000000,0x00000000c06a51b0,0x00000000c2980000)
 Metaspace       used 6528K, capacity 7256K, committed 7424K, reserved 1056768K
  class space    used 652K, capacity 656K, committed 768K, reserved 1048576K
Event: 1.408 GC heap after
Heap after GC invocations=3 (full 0):
 PSYoungGen      total 34304K, used 2542K [0x00000000eab00000, 0x00000000eee00000, 0x0000000100000000)
  eden space 31744K, 0% used [0x00000000eab00000,0x00000000eab00000,0x00000000eca00000)
  from space 2560K, 99% used [0x00000000eca00000,0x00000000ecc7b9f8,0x00000000ecc80000)
  to   space 2560K, 0% used [0x00000000eeb80000,0x00000000eeb80000,0x00000000eee00000)
 ParOldGen       total 42496K, used 14241K [0x00000000c0000000, 0x00000000c2980000, 0x00000000eab00000)
  object space 42496K, 33% used [0x00000000c0000000,0x00000000c0de87e0,0x00000000c2980000)
 Metaspace       used 6528K, capacity 7256K, committed 7424K, reserved 1056768K
  class space    used 652K, capacity 656K, committed 768K, reserved 1048576K
}
Event: 1.511 GC heap before
{Heap before GC invocations=4 (full 0):
 PSYoungGen      total 34304K, used 34286K [0x00000000eab00000, 0x00000000eee00000, 0x0000000100000000)
  eden space 31744K, 100% used [0x00000000eab00000,0x00000000eca00000,0x00000000eca00000)
  from space 2560K, 99% used [0x00000000eca00000,0x00000000ecc7b9f8,0x00000000ecc80000)
  to   space 2560K, 0% used [0x00000000eeb80000,0x00000000eeb80000,0x00000000eee00000)
 ParOldGen       total 42496K, used 14241K [0x00000000c0000000, 0x00000000c2980000, 0x00000000eab00000)
  object space 42496K, 33% used [0x00000000c0000000,0x00000000c0de87e0,0x00000000c2980000)
 Metaspace       used 6555K, capacity 7256K, committed 7424K, reserved 1056768K
  class space    used 653K, capacity 656K, committed 768K, reserved 1048576K
Event: 1.523 GC heap after
Heap after GC invocations=4 (full 0):
 PSYoungGen      total 66048K, used 2548K [0x00000000eab00000, 0x00000000eee00000, 0x0000000100000000)
  eden space 63488K, 0% used [0x00000000eab00000,0x00000000eab00000,0x00000000ee900000)
  from space 2560K, 99% used [0x00000000eeb80000,0x00000000eedfd120,0x00000000eee00000)
  to   space 2560K, 0% used [0x00000000ee900000,0x00000000ee900000,0x00000000eeb80000)
 ParOldGen       total 42496K, used 17065K [0x00000000c0000000, 0x00000000c2980000, 0x00000000eab00000)
  object space 42496K, 40% used [0x00000000c0000000,0x00000000c10aa788,0x00000000c2980000)
 Metaspace       used 6555K, capacity 7256K, committed 7424K, reserved 1056768K
  class space    used 653K, capacity 656K, committed 768K, reserved 1048576K
}
Event: 1.752 GC heap before
{Heap before GC invocations=5 (full 0):
 PSYoungGen      total 66048K, used 66036K [0x00000000eab00000, 0x00000000eee00000, 0x0000000100000000)
  eden space 63488K, 100% used [0x00000000eab00000,0x00000000ee900000,0x00000000ee900000)
  from space 2560K, 99% used [0x00000000eeb80000,0x00000000eedfd120,0x00000000eee00000)
  to   space 2560K, 0% used [0x00000000ee900000,0x00000000ee900000,0x00000000eeb80000)
 ParOldGen       total 42496K, used 17065K [0x00000000c0000000, 0x00000000c2980000, 0x00000000eab00000)
  object space 42496K, 40% used [0x00000000c0000000,0x00000000c10aa788,0x00000000c2980000)
 Metaspace       used 6575K, capacity 7256K, committed 7424K, reserved 1056768K
  class space    used 653K, capacity 656K, committed 768K, reserved 1048576K

Deoptimization events (10 events):
Event: 0.804 Thread 0x00007ffcb4009800 Uncommon trap: reason=class_check action=maybe_recompile pc=0x00007ffca534b43c method=java.util.HashMap.putVal(ILjava/lang/Object;Ljava/lang/Object;ZZ)Ljava/lang/Object; @ 56
Event: 0.838 Thread 0x00007ffcb4009800 Uncommon trap: reason=class_check action=maybe_recompile pc=0x00007ffca53b534c method=com.android.dex.Leb128.writeUnsignedLeb128(Lcom/android/dex/util/ByteOutput;I)V @ 40
Event: 0.838 Thread 0x00007ffcb4009800 Uncommon trap: reason=class_check action=maybe_recompile pc=0x00007ffca53b534c method=com.android.dex.Leb128.writeUnsignedLeb128(Lcom/android/dex/util/ByteOutput;I)V @ 40
Event: 0.838 Thread 0x00007ffcb4009800 Uncommon trap: reason=class_check action=maybe_recompile pc=0x00007ffca53b534c method=com.android.dex.Leb128.writeUnsignedLeb128(Lcom/android/dex/util/ByteOutput;I)V @ 40
Event: 0.838 Thread 0x00007ffcb4009800 Uncommon trap: reason=class_check action=maybe_recompile pc=0x00007ffca53b534c method=com.android.dex.Leb128.writeUnsignedLeb128(Lcom/android/dex/util/ByteOutput;I)V @ 40
Event: 0.884 Thread 0x00007ffcb4009800 Uncommon trap: reason=unstable_if action=reinterpret pc=0x00007ffca53d42d0 method=java.util.HashMap.putVal(ILjava/lang/Object;Ljava/lang/Object;ZZ)Ljava/lang/Object; @ 162
Event: 0.894 Thread 0x00007ffcb4009800 Uncommon trap: reason=predicate action=maybe_recompile pc=0x00007ffca54026dc method=com.android.dex.Leb128.writeUnsignedLeb128(Lcom/android/dex/util/ByteOutput;I)V @ 9
Event: 0.972 Thread 0x00007ffcb4009800 Uncommon trap: reason=predicate action=maybe_recompile pc=0x00007ffca54734d4 method=com.android.dex.Leb128.readUnsignedLeb128(Lcom/android/dex/util/ByteInput;)I @ 41
Event: 1.430 Thread 0x00007ffcb4009800 Uncommon trap: reason=unstable_if action=reinterpret pc=0x00007ffca5416928 method=java.util.HashMap.getNode(ILjava/lang/Object;)Ljava/util/HashMap$Node; @ 84
Event: 1.430 Thread 0x00007ffcb4009800 Uncommon trap: reason=unstable_if action=reinterpret pc=0x00007ffca535261c method=java.util.HashMap.getNode(ILjava/lang/Object;)Ljava/util/HashMap$Node; @ 84

Internal exceptions (2 events):
Event: 0.044 Thread 0x00007ffcb4009800 Exception <a 'java/lang/NoSuchMethodError': Method sun.misc.Unsafe.defineClass(Ljava/lang/String;[BII)Ljava/lang/Class; name or signature does not match> (0x00000000eab12a38) thrown at [/RE-WORK/workspace/8-2-build-linux-amd64/jdk8u45/3457/hotspot/src/sha
Event: 0.045 Thread 0x00007ffcb4009800 Exception <a 'java/lang/NoSuchMethodError': Method sun.misc.Unsafe.prefetchRead(Ljava/lang/Object;J)V name or signature does not match> (0x00000000eab12cc8) thrown at [/RE-WORK/workspace/8-2-build-linux-amd64/jdk8u45/3457/hotspot/src/share/vm/prims/jni.cp

Events (10 events):
Event: 1.679 Thread 0x00007ffcb4009800 DEOPT UNPACKING pc=0x00007ffca5047633 sp=0x00007ffcbd59a260 mode 0
Event: 1.690 Thread 0x00007ffcb4009800 DEOPT PACKING pc=0x00007ffca5334610 sp=0x00007ffcbd59a350
Event: 1.690 Thread 0x00007ffcb4009800 DEOPT UNPACKING pc=0x00007ffca5047633 sp=0x00007ffcbd59a060 mode 0
Event: 1.693 Thread 0x00007ffcb4009800 DEOPT PACKING pc=0x00007ffca551c0b9 sp=0x00007ffcbd59a4c0
Event: 1.693 Thread 0x00007ffcb4009800 DEOPT UNPACKING pc=0x00007ffca5047633 sp=0x00007ffcbd59a260 mode 0
Event: 1.700 Thread 0x00007ffcb4009800 DEOPT PACKING pc=0x00007ffca5334610 sp=0x00007ffcbd59a350
Event: 1.700 Thread 0x00007ffcb4009800 DEOPT UNPACKING pc=0x00007ffca5047633 sp=0x00007ffcbd59a060 mode 0
Event: 1.702 Thread 0x00007ffcb4009800 DEOPT PACKING pc=0x00007ffca5334610 sp=0x00007ffcbd59a320
Event: 1.702 Thread 0x00007ffcb4009800 DEOPT UNPACKING pc=0x00007ffca5047633 sp=0x00007ffcbd59a030 mode 0
Event: 1.752 Executing VM operation: ParallelGCFailedAllocation


Dynamic libraries:
00400000-00401000 r-xp 00000000 08:04 4986776                            /usr/lib/jvm/java-8-oracle/jre/bin/java
00600000-00601000 rw-p 00000000 08:04 4986776                            /usr/lib/jvm/java-8-oracle/jre/bin/java
00b85000-00ba6000 rw-p 00000000 00:00 0                                  [heap]
c0000000-c2980000 rw-p 00000000 00:00 0 
c2980000-eab00000 ---p 00000000 00:00 0 
eab00000-eee00000 rw-p 00000000 00:00 0 
f4b00000-100000000 ---p 00000000 00:00 0 
100000000-1000c0000 rw-p 00000000 00:00 0 
1000c0000-140000000 ---p 00000000 00:00 0 
7ffc68000000-7ffc68021000 rw-p 00000000 00:00 0 
7ffc68021000-7ffc6c000000 ---p 00000000 00:00 0 
7ffc70000000-7ffc70488000 rw-p 00000000 00:00 0 
7ffc70488000-7ffc74000000 ---p 00000000 00:00 0 
7ffc74000000-7ffc74021000 rw-p 00000000 00:00 0 
7ffc74021000-7ffc78000000 ---p 00000000 00:00 0 
7ffc78000000-7ffc78577000 rw-p 00000000 00:00 0 
7ffc78577000-7ffc7c000000 ---p 00000000 00:00 0 
7ffc7c000000-7ffc7c439000 rw-p 00000000 00:00 0 
7ffc7c439000-7ffc80000000 ---p 00000000 00:00 0 
7ffc80000000-7ffc80021000 rw-p 00000000 00:00 0 
7ffc80021000-7ffc84000000 ---p 00000000 00:00 0 
7ffc84000000-7ffc84021000 rw-p 00000000 00:00 0 
7ffc84021000-7ffc88000000 ---p 00000000 00:00 0 
7ffc88000000-7ffc8828a000 rw-p 00000000 00:00 0 
7ffc8828a000-7ffc8c000000 ---p 00000000 00:00 0 
7ffc8c000000-7ffc8c021000 rw-p 00000000 00:00 0 
7ffc8c021000-7ffc90000000 ---p 00000000 00:00 0 
7ffc90000000-7ffc90021000 rw-p 00000000 00:00 0 
7ffc90021000-7ffc94000000 ---p 00000000 00:00 0 
7ffc96000000-7ffc98000000 rw-p 00000000 00:00 0 
7ffc98000000-7ffc98021000 rw-p 00000000 00:00 0 
7ffc98021000-7ffc9c000000 ---p 00000000 00:00 0 
7ffc9c000000-7ffc9c021000 rw-p 00000000 00:00 0 
7ffc9c021000-7ffca0000000 ---p 00000000 00:00 0 
7ffca0000000-7ffca0021000 rw-p 00000000 00:00 0 
7ffca0021000-7ffca4000000 ---p 00000000 00:00 0 
7ffca432d000-7ffca432e000 ---p 00000000 00:00 0 
7ffca432e000-7ffca442e000 rw-p 00000000 00:00 0                          [stack:16581]
7ffca442e000-7ffca4431000 ---p 00000000 00:00 0 
7ffca4431000-7ffca452f000 rw-p 00000000 00:00 0                          [stack:16580]
7ffca452f000-7ffca4532000 ---p 00000000 00:00 0 
7ffca4532000-7ffca4630000 rw-p 00000000 00:00 0                          [stack:16579]
7ffca4630000-7ffca4633000 ---p 00000000 00:00 0 
7ffca4633000-7ffca4731000 rw-p 00000000 00:00 0                          [stack:16578]
7ffca4731000-7ffca4734000 ---p 00000000 00:00 0 
7ffca4734000-7ffca4832000 rw-p 00000000 00:00 0                          [stack:16577]
7ffca4832000-7ffca4835000 ---p 00000000 00:00 0 
7ffca4835000-7ffca4933000 rw-p 00000000 00:00 0                          [stack:16576]
7ffca4933000-7ffca4bfc000 r--p 00000000 08:04 1580843                    /usr/lib/locale/locale-archive
7ffca4bfc000-7ffca4bff000 ---p 00000000 00:00 0 
7ffca4bff000-7ffca4cfd000 rw-p 00000000 00:00 0                          [stack:16575]
7ffca4cfd000-7ffca4d00000 ---p 00000000 00:00 0 
7ffca4d00000-7ffca4dfe000 rw-p 00000000 00:00 0                          [stack:16574]
7ffca4dfe000-7ffca4dff000 ---p 00000000 00:00 0 
7ffca4dff000-7ffca5000000 rw-p 00000000 00:00 0                          [stack:16573]
7ffca5000000-7ffca55b0000 rwxp 00000000 00:00 0 
7ffca55b0000-7ffcb4000000 ---p 00000000 00:00 0 
7ffcb4000000-7ffcb445f000 rw-p 00000000 00:00 0 
7ffcb445f000-7ffcb8000000 ---p 00000000 00:00 0 
7ffcb80bb000-7ffcb8ec9000 rw-p 00000000 00:00 0 
7ffcb8ec9000-7ffcb90a2000 r--s 03d09000 08:04 2893612                    /usr/lib/jvm/java-8-oracle/jre/lib/rt.jar
7ffcb90a2000-7ffcb9798000 rw-p 00000000 00:00 0 
7ffcb9798000-7ffcb9918000 ---p 00000000 00:00 0 
7ffcb9918000-7ffcb9b18000 rw-p 00000000 00:00 0 
7ffcb9b18000-7ffcb9b19000 ---p 00000000 00:00 0 
7ffcb9b19000-7ffcb9c19000 rw-p 00000000 00:00 0                          [stack:16572]
7ffcb9c19000-7ffcb9c1a000 ---p 00000000 00:00 0 
7ffcb9c1a000-7ffcb9d1a000 rw-p 00000000 00:00 0                          [stack:16571]
7ffcb9d1a000-7ffcb9d1b000 ---p 00000000 00:00 0 
7ffcb9d1b000-7ffcb9e1b000 rw-p 00000000 00:00 0                          [stack:16570]
7ffcb9e1b000-7ffcb9e1c000 ---p 00000000 00:00 0 
7ffcb9e1c000-7ffcb9f31000 rw-p 00000000 00:00 0                          [stack:16569]
7ffcb9f31000-7ffcba072000 ---p 00000000 00:00 0 
7ffcba072000-7ffcba087000 rw-p 00000000 00:00 0 
7ffcba087000-7ffcba1c7000 ---p 00000000 00:00 0 
7ffcba1c7000-7ffcba1e9000 rw-p 00000000 00:00 0 
7ffcba1e9000-7ffcba272000 ---p 00000000 00:00 0 
7ffcba272000-7ffcba28a000 rw-p 00000000 00:00 0 
7ffcba28a000-7ffcba633000 ---p 00000000 00:00 0 
7ffcba633000-7ffcba64d000 r-xp 00000000 08:04 4462554                    /usr/lib/jvm/java-8-oracle/jre/lib/amd64/libzip.so
7ffcba64d000-7ffcba84d000 ---p 0001a000 08:04 4462554                    /usr/lib/jvm/java-8-oracle/jre/lib/amd64/libzip.so
7ffcba84d000-7ffcba84e000 rw-p 0001a000 08:04 4462554                    /usr/lib/jvm/java-8-oracle/jre/lib/amd64/libzip.so
7ffcba84e000-7ffcba859000 r-xp 00000000 08:04 3150469                    /lib/x86_64-linux-gnu/libnss_files-2.19.so
7ffcba859000-7ffcbaa58000 ---p 0000b000 08:04 3150469                    /lib/x86_64-linux-gnu/libnss_files-2.19.so
7ffcbaa58000-7ffcbaa59000 r--p 0000a000 08:04 3150469                    /lib/x86_64-linux-gnu/libnss_files-2.19.so
7ffcbaa59000-7ffcbaa5a000 rw-p 0000b000 08:04 3150469                    /lib/x86_64-linux-gnu/libnss_files-2.19.so
7ffcbaa5a000-7ffcbaa65000 r-xp 00000000 08:04 3150466                    /lib/x86_64-linux-gnu/libnss_nis-2.19.so
7ffcbaa65000-7ffcbac64000 ---p 0000b000 08:04 3150466                    /lib/x86_64-linux-gnu/libnss_nis-2.19.so
7ffcbac64000-7ffcbac65000 r--p 0000a000 08:04 3150466                    /lib/x86_64-linux-gnu/libnss_nis-2.19.so
7ffcbac65000-7ffcbac66000 rw-p 0000b000 08:04 3150466                    /lib/x86_64-linux-gnu/libnss_nis-2.19.so
7ffcbac66000-7ffcbac7d000 r-xp 00000000 08:04 3150460                    /lib/x86_64-linux-gnu/libnsl-2.19.so
7ffcbac7d000-7ffcbae7c000 ---p 00017000 08:04 3150460                    /lib/x86_64-linux-gnu/libnsl-2.19.so
7ffcbae7c000-7ffcbae7d000 r--p 00016000 08:04 3150460                    /lib/x86_64-linux-gnu/libnsl-2.19.so
7ffcbae7d000-7ffcbae7e000 rw-p 00017000 08:04 3150460                    /lib/x86_64-linux-gnu/libnsl-2.19.so
7ffcbae7e000-7ffcbae80000 rw-p 00000000 00:00 0 
7ffcbae80000-7ffcbae89000 r-xp 00000000 08:04 3150457                    /lib/x86_64-linux-gnu/libnss_compat-2.19.so
7ffcbae89000-7ffcbb088000 ---p 00009000 08:04 3150457                    /lib/x86_64-linux-gnu/libnss_compat-2.19.so
7ffcbb088000-7ffcbb089000 r--p 00008000 08:04 3150457                    /lib/x86_64-linux-gnu/libnss_compat-2.19.so
7ffcbb089000-7ffcbb08a000 rw-p 00009000 08:04 3150457                    /lib/x86_64-linux-gnu/libnss_compat-2.19.so
7ffcbb08a000-7ffcbb0b4000 r-xp 00000000 08:04 4461799                    /usr/lib/jvm/java-8-oracle/jre/lib/amd64/libjava.so
7ffcbb0b4000-7ffcbb2b4000 ---p 0002a000 08:04 4461799                    /usr/lib/jvm/java-8-oracle/jre/lib/amd64/libjava.so
7ffcbb2b4000-7ffcbb2b6000 rw-p 0002a000 08:04 4461799                    /usr/lib/jvm/java-8-oracle/jre/lib/amd64/libjava.so
7ffcbb2b6000-7ffcbb2c3000 r-xp 00000000 08:04 4462580                    /usr/lib/jvm/java-8-oracle/jre/lib/amd64/libverify.so
7ffcbb2c3000-7ffcbb4c3000 ---p 0000d000 08:04 4462580                    /usr/lib/jvm/java-8-oracle/jre/lib/amd64/libverify.so
7ffcbb4c3000-7ffcbb4c5000 rw-p 0000d000 08:04 4462580                    /usr/lib/jvm/java-8-oracle/jre/lib/amd64/libverify.so
7ffcbb4c5000-7ffcbb4cc000 r-xp 00000000 08:04 3150452                    /lib/x86_64-linux-gnu/librt-2.19.so
7ffcbb4cc000-7ffcbb6cb000 ---p 00007000 08:04 3150452                    /lib/x86_64-linux-gnu/librt-2.19.so
7ffcbb6cb000-7ffcbb6cc000 r--p 00006000 08:04 3150452                    /lib/x86_64-linux-gnu/librt-2.19.so
7ffcbb6cc000-7ffcbb6cd000 rw-p 00007000 08:04 3150452                    /lib/x86_64-linux-gnu/librt-2.19.so
7ffcbb6cd000-7ffcbb7d2000 r-xp 00000000 08:04 3150459                    /lib/x86_64-linux-gnu/libm-2.19.so
7ffcbb7d2000-7ffcbb9d1000 ---p 00105000 08:04 3150459                    /lib/x86_64-linux-gnu/libm-2.19.so
7ffcbb9d1000-7ffcbb9d2000 r--p 00104000 08:04 3150459                    /lib/x86_64-linux-gnu/libm-2.19.so
7ffcbb9d2000-7ffcbb9d3000 rw-p 00105000 08:04 3150459                    /lib/x86_64-linux-gnu/libm-2.19.so
7ffcbb9d3000-7ffcbc681000 r-xp 00000000 08:04 4723906                    /usr/lib/jvm/java-8-oracle/jre/lib/amd64/server/libjvm.so
7ffcbc681000-7ffcbc880000 ---p 00cae000 08:04 4723906                    /usr/lib/jvm/java-8-oracle/jre/lib/amd64/server/libjvm.so
7ffcbc880000-7ffcbc957000 rw-p 00cad000 08:04 4723906                    /usr/lib/jvm/java-8-oracle/jre/lib/amd64/server/libjvm.so
7ffcbc957000-7ffcbc99b000 rw-p 00000000 00:00 0 
7ffcbc99b000-7ffcbcb56000 r-xp 00000000 08:04 3150451                    /lib/x86_64-linux-gnu/libc-2.19.so
7ffcbcb56000-7ffcbcd56000 ---p 001bb000 08:04 3150451                    /lib/x86_64-linux-gnu/libc-2.19.so
7ffcbcd56000-7ffcbcd5a000 r--p 001bb000 08:04 3150451                    /lib/x86_64-linux-gnu/libc-2.19.so
7ffcbcd5a000-7ffcbcd5c000 rw-p 001bf000 08:04 3150451                    /lib/x86_64-linux-gnu/libc-2.19.so
7ffcbcd5c000-7ffcbcd61000 rw-p 00000000 00:00 0 
7ffcbcd61000-7ffcbcd64000 r-xp 00000000 08:04 3150455                    /lib/x86_64-linux-gnu/libdl-2.19.so
7ffcbcd64000-7ffcbcf63000 ---p 00003000 08:04 3150455                    /lib/x86_64-linux-gnu/libdl-2.19.so
7ffcbcf63000-7ffcbcf64000 r--p 00002000 08:04 3150455                    /lib/x86_64-linux-gnu/libdl-2.19.so
7ffcbcf64000-7ffcbcf65000 rw-p 00003000 08:04 3150455                    /lib/x86_64-linux-gnu/libdl-2.19.so
7ffcbcf65000-7ffcbcf7a000 r-xp 00000000 08:04 4589480                    /usr/lib/jvm/java-8-oracle/jre/lib/amd64/jli/libjli.so
7ffcbcf7a000-7ffcbd17a000 ---p 00015000 08:04 4589480                    /usr/lib/jvm/java-8-oracle/jre/lib/amd64/jli/libjli.so
7ffcbd17a000-7ffcbd17b000 rw-p 00015000 08:04 4589480                    /usr/lib/jvm/java-8-oracle/jre/lib/amd64/jli/libjli.so
7ffcbd17b000-7ffcbd194000 r-xp 00000000 08:04 3150468                    /lib/x86_64-linux-gnu/libpthread-2.19.so
7ffcbd194000-7ffcbd393000 ---p 00019000 08:04 3150468                    /lib/x86_64-linux-gnu/libpthread-2.19.so
7ffcbd393000-7ffcbd394000 r--p 00018000 08:04 3150468                    /lib/x86_64-linux-gnu/libpthread-2.19.so
7ffcbd394000-7ffcbd395000 rw-p 00019000 08:04 3150468                    /lib/x86_64-linux-gnu/libpthread-2.19.so
7ffcbd395000-7ffcbd399000 rw-p 00000000 00:00 0 
7ffcbd399000-7ffcbd3bc000 r-xp 00000000 08:04 3150449                    /lib/x86_64-linux-gnu/ld-2.19.so
7ffcbd3d7000-7ffcbd3d8000 rw-p 00000000 00:00 0 
7ffcbd3d8000-7ffcbd3dd000 r--s 00094000 08:04 2893606                    /usr/lib/jvm/java-8-oracle/jre/lib/jsse.jar
7ffcbd3dd000-7ffcbd49b000 rw-p 00000000 00:00 0 
7ffcbd49b000-7ffcbd49e000 ---p 00000000 00:00 0 
7ffcbd49e000-7ffcbd5a0000 rw-p 00000000 00:00 0                          [stack:16568]
7ffcbd5a0000-7ffcbd5af000 r--s 000dd000 08:04 1181352                    /home/vikky/Android/Sdk/build-tools/21.1.2/lib/dx.jar
7ffcbd5af000-7ffcbd5b7000 rw-s 00000000 08:04 5377883                    /tmp/hsperfdata_vikky/16560
7ffcbd5b7000-7ffcbd5b8000 rw-p 00000000 00:00 0 
7ffcbd5b8000-7ffcbd5b9000 ---p 00000000 00:00 0 
7ffcbd5b9000-7ffcbd5bb000 rw-p 00000000 00:00 0 
7ffcbd5bb000-7ffcbd5bc000 r--p 00022000 08:04 3150449                    /lib/x86_64-linux-gnu/ld-2.19.so
7ffcbd5bc000-7ffcbd5bd000 rw-p 00023000 08:04 3150449                    /lib/x86_64-linux-gnu/ld-2.19.so
7ffcbd5bd000-7ffcbd5be000 rw-p 00000000 00:00 0 
7fff25947000-7fff25968000 rw-p 00000000 00:00 0                          [stack]
7fff259fe000-7fff25a00000 r-xp 00000000 00:00 0                          [vdso]
ffffffffff600000-ffffffffff601000 r-xp 00000000 00:00 0                  [vsyscall]

VM Arguments:
jvm_args: -Xmx1024M 
java_command: /home/vikky/Android/Sdk/build-tools/21.1.2/lib/dx.jar --dex --no-optimize --output /home/vikky/AndroidStudioProjects/Hisab/app/build/intermediates/dex/debug --input-list=/home/vikky/AndroidStudioProjects/Hisab/app/build/intermediates/tmp/dex/debug/inputList.txt
java_class_path (initial): /home/vikky/Android/Sdk/build-tools/21.1.2/lib/dx.jar
Launcher Type: SUN_STANDARD

Environment Variables:
JAVA_HOME=/usr/lib/jvm/java-8-oracle
PATH=/home/vikky/.rbenv/shims:/usr/local/sbin:/usr/local/bin:/usr/sbin:/usr/bin:/sbin:/bin:/usr/games:/usr/local/games:/usr/lib/jvm/java-8-oracle/bin:/usr/lib/jvm/java-8-oracle/db/bin:/usr/lib/jvm/java-8-oracle/jre/bin:/home/vikky/.rvm/bin:/home/vikky/.rvm/bin
LD_LIBRARY_PATH=./android-studio/bin:
SHELL=/bin/bash
DISPLAY=:0.0

Signal Handlers:
SIGSEGV: [libjvm.so+0xaad1e0], sa_mask[0]=11111111011111111101111111111110, sa_flags=SA_RESTART|SA_SIGINFO
SIGBUS: [libjvm.so+0xaad1e0], sa_mask[0]=11111111011111111101111111111110, sa_flags=SA_RESTART|SA_SIGINFO
SIGFPE: [libjvm.so+0x90b450], sa_mask[0]=11111111011111111101111111111110, sa_flags=SA_RESTART|SA_SIGINFO
SIGPIPE: [libjvm.so+0x90b450], sa_mask[0]=11111111011111111101111111111110, sa_flags=SA_RESTART|SA_SIGINFO
SIGXFSZ: [libjvm.so+0x90b450], sa_mask[0]=11111111011111111101111111111110, sa_flags=SA_RESTART|SA_SIGINFO
SIGILL: [libjvm.so+0x90b450], sa_mask[0]=11111111011111111101111111111110, sa_flags=SA_RESTART|SA_SIGINFO
SIGUSR1: SIG_DFL, sa_mask[0]=00000000000000000000000000000000, sa_flags=none
SIGUSR2: [libjvm.so+0x90ca90], sa_mask[0]=00100000000000000000000000000000, sa_flags=SA_RESTART|SA_SIGINFO
SIGHUP: [libjvm.so+0x90dde0], sa_mask[0]=11111111011111111101111111111110, sa_flags=SA_RESTART|SA_SIGINFO
SIGINT: [libjvm.so+0x90dde0], sa_mask[0]=11111111011111111101111111111110, sa_flags=SA_RESTART|SA_SIGINFO
SIGTERM: [libjvm.so+0x90dde0], sa_mask[0]=11111111011111111101111111111110, sa_flags=SA_RESTART|SA_SIGINFO
SIGQUIT: [libjvm.so+0x90dde0], sa_mask[0]=11111111011111111101111111111110, sa_flags=SA_RESTART|SA_SIGINFO


---------------  S Y S T E M  ---------------

OS:DISTRIB_ID=Ubuntu
DISTRIB_RELEASE=14.04
DISTRIB_CODENAME=trusty
DISTRIB_DESCRIPTION="Linux Lite 2.2"

uname:Linux 3.13.0-24-generic #47-Ubuntu SMP Fri May 2 23:30:00 UTC 2014 x86_64
libc:glibc 2.19 NPTL 2.19 
rlimit: STACK 8192k, CORE 0k, NPROC 30981, NOFILE 4096, AS infinity
load average:0.66 0.66 0.78

/proc/meminfo:
MemTotal:        3994112 kB
MemFree:           97548 kB
Buffers:            4868 kB
Cached:           178596 kB
SwapCached:            0 kB
Active:          3602556 kB
Inactive:         128688 kB
Active(anon):    3552660 kB
Inactive(anon):    82120 kB
Active(file):      49896 kB
Inactive(file):    46568 kB
Unevictable:          48 kB
Mlocked:              48 kB
SwapTotal:             0 kB
SwapFree:              0 kB
Dirty:              6568 kB
Writeback:             0 kB
AnonPages:       3547948 kB
Mapped:            77720 kB
Shmem:             86928 kB
Slab:              56816 kB
SReclaimable:      26964 kB
SUnreclaim:        29852 kB
KernelStack:        4384 kB
PageTables:        32708 kB
NFS_Unstable:          0 kB
Bounce:                0 kB
WritebackTmp:          0 kB
CommitLimit:     1997056 kB
Committed_AS:    5822904 kB
VmallocTotal:   34359738367 kB
VmallocUsed:      555616 kB
VmallocChunk:   34359168332 kB
HardwareCorrupted:     0 kB
AnonHugePages:   1021952 kB
HugePages_Total:       0
HugePages_Free:        0
HugePages_Rsvd:        0
HugePages_Surp:        0
Hugepagesize:       2048 kB
DirectMap4k:       71936 kB
DirectMap2M:     4069376 kB


CPU:total 4 (2 cores per cpu, 2 threads per core) family 6 model 42 stepping 7, cmov, cx8, fxsr, mmx, sse, sse2, sse3, ssse3, sse4.1, sse4.2, popcnt, avx, clmul, ht, tsc, tscinvbit

/proc/cpuinfo:
processor	: 0
vendor_id	: GenuineIntel
cpu family	: 6
model		: 42
model name	: Intel(R) Core(TM) i3-2350M CPU @ 2.30GHz
stepping	: 7
microcode	: 0x1b
cpu MHz		: 2300.000
cache size	: 3072 KB
physical id	: 0
siblings	: 4
core id		: 0
cpu cores	: 2
apicid		: 0
initial apicid	: 0
fpu		: yes
fpu_exception	: yes
cpuid level	: 13
wp		: yes
flags		: fpu vme de pse tsc msr pae mce cx8 apic sep mtrr pge mca cmov pat pse36 clflush dts acpi mmx fxsr sse sse2 ss ht tm pbe syscall nx rdtscp lm constant_tsc arch_perfmon pebs bts rep_good nopl xtopology nonstop_tsc aperfmperf eagerfpu pni pclmulqdq dtes64 monitor ds_cpl vmx est tm2 ssse3 cx16 xtpr pdcm pcid sse4_1 sse4_2 x2apic popcnt tsc_deadline_timer xsave avx lahf_lm arat epb xsaveopt pln pts dtherm tpr_shadow vnmi flexpriority ept vpid
bogomips	: 4589.54
clflush size	: 64
cache_alignment	: 64
address sizes	: 36 bits physical, 48 bits virtual
power management:

processor	: 1
vendor_id	: GenuineIntel
cpu family	: 6
model		: 42
model name	: Intel(R) Core(TM) i3-2350M CPU @ 2.30GHz
stepping	: 7
microcode	: 0x1b
cpu MHz		: 800.000
cache size	: 3072 KB
physical id	: 0
siblings	: 4
core id		: 0
cpu cores	: 2
apicid		: 1
initial apicid	: 1
fpu		: yes
fpu_exception	: yes
cpuid level	: 13
wp		: yes
flags		: fpu vme de pse tsc msr pae mce cx8 apic sep mtrr pge mca cmov pat pse36 clflush dts acpi mmx fxsr sse sse2 ss ht tm pbe syscall nx rdtscp lm constant_tsc arch_perfmon pebs bts rep_good nopl xtopology nonstop_tsc aperfmperf eagerfpu pni pclmulqdq dtes64 monitor ds_cpl vmx est tm2 ssse3 cx16 xtpr pdcm pcid sse4_1 sse4_2 x2apic popcnt tsc_deadline_timer xsave avx lahf_lm arat epb xsaveopt pln pts dtherm tpr_shadow vnmi flexpriority ept vpid
bogomips	: 4589.54
clflush size	: 64
cache_alignment	: 64
address sizes	: 36 bits physical, 48 bits virtual
power management:

processor	: 2
vendor_id	: GenuineIntel
cpu family	: 6
model		: 42
model name	: Intel(R) Core(TM) i3-2350M CPU @ 2.30GHz
stepping	: 7
microcode	: 0x1b
cpu MHz		: 2300.000
cache size	: 3072 KB
physical id	: 0
siblings	: 4
core id		: 1
cpu cores	: 2
apicid		: 2
initial apicid	: 2
fpu		: yes
fpu_exception	: yes
cpuid level	: 13
wp		: yes
flags		: fpu vme de pse tsc msr pae mce cx8 apic sep mtrr pge mca cmov pat pse36 clflush dts acpi mmx fxsr sse sse2 ss ht tm pbe syscall nx rdtscp lm constant_tsc arch_perfmon pebs bts rep_good nopl xtopology nonstop_tsc aperfmperf eagerfpu pni pclmulqdq dtes64 monitor ds_cpl vmx est tm2 ssse3 cx16 xtpr pdcm pcid sse4_1 sse4_2 x2apic popcnt tsc_deadline_timer xsave avx lahf_lm arat epb xsaveopt pln pts dtherm tpr_shadow vnmi flexpriority ept vpid
bogomips	: 4589.54
clflush size	: 64
cache_alignment	: 64
address sizes	: 36 bits physical, 48 bits virtual
power management:

processor	: 3
vendor_id	: GenuineIntel
cpu family	: 6
model		: 42
model name	: Intel(R) Core(TM) i3-2350M CPU @ 2.30GHz
stepping	: 7
microcode	: 0x1b
cpu MHz		: 800.000
cache size	: 3072 KB
physical id	: 0
siblings	: 4
core id		: 1
cpu cores	: 2
apicid		: 3
initial apicid	: 3
fpu		: yes
fpu_exception	: yes
cpuid level	: 13
wp		: yes
flags		: fpu vme de pse tsc msr pae mce cx8 apic sep mtrr pge mca cmov pat pse36 clflush dts acpi mmx fxsr sse sse2 ss ht tm pbe syscall nx rdtscp lm constant_tsc arch_perfmon pebs bts rep_good nopl xtopology nonstop_tsc aperfmperf eagerfpu pni pclmulqdq dtes64 monitor ds_cpl vmx est tm2 ssse3 cx16 xtpr pdcm pcid sse4_1 sse4_2 x2apic popcnt tsc_deadline_timer xsave avx lahf_lm arat epb xsaveopt pln pts dtherm tpr_shadow vnmi flexpriority ept vpid
bogomips	: 4589.54
clflush size	: 64
cache_alignment	: 64
address sizes	: 36 bits physical, 48 bits virtual
power management:



Memory: 4k page, physical 3994112k(97548k free), swap 0k(0k free)

vm_info: Java HotSpot(TM) 64-Bit Server VM (25.45-b02) for linux-amd64 JRE (1.8.0_45-b14), built on Apr 10 2015 10:07:45 by "java_re" with gcc 4.3.0 20080428 (Red Hat 4.3.0-8)

time: Sat Jul 11 16:50:45 2015
elapsed time: 2 seconds (0d 0h 0m 2s)

