#
# There is insufficient memory for the Java Runtime Environment to continue.
# Native memory allocation (mmap) failed to map 56623104 bytes for committing reserved memory.
# Possible reasons:
#   The system is out of physical RAM or swap space
#   In 32 bit mode, the process size limit was hit
# Possible solutions:
#   Reduce memory load on the system
#   Increase physical memory or swap space
#   Check if swap backing store is full
#   Use 64 bit Java on a 64 bit OS
#   Decrease Java heap size (-Xmx/-Xms)
#   Decrease number of Java threads
#   Decrease Java thread stack sizes (-Xss)
#   Set larger code cache with -XX:ReservedCodeCacheSize=
# This output file may be truncated or incomplete.
#
#  Out of Memory Error (os_linux.cpp:2673), pid=14551, tid=139763757696768
#
# JRE version: Java(TM) SE Runtime Environment (8.0_45-b14) (build 1.8.0_45-b14)
# Java VM: Java HotSpot(TM) 64-Bit Server VM (25.45-b02 mixed mode linux-amd64 compressed oops)
# Failed to write core dump. Core dumps have been disabled. To enable core dumping, try "ulimit -c unlimited" before starting Java again
#

---------------  T H R E A D  ---------------

Current thread (0x00007f1d5c13e800):  VMThread [stack: 0x00007f1d49114000,0x00007f1d49215000] [id=14564]

Stack: [0x00007f1d49114000,0x00007f1d49215000],  sp=0x00007f1d49213160,  free space=1020k
Native frames: (J=compiled Java code, j=interpreted, Vv=VM code, C=native code)
V  [libjvm.so+0xaac99a]  VMError::report_and_die()+0x2ba
V  [libjvm.so+0x4f333b]  report_vm_out_of_memory(char const*, int, unsigned long, VMErrorType, char const*)+0x8b
V  [libjvm.so+0x90e7c3]  os::Linux::commit_memory_impl(char*, unsigned long, bool)+0x103
V  [libjvm.so+0x90ed19]  os::pd_commit_memory(char*, unsigned long, unsigned long, bool)+0x29
V  [libjvm.so+0x90867a]  os::commit_memory(char*, unsigned long, unsigned long, bool)+0x2a
V  [libjvm.so+0x97bac3]  PSVirtualSpace::expand_by(unsigned long)+0x53
V  [libjvm.so+0x97cec8]  PSYoungGen::resize_generation(unsigned long, unsigned long)+0xf8
V  [libjvm.so+0x97c022]  PSYoungGen::resize(unsigned long, unsigned long)+0x22
V  [libjvm.so+0x9792fb]  PSScavenge::invoke_no_policy()+0xf7b
V  [libjvm.so+0x979a81]  PSScavenge::invoke()+0x41
V  [libjvm.so+0x932050]  ParallelScavengeHeap::failed_mem_allocate(unsigned long)+0x70
V  [libjvm.so+0xaae1d7]  VM_ParallelGCFailedAllocation::doit()+0x97
V  [libjvm.so+0xab59c5]  VM_Operation::evaluate()+0x55
V  [libjvm.so+0xab3d9a]  VMThread::evaluate_operation(VM_Operation*)+0xba
V  [libjvm.so+0xab411e]  VMThread::loop()+0x1ce
V  [libjvm.so+0xab4590]  VMThread::run()+0x70
V  [libjvm.so+0x910de8]  java_start(Thread*)+0x108

VM_Operation (0x00007f1d638430d0): ParallelGCFailedAllocation, mode: safepoint, requested by thread 0x00007f1d5c009800


---------------  P R O C E S S  ---------------

Java Threads: ( => current thread )
  0x00007f1d5c191000 JavaThread "Service Thread" daemon [_thread_blocked, id=14571, stack(0x00007f1d48744000,0x00007f1d48845000)]
  0x00007f1d5c183800 JavaThread "C1 CompilerThread2" daemon [_thread_blocked, id=14570, stack(0x00007f1d48845000,0x00007f1d48946000)]
  0x00007f1d5c182000 JavaThread "C2 CompilerThread1" daemon [_thread_blocked, id=14569, stack(0x00007f1d48946000,0x00007f1d48a47000)]
  0x00007f1d5c17f000 JavaThread "C2 CompilerThread0" daemon [_thread_blocked, id=14568, stack(0x00007f1d48a47000,0x00007f1d48b48000)]
  0x00007f1d5c17d800 JavaThread "Signal Dispatcher" daemon [_thread_blocked, id=14567, stack(0x00007f1d48b48000,0x00007f1d48c49000)]
  0x00007f1d5c146000 JavaThread "Finalizer" daemon [_thread_blocked, id=14566, stack(0x00007f1d48f12000,0x00007f1d49013000)]
  0x00007f1d5c143800 JavaThread "Reference Handler" daemon [_thread_blocked, id=14565, stack(0x00007f1d49013000,0x00007f1d49114000)]
  0x00007f1d5c009800 JavaThread "main" [_thread_blocked, id=14559, stack(0x00007f1d63744000,0x00007f1d63845000)]

Other Threads:
=>0x00007f1d5c13e800 VMThread [stack: 0x00007f1d49114000,0x00007f1d49215000] [id=14564]
  0x00007f1d5c193800 WatcherThread [stack: 0x00007f1d48643000,0x00007f1d48744000] [id=14572]

VM state:at safepoint (normal execution)

VM Mutex/Monitor currently owned by a thread:  ([mutex/lock_event])
[0x00007f1d5c005ff0] Threads_lock - owner thread: 0x00007f1d5c13e800
[0x00007f1d5c0064f0] Heap_lock - owner thread: 0x00007f1d5c009800

Heap:
 PSYoungGen      total 34304K, used 2528K [0x00000000eab00000, 0x00000000ecf00000, 0x0000000100000000)
  eden space 31744K, 0% used [0x00000000eab00000,0x00000000eab00000,0x00000000eca00000)
  from space 2560K, 98% used [0x00000000eca00000,0x00000000ecc78020,0x00000000ecc80000)
  to   space 2560K, 0% used [0x00000000ecc80000,0x00000000ecc80000,0x00000000ecf00000)
 ParOldGen       total 42496K, used 29825K [0x00000000c0000000, 0x00000000c2980000, 0x00000000eab00000)
  object space 42496K, 70% used [0x00000000c0000000,0x00000000c1d206e8,0x00000000c2980000)
 Metaspace       used 6673K, capacity 7384K, committed 7680K, reserved 1056768K
  class space    used 654K, capacity 656K, committed 768K, reserved 1048576K

Card table byte_map: [0x00007f1d6031b000,0x00007f1d6051c000] byte_map_base: 0x00007f1d5fd1b000

Marking Bits: (ParMarkBitMap*) 0x00007f1d62c19760
 Begin Bits: [0x00007f1d4acfd000, 0x00007f1d4bcfd000)
 End Bits:   [0x00007f1d4bcfd000, 0x00007f1d4ccfd000)

Polling page: 0x00007f1d63861000

CodeCache: size=245760Kb used=6660Kb max_used=6672Kb free=239099Kb
 bounds [0x00007f1d4d000000, 0x00007f1d4d690000, 0x00007f1d5c000000]
 total_blobs=2221 nmethods=1928 adapters=206
 compilation: enabled

Compilation events (10 events):
Event: 7.822 Thread 0x00007f1d5c182000 1928       4       com.android.dx.io.instructions.InstructionCodec$2::decode (27 bytes)
Event: 7.824 Thread 0x00007f1d5c182000 nmethod 1928 0x00007f1d4d681f10 code [0x00007f1d4d682060, 0x00007f1d4d682198]
Event: 7.824 Thread 0x00007f1d5c182000 1929       4       com.android.dx.io.instructions.InstructionCodec$2::encode (11 bytes)
Event: 7.825 Thread 0x00007f1d5c182000 nmethod 1929 0x00007f1d4d681b50 code [0x00007f1d4d681ca0, 0x00007f1d4d681d98]
Event: 7.825 Thread 0x00007f1d5c182000 1933       4       com.android.dx.io.instructions.InstructionCodec$3::decode (35 bytes)
Event: 7.827 Thread 0x00007f1d5c182000 nmethod 1933 0x00007f1d4d681790 code [0x00007f1d4d6818e0, 0x00007f1d4d681a38]
Event: 7.827 Thread 0x00007f1d5c182000 1934       4       com.android.dx.io.instructions.InstructionCodec$3::encode (25 bytes)
Event: 7.829 Thread 0x00007f1d5c182000 nmethod 1934 0x00007f1d4d681150 code [0x00007f1d4d6812c0, 0x00007f1d4d6814d8]
Event: 7.829 Thread 0x00007f1d5c182000 1930       4       com.android.dx.io.instructions.DecodedInstruction::getTargetUnit (45 bytes)
Event: 7.829 Thread 0x00007f1d5c182000 nmethod 1930 0x00007f1d4d680ed0 code [0x00007f1d4d681020, 0x00007f1d4d6810b8]

GC Heap History (9 events):
Event: 1.934 GC heap before
{Heap before GC invocations=1 (full 0):
 PSYoungGen      total 18432K, used 15872K [0x00000000eab00000, 0x00000000ebf80000, 0x0000000100000000)
  eden space 15872K, 100% used [0x00000000eab00000,0x00000000eba80000,0x00000000eba80000)
  from space 2560K, 0% used [0x00000000ebd00000,0x00000000ebd00000,0x00000000ebf80000)
  to   space 2560K, 0% used [0x00000000eba80000,0x00000000eba80000,0x00000000ebd00000)
 ParOldGen       total 42496K, used 0K [0x00000000c0000000, 0x00000000c2980000, 0x00000000eab00000)
  object space 42496K, 0% used [0x00000000c0000000,0x00000000c0000000,0x00000000c2980000)
 Metaspace       used 4995K, capacity 6416K, committed 6528K, reserved 1056768K
  class space    used 496K, capacity 584K, committed 640K, reserved 1048576K
Event: 1.947 GC heap after
Heap after GC invocations=1 (full 0):
 PSYoungGen      total 18432K, used 2544K [0x00000000eab00000, 0x00000000ebf80000, 0x0000000100000000)
  eden space 15872K, 0% used [0x00000000eab00000,0x00000000eab00000,0x00000000eba80000)
  from space 2560K, 99% used [0x00000000eba80000,0x00000000ebcfc078,0x00000000ebd00000)
  to   space 2560K, 0% used [0x00000000ebd00000,0x00000000ebd00000,0x00000000ebf80000)
 ParOldGen       total 42496K, used 4313K [0x00000000c0000000, 0x00000000c2980000, 0x00000000eab00000)
  object space 42496K, 10% used [0x00000000c0000000,0x00000000c04364f8,0x00000000c2980000)
 Metaspace       used 4995K, capacity 6416K, committed 6528K, reserved 1056768K
  class space    used 496K, capacity 584K, committed 640K, reserved 1048576K
}
Event: 2.928 GC heap before
{Heap before GC invocations=2 (full 0):
 PSYoungGen      total 18432K, used 18416K [0x00000000eab00000, 0x00000000ebf80000, 0x0000000100000000)
  eden space 15872K, 100% used [0x00000000eab00000,0x00000000eba80000,0x00000000eba80000)
  from space 2560K, 99% used [0x00000000eba80000,0x00000000ebcfc078,0x00000000ebd00000)
  to   space 2560K, 0% used [0x00000000ebd00000,0x00000000ebd00000,0x00000000ebf80000)
 ParOldGen       total 42496K, used 4313K [0x00000000c0000000, 0x00000000c2980000, 0x00000000eab00000)
  object space 42496K, 10% used [0x00000000c0000000,0x00000000c04364f8,0x00000000c2980000)
 Metaspace       used 6443K, capacity 7248K, committed 7424K, reserved 1056768K
  class space    used 643K, capacity 648K, committed 768K, reserved 1048576K
Event: 2.937 GC heap after
Heap after GC invocations=2 (full 0):
 PSYoungGen      total 18432K, used 2546K [0x00000000eab00000, 0x00000000ebf80000, 0x0000000100000000)
  eden space 15872K, 0% used [0x00000000eab00000,0x00000000eab00000,0x00000000eba80000)
  from space 2560K, 99% used [0x00000000ebd00000,0x00000000ebf7ca08,0x00000000ebf80000)
  to   space 2560K, 0% used [0x00000000eba80000,0x00000000eba80000,0x00000000ebd00000)
 ParOldGen       total 42496K, used 8425K [0x00000000c0000000, 0x00000000c2980000, 0x00000000eab00000)
  object space 42496K, 19% used [0x00000000c0000000,0x00000000c083a4f0,0x00000000c2980000)
 Metaspace       used 6443K, capacity 7248K, committed 7424K, reserved 1056768K
  class space    used 643K, capacity 648K, committed 768K, reserved 1048576K
}
Event: 3.132 GC heap before
{Heap before GC invocations=3 (full 0):
 PSYoungGen      total 18432K, used 18418K [0x00000000eab00000, 0x00000000ebf80000, 0x0000000100000000)
  eden space 15872K, 100% used [0x00000000eab00000,0x00000000eba80000,0x00000000eba80000)
  from space 2560K, 99% used [0x00000000ebd00000,0x00000000ebf7ca08,0x00000000ebf80000)
  to   space 2560K, 0% used [0x00000000eba80000,0x00000000eba80000,0x00000000ebd00000)
 ParOldGen       total 42496K, used 8425K [0x00000000c0000000, 0x00000000c2980000, 0x00000000eab00000)
  object space 42496K, 19% used [0x00000000c0000000,0x00000000c083a4f0,0x00000000c2980000)
 Metaspace       used 6615K, capacity 7384K, committed 7680K, reserved 1056768K
  class space    used 653K, capacity 656K, committed 768K, reserved 1048576K
Event: 3.140 GC heap after
Heap after GC invocations=3 (full 0):
 PSYoungGen      total 18432K, used 2531K [0x00000000eab00000, 0x00000000ecf00000, 0x0000000100000000)
  eden space 15872K, 0% used [0x00000000eab00000,0x00000000eab00000,0x00000000eba80000)
  from space 2560K, 98% used [0x00000000eba80000,0x00000000ebcf8d58,0x00000000ebd00000)
  to   space 2560K, 0% used [0x00000000ecc80000,0x00000000ecc80000,0x00000000ecf00000)
 ParOldGen       total 42496K, used 13422K [0x00000000c0000000, 0x00000000c2980000, 0x00000000eab00000)
  object space 42496K, 31% used [0x00000000c0000000,0x00000000c0d1bb60,0x00000000c2980000)
 Metaspace       used 6615K, capacity 7384K, committed 7680K, reserved 1056768K
  class space    used 653K, capacity 656K, committed 768K, reserved 1048576K
}
Event: 3.287 GC heap before
{Heap before GC invocations=4 (full 0):
 PSYoungGen      total 18432K, used 18403K [0x00000000eab00000, 0x00000000ecf00000, 0x0000000100000000)
  eden space 15872K, 100% used [0x00000000eab00000,0x00000000eba80000,0x00000000eba80000)
  from space 2560K, 98% used [0x00000000eba80000,0x00000000ebcf8d58,0x00000000ebd00000)
  to   space 2560K, 0% used [0x00000000ecc80000,0x00000000ecc80000,0x00000000ecf00000)
 ParOldGen       total 42496K, used 13422K [0x00000000c0000000, 0x00000000c2980000, 0x00000000eab00000)
  object space 42496K, 31% used [0x00000000c0000000,0x00000000c0d1bb60,0x00000000c2980000)
 Metaspace       used 6649K, capacity 7384K, committed 7680K, reserved 1056768K
  class space    used 653K, capacity 656K, committed 768K, reserved 1048576K
Event: 3.306 GC heap after
Heap after GC invocations=4 (full 0):
 PSYoungGen      total 34304K, used 2531K [0x00000000eab00000, 0x00000000ecf00000, 0x0000000100000000)
  eden space 31744K, 0% used [0x00000000eab00000,0x00000000eab00000,0x00000000eca00000)
  from space 2560K, 98% used [0x00000000ecc80000,0x00000000ecef8d08,0x00000000ecf00000)
  to   space 2560K, 0% used [0x00000000eca00000,0x00000000eca00000,0x00000000ecc80000)
 ParOldGen       total 42496K, used 26236K [0x00000000c0000000, 0x00000000c2980000, 0x00000000eab00000)
  object space 42496K, 61% used [0x00000000c0000000,0x00000000c199f0c8,0x00000000c2980000)
 Metaspace       used 6649K, capacity 7384K, committed 7680K, reserved 1056768K
  class space    used 653K, capacity 656K, committed 768K, reserved 1048576K
}
Event: 11.690 GC heap before
{Heap before GC invocations=5 (full 0):
 PSYoungGen      total 34304K, used 34275K [0x00000000eab00000, 0x00000000ecf00000, 0x0000000100000000)
  eden space 31744K, 100% used [0x00000000eab00000,0x00000000eca00000,0x00000000eca00000)
  from space 2560K, 98% used [0x00000000ecc80000,0x00000000ecef8d08,0x00000000ecf00000)
  to   space 2560K, 0% used [0x00000000eca00000,0x00000000eca00000,0x00000000ecc80000)
 ParOldGen       total 42496K, used 26236K [0x00000000c0000000, 0x00000000c2980000, 0x00000000eab00000)
  object space 42496K, 61% used [0x00000000c0000000,0x00000000c199f0c8,0x00000000c2980000)
 Metaspace       used 6673K, capacity 7384K, committed 7680K, reserved 1056768K
  class space    used 654K, capacity 656K, committed 768K, reserved 1048576K

Deoptimization events (10 events):
Event: 2.229 Thread 0x00007f1d5c009800 Uncommon trap: reason=bimorphic action=maybe_recompile pc=0x00007f1d4d40f398 method=java.util.HashMap.getNode(ILjava/lang/Object;)Ljava/util/HashMap$Node; @ 126
Event: 2.622 Thread 0x00007f1d5c009800 Uncommon trap: reason=class_check action=maybe_recompile pc=0x00007f1d4d4312c0 method=java.util.HashMap.putVal(ILjava/lang/Object;Ljava/lang/Object;ZZ)Ljava/lang/Object; @ 56
Event: 2.622 Thread 0x00007f1d5c009800 Uncommon trap: reason=class_check action=maybe_recompile pc=0x00007f1d4d4312c0 method=java.util.HashMap.putVal(ILjava/lang/Object;Ljava/lang/Object;ZZ)Ljava/lang/Object; @ 56
Event: 2.622 Thread 0x00007f1d5c009800 Uncommon trap: reason=class_check action=maybe_recompile pc=0x00007f1d4d4312c0 method=java.util.HashMap.putVal(ILjava/lang/Object;Ljava/lang/Object;ZZ)Ljava/lang/Object; @ 56
Event: 2.623 Thread 0x00007f1d5c009800 Uncommon trap: reason=class_check action=maybe_recompile pc=0x00007f1d4d431334 method=java.util.HashMap.putVal(ILjava/lang/Object;Ljava/lang/Object;ZZ)Ljava/lang/Object; @ 152
Event: 2.623 Thread 0x00007f1d5c009800 Uncommon trap: reason=class_check action=maybe_recompile pc=0x00007f1d4d431334 method=java.util.HashMap.putVal(ILjava/lang/Object;Ljava/lang/Object;ZZ)Ljava/lang/Object; @ 152
Event: 2.781 Thread 0x00007f1d5c009800 Uncommon trap: reason=unstable_if action=reinterpret pc=0x00007f1d4d4d328c method=java.util.HashMap.putVal(ILjava/lang/Object;Ljava/lang/Object;ZZ)Ljava/lang/Object; @ 162
Event: 2.781 Thread 0x00007f1d5c009800 Uncommon trap: reason=unstable_if action=reinterpret pc=0x00007f1d4d4d0cd0 method=java.util.HashMap.putVal(ILjava/lang/Object;Ljava/lang/Object;ZZ)Ljava/lang/Object; @ 162
Event: 2.980 Thread 0x00007f1d5c009800 Uncommon trap: reason=predicate action=maybe_recompile pc=0x00007f1d4d55f210 method=com.android.dex.Leb128.readUnsignedLeb128(Lcom/android/dex/util/ByteInput;)I @ 41
Event: 6.043 Thread 0x00007f1d5c009800 Uncommon trap: reason=unstable_if action=reinterpret pc=0x00007f1d4d41c4ec method=java.util.HashMap.getNode(ILjava/lang/Object;)Ljava/util/HashMap$Node; @ 84

Internal exceptions (2 events):
Event: 0.306 Thread 0x00007f1d5c009800 Exception <a 'java/lang/NoSuchMethodError': Method sun.misc.Unsafe.defineClass(Ljava/lang/String;[BII)Ljava/lang/Class; name or signature does not match> (0x00000000eab12a38) thrown at [/RE-WORK/workspace/8-2-build-linux-amd64/jdk8u45/3457/hotspot/src/sha
Event: 0.306 Thread 0x00007f1d5c009800 Exception <a 'java/lang/NoSuchMethodError': Method sun.misc.Unsafe.prefetchRead(Ljava/lang/Object;J)V name or signature does not match> (0x00000000eab12cc8) thrown at [/RE-WORK/workspace/8-2-build-linux-amd64/jdk8u45/3457/hotspot/src/share/vm/prims/jni.cp

Events (10 events):
Event: 6.043 Thread 0x00007f1d5c009800 DEOPT UNPACKING pc=0x00007f1d4d005229 sp=0x00007f1d638433c8 mode 2
Event: 6.045 Thread 0x00007f1d5c009800 DEOPT PACKING pc=0x00007f1d4d5ac6d4 sp=0x00007f1d63843270
Event: 6.045 Thread 0x00007f1d5c009800 DEOPT UNPACKING pc=0x00007f1d4d047633 sp=0x00007f1d63842fa8 mode 0
Event: 6.052 Thread 0x00007f1d5c009800 DEOPT PACKING pc=0x00007f1d4d5ac6d4 sp=0x00007f1d63843270
Event: 6.052 Thread 0x00007f1d5c009800 DEOPT UNPACKING pc=0x00007f1d4d047633 sp=0x00007f1d63842fa8 mode 0
Event: 6.293 loading class com/android/dex/Dex$1
Event: 6.315 loading class com/android/dex/Dex$1 done
Event: 7.750 Thread 0x00007f1d5c009800 DEOPT PACKING pc=0x00007f1d4d2f5281 sp=0x00007f1d63843350
Event: 7.750 Thread 0x00007f1d5c009800 DEOPT UNPACKING pc=0x00007f1d4d047633 sp=0x00007f1d63843058 mode 0
Event: 7.992 Executing VM operation: ParallelGCFailedAllocation


Dynamic libraries:
00400000-00401000 r-xp 00000000 08:04 4986776                            /usr/lib/jvm/java-8-oracle/jre/bin/java
00600000-00601000 rw-p 00000000 08:04 4986776                            /usr/lib/jvm/java-8-oracle/jre/bin/java
017da000-017fb000 rw-p 00000000 00:00 0                                  [heap]
c0000000-c2980000 rw-p 00000000 00:00 0 
c2980000-eab00000 ---p 00000000 00:00 0 
eab00000-ecf00000 rw-p 00000000 00:00 0 
f0500000-100000000 ---p 00000000 00:00 0 
100000000-1000c0000 rw-p 00000000 00:00 0 
1000c0000-140000000 ---p 00000000 00:00 0 
7f1d10000000-7f1d10021000 rw-p 00000000 00:00 0 
7f1d10021000-7f1d14000000 ---p 00000000 00:00 0 
7f1d18000000-7f1d185b7000 rw-p 00000000 00:00 0 
7f1d185b7000-7f1d1c000000 ---p 00000000 00:00 0 
7f1d1c000000-7f1d1c021000 rw-p 00000000 00:00 0 
7f1d1c021000-7f1d20000000 ---p 00000000 00:00 0 
7f1d20000000-7f1d210e7000 rw-p 00000000 00:00 0 
7f1d210e7000-7f1d24000000 ---p 00000000 00:00 0 
7f1d24000000-7f1d24a65000 rw-p 00000000 00:00 0 
7f1d24a65000-7f1d28000000 ---p 00000000 00:00 0 
7f1d28000000-7f1d28021000 rw-p 00000000 00:00 0 
7f1d28021000-7f1d2c000000 ---p 00000000 00:00 0 
7f1d2c000000-7f1d2c021000 rw-p 00000000 00:00 0 
7f1d2c021000-7f1d30000000 ---p 00000000 00:00 0 
7f1d30000000-7f1d3028a000 rw-p 00000000 00:00 0 
7f1d3028a000-7f1d34000000 ---p 00000000 00:00 0 
7f1d34000000-7f1d34021000 rw-p 00000000 00:00 0 
7f1d34021000-7f1d38000000 ---p 00000000 00:00 0 
7f1d38000000-7f1d38021000 rw-p 00000000 00:00 0 
7f1d38021000-7f1d3c000000 ---p 00000000 00:00 0 
7f1d3c000000-7f1d3c021000 rw-p 00000000 00:00 0 
7f1d3c021000-7f1d40000000 ---p 00000000 00:00 0 
7f1d40000000-7f1d40021000 rw-p 00000000 00:00 0 
7f1d40021000-7f1d44000000 ---p 00000000 00:00 0 
7f1d44000000-7f1d44021000 rw-p 00000000 00:00 0 
7f1d44021000-7f1d48000000 ---p 00000000 00:00 0 
7f1d48643000-7f1d48644000 ---p 00000000 00:00 0 
7f1d48644000-7f1d48744000 rw-p 00000000 00:00 0                          [stack:14572]
7f1d48744000-7f1d48747000 ---p 00000000 00:00 0 
7f1d48747000-7f1d48845000 rw-p 00000000 00:00 0                          [stack:14571]
7f1d48845000-7f1d48848000 ---p 00000000 00:00 0 
7f1d48848000-7f1d48946000 rw-p 00000000 00:00 0                          [stack:14570]
7f1d48946000-7f1d48949000 ---p 00000000 00:00 0 
7f1d48949000-7f1d48a47000 rw-p 00000000 00:00 0                          [stack:14569]
7f1d48a47000-7f1d48a4a000 ---p 00000000 00:00 0 
7f1d48a4a000-7f1d48b48000 rw-p 00000000 00:00 0                          [stack:14568]
7f1d48b48000-7f1d48b4b000 ---p 00000000 00:00 0 
7f1d48b4b000-7f1d48c49000 rw-p 00000000 00:00 0                          [stack:14567]
7f1d48c49000-7f1d48f12000 r--p 00000000 08:04 1580843                    /usr/lib/locale/locale-archive
7f1d48f12000-7f1d48f15000 ---p 00000000 00:00 0 
7f1d48f15000-7f1d49013000 rw-p 00000000 00:00 0                          [stack:14566]
7f1d49013000-7f1d49016000 ---p 00000000 00:00 0 
7f1d49016000-7f1d49114000 rw-p 00000000 00:00 0                          [stack:14565]
7f1d49114000-7f1d49115000 ---p 00000000 00:00 0 
7f1d49115000-7f1d4a124000 rw-p 00000000 00:00 0                          [stack:14564]
7f1d4a124000-7f1d4a2fd000 r--s 03d09000 08:04 2893612                    /usr/lib/jvm/java-8-oracle/jre/lib/rt.jar
7f1d4a2fd000-7f1d4a9bd000 rw-p 00000000 00:00 0 
7f1d4a9bd000-7f1d4aafd000 ---p 00000000 00:00 0 
7f1d4aafd000-7f1d4ccfd000 rw-p 00000000 00:00 0 
7f1d4ccfd000-7f1d4ccfe000 ---p 00000000 00:00 0 
7f1d4ccfe000-7f1d4cdfe000 rw-p 00000000 00:00 0                          [stack:14563]
7f1d4cdfe000-7f1d4cdff000 ---p 00000000 00:00 0 
7f1d4cdff000-7f1d4ceff000 rw-p 00000000 00:00 0                          [stack:14562]
7f1d4ceff000-7f1d4cf00000 ---p 00000000 00:00 0 
7f1d4cf00000-7f1d4d000000 rw-p 00000000 00:00 0                          [stack:14561]
7f1d4d000000-7f1d4d690000 rwxp 00000000 00:00 0 
7f1d4d690000-7f1d5c000000 ---p 00000000 00:00 0 
7f1d5c000000-7f1d5c467000 rw-p 00000000 00:00 0 
7f1d5c467000-7f1d60000000 ---p 00000000 00:00 0 
7f1d6004e000-7f1d600c4000 rw-p 00000000 00:00 0 
7f1d600c4000-7f1d600c5000 ---p 00000000 00:00 0 
7f1d600c5000-7f1d601da000 rw-p 00000000 00:00 0                          [stack:14560]
7f1d601da000-7f1d6031b000 ---p 00000000 00:00 0 
7f1d6031b000-7f1d60330000 rw-p 00000000 00:00 0 
7f1d60330000-7f1d60470000 ---p 00000000 00:00 0 
7f1d60470000-7f1d60483000 rw-p 00000000 00:00 0 
7f1d60483000-7f1d6051b000 ---p 00000000 00:00 0 
7f1d6051b000-7f1d60537000 rw-p 00000000 00:00 0 
7f1d60537000-7f1d608dc000 ---p 00000000 00:00 0 
7f1d608dc000-7f1d608f6000 r-xp 00000000 08:04 4462554                    /usr/lib/jvm/java-8-oracle/jre/lib/amd64/libzip.so
7f1d608f6000-7f1d60af6000 ---p 0001a000 08:04 4462554                    /usr/lib/jvm/java-8-oracle/jre/lib/amd64/libzip.so
7f1d60af6000-7f1d60af7000 rw-p 0001a000 08:04 4462554                    /usr/lib/jvm/java-8-oracle/jre/lib/amd64/libzip.so
7f1d60af7000-7f1d60b02000 r-xp 00000000 08:04 3150469                    /lib/x86_64-linux-gnu/libnss_files-2.19.so
7f1d60b02000-7f1d60d01000 ---p 0000b000 08:04 3150469                    /lib/x86_64-linux-gnu/libnss_files-2.19.so
7f1d60d01000-7f1d60d02000 r--p 0000a000 08:04 3150469                    /lib/x86_64-linux-gnu/libnss_files-2.19.so
7f1d60d02000-7f1d60d03000 rw-p 0000b000 08:04 3150469                    /lib/x86_64-linux-gnu/libnss_files-2.19.so
7f1d60d03000-7f1d60d0e000 r-xp 00000000 08:04 3150466                    /lib/x86_64-linux-gnu/libnss_nis-2.19.so
7f1d60d0e000-7f1d60f0d000 ---p 0000b000 08:04 3150466                    /lib/x86_64-linux-gnu/libnss_nis-2.19.so
7f1d60f0d000-7f1d60f0e000 r--p 0000a000 08:04 3150466                    /lib/x86_64-linux-gnu/libnss_nis-2.19.so
7f1d60f0e000-7f1d60f0f000 rw-p 0000b000 08:04 3150466                    /lib/x86_64-linux-gnu/libnss_nis-2.19.so
7f1d60f0f000-7f1d60f26000 r-xp 00000000 08:04 3150460                    /lib/x86_64-linux-gnu/libnsl-2.19.so
7f1d60f26000-7f1d61125000 ---p 00017000 08:04 3150460                    /lib/x86_64-linux-gnu/libnsl-2.19.so
7f1d61125000-7f1d61126000 r--p 00016000 08:04 3150460                    /lib/x86_64-linux-gnu/libnsl-2.19.so
7f1d61126000-7f1d61127000 rw-p 00017000 08:04 3150460                    /lib/x86_64-linux-gnu/libnsl-2.19.so
7f1d61127000-7f1d61129000 rw-p 00000000 00:00 0 
7f1d61129000-7f1d61132000 r-xp 00000000 08:04 3150457                    /lib/x86_64-linux-gnu/libnss_compat-2.19.so
7f1d61132000-7f1d61331000 ---p 00009000 08:04 3150457                    /lib/x86_64-linux-gnu/libnss_compat-2.19.so
7f1d61331000-7f1d61332000 r--p 00008000 08:04 3150457                    /lib/x86_64-linux-gnu/libnss_compat-2.19.so
7f1d61332000-7f1d61333000 rw-p 00009000 08:04 3150457                    /lib/x86_64-linux-gnu/libnss_compat-2.19.so
7f1d61333000-7f1d6135d000 r-xp 00000000 08:04 4461799                    /usr/lib/jvm/java-8-oracle/jre/lib/amd64/libjava.so
7f1d6135d000-7f1d6155d000 ---p 0002a000 08:04 4461799                    /usr/lib/jvm/java-8-oracle/jre/lib/amd64/libjava.so
7f1d6155d000-7f1d6155f000 rw-p 0002a000 08:04 4461799                    /usr/lib/jvm/java-8-oracle/jre/lib/amd64/libjava.so
7f1d6155f000-7f1d6156c000 r-xp 00000000 08:04 4462580                    /usr/lib/jvm/java-8-oracle/jre/lib/amd64/libverify.so
7f1d6156c000-7f1d6176c000 ---p 0000d000 08:04 4462580                    /usr/lib/jvm/java-8-oracle/jre/lib/amd64/libverify.so
7f1d6176c000-7f1d6176e000 rw-p 0000d000 08:04 4462580                    /usr/lib/jvm/java-8-oracle/jre/lib/amd64/libverify.so
7f1d6176e000-7f1d61775000 r-xp 00000000 08:04 3150452                    /lib/x86_64-linux-gnu/librt-2.19.so
7f1d61775000-7f1d61974000 ---p 00007000 08:04 3150452                    /lib/x86_64-linux-gnu/librt-2.19.so
7f1d61974000-7f1d61975000 r--p 00006000 08:04 3150452                    /lib/x86_64-linux-gnu/librt-2.19.so
7f1d61975000-7f1d61976000 rw-p 00007000 08:04 3150452                    /lib/x86_64-linux-gnu/librt-2.19.so
7f1d61976000-7f1d61a7b000 r-xp 00000000 08:04 3150459                    /lib/x86_64-linux-gnu/libm-2.19.so
7f1d61a7b000-7f1d61c7a000 ---p 00105000 08:04 3150459                    /lib/x86_64-linux-gnu/libm-2.19.so
7f1d61c7a000-7f1d61c7b000 r--p 00104000 08:04 3150459                    /lib/x86_64-linux-gnu/libm-2.19.so
7f1d61c7b000-7f1d61c7c000 rw-p 00105000 08:04 3150459                    /lib/x86_64-linux-gnu/libm-2.19.so
7f1d61c7c000-7f1d6292a000 r-xp 00000000 08:04 4723906                    /usr/lib/jvm/java-8-oracle/jre/lib/amd64/server/libjvm.so
7f1d6292a000-7f1d62b29000 ---p 00cae000 08:04 4723906                    /usr/lib/jvm/java-8-oracle/jre/lib/amd64/server/libjvm.so
7f1d62b29000-7f1d62c00000 rw-p 00cad000 08:04 4723906                    /usr/lib/jvm/java-8-oracle/jre/lib/amd64/server/libjvm.so
7f1d62c00000-7f1d62c44000 rw-p 00000000 00:00 0 
7f1d62c44000-7f1d62dff000 r-xp 00000000 08:04 3150451                    /lib/x86_64-linux-gnu/libc-2.19.so
7f1d62dff000-7f1d62fff000 ---p 001bb000 08:04 3150451                    /lib/x86_64-linux-gnu/libc-2.19.so
7f1d62fff000-7f1d63003000 r--p 001bb000 08:04 3150451                    /lib/x86_64-linux-gnu/libc-2.19.so
7f1d63003000-7f1d63005000 rw-p 001bf000 08:04 3150451                    /lib/x86_64-linux-gnu/libc-2.19.so
7f1d63005000-7f1d6300a000 rw-p 00000000 00:00 0 
7f1d6300a000-7f1d6300d000 r-xp 00000000 08:04 3150455                    /lib/x86_64-linux-gnu/libdl-2.19.so
7f1d6300d000-7f1d6320c000 ---p 00003000 08:04 3150455                    /lib/x86_64-linux-gnu/libdl-2.19.so
7f1d6320c000-7f1d6320d000 r--p 00002000 08:04 3150455                    /lib/x86_64-linux-gnu/libdl-2.19.so
7f1d6320d000-7f1d6320e000 rw-p 00003000 08:04 3150455                    /lib/x86_64-linux-gnu/libdl-2.19.so
7f1d6320e000-7f1d63223000 r-xp 00000000 08:04 4589480                    /usr/lib/jvm/java-8-oracle/jre/lib/amd64/jli/libjli.so
7f1d63223000-7f1d63423000 ---p 00015000 08:04 4589480                    /usr/lib/jvm/java-8-oracle/jre/lib/amd64/jli/libjli.so
7f1d63423000-7f1d63424000 rw-p 00015000 08:04 4589480                    /usr/lib/jvm/java-8-oracle/jre/lib/amd64/jli/libjli.so
7f1d63424000-7f1d6343d000 r-xp 00000000 08:04 3150468                    /lib/x86_64-linux-gnu/libpthread-2.19.so
7f1d6343d000-7f1d6363c000 ---p 00019000 08:04 3150468                    /lib/x86_64-linux-gnu/libpthread-2.19.so
7f1d6363c000-7f1d6363d000 r--p 00018000 08:04 3150468                    /lib/x86_64-linux-gnu/libpthread-2.19.so
7f1d6363d000-7f1d6363e000 rw-p 00019000 08:04 3150468                    /lib/x86_64-linux-gnu/libpthread-2.19.so
7f1d6363e000-7f1d63642000 rw-p 00000000 00:00 0 
7f1d63642000-7f1d63665000 r-xp 00000000 08:04 3150449                    /lib/x86_64-linux-gnu/ld-2.19.so
7f1d63680000-7f1d63681000 rw-p 00000000 00:00 0 
7f1d63681000-7f1d63686000 r--s 00094000 08:04 2893606                    /usr/lib/jvm/java-8-oracle/jre/lib/jsse.jar
7f1d63686000-7f1d63744000 rw-p 00000000 00:00 0 
7f1d63744000-7f1d63747000 ---p 00000000 00:00 0 
7f1d63747000-7f1d63849000 rw-p 00000000 00:00 0                          [stack:14559]
7f1d63849000-7f1d63858000 r--s 000dd000 08:04 1181352                    /home/vikky/Android/Sdk/build-tools/21.1.2/lib/dx.jar
7f1d63858000-7f1d63860000 rw-s 00000000 08:04 5377891                    /tmp/hsperfdata_vikky/14551
7f1d63860000-7f1d63861000 rw-p 00000000 00:00 0 
7f1d63861000-7f1d63862000 ---p 00000000 00:00 0 
7f1d63862000-7f1d63864000 rw-p 00000000 00:00 0 
7f1d63864000-7f1d63865000 r--p 00022000 08:04 3150449                    /lib/x86_64-linux-gnu/ld-2.19.so
7f1d63865000-7f1d63866000 rw-p 00023000 08:04 3150449                    /lib/x86_64-linux-gnu/ld-2.19.so
7f1d63866000-7f1d63867000 rw-p 00000000 00:00 0 
7fffd712f000-7fffd7150000 rw-p 00000000 00:00 0                          [stack]
7fffd71a2000-7fffd71a4000 r-xp 00000000 00:00 0                          [vdso]
ffffffffff600000-ffffffffff601000 r-xp 00000000 00:00 0                  [vsyscall]

VM Arguments:
jvm_args: -Xmx1024M 
java_command: /home/vikky/Android/Sdk/build-tools/21.1.2/lib/dx.jar --dex --no-optimize --output /home/vikky/AndroidStudioProjects/Hisab/app/build/intermediates/dex/debug --input-list=/home/vikky/AndroidStudioProjects/Hisab/app/build/intermediates/tmp/dex/debug/inputList.txt
java_class_path (initial): /home/vikky/Android/Sdk/build-tools/21.1.2/lib/dx.jar
Launcher Type: SUN_STANDARD

Environment Variables:
JAVA_HOME=/usr/lib/jvm/java-8-oracle
PATH=/home/vikky/.rbenv/shims:/usr/local/sbin:/usr/local/bin:/usr/sbin:/usr/bin:/sbin:/bin:/usr/games:/usr/local/games:/usr/lib/jvm/java-8-oracle/bin:/usr/lib/jvm/java-8-oracle/db/bin:/usr/lib/jvm/java-8-oracle/jre/bin:/home/vikky/.rvm/bin:/home/vikky/.rvm/bin
LD_LIBRARY_PATH=./android-studio/bin:
SHELL=/bin/bash
DISPLAY=:0.0

Signal Handlers:
SIGSEGV: [libjvm.so+0xaad1e0], sa_mask[0]=11111111011111111101111111111110, sa_flags=SA_RESTART|SA_SIGINFO
SIGBUS: [libjvm.so+0xaad1e0], sa_mask[0]=11111111011111111101111111111110, sa_flags=SA_RESTART|SA_SIGINFO
SIGFPE: [libjvm.so+0x90b450], sa_mask[0]=11111111011111111101111111111110, sa_flags=SA_RESTART|SA_SIGINFO
SIGPIPE: [libjvm.so+0x90b450], sa_mask[0]=11111111011111111101111111111110, sa_flags=SA_RESTART|SA_SIGINFO
SIGXFSZ: [libjvm.so+0x90b450], sa_mask[0]=11111111011111111101111111111110, sa_flags=SA_RESTART|SA_SIGINFO
SIGILL: [libjvm.so+0x90b450], sa_mask[0]=11111111011111111101111111111110, sa_flags=SA_RESTART|SA_SIGINFO
SIGUSR1: SIG_DFL, sa_mask[0]=00000000000000000000000000000000, sa_flags=none
SIGUSR2: [libjvm.so+0x90ca90], sa_mask[0]=00100000000000000000000000000000, sa_flags=SA_RESTART|SA_SIGINFO
SIGHUP: [libjvm.so+0x90dde0], sa_mask[0]=11111111011111111101111111111110, sa_flags=SA_RESTART|SA_SIGINFO
SIGINT: [libjvm.so+0x90dde0], sa_mask[0]=11111111011111111101111111111110, sa_flags=SA_RESTART|SA_SIGINFO
SIGTERM: [libjvm.so+0x90dde0], sa_mask[0]=11111111011111111101111111111110, sa_flags=SA_RESTART|SA_SIGINFO
SIGQUIT: [libjvm.so+0x90dde0], sa_mask[0]=11111111011111111101111111111110, sa_flags=SA_RESTART|SA_SIGINFO


---------------  S Y S T E M  ---------------

OS:DISTRIB_ID=Ubuntu
DISTRIB_RELEASE=14.04
DISTRIB_CODENAME=trusty
DISTRIB_DESCRIPTION="Linux Lite 2.2"

uname:Linux 3.13.0-24-generic #47-Ubuntu SMP Fri May 2 23:30:00 UTC 2014 x86_64
libc:glibc 2.19 NPTL 2.19 
rlimit: STACK 8192k, CORE 0k, NPROC 30981, NOFILE 4096, AS infinity
load average:15.71 5.75 2.55

/proc/meminfo:
MemTotal:        3994112 kB
MemFree:          137644 kB
Buffers:             264 kB
Cached:           112912 kB
SwapCached:            0 kB
Active:          3576148 kB
Inactive:         102768 kB
Active(anon):    3570620 kB
Inactive(anon):    93520 kB
Active(file):       5528 kB
Inactive(file):     9248 kB
Unevictable:          48 kB
Mlocked:              48 kB
SwapTotal:             0 kB
SwapFree:              0 kB
Dirty:               108 kB
Writeback:             0 kB
AnonPages:       3566020 kB
Mapped:            45008 kB
Shmem:             98168 kB
Slab:              59048 kB
SReclaimable:      28992 kB
SUnreclaim:        30056 kB
KernelStack:        4456 kB
PageTables:        33640 kB
NFS_Unstable:          0 kB
Bounce:                0 kB
WritebackTmp:          0 kB
CommitLimit:     1997056 kB
Committed_AS:    5994308 kB
VmallocTotal:   34359738367 kB
VmallocUsed:      555664 kB
VmallocChunk:   34359175756 kB
HardwareCorrupted:     0 kB
AnonHugePages:    411648 kB
HugePages_Total:       0
HugePages_Free:        0
HugePages_Rsvd:        0
HugePages_Surp:        0
Hugepagesize:       2048 kB
DirectMap4k:       96512 kB
DirectMap2M:     4044800 kB


CPU:total 4 (2 cores per cpu, 2 threads per core) family 6 model 42 stepping 7, cmov, cx8, fxsr, mmx, sse, sse2, sse3, ssse3, sse4.1, sse4.2, popcnt, avx, clmul, ht, tsc, tscinvbit

/proc/cpuinfo:
processor	: 0
vendor_id	: GenuineIntel
cpu family	: 6
model		: 42
model name	: Intel(R) Core(TM) i3-2350M CPU @ 2.30GHz
stepping	: 7
microcode	: 0x1b
cpu MHz		: 2300.000
cache size	: 3072 KB
physical id	: 0
siblings	: 4
core id		: 0
cpu cores	: 2
apicid		: 0
initial apicid	: 0
fpu		: yes
fpu_exception	: yes
cpuid level	: 13
wp		: yes
flags		: fpu vme de pse tsc msr pae mce cx8 apic sep mtrr pge mca cmov pat pse36 clflush dts acpi mmx fxsr sse sse2 ss ht tm pbe syscall nx rdtscp lm constant_tsc arch_perfmon pebs bts rep_good nopl xtopology nonstop_tsc aperfmperf eagerfpu pni pclmulqdq dtes64 monitor ds_cpl vmx est tm2 ssse3 cx16 xtpr pdcm pcid sse4_1 sse4_2 x2apic popcnt tsc_deadline_timer xsave avx lahf_lm arat epb xsaveopt pln pts dtherm tpr_shadow vnmi flexpriority ept vpid
bogomips	: 4589.87
clflush size	: 64
cache_alignment	: 64
address sizes	: 36 bits physical, 48 bits virtual
power management:

processor	: 1
vendor_id	: GenuineIntel
cpu family	: 6
model		: 42
model name	: Intel(R) Core(TM) i3-2350M CPU @ 2.30GHz
stepping	: 7
microcode	: 0x1b
cpu MHz		: 2300.000
cache size	: 3072 KB
physical id	: 0
siblings	: 4
core id		: 0
cpu cores	: 2
apicid		: 1
initial apicid	: 1
fpu		: yes
fpu_exception	: yes
cpuid level	: 13
wp		: yes
flags		: fpu vme de pse tsc msr pae mce cx8 apic sep mtrr pge mca cmov pat pse36 clflush dts acpi mmx fxsr sse sse2 ss ht tm pbe syscall nx rdtscp lm constant_tsc arch_perfmon pebs bts rep_good nopl xtopology nonstop_tsc aperfmperf eagerfpu pni pclmulqdq dtes64 monitor ds_cpl vmx est tm2 ssse3 cx16 xtpr pdcm pcid sse4_1 sse4_2 x2apic popcnt tsc_deadline_timer xsave avx lahf_lm arat epb xsaveopt pln pts dtherm tpr_shadow vnmi flexpriority ept vpid
bogomips	: 4589.87
clflush size	: 64
cache_alignment	: 64
address sizes	: 36 bits physical, 48 bits virtual
power management:

processor	: 2
vendor_id	: GenuineIntel
cpu family	: 6
model		: 42
model name	: Intel(R) Core(TM) i3-2350M CPU @ 2.30GHz
stepping	: 7
microcode	: 0x1b
cpu MHz		: 2000.000
cache size	: 3072 KB
physical id	: 0
siblings	: 4
core id		: 1
cpu cores	: 2
apicid		: 2
initial apicid	: 2
fpu		: yes
fpu_exception	: yes
cpuid level	: 13
wp		: yes
flags		: fpu vme de pse tsc msr pae mce cx8 apic sep mtrr pge mca cmov pat pse36 clflush dts acpi mmx fxsr sse sse2 ss ht tm pbe syscall nx rdtscp lm constant_tsc arch_perfmon pebs bts rep_good nopl xtopology nonstop_tsc aperfmperf eagerfpu pni pclmulqdq dtes64 monitor ds_cpl vmx est tm2 ssse3 cx16 xtpr pdcm pcid sse4_1 sse4_2 x2apic popcnt tsc_deadline_timer xsave avx lahf_lm arat epb xsaveopt pln pts dtherm tpr_shadow vnmi flexpriority ept vpid
bogomips	: 4589.87
clflush size	: 64
cache_alignment	: 64
address sizes	: 36 bits physical, 48 bits virtual
power management:

processor	: 3
vendor_id	: GenuineIntel
cpu family	: 6
model		: 42
model name	: Intel(R) Core(TM) i3-2350M CPU @ 2.30GHz
stepping	: 7
microcode	: 0x1b
cpu MHz		: 1200.000
cache size	: 3072 KB
physical id	: 0
siblings	: 4
core id		: 1
cpu cores	: 2
apicid		: 3
initial apicid	: 3
fpu		: yes
fpu_exception	: yes
cpuid level	: 13
wp		: yes
flags		: fpu vme de pse tsc msr pae mce cx8 apic sep mtrr pge mca cmov pat pse36 clflush dts acpi mmx fxsr sse sse2 ss ht tm pbe syscall nx rdtscp lm constant_tsc arch_perfmon pebs bts rep_good nopl xtopology nonstop_tsc aperfmperf eagerfpu pni pclmulqdq dtes64 monitor ds_cpl vmx est tm2 ssse3 cx16 xtpr pdcm pcid sse4_1 sse4_2 x2apic popcnt tsc_deadline_timer xsave avx lahf_lm arat epb xsaveopt pln pts dtherm tpr_shadow vnmi flexpriority ept vpid
bogomips	: 4589.87
clflush size	: 64
cache_alignment	: 64
address sizes	: 36 bits physical, 48 bits virtual
power management:



Memory: 4k page, physical 3994112k(137148k free), swap 0k(0k free)

vm_info: Java HotSpot(TM) 64-Bit Server VM (25.45-b02) for linux-amd64 JRE (1.8.0_45-b14), built on Apr 10 2015 10:07:45 by "java_re" with gcc 4.3.0 20080428 (Red Hat 4.3.0-8)

time: Sun Jul 19 17:22:15 2015
elapsed time: 73 seconds (0d 0h 1m 13s)

