#
# There is insufficient memory for the Java Runtime Environment to continue.
# Native memory allocation (mmap) failed to map 96468992 bytes for committing reserved memory.
# Possible reasons:
#   The system is out of physical RAM or swap space
#   In 32 bit mode, the process size limit was hit
# Possible solutions:
#   Reduce memory load on the system
#   Increase physical memory or swap space
#   Check if swap backing store is full
#   Use 64 bit Java on a 64 bit OS
#   Decrease Java heap size (-Xmx/-Xms)
#   Decrease number of Java threads
#   Decrease Java thread stack sizes (-Xss)
#   Set larger code cache with -XX:ReservedCodeCacheSize=
# This output file may be truncated or incomplete.
#
#  Out of Memory Error (os_linux.cpp:2673), pid=17529, tid=139744668239616
#
# JRE version: Java(TM) SE Runtime Environment (8.0_45-b14) (build 1.8.0_45-b14)
# Java VM: Java HotSpot(TM) 64-Bit Server VM (25.45-b02 mixed mode linux-amd64 compressed oops)
# Failed to write core dump. Core dumps have been disabled. To enable core dumping, try "ulimit -c unlimited" before starting Java again
#

---------------  T H R E A D  ---------------

Current thread (0x00007f18ec13e800):  VMThread [stack: 0x00007f18d73f4000,0x00007f18d74f5000] [id=17542]

Stack: [0x00007f18d73f4000,0x00007f18d74f5000],  sp=0x00007f18d74f3060,  free space=1020k
Native frames: (J=compiled Java code, j=interpreted, Vv=VM code, C=native code)
V  [libjvm.so+0xaac99a]  VMError::report_and_die()+0x2ba
V  [libjvm.so+0x4f333b]  report_vm_out_of_memory(char const*, int, unsigned long, VMErrorType, char const*)+0x8b
V  [libjvm.so+0x90e7c3]  os::Linux::commit_memory_impl(char*, unsigned long, bool)+0x103
V  [libjvm.so+0x90ed19]  os::pd_commit_memory(char*, unsigned long, unsigned long, bool)+0x29
V  [libjvm.so+0x90867a]  os::commit_memory(char*, unsigned long, unsigned long, bool)+0x2a
V  [libjvm.so+0x97bac3]  PSVirtualSpace::expand_by(unsigned long)+0x53
V  [libjvm.so+0x97cec8]  PSYoungGen::resize_generation(unsigned long, unsigned long)+0xf8
V  [libjvm.so+0x97c022]  PSYoungGen::resize(unsigned long, unsigned long)+0x22
V  [libjvm.so+0x9792fb]  PSScavenge::invoke_no_policy()+0xf7b
V  [libjvm.so+0x979a81]  PSScavenge::invoke()+0x41
V  [libjvm.so+0x932050]  ParallelScavengeHeap::failed_mem_allocate(unsigned long)+0x70
V  [libjvm.so+0xaae1d7]  VM_ParallelGCFailedAllocation::doit()+0x97
V  [libjvm.so+0xab59c5]  VM_Operation::evaluate()+0x55
V  [libjvm.so+0xab3d9a]  VMThread::evaluate_operation(VM_Operation*)+0xba
V  [libjvm.so+0xab411e]  VMThread::loop()+0x1ce
V  [libjvm.so+0xab4590]  VMThread::run()+0x70
V  [libjvm.so+0x910de8]  java_start(Thread*)+0x108

VM_Operation (0x00007f18f5b35090): ParallelGCFailedAllocation, mode: safepoint, requested by thread 0x00007f18ec009800


---------------  P R O C E S S  ---------------

Java Threads: ( => current thread )
  0x00007f18ec186800 JavaThread "Service Thread" daemon [_thread_blocked, id=17549, stack(0x00007f18d6a24000,0x00007f18d6b25000)]
  0x00007f18ec181800 JavaThread "C1 CompilerThread2" daemon [_thread_blocked, id=17548, stack(0x00007f18d6b25000,0x00007f18d6c26000)]
  0x00007f18ec17f800 JavaThread "C2 CompilerThread1" daemon [_thread_blocked, id=17547, stack(0x00007f18d6c26000,0x00007f18d6d27000)]
  0x00007f18ec17c800 JavaThread "C2 CompilerThread0" daemon [_thread_blocked, id=17546, stack(0x00007f18d6d27000,0x00007f18d6e28000)]
  0x00007f18ec17b800 JavaThread "Signal Dispatcher" daemon [_thread_blocked, id=17545, stack(0x00007f18d6e28000,0x00007f18d6f29000)]
  0x00007f18ec146000 JavaThread "Finalizer" daemon [_thread_blocked, id=17544, stack(0x00007f18d71f2000,0x00007f18d72f3000)]
  0x00007f18ec143800 JavaThread "Reference Handler" daemon [_thread_blocked, id=17543, stack(0x00007f18d72f3000,0x00007f18d73f4000)]
  0x00007f18ec009800 JavaThread "main" [_thread_blocked, id=17537, stack(0x00007f18f5a36000,0x00007f18f5b37000)]

Other Threads:
=>0x00007f18ec13e800 VMThread [stack: 0x00007f18d73f4000,0x00007f18d74f5000] [id=17542]
  0x00007f18ec189000 WatcherThread [stack: 0x00007f18d6923000,0x00007f18d6a24000] [id=17550]

VM state:at safepoint (normal execution)

VM Mutex/Monitor currently owned by a thread:  ([mutex/lock_event])
[0x00007f18ec005ff0] Threads_lock - owner thread: 0x00007f18ec13e800
[0x00007f18ec0064f0] Heap_lock - owner thread: 0x00007f18ec009800

Heap:
 PSYoungGen      total 66048K, used 2551K [0x00000000eab00000, 0x00000000eee00000, 0x0000000100000000)
  eden space 63488K, 0% used [0x00000000eab00000,0x00000000eab00000,0x00000000ee900000)
  from space 2560K, 99% used [0x00000000ee900000,0x00000000eeb7dcb0,0x00000000eeb80000)
  to   space 2560K, 0% used [0x00000000eeb80000,0x00000000eeb80000,0x00000000eee00000)
 ParOldGen       total 42496K, used 35026K [0x00000000c0000000, 0x00000000c2980000, 0x00000000eab00000)
  object space 42496K, 82% used [0x00000000c0000000,0x00000000c2234b40,0x00000000c2980000)
 Metaspace       used 6605K, capacity 7320K, committed 7680K, reserved 1056768K
  class space    used 653K, capacity 656K, committed 768K, reserved 1048576K

Card table byte_map: [0x00007f18f260d000,0x00007f18f280e000] byte_map_base: 0x00007f18f200d000

Marking Bits: (ParMarkBitMap*) 0x00007f18f4f0b760
 Begin Bits: [0x00007f18f00b3000, 0x00007f18f10b3000)
 End Bits:   [0x00007f18f10b3000, 0x00007f18f20b3000)

Polling page: 0x00007f18f5b53000

CodeCache: size=245760Kb used=6218Kb max_used=6230Kb free=239541Kb
 bounds [0x00007f18dd000000, 0x00007f18dd620000, 0x00007f18ec000000]
 total_blobs=2167 nmethods=1875 adapters=206
 compilation: enabled

Compilation events (10 events):
Event: 2.502 Thread 0x00007f18ec181800 nmethod 1899 0x00007f18dd613190 code [0x00007f18dd613380, 0x00007f18dd613c08]
Event: 2.505 Thread 0x00007f18ec17c800 1900       4       com.android.dx.merge.InstructionTransformer$StringVisitor::visit (63 bytes)
Event: 2.511 Thread 0x00007f18ec181800 1901       3       com.android.dx.io.instructions.InstructionCodec$11::decode (38 bytes)
Event: 2.512 Thread 0x00007f18ec181800 nmethod 1901 0x00007f18dd619d90 code [0x00007f18dd619f60, 0x00007f18dd61a6b8]
Event: 2.512 Thread 0x00007f18ec181800 1902       3       com.android.dx.io.instructions.InstructionCodec$11::encode (22 bytes)
Event: 2.513 Thread 0x00007f18ec181800 nmethod 1902 0x00007f18dd618e50 code [0x00007f18dd619020, 0x00007f18dd6199c8]
Event: 2.513 Thread 0x00007f18ec181800 1903       3       com.android.dx.io.instructions.FourRegisterDecodedInstruction::<init> (38 bytes)
Event: 2.513 Thread 0x00007f18ec181800 nmethod 1903 0x00007f18dd605590 code [0x00007f18dd605700, 0x00007f18dd6058c8]
Event: 2.516 Thread 0x00007f18ec17c800 nmethod 1900 0x00007f18dd60bc50 code [0x00007f18dd60bde0, 0x00007f18dd60c238]
Event: 2.520 Thread 0x00007f18ec17c800 1904       4       com.android.dex.Dex$Section::readClassData (66 bytes)

GC Heap History (9 events):
Event: 1.012 GC heap before
{Heap before GC invocations=1 (full 0):
 PSYoungGen      total 18432K, used 15634K [0x00000000eab00000, 0x00000000ebf80000, 0x0000000100000000)
  eden space 15872K, 98% used [0x00000000eab00000,0x00000000eba44900,0x00000000eba80000)
  from space 2560K, 0% used [0x00000000ebd00000,0x00000000ebd00000,0x00000000ebf80000)
  to   space 2560K, 0% used [0x00000000eba80000,0x00000000eba80000,0x00000000ebd00000)
 ParOldGen       total 42496K, used 0K [0x00000000c0000000, 0x00000000c2980000, 0x00000000eab00000)
  object space 42496K, 0% used [0x00000000c0000000,0x00000000c0000000,0x00000000c2980000)
 Metaspace       used 4947K, capacity 6352K, committed 6528K, reserved 1056768K
  class space    used 498K, capacity 584K, committed 640K, reserved 1048576K
Event: 1.024 GC heap after
Heap after GC invocations=1 (full 0):
 PSYoungGen      total 18432K, used 2551K [0x00000000eab00000, 0x00000000ecf00000, 0x0000000100000000)
  eden space 15872K, 0% used [0x00000000eab00000,0x00000000eab00000,0x00000000eba80000)
  from space 2560K, 99% used [0x00000000eba80000,0x00000000ebcfddf8,0x00000000ebd00000)
  to   space 2560K, 0% used [0x00000000ecc80000,0x00000000ecc80000,0x00000000ecf00000)
 ParOldGen       total 42496K, used 3676K [0x00000000c0000000, 0x00000000c2980000, 0x00000000eab00000)
  object space 42496K, 8% used [0x00000000c0000000,0x00000000c0397370,0x00000000c2980000)
 Metaspace       used 4947K, capacity 6352K, committed 6528K, reserved 1056768K
  class space    used 498K, capacity 584K, committed 640K, reserved 1048576K
}
Event: 1.652 GC heap before
{Heap before GC invocations=2 (full 0):
 PSYoungGen      total 18432K, used 17964K [0x00000000eab00000, 0x00000000ecf00000, 0x0000000100000000)
  eden space 15872K, 97% used [0x00000000eab00000,0x00000000eba0d388,0x00000000eba80000)
  from space 2560K, 99% used [0x00000000eba80000,0x00000000ebcfddf8,0x00000000ebd00000)
  to   space 2560K, 0% used [0x00000000ecc80000,0x00000000ecc80000,0x00000000ecf00000)
 ParOldGen       total 42496K, used 3676K [0x00000000c0000000, 0x00000000c2980000, 0x00000000eab00000)
  object space 42496K, 8% used [0x00000000c0000000,0x00000000c0397370,0x00000000c2980000)
 Metaspace       used 6484K, capacity 7256K, committed 7424K, reserved 1056768K
  class space    used 652K, capacity 656K, committed 768K, reserved 1048576K
Event: 1.663 GC heap after
Heap after GC invocations=2 (full 0):
 PSYoungGen      total 34304K, used 2532K [0x00000000eab00000, 0x00000000ecf00000, 0x0000000100000000)
  eden space 31744K, 0% used [0x00000000eab00000,0x00000000eab00000,0x00000000eca00000)
  from space 2560K, 98% used [0x00000000ecc80000,0x00000000ecef93c0,0x00000000ecf00000)
  to   space 2560K, 0% used [0x00000000eca00000,0x00000000eca00000,0x00000000ecc80000)
 ParOldGen       total 42496K, used 6648K [0x00000000c0000000, 0x00000000c2980000, 0x00000000eab00000)
  object space 42496K, 15% used [0x00000000c0000000,0x00000000c067e2d0,0x00000000c2980000)
 Metaspace       used 6484K, capacity 7256K, committed 7424K, reserved 1056768K
  class space    used 652K, capacity 656K, committed 768K, reserved 1048576K
}
Event: 1.995 GC heap before
{Heap before GC invocations=3 (full 0):
 PSYoungGen      total 34304K, used 33576K [0x00000000eab00000, 0x00000000ecf00000, 0x0000000100000000)
  eden space 31744K, 97% used [0x00000000eab00000,0x00000000ec950f78,0x00000000eca00000)
  from space 2560K, 98% used [0x00000000ecc80000,0x00000000ecef93c0,0x00000000ecf00000)
  to   space 2560K, 0% used [0x00000000eca00000,0x00000000eca00000,0x00000000ecc80000)
 ParOldGen       total 42496K, used 6648K [0x00000000c0000000, 0x00000000c2980000, 0x00000000eab00000)
  object space 42496K, 15% used [0x00000000c0000000,0x00000000c067e2d0,0x00000000c2980000)
 Metaspace       used 6558K, capacity 7320K, committed 7680K, reserved 1056768K
  class space    used 652K, capacity 656K, committed 768K, reserved 1048576K
Event: 2.013 GC heap after
Heap after GC invocations=3 (full 0):
 PSYoungGen      total 34304K, used 2545K [0x00000000eab00000, 0x00000000eee00000, 0x0000000100000000)
  eden space 31744K, 0% used [0x00000000eab00000,0x00000000eab00000,0x00000000eca00000)
  from space 2560K, 99% used [0x00000000eca00000,0x00000000ecc7c488,0x00000000ecc80000)
  to   space 2560K, 0% used [0x00000000eeb80000,0x00000000eeb80000,0x00000000eee00000)
 ParOldGen       total 42496K, used 11452K [0x00000000c0000000, 0x00000000c2980000, 0x00000000eab00000)
  object space 42496K, 26% used [0x00000000c0000000,0x00000000c0b2f300,0x00000000c2980000)
 Metaspace       used 6558K, capacity 7320K, committed 7680K, reserved 1056768K
  class space    used 652K, capacity 656K, committed 768K, reserved 1048576K
}
Event: 2.192 GC heap before
{Heap before GC invocations=4 (full 0):
 PSYoungGen      total 34304K, used 34289K [0x00000000eab00000, 0x00000000eee00000, 0x0000000100000000)
  eden space 31744K, 100% used [0x00000000eab00000,0x00000000eca00000,0x00000000eca00000)
  from space 2560K, 99% used [0x00000000eca00000,0x00000000ecc7c488,0x00000000ecc80000)
  to   space 2560K, 0% used [0x00000000eeb80000,0x00000000eeb80000,0x00000000eee00000)
 ParOldGen       total 42496K, used 11452K [0x00000000c0000000, 0x00000000c2980000, 0x00000000eab00000)
  object space 42496K, 26% used [0x00000000c0000000,0x00000000c0b2f300,0x00000000c2980000)
 Metaspace       used 6584K, capacity 7320K, committed 7680K, reserved 1056768K
  class space    used 653K, capacity 656K, committed 768K, reserved 1048576K
Event: 2.206 GC heap after
Heap after GC invocations=4 (full 0):
 PSYoungGen      total 66048K, used 2530K [0x00000000eab00000, 0x00000000eee00000, 0x0000000100000000)
  eden space 63488K, 0% used [0x00000000eab00000,0x00000000eab00000,0x00000000ee900000)
  from space 2560K, 98% used [0x00000000eeb80000,0x00000000eedf8b88,0x00000000eee00000)
  to   space 2560K, 0% used [0x00000000ee900000,0x00000000ee900000,0x00000000eeb80000)
 ParOldGen       total 42496K, used 18427K [0x00000000c0000000, 0x00000000c2980000, 0x00000000eab00000)
  object space 42496K, 43% used [0x00000000c0000000,0x00000000c11fedd0,0x00000000c2980000)
 Metaspace       used 6584K, capacity 7320K, committed 7680K, reserved 1056768K
  class space    used 653K, capacity 656K, committed 768K, reserved 1048576K
}
Event: 2.523 GC heap before
{Heap before GC invocations=5 (full 0):
 PSYoungGen      total 66048K, used 66018K [0x00000000eab00000, 0x00000000eee00000, 0x0000000100000000)
  eden space 63488K, 100% used [0x00000000eab00000,0x00000000ee900000,0x00000000ee900000)
  from space 2560K, 98% used [0x00000000eeb80000,0x00000000eedf8b88,0x00000000eee00000)
  to   space 2560K, 0% used [0x00000000ee900000,0x00000000ee900000,0x00000000eeb80000)
 ParOldGen       total 42496K, used 18427K [0x00000000c0000000, 0x00000000c2980000, 0x00000000eab00000)
  object space 42496K, 43% used [0x00000000c0000000,0x00000000c11fedd0,0x00000000c2980000)
 Metaspace       used 6605K, capacity 7320K, committed 7680K, reserved 1056768K
  class space    used 653K, capacity 656K, committed 768K, reserved 1048576K

Deoptimization events (10 events):
Event: 1.353 Thread 0x00007f18ec009800 Uncommon trap: reason=class_check action=maybe_recompile pc=0x00007f18dd3a7440 method=java.util.HashMap.putVal(ILjava/lang/Object;Ljava/lang/Object;ZZ)Ljava/lang/Object; @ 56
Event: 1.353 Thread 0x00007f18ec009800 Uncommon trap: reason=class_check action=maybe_recompile pc=0x00007f18dd3a7440 method=java.util.HashMap.putVal(ILjava/lang/Object;Ljava/lang/Object;ZZ)Ljava/lang/Object; @ 56
Event: 1.354 Thread 0x00007f18ec009800 Uncommon trap: reason=class_check action=maybe_recompile pc=0x00007f18dd3a7440 method=java.util.HashMap.putVal(ILjava/lang/Object;Ljava/lang/Object;ZZ)Ljava/lang/Object; @ 56
Event: 1.354 Thread 0x00007f18ec009800 Uncommon trap: reason=class_check action=maybe_recompile pc=0x00007f18dd3a74c0 method=java.util.HashMap.putVal(ILjava/lang/Object;Ljava/lang/Object;ZZ)Ljava/lang/Object; @ 152
Event: 1.354 Thread 0x00007f18ec009800 Uncommon trap: reason=class_check action=maybe_recompile pc=0x00007f18dd3a74c0 method=java.util.HashMap.putVal(ILjava/lang/Object;Ljava/lang/Object;ZZ)Ljava/lang/Object; @ 152
Event: 1.440 Thread 0x00007f18ec009800 Uncommon trap: reason=unstable_if action=reinterpret pc=0x00007f18dd43bad0 method=java.util.HashMap.putVal(ILjava/lang/Object;Ljava/lang/Object;ZZ)Ljava/lang/Object; @ 162
Event: 1.621 Thread 0x00007f18ec009800 Uncommon trap: reason=predicate action=maybe_recompile pc=0x00007f18dd4d35d0 method=com.android.dex.Leb128.readUnsignedLeb128(Lcom/android/dex/util/ByteInput;)I @ 41
Event: 1.688 Thread 0x00007f18ec009800 Uncommon trap: reason=unstable_if action=reinterpret pc=0x00007f18dd50023c method=java.util.HashMap.putVal(ILjava/lang/Object;Ljava/lang/Object;ZZ)Ljava/lang/Object; @ 109
Event: 2.048 Thread 0x00007f18ec009800 Uncommon trap: reason=unstable_if action=reinterpret pc=0x00007f18dd3778f8 method=java.util.HashMap.getNode(ILjava/lang/Object;)Ljava/util/HashMap$Node; @ 84
Event: 2.048 Thread 0x00007f18ec009800 Uncommon trap: reason=unstable_if action=reinterpret pc=0x00007f18dd3b5280 method=java.util.HashMap.getNode(ILjava/lang/Object;)Ljava/util/HashMap$Node; @ 84

Internal exceptions (2 events):
Event: 0.134 Thread 0x00007f18ec009800 Exception <a 'java/lang/NoSuchMethodError': Method sun.misc.Unsafe.defineClass(Ljava/lang/String;[BII)Ljava/lang/Class; name or signature does not match> (0x00000000eab12708) thrown at [/RE-WORK/workspace/8-2-build-linux-amd64/jdk8u45/3457/hotspot/src/sha
Event: 0.134 Thread 0x00007f18ec009800 Exception <a 'java/lang/NoSuchMethodError': Method sun.misc.Unsafe.prefetchRead(Ljava/lang/Object;J)V name or signature does not match> (0x00000000eab12998) thrown at [/RE-WORK/workspace/8-2-build-linux-amd64/jdk8u45/3457/hotspot/src/share/vm/prims/jni.cp

Events (10 events):
Event: 2.435 Thread 0x00007f18ec009800 DEOPT UNPACKING pc=0x00007f18dd047633 sp=0x00007f18f5b35260 mode 0
Event: 2.442 Thread 0x00007f18ec009800 DEOPT PACKING pc=0x00007f18dd583e79 sp=0x00007f18f5b354c0
Event: 2.442 Thread 0x00007f18ec009800 DEOPT UNPACKING pc=0x00007f18dd047633 sp=0x00007f18f5b35260 mode 0
Event: 2.451 Thread 0x00007f18ec009800 DEOPT PACKING pc=0x00007f18dd351290 sp=0x00007f18f5b35350
Event: 2.451 Thread 0x00007f18ec009800 DEOPT UNPACKING pc=0x00007f18dd047633 sp=0x00007f18f5b35060 mode 0
Event: 2.455 Thread 0x00007f18ec009800 DEOPT PACKING pc=0x00007f18dd351290 sp=0x00007f18f5b35320
Event: 2.455 Thread 0x00007f18ec009800 DEOPT UNPACKING pc=0x00007f18dd047633 sp=0x00007f18f5b35030 mode 0
Event: 2.458 Thread 0x00007f18ec009800 DEOPT PACKING pc=0x00007f18dd351290 sp=0x00007f18f5b352d0
Event: 2.458 Thread 0x00007f18ec009800 DEOPT UNPACKING pc=0x00007f18dd047633 sp=0x00007f18f5b34fe0 mode 0
Event: 2.522 Executing VM operation: ParallelGCFailedAllocation


Dynamic libraries:
00400000-00401000 r-xp 00000000 08:04 4986776                            /usr/lib/jvm/java-8-oracle/jre/bin/java
00600000-00601000 rw-p 00000000 08:04 4986776                            /usr/lib/jvm/java-8-oracle/jre/bin/java
02453000-02474000 rw-p 00000000 00:00 0                                  [heap]
c0000000-c2980000 rw-p 00000000 00:00 0 
c2980000-eab00000 ---p 00000000 00:00 0 
eab00000-eee00000 rw-p 00000000 00:00 0 
f4a00000-100000000 ---p 00000000 00:00 0 
100000000-1000c0000 rw-p 00000000 00:00 0 
1000c0000-140000000 ---p 00000000 00:00 0 
7f1898000000-7f1898021000 rw-p 00000000 00:00 0 
7f1898021000-7f189c000000 ---p 00000000 00:00 0 
7f18a0000000-7f18a06a7000 rw-p 00000000 00:00 0 
7f18a06a7000-7f18a4000000 ---p 00000000 00:00 0 
7f18a4000000-7f18a4021000 rw-p 00000000 00:00 0 
7f18a4021000-7f18a8000000 ---p 00000000 00:00 0 
7f18a8000000-7f18a8936000 rw-p 00000000 00:00 0 
7f18a8936000-7f18ac000000 ---p 00000000 00:00 0 
7f18ac000000-7f18accf7000 rw-p 00000000 00:00 0 
7f18accf7000-7f18b0000000 ---p 00000000 00:00 0 
7f18b0000000-7f18b0021000 rw-p 00000000 00:00 0 
7f18b0021000-7f18b4000000 ---p 00000000 00:00 0 
7f18b4000000-7f18b4021000 rw-p 00000000 00:00 0 
7f18b4021000-7f18b8000000 ---p 00000000 00:00 0 
7f18b8000000-7f18b828a000 rw-p 00000000 00:00 0 
7f18b828a000-7f18bc000000 ---p 00000000 00:00 0 
7f18bc000000-7f18bc021000 rw-p 00000000 00:00 0 
7f18bc021000-7f18c0000000 ---p 00000000 00:00 0 
7f18c0000000-7f18c0021000 rw-p 00000000 00:00 0 
7f18c0021000-7f18c4000000 ---p 00000000 00:00 0 
7f18c8000000-7f18c8021000 rw-p 00000000 00:00 0 
7f18c8021000-7f18cc000000 ---p 00000000 00:00 0 
7f18d0000000-7f18d0021000 rw-p 00000000 00:00 0 
7f18d0021000-7f18d4000000 ---p 00000000 00:00 0 
7f18d6923000-7f18d6924000 ---p 00000000 00:00 0 
7f18d6924000-7f18d6a24000 rw-p 00000000 00:00 0                          [stack:17550]
7f18d6a24000-7f18d6a27000 ---p 00000000 00:00 0 
7f18d6a27000-7f18d6b25000 rw-p 00000000 00:00 0                          [stack:17549]
7f18d6b25000-7f18d6b28000 ---p 00000000 00:00 0 
7f18d6b28000-7f18d6c26000 rw-p 00000000 00:00 0                          [stack:17548]
7f18d6c26000-7f18d6c29000 ---p 00000000 00:00 0 
7f18d6c29000-7f18d6d27000 rw-p 00000000 00:00 0                          [stack:17547]
7f18d6d27000-7f18d6d2a000 ---p 00000000 00:00 0 
7f18d6d2a000-7f18d6e28000 rw-p 00000000 00:00 0                          [stack:17546]
7f18d6e28000-7f18d6e2b000 ---p 00000000 00:00 0 
7f18d6e2b000-7f18d6f29000 rw-p 00000000 00:00 0                          [stack:17545]
7f18d6f29000-7f18d71f2000 r--p 00000000 08:04 1580843                    /usr/lib/locale/locale-archive
7f18d71f2000-7f18d71f5000 ---p 00000000 00:00 0 
7f18d71f5000-7f18d72f3000 rw-p 00000000 00:00 0                          [stack:17544]
7f18d72f3000-7f18d72f6000 ---p 00000000 00:00 0 
7f18d72f6000-7f18d73f4000 rw-p 00000000 00:00 0                          [stack:17543]
7f18d73f4000-7f18d73f5000 ---p 00000000 00:00 0 
7f18d73f5000-7f18d8000000 rw-p 00000000 00:00 0                          [stack:17542]
7f18d8000000-7f18d8021000 rw-p 00000000 00:00 0 
7f18d8021000-7f18dc000000 ---p 00000000 00:00 0 
7f18dc023000-7f18dc427000 rw-p 00000000 00:00 0 
7f18dc427000-7f18dc600000 r--s 03d09000 08:04 2893612                    /usr/lib/jvm/java-8-oracle/jre/lib/rt.jar
7f18dc600000-7f18dccc0000 rw-p 00000000 00:00 0 
7f18dccc0000-7f18dce00000 ---p 00000000 00:00 0 
7f18dce00000-7f18dd000000 rw-p 00000000 00:00 0 
7f18dd000000-7f18dd620000 rwxp 00000000 00:00 0 
7f18dd620000-7f18ec000000 ---p 00000000 00:00 0 
7f18ec000000-7f18ec455000 rw-p 00000000 00:00 0 
7f18ec455000-7f18f0000000 ---p 00000000 00:00 0 
7f18f003d000-7f18f20b3000 rw-p 00000000 00:00 0 
7f18f20b3000-7f18f20b4000 ---p 00000000 00:00 0 
7f18f20b4000-7f18f21b4000 rw-p 00000000 00:00 0                          [stack:17541]
7f18f21b4000-7f18f21b5000 ---p 00000000 00:00 0 
7f18f21b5000-7f18f22b5000 rw-p 00000000 00:00 0                          [stack:17540]
7f18f22b5000-7f18f22b6000 ---p 00000000 00:00 0 
7f18f22b6000-7f18f23b6000 rw-p 00000000 00:00 0                          [stack:17539]
7f18f23b6000-7f18f23b7000 ---p 00000000 00:00 0 
7f18f23b7000-7f18f24cc000 rw-p 00000000 00:00 0                          [stack:17538]
7f18f24cc000-7f18f260d000 ---p 00000000 00:00 0 
7f18f260d000-7f18f2622000 rw-p 00000000 00:00 0 
7f18f2622000-7f18f2762000 ---p 00000000 00:00 0 
7f18f2762000-7f18f2784000 rw-p 00000000 00:00 0 
7f18f2784000-7f18f280d000 ---p 00000000 00:00 0 
7f18f280d000-7f18f2827000 rw-p 00000000 00:00 0 
7f18f2827000-7f18f2bce000 ---p 00000000 00:00 0 
7f18f2bce000-7f18f2be8000 r-xp 00000000 08:04 4462554                    /usr/lib/jvm/java-8-oracle/jre/lib/amd64/libzip.so
7f18f2be8000-7f18f2de8000 ---p 0001a000 08:04 4462554                    /usr/lib/jvm/java-8-oracle/jre/lib/amd64/libzip.so
7f18f2de8000-7f18f2de9000 rw-p 0001a000 08:04 4462554                    /usr/lib/jvm/java-8-oracle/jre/lib/amd64/libzip.so
7f18f2de9000-7f18f2df4000 r-xp 00000000 08:04 3150469                    /lib/x86_64-linux-gnu/libnss_files-2.19.so
7f18f2df4000-7f18f2ff3000 ---p 0000b000 08:04 3150469                    /lib/x86_64-linux-gnu/libnss_files-2.19.so
7f18f2ff3000-7f18f2ff4000 r--p 0000a000 08:04 3150469                    /lib/x86_64-linux-gnu/libnss_files-2.19.so
7f18f2ff4000-7f18f2ff5000 rw-p 0000b000 08:04 3150469                    /lib/x86_64-linux-gnu/libnss_files-2.19.so
7f18f2ff5000-7f18f3000000 r-xp 00000000 08:04 3150466                    /lib/x86_64-linux-gnu/libnss_nis-2.19.so
7f18f3000000-7f18f31ff000 ---p 0000b000 08:04 3150466                    /lib/x86_64-linux-gnu/libnss_nis-2.19.so
7f18f31ff000-7f18f3200000 r--p 0000a000 08:04 3150466                    /lib/x86_64-linux-gnu/libnss_nis-2.19.so
7f18f3200000-7f18f3201000 rw-p 0000b000 08:04 3150466                    /lib/x86_64-linux-gnu/libnss_nis-2.19.so
7f18f3201000-7f18f3218000 r-xp 00000000 08:04 3150460                    /lib/x86_64-linux-gnu/libnsl-2.19.so
7f18f3218000-7f18f3417000 ---p 00017000 08:04 3150460                    /lib/x86_64-linux-gnu/libnsl-2.19.so
7f18f3417000-7f18f3418000 r--p 00016000 08:04 3150460                    /lib/x86_64-linux-gnu/libnsl-2.19.so
7f18f3418000-7f18f3419000 rw-p 00017000 08:04 3150460                    /lib/x86_64-linux-gnu/libnsl-2.19.so
7f18f3419000-7f18f341b000 rw-p 00000000 00:00 0 
7f18f341b000-7f18f3424000 r-xp 00000000 08:04 3150457                    /lib/x86_64-linux-gnu/libnss_compat-2.19.so
7f18f3424000-7f18f3623000 ---p 00009000 08:04 3150457                    /lib/x86_64-linux-gnu/libnss_compat-2.19.so
7f18f3623000-7f18f3624000 r--p 00008000 08:04 3150457                    /lib/x86_64-linux-gnu/libnss_compat-2.19.so
7f18f3624000-7f18f3625000 rw-p 00009000 08:04 3150457                    /lib/x86_64-linux-gnu/libnss_compat-2.19.so
7f18f3625000-7f18f364f000 r-xp 00000000 08:04 4461799                    /usr/lib/jvm/java-8-oracle/jre/lib/amd64/libjava.so
7f18f364f000-7f18f384f000 ---p 0002a000 08:04 4461799                    /usr/lib/jvm/java-8-oracle/jre/lib/amd64/libjava.so
7f18f384f000-7f18f3851000 rw-p 0002a000 08:04 4461799                    /usr/lib/jvm/java-8-oracle/jre/lib/amd64/libjava.so
7f18f3851000-7f18f385e000 r-xp 00000000 08:04 4462580                    /usr/lib/jvm/java-8-oracle/jre/lib/amd64/libverify.so
7f18f385e000-7f18f3a5e000 ---p 0000d000 08:04 4462580                    /usr/lib/jvm/java-8-oracle/jre/lib/amd64/libverify.so
7f18f3a5e000-7f18f3a60000 rw-p 0000d000 08:04 4462580                    /usr/lib/jvm/java-8-oracle/jre/lib/amd64/libverify.so
7f18f3a60000-7f18f3a67000 r-xp 00000000 08:04 3150452                    /lib/x86_64-linux-gnu/librt-2.19.so
7f18f3a67000-7f18f3c66000 ---p 00007000 08:04 3150452                    /lib/x86_64-linux-gnu/librt-2.19.so
7f18f3c66000-7f18f3c67000 r--p 00006000 08:04 3150452                    /lib/x86_64-linux-gnu/librt-2.19.so
7f18f3c67000-7f18f3c68000 rw-p 00007000 08:04 3150452                    /lib/x86_64-linux-gnu/librt-2.19.so
7f18f3c68000-7f18f3d6d000 r-xp 00000000 08:04 3150459                    /lib/x86_64-linux-gnu/libm-2.19.so
7f18f3d6d000-7f18f3f6c000 ---p 00105000 08:04 3150459                    /lib/x86_64-linux-gnu/libm-2.19.so
7f18f3f6c000-7f18f3f6d000 r--p 00104000 08:04 3150459                    /lib/x86_64-linux-gnu/libm-2.19.so
7f18f3f6d000-7f18f3f6e000 rw-p 00105000 08:04 3150459                    /lib/x86_64-linux-gnu/libm-2.19.so
7f18f3f6e000-7f18f4c1c000 r-xp 00000000 08:04 4723906                    /usr/lib/jvm/java-8-oracle/jre/lib/amd64/server/libjvm.so
7f18f4c1c000-7f18f4e1b000 ---p 00cae000 08:04 4723906                    /usr/lib/jvm/java-8-oracle/jre/lib/amd64/server/libjvm.so
7f18f4e1b000-7f18f4ef2000 rw-p 00cad000 08:04 4723906                    /usr/lib/jvm/java-8-oracle/jre/lib/amd64/server/libjvm.so
7f18f4ef2000-7f18f4f36000 rw-p 00000000 00:00 0 
7f18f4f36000-7f18f50f1000 r-xp 00000000 08:04 3150451                    /lib/x86_64-linux-gnu/libc-2.19.so
7f18f50f1000-7f18f52f1000 ---p 001bb000 08:04 3150451                    /lib/x86_64-linux-gnu/libc-2.19.so
7f18f52f1000-7f18f52f5000 r--p 001bb000 08:04 3150451                    /lib/x86_64-linux-gnu/libc-2.19.so
7f18f52f5000-7f18f52f7000 rw-p 001bf000 08:04 3150451                    /lib/x86_64-linux-gnu/libc-2.19.so
7f18f52f7000-7f18f52fc000 rw-p 00000000 00:00 0 
7f18f52fc000-7f18f52ff000 r-xp 00000000 08:04 3150455                    /lib/x86_64-linux-gnu/libdl-2.19.so
7f18f52ff000-7f18f54fe000 ---p 00003000 08:04 3150455                    /lib/x86_64-linux-gnu/libdl-2.19.so
7f18f54fe000-7f18f54ff000 r--p 00002000 08:04 3150455                    /lib/x86_64-linux-gnu/libdl-2.19.so
7f18f54ff000-7f18f5500000 rw-p 00003000 08:04 3150455                    /lib/x86_64-linux-gnu/libdl-2.19.so
7f18f5500000-7f18f5515000 r-xp 00000000 08:04 4589480                    /usr/lib/jvm/java-8-oracle/jre/lib/amd64/jli/libjli.so
7f18f5515000-7f18f5715000 ---p 00015000 08:04 4589480                    /usr/lib/jvm/java-8-oracle/jre/lib/amd64/jli/libjli.so
7f18f5715000-7f18f5716000 rw-p 00015000 08:04 4589480                    /usr/lib/jvm/java-8-oracle/jre/lib/amd64/jli/libjli.so
7f18f5716000-7f18f572f000 r-xp 00000000 08:04 3150468                    /lib/x86_64-linux-gnu/libpthread-2.19.so
7f18f572f000-7f18f592e000 ---p 00019000 08:04 3150468                    /lib/x86_64-linux-gnu/libpthread-2.19.so
7f18f592e000-7f18f592f000 r--p 00018000 08:04 3150468                    /lib/x86_64-linux-gnu/libpthread-2.19.so
7f18f592f000-7f18f5930000 rw-p 00019000 08:04 3150468                    /lib/x86_64-linux-gnu/libpthread-2.19.so
7f18f5930000-7f18f5934000 rw-p 00000000 00:00 0 
7f18f5934000-7f18f5957000 r-xp 00000000 08:04 3150449                    /lib/x86_64-linux-gnu/ld-2.19.so
7f18f5972000-7f18f5973000 rw-p 00000000 00:00 0 
7f18f5973000-7f18f5978000 r--s 00094000 08:04 2893606                    /usr/lib/jvm/java-8-oracle/jre/lib/jsse.jar
7f18f5978000-7f18f5a36000 rw-p 00000000 00:00 0 
7f18f5a36000-7f18f5a39000 ---p 00000000 00:00 0 
7f18f5a39000-7f18f5b3b000 rw-p 00000000 00:00 0                          [stack:17537]
7f18f5b3b000-7f18f5b4a000 r--s 000dd000 08:04 1181352                    /home/vikky/Android/Sdk/build-tools/21.1.2/lib/dx.jar
7f18f5b4a000-7f18f5b52000 rw-s 00000000 08:04 5377896                    /tmp/hsperfdata_vikky/17529
7f18f5b52000-7f18f5b53000 rw-p 00000000 00:00 0 
7f18f5b53000-7f18f5b54000 ---p 00000000 00:00 0 
7f18f5b54000-7f18f5b56000 rw-p 00000000 00:00 0 
7f18f5b56000-7f18f5b57000 r--p 00022000 08:04 3150449                    /lib/x86_64-linux-gnu/ld-2.19.so
7f18f5b57000-7f18f5b58000 rw-p 00023000 08:04 3150449                    /lib/x86_64-linux-gnu/ld-2.19.so
7f18f5b58000-7f18f5b59000 rw-p 00000000 00:00 0 
7fff17527000-7fff17548000 rw-p 00000000 00:00 0                          [stack]
7fff175fe000-7fff17600000 r-xp 00000000 00:00 0                          [vdso]
ffffffffff600000-ffffffffff601000 r-xp 00000000 00:00 0                  [vsyscall]

VM Arguments:
jvm_args: -Xmx1024M 
java_command: /home/vikky/Android/Sdk/build-tools/21.1.2/lib/dx.jar --dex --no-optimize --output /home/vikky/AndroidStudioProjects/Hisab/app/build/intermediates/dex/debug --input-list=/home/vikky/AndroidStudioProjects/Hisab/app/build/intermediates/tmp/dex/debug/inputList.txt
java_class_path (initial): /home/vikky/Android/Sdk/build-tools/21.1.2/lib/dx.jar
Launcher Type: SUN_STANDARD

Environment Variables:
JAVA_HOME=/usr/lib/jvm/java-8-oracle
PATH=/home/vikky/.rbenv/shims:/usr/local/sbin:/usr/local/bin:/usr/sbin:/usr/bin:/sbin:/bin:/usr/games:/usr/local/games:/usr/lib/jvm/java-8-oracle/bin:/usr/lib/jvm/java-8-oracle/db/bin:/usr/lib/jvm/java-8-oracle/jre/bin:/home/vikky/.rvm/bin:/home/vikky/.rvm/bin
LD_LIBRARY_PATH=./android-studio/bin:
SHELL=/bin/bash
DISPLAY=:0.0

Signal Handlers:
SIGSEGV: [libjvm.so+0xaad1e0], sa_mask[0]=11111111011111111101111111111110, sa_flags=SA_RESTART|SA_SIGINFO
SIGBUS: [libjvm.so+0xaad1e0], sa_mask[0]=11111111011111111101111111111110, sa_flags=SA_RESTART|SA_SIGINFO
SIGFPE: [libjvm.so+0x90b450], sa_mask[0]=11111111011111111101111111111110, sa_flags=SA_RESTART|SA_SIGINFO
SIGPIPE: [libjvm.so+0x90b450], sa_mask[0]=11111111011111111101111111111110, sa_flags=SA_RESTART|SA_SIGINFO
SIGXFSZ: [libjvm.so+0x90b450], sa_mask[0]=11111111011111111101111111111110, sa_flags=SA_RESTART|SA_SIGINFO
SIGILL: [libjvm.so+0x90b450], sa_mask[0]=11111111011111111101111111111110, sa_flags=SA_RESTART|SA_SIGINFO
SIGUSR1: SIG_DFL, sa_mask[0]=00000000000000000000000000000000, sa_flags=none
SIGUSR2: [libjvm.so+0x90ca90], sa_mask[0]=00100000000000000000000000000000, sa_flags=SA_RESTART|SA_SIGINFO
SIGHUP: [libjvm.so+0x90dde0], sa_mask[0]=11111111011111111101111111111110, sa_flags=SA_RESTART|SA_SIGINFO
SIGINT: [libjvm.so+0x90dde0], sa_mask[0]=11111111011111111101111111111110, sa_flags=SA_RESTART|SA_SIGINFO
SIGTERM: [libjvm.so+0x90dde0], sa_mask[0]=11111111011111111101111111111110, sa_flags=SA_RESTART|SA_SIGINFO
SIGQUIT: [libjvm.so+0x90dde0], sa_mask[0]=11111111011111111101111111111110, sa_flags=SA_RESTART|SA_SIGINFO


---------------  S Y S T E M  ---------------

OS:DISTRIB_ID=Ubuntu
DISTRIB_RELEASE=14.04
DISTRIB_CODENAME=trusty
DISTRIB_DESCRIPTION="Linux Lite 2.2"

uname:Linux 3.13.0-24-generic #47-Ubuntu SMP Fri May 2 23:30:00 UTC 2014 x86_64
libc:glibc 2.19 NPTL 2.19 
rlimit: STACK 8192k, CORE 0k, NPROC 30981, NOFILE 4096, AS infinity
load average:0.93 0.50 0.53

/proc/meminfo:
MemTotal:        3994112 kB
MemFree:          130152 kB
Buffers:            3540 kB
Cached:           129896 kB
SwapCached:            0 kB
Active:          3587824 kB
Inactive:         110300 kB
Active(anon):    3571660 kB
Inactive(anon):    86164 kB
Active(file):      16164 kB
Inactive(file):    24136 kB
Unevictable:          48 kB
Mlocked:              48 kB
SwapTotal:             0 kB
SwapFree:              0 kB
Dirty:              1384 kB
Writeback:             0 kB
AnonPages:       3565108 kB
Mapped:            60320 kB
Shmem:             92764 kB
Slab:              57576 kB
SReclaimable:      26636 kB
SUnreclaim:        30940 kB
KernelStack:        4432 kB
PageTables:        32844 kB
NFS_Unstable:          0 kB
Bounce:                0 kB
WritebackTmp:          0 kB
CommitLimit:     1997056 kB
Committed_AS:    5845436 kB
VmallocTotal:   34359738367 kB
VmallocUsed:      555616 kB
VmallocChunk:   34359168332 kB
HardwareCorrupted:     0 kB
AnonHugePages:   1021952 kB
HugePages_Total:       0
HugePages_Free:        0
HugePages_Rsvd:        0
HugePages_Surp:        0
Hugepagesize:       2048 kB
DirectMap4k:       71936 kB
DirectMap2M:     4069376 kB


CPU:total 4 (2 cores per cpu, 2 threads per core) family 6 model 42 stepping 7, cmov, cx8, fxsr, mmx, sse, sse2, sse3, ssse3, sse4.1, sse4.2, popcnt, avx, clmul, ht, tsc, tscinvbit

/proc/cpuinfo:
processor	: 0
vendor_id	: GenuineIntel
cpu family	: 6
model		: 42
model name	: Intel(R) Core(TM) i3-2350M CPU @ 2.30GHz
stepping	: 7
microcode	: 0x1b
cpu MHz		: 2300.000
cache size	: 3072 KB
physical id	: 0
siblings	: 4
core id		: 0
cpu cores	: 2
apicid		: 0
initial apicid	: 0
fpu		: yes
fpu_exception	: yes
cpuid level	: 13
wp		: yes
flags		: fpu vme de pse tsc msr pae mce cx8 apic sep mtrr pge mca cmov pat pse36 clflush dts acpi mmx fxsr sse sse2 ss ht tm pbe syscall nx rdtscp lm constant_tsc arch_perfmon pebs bts rep_good nopl xtopology nonstop_tsc aperfmperf eagerfpu pni pclmulqdq dtes64 monitor ds_cpl vmx est tm2 ssse3 cx16 xtpr pdcm pcid sse4_1 sse4_2 x2apic popcnt tsc_deadline_timer xsave avx lahf_lm arat epb xsaveopt pln pts dtherm tpr_shadow vnmi flexpriority ept vpid
bogomips	: 4589.54
clflush size	: 64
cache_alignment	: 64
address sizes	: 36 bits physical, 48 bits virtual
power management:

processor	: 1
vendor_id	: GenuineIntel
cpu family	: 6
model		: 42
model name	: Intel(R) Core(TM) i3-2350M CPU @ 2.30GHz
stepping	: 7
microcode	: 0x1b
cpu MHz		: 2300.000
cache size	: 3072 KB
physical id	: 0
siblings	: 4
core id		: 0
cpu cores	: 2
apicid		: 1
initial apicid	: 1
fpu		: yes
fpu_exception	: yes
cpuid level	: 13
wp		: yes
flags		: fpu vme de pse tsc msr pae mce cx8 apic sep mtrr pge mca cmov pat pse36 clflush dts acpi mmx fxsr sse sse2 ss ht tm pbe syscall nx rdtscp lm constant_tsc arch_perfmon pebs bts rep_good nopl xtopology nonstop_tsc aperfmperf eagerfpu pni pclmulqdq dtes64 monitor ds_cpl vmx est tm2 ssse3 cx16 xtpr pdcm pcid sse4_1 sse4_2 x2apic popcnt tsc_deadline_timer xsave avx lahf_lm arat epb xsaveopt pln pts dtherm tpr_shadow vnmi flexpriority ept vpid
bogomips	: 4589.54
clflush size	: 64
cache_alignment	: 64
address sizes	: 36 bits physical, 48 bits virtual
power management:

processor	: 2
vendor_id	: GenuineIntel
cpu family	: 6
model		: 42
model name	: Intel(R) Core(TM) i3-2350M CPU @ 2.30GHz
stepping	: 7
microcode	: 0x1b
cpu MHz		: 2300.000
cache size	: 3072 KB
physical id	: 0
siblings	: 4
core id		: 1
cpu cores	: 2
apicid		: 2
initial apicid	: 2
fpu		: yes
fpu_exception	: yes
cpuid level	: 13
wp		: yes
flags		: fpu vme de pse tsc msr pae mce cx8 apic sep mtrr pge mca cmov pat pse36 clflush dts acpi mmx fxsr sse sse2 ss ht tm pbe syscall nx rdtscp lm constant_tsc arch_perfmon pebs bts rep_good nopl xtopology nonstop_tsc aperfmperf eagerfpu pni pclmulqdq dtes64 monitor ds_cpl vmx est tm2 ssse3 cx16 xtpr pdcm pcid sse4_1 sse4_2 x2apic popcnt tsc_deadline_timer xsave avx lahf_lm arat epb xsaveopt pln pts dtherm tpr_shadow vnmi flexpriority ept vpid
bogomips	: 4589.54
clflush size	: 64
cache_alignment	: 64
address sizes	: 36 bits physical, 48 bits virtual
power management:

processor	: 3
vendor_id	: GenuineIntel
cpu family	: 6
model		: 42
model name	: Intel(R) Core(TM) i3-2350M CPU @ 2.30GHz
stepping	: 7
microcode	: 0x1b
cpu MHz		: 800.000
cache size	: 3072 KB
physical id	: 0
siblings	: 4
core id		: 1
cpu cores	: 2
apicid		: 3
initial apicid	: 3
fpu		: yes
fpu_exception	: yes
cpuid level	: 13
wp		: yes
flags		: fpu vme de pse tsc msr pae mce cx8 apic sep mtrr pge mca cmov pat pse36 clflush dts acpi mmx fxsr sse sse2 ss ht tm pbe syscall nx rdtscp lm constant_tsc arch_perfmon pebs bts rep_good nopl xtopology nonstop_tsc aperfmperf eagerfpu pni pclmulqdq dtes64 monitor ds_cpl vmx est tm2 ssse3 cx16 xtpr pdcm pcid sse4_1 sse4_2 x2apic popcnt tsc_deadline_timer xsave avx lahf_lm arat epb xsaveopt pln pts dtherm tpr_shadow vnmi flexpriority ept vpid
bogomips	: 4589.54
clflush size	: 64
cache_alignment	: 64
address sizes	: 36 bits physical, 48 bits virtual
power management:



Memory: 4k page, physical 3994112k(130152k free), swap 0k(0k free)

vm_info: Java HotSpot(TM) 64-Bit Server VM (25.45-b02) for linux-amd64 JRE (1.8.0_45-b14), built on Apr 10 2015 10:07:45 by "java_re" with gcc 4.3.0 20080428 (Red Hat 4.3.0-8)

time: Sat Jul 11 17:16:03 2015
elapsed time: 4 seconds (0d 0h 0m 4s)

