#
# There is insufficient memory for the Java Runtime Environment to continue.
# Native memory allocation (mmap) failed to map 90177536 bytes for committing reserved memory.
# Possible reasons:
#   The system is out of physical RAM or swap space
#   In 32 bit mode, the process size limit was hit
# Possible solutions:
#   Reduce memory load on the system
#   Increase physical memory or swap space
#   Check if swap backing store is full
#   Use 64 bit Java on a 64 bit OS
#   Decrease Java heap size (-Xmx/-Xms)
#   Decrease number of Java threads
#   Decrease Java thread stack sizes (-Xss)
#   Set larger code cache with -XX:ReservedCodeCacheSize=
# This output file may be truncated or incomplete.
#
#  Out of Memory Error (os_linux.cpp:2673), pid=9574, tid=140215316969216
#
# JRE version: Java(TM) SE Runtime Environment (8.0_45-b14) (build 1.8.0_45-b14)
# Java VM: Java HotSpot(TM) 64-Bit Server VM (25.45-b02 mixed mode linux-amd64 compressed oops)
# Failed to write core dump. Core dumps have been disabled. To enable core dumping, try "ulimit -c unlimited" before starting Java again
#

---------------  T H R E A D  ---------------

Current thread (0x00007f868013e800):  VMThread [stack: 0x00007f866c18f000,0x00007f866c290000] [id=9587]

Stack: [0x00007f866c18f000,0x00007f866c290000],  sp=0x00007f866c28e1e0,  free space=1020k
Native frames: (J=compiled Java code, j=interpreted, Vv=VM code, C=native code)
V  [libjvm.so+0xaac99a]  VMError::report_and_die()+0x2ba
V  [libjvm.so+0x4f333b]  report_vm_out_of_memory(char const*, int, unsigned long, VMErrorType, char const*)+0x8b
V  [libjvm.so+0x90e7c3]  os::Linux::commit_memory_impl(char*, unsigned long, bool)+0x103
V  [libjvm.so+0x90ed19]  os::pd_commit_memory(char*, unsigned long, unsigned long, bool)+0x29
V  [libjvm.so+0x90867a]  os::commit_memory(char*, unsigned long, unsigned long, bool)+0x2a
V  [libjvm.so+0x97bac3]  PSVirtualSpace::expand_by(unsigned long)+0x53
V  [libjvm.so+0x97cec8]  PSYoungGen::resize_generation(unsigned long, unsigned long)+0xf8
V  [libjvm.so+0x97c022]  PSYoungGen::resize(unsigned long, unsigned long)+0x22
V  [libjvm.so+0x9792fb]  PSScavenge::invoke_no_policy()+0xf7b
V  [libjvm.so+0x979a81]  PSScavenge::invoke()+0x41
V  [libjvm.so+0x932050]  ParallelScavengeHeap::failed_mem_allocate(unsigned long)+0x70
V  [libjvm.so+0xaae1d7]  VM_ParallelGCFailedAllocation::doit()+0x97
V  [libjvm.so+0xab59c5]  VM_Operation::evaluate()+0x55
V  [libjvm.so+0xab3d9a]  VMThread::evaluate_operation(VM_Operation*)+0xba
V  [libjvm.so+0xab411e]  VMThread::loop()+0x1ce
V  [libjvm.so+0xab4590]  VMThread::run()+0x70
V  [libjvm.so+0x910de8]  java_start(Thread*)+0x108

VM_Operation (0x00007f86868a50a0): ParallelGCFailedAllocation, mode: safepoint, requested by thread 0x00007f8680009800


---------------  P R O C E S S  ---------------

Java Threads: ( => current thread )
  0x00007f8680186800 JavaThread "Service Thread" daemon [_thread_blocked, id=9594, stack(0x00007f8667731000,0x00007f8667832000)]
  0x00007f8680181800 JavaThread "C1 CompilerThread2" daemon [_thread_blocked, id=9593, stack(0x00007f8667832000,0x00007f8667933000)]
  0x00007f868017f800 JavaThread "C2 CompilerThread1" daemon [_thread_blocked, id=9592, stack(0x00007f8667933000,0x00007f8667a34000)]
  0x00007f868017c800 JavaThread "C2 CompilerThread0" daemon [_thread_blocked, id=9591, stack(0x00007f8667a34000,0x00007f8667b35000)]
  0x00007f868017b800 JavaThread "Signal Dispatcher" daemon [_thread_blocked, id=9590, stack(0x00007f8667b35000,0x00007f8667c36000)]
  0x00007f8680146000 JavaThread "Finalizer" daemon [_thread_blocked, id=9589, stack(0x00007f8667eff000,0x00007f8668000000)]
  0x00007f8680143800 JavaThread "Reference Handler" daemon [_thread_blocked, id=9588, stack(0x00007f866c08e000,0x00007f866c18f000)]
  0x00007f8680009800 JavaThread "main" [_thread_blocked, id=9582, stack(0x00007f86867a6000,0x00007f86868a7000)]

Other Threads:
=>0x00007f868013e800 VMThread [stack: 0x00007f866c18f000,0x00007f866c290000] [id=9587]
  0x00007f8680189000 WatcherThread [stack: 0x00007f8667630000,0x00007f8667731000] [id=9595]

VM state:at safepoint (normal execution)

VM Mutex/Monitor currently owned by a thread:  ([mutex/lock_event])
[0x00007f8680005ff0] Threads_lock - owner thread: 0x00007f868013e800
[0x00007f86800064f0] Heap_lock - owner thread: 0x00007f8680009800

Heap:
 PSYoungGen      total 66048K, used 2544K [0x00000000eab00000, 0x00000000eee00000, 0x0000000100000000)
  eden space 63488K, 0% used [0x00000000eab00000,0x00000000eab00000,0x00000000ee900000)
  from space 2560K, 99% used [0x00000000ee900000,0x00000000eeb7c2a8,0x00000000eeb80000)
  to   space 2560K, 0% used [0x00000000eeb80000,0x00000000eeb80000,0x00000000eee00000)
 ParOldGen       total 42496K, used 32787K [0x00000000c0000000, 0x00000000c2980000, 0x00000000eab00000)
  object space 42496K, 77% used [0x00000000c0000000,0x00000000c2004dc0,0x00000000c2980000)
 Metaspace       used 6723K, capacity 7448K, committed 7680K, reserved 1056768K
  class space    used 654K, capacity 656K, committed 768K, reserved 1048576K

Card table byte_map: [0x00007f86701f2000,0x00007f86703f3000] byte_map_base: 0x00007f866fbf2000

Marking Bits: (ParMarkBitMap*) 0x00007f8685c7b760
 Begin Bits: [0x00007f866ddee000, 0x00007f866edee000)
 End Bits:   [0x00007f866edee000, 0x00007f866fdee000)

Polling page: 0x00007f86868c3000

CodeCache: size=245760Kb used=6771Kb max_used=6784Kb free=238988Kb
 bounds [0x00007f86707b3000, 0x00007f8670e63000, 0x00007f867f7b3000]
 total_blobs=2302 nmethods=2010 adapters=206
 compilation: enabled

Compilation events (10 events):
Event: 3.075 Thread 0x00007f8680181800 2032       2       com.android.dex.EncodedValueReader::readLong (23 bytes)
Event: 3.075 Thread 0x00007f8680181800 nmethod 2032 0x00007f8670e52e50 code [0x00007f8670e52fc0, 0x00007f8670e53178]
Event: 3.079 Thread 0x00007f8680181800 2035       2       com.android.dex.TableOfContents$Section::exists (13 bytes)
Event: 3.080 Thread 0x00007f8680181800 nmethod 2035 0x00007f8670e52b10 code [0x00007f8670e52c60, 0x00007f8670e52dd0]
Event: 3.085 Thread 0x00007f868017c800 nmethod 2022 0x00007f8670e45f10 code [0x00007f8670e46080, 0x00007f8670e463d8]
Event: 3.085 Thread 0x00007f868017c800 2025 %     4       java.util.HashMap::resize @ 238 (359 bytes)
Event: 3.086 Thread 0x00007f8680181800 2038 %     3       com.android.dx.merge.DexMerger::getSortedTypes @ 51 (139 bytes)
Event: 3.088 Thread 0x00007f8680181800 nmethod 2038% 0x00007f8670e55d10 code [0x00007f8670e55f80, 0x00007f8670e56ec8]
Event: 3.099 Thread 0x00007f868017c800 nmethod 2025% 0x00007f8670e59710 code [0x00007f8670e598a0, 0x00007f8670e5a0e8]
Event: 3.099 Thread 0x00007f868017c800 2030       4       com.android.dex.EncodedValueCodec::readUnsignedInt (86 bytes)

GC Heap History (9 events):
Event: 1.104 GC heap before
{Heap before GC invocations=1 (full 0):
 PSYoungGen      total 18432K, used 15872K [0x00000000eab00000, 0x00000000ebf80000, 0x0000000100000000)
  eden space 15872K, 100% used [0x00000000eab00000,0x00000000eba80000,0x00000000eba80000)
  from space 2560K, 0% used [0x00000000ebd00000,0x00000000ebd00000,0x00000000ebf80000)
  to   space 2560K, 0% used [0x00000000eba80000,0x00000000eba80000,0x00000000ebd00000)
 ParOldGen       total 42496K, used 0K [0x00000000c0000000, 0x00000000c2980000, 0x00000000eab00000)
  object space 42496K, 0% used [0x00000000c0000000,0x00000000c0000000,0x00000000c2980000)
 Metaspace       used 4967K, capacity 6416K, committed 6528K, reserved 1056768K
  class space    used 496K, capacity 584K, committed 640K, reserved 1048576K
Event: 1.118 GC heap after
Heap after GC invocations=1 (full 0):
 PSYoungGen      total 18432K, used 2528K [0x00000000eab00000, 0x00000000ecf00000, 0x0000000100000000)
  eden space 15872K, 0% used [0x00000000eab00000,0x00000000eab00000,0x00000000eba80000)
  from space 2560K, 98% used [0x00000000eba80000,0x00000000ebcf82f0,0x00000000ebd00000)
  to   space 2560K, 0% used [0x00000000ecc80000,0x00000000ecc80000,0x00000000ecf00000)
 ParOldGen       total 42496K, used 4369K [0x00000000c0000000, 0x00000000c2980000, 0x00000000eab00000)
  object space 42496K, 10% used [0x00000000c0000000,0x00000000c04446b0,0x00000000c2980000)
 Metaspace       used 4967K, capacity 6416K, committed 6528K, reserved 1056768K
  class space    used 496K, capacity 584K, committed 640K, reserved 1048576K
}
Event: 1.849 GC heap before
{Heap before GC invocations=2 (full 0):
 PSYoungGen      total 18432K, used 18340K [0x00000000eab00000, 0x00000000ecf00000, 0x0000000100000000)
  eden space 15872K, 99% used [0x00000000eab00000,0x00000000eba70d78,0x00000000eba80000)
  from space 2560K, 98% used [0x00000000eba80000,0x00000000ebcf82f0,0x00000000ebd00000)
  to   space 2560K, 0% used [0x00000000ecc80000,0x00000000ecc80000,0x00000000ecf00000)
 ParOldGen       total 42496K, used 4369K [0x00000000c0000000, 0x00000000c2980000, 0x00000000eab00000)
  object space 42496K, 10% used [0x00000000c0000000,0x00000000c04446b0,0x00000000c2980000)
 Metaspace       used 5892K, capacity 6896K, committed 7040K, reserved 1056768K
  class space    used 571K, capacity 616K, committed 640K, reserved 1048576K
Event: 1.956 GC heap after
Heap after GC invocations=2 (full 0):
 PSYoungGen      total 34304K, used 2529K [0x00000000eab00000, 0x00000000ecf00000, 0x0000000100000000)
  eden space 31744K, 0% used [0x00000000eab00000,0x00000000eab00000,0x00000000eca00000)
  from space 2560K, 98% used [0x00000000ecc80000,0x00000000ecef8550,0x00000000ecf00000)
  to   space 2560K, 0% used [0x00000000eca00000,0x00000000eca00000,0x00000000ecc80000)
 ParOldGen       total 42496K, used 8284K [0x00000000c0000000, 0x00000000c2980000, 0x00000000eab00000)
  object space 42496K, 19% used [0x00000000c0000000,0x00000000c0817020,0x00000000c2980000)
 Metaspace       used 5892K, capacity 6896K, committed 7040K, reserved 1056768K
  class space    used 571K, capacity 616K, committed 640K, reserved 1048576K
}
Event: 2.612 GC heap before
{Heap before GC invocations=3 (full 0):
 PSYoungGen      total 34304K, used 34273K [0x00000000eab00000, 0x00000000ecf00000, 0x0000000100000000)
  eden space 31744K, 100% used [0x00000000eab00000,0x00000000eca00000,0x00000000eca00000)
  from space 2560K, 98% used [0x00000000ecc80000,0x00000000ecef8550,0x00000000ecf00000)
  to   space 2560K, 0% used [0x00000000eca00000,0x00000000eca00000,0x00000000ecc80000)
 ParOldGen       total 42496K, used 8284K [0x00000000c0000000, 0x00000000c2980000, 0x00000000eab00000)
  object space 42496K, 19% used [0x00000000c0000000,0x00000000c0817020,0x00000000c2980000)
 Metaspace       used 6668K, capacity 7384K, committed 7680K, reserved 1056768K
  class space    used 653K, capacity 656K, committed 768K, reserved 1048576K
Event: 2.625 GC heap after
Heap after GC invocations=3 (full 0):
 PSYoungGen      total 34304K, used 2544K [0x00000000eab00000, 0x00000000eee00000, 0x0000000100000000)
  eden space 31744K, 0% used [0x00000000eab00000,0x00000000eab00000,0x00000000eca00000)
  from space 2560K, 99% used [0x00000000eca00000,0x00000000ecc7c2a8,0x00000000ecc80000)
  to   space 2560K, 0% used [0x00000000eeb80000,0x00000000eeb80000,0x00000000eee00000)
 ParOldGen       total 42496K, used 15815K [0x00000000c0000000, 0x00000000c2980000, 0x00000000eab00000)
  object space 42496K, 37% used [0x00000000c0000000,0x00000000c0f71d80,0x00000000c2980000)
 Metaspace       used 6668K, capacity 7384K, committed 7680K, reserved 1056768K
  class space    used 653K, capacity 656K, committed 768K, reserved 1048576K
}
Event: 2.794 GC heap before
{Heap before GC invocations=4 (full 0):
 PSYoungGen      total 34304K, used 34288K [0x00000000eab00000, 0x00000000eee00000, 0x0000000100000000)
  eden space 31744K, 100% used [0x00000000eab00000,0x00000000eca00000,0x00000000eca00000)
  from space 2560K, 99% used [0x00000000eca00000,0x00000000ecc7c2a8,0x00000000ecc80000)
  to   space 2560K, 0% used [0x00000000eeb80000,0x00000000eeb80000,0x00000000eee00000)
 ParOldGen       total 42496K, used 15815K [0x00000000c0000000, 0x00000000c2980000, 0x00000000eab00000)
  object space 42496K, 37% used [0x00000000c0000000,0x00000000c0f71d80,0x00000000c2980000)
 Metaspace       used 6701K, capacity 7448K, committed 7680K, reserved 1056768K
  class space    used 653K, capacity 656K, committed 768K, reserved 1048576K
Event: 2.808 GC heap after
Heap after GC invocations=4 (full 0):
 PSYoungGen      total 66048K, used 2537K [0x00000000eab00000, 0x00000000eee00000, 0x0000000100000000)
  eden space 63488K, 0% used [0x00000000eab00000,0x00000000eab00000,0x00000000ee900000)
  from space 2560K, 99% used [0x00000000eeb80000,0x00000000eedfa458,0x00000000eee00000)
  to   space 2560K, 0% used [0x00000000ee900000,0x00000000ee900000,0x00000000eeb80000)
 ParOldGen       total 42496K, used 20155K [0x00000000c0000000, 0x00000000c2980000, 0x00000000eab00000)
  object space 42496K, 47% used [0x00000000c0000000,0x00000000c13aed90,0x00000000c2980000)
 Metaspace       used 6701K, capacity 7448K, committed 7680K, reserved 1056768K
  class space    used 653K, capacity 656K, committed 768K, reserved 1048576K
}
Event: 3.102 GC heap before
{Heap before GC invocations=5 (full 0):
 PSYoungGen      total 66048K, used 66025K [0x00000000eab00000, 0x00000000eee00000, 0x0000000100000000)
  eden space 63488K, 100% used [0x00000000eab00000,0x00000000ee900000,0x00000000ee900000)
  from space 2560K, 99% used [0x00000000eeb80000,0x00000000eedfa458,0x00000000eee00000)
  to   space 2560K, 0% used [0x00000000ee900000,0x00000000ee900000,0x00000000eeb80000)
 ParOldGen       total 42496K, used 20155K [0x00000000c0000000, 0x00000000c2980000, 0x00000000eab00000)
  object space 42496K, 47% used [0x00000000c0000000,0x00000000c13aed90,0x00000000c2980000)
 Metaspace       used 6723K, capacity 7448K, committed 7680K, reserved 1056768K
  class space    used 654K, capacity 656K, committed 768K, reserved 1048576K

Deoptimization events (10 events):
Event: 1.336 Thread 0x00007f8680009800 Uncommon trap: reason=bimorphic action=maybe_recompile pc=0x00007f8670b7e584 method=java.util.HashMap.getNode(ILjava/lang/Object;)Ljava/util/HashMap$Node; @ 126
Event: 1.746 Thread 0x00007f8680009800 Uncommon trap: reason=class_check action=maybe_recompile pc=0x00007f8670bf730c method=java.util.HashMap.putVal(ILjava/lang/Object;Ljava/lang/Object;ZZ)Ljava/lang/Object; @ 56
Event: 1.746 Thread 0x00007f8680009800 Uncommon trap: reason=class_check action=maybe_recompile pc=0x00007f8670bf730c method=java.util.HashMap.putVal(ILjava/lang/Object;Ljava/lang/Object;ZZ)Ljava/lang/Object; @ 56
Event: 1.746 Thread 0x00007f8680009800 Uncommon trap: reason=class_check action=maybe_recompile pc=0x00007f8670bf730c method=java.util.HashMap.putVal(ILjava/lang/Object;Ljava/lang/Object;ZZ)Ljava/lang/Object; @ 56
Event: 1.746 Thread 0x00007f8680009800 Uncommon trap: reason=class_check action=maybe_recompile pc=0x00007f8670bf7388 method=java.util.HashMap.putVal(ILjava/lang/Object;Ljava/lang/Object;ZZ)Ljava/lang/Object; @ 152
Event: 1.746 Thread 0x00007f8680009800 Uncommon trap: reason=class_check action=maybe_recompile pc=0x00007f8670bf7388 method=java.util.HashMap.putVal(ILjava/lang/Object;Ljava/lang/Object;ZZ)Ljava/lang/Object; @ 152
Event: 2.050 Thread 0x00007f8680009800 Uncommon trap: reason=unstable_if action=reinterpret pc=0x00007f8670c801a0 method=java.util.HashMap.putVal(ILjava/lang/Object;Ljava/lang/Object;ZZ)Ljava/lang/Object; @ 162
Event: 2.309 Thread 0x00007f8680009800 Uncommon trap: reason=predicate action=maybe_recompile pc=0x00007f8670d39dd0 method=com.android.dex.Leb128.readUnsignedLeb128(Lcom/android/dex/util/ByteInput;)I @ 41
Event: 2.528 Thread 0x00007f8680009800 Uncommon trap: reason=unstable_if action=reinterpret pc=0x00007f8670bec34c method=java.util.HashMap.getNode(ILjava/lang/Object;)Ljava/util/HashMap$Node; @ 84
Event: 2.530 Thread 0x00007f8680009800 Uncommon trap: reason=unstable_if action=reinterpret pc=0x00007f8670c83a9c method=java.util.HashMap.getNode(ILjava/lang/Object;)Ljava/util/HashMap$Node; @ 84

Internal exceptions (2 events):
Event: 0.058 Thread 0x00007f8680009800 Exception <a 'java/lang/NoSuchMethodError': Method sun.misc.Unsafe.defineClass(Ljava/lang/String;[BII)Ljava/lang/Class; name or signature does not match> (0x00000000eab12708) thrown at [/RE-WORK/workspace/8-2-build-linux-amd64/jdk8u45/3457/hotspot/src/sha
Event: 0.058 Thread 0x00007f8680009800 Exception <a 'java/lang/NoSuchMethodError': Method sun.misc.Unsafe.prefetchRead(Ljava/lang/Object;J)V name or signature does not match> (0x00000000eab12998) thrown at [/RE-WORK/workspace/8-2-build-linux-amd64/jdk8u45/3457/hotspot/src/share/vm/prims/jni.cp

Events (10 events):
Event: 3.000 Thread 0x00007f8680009800 DEOPT UNPACKING pc=0x00007f86707fa633 sp=0x00007f86868a5108 mode 0
Event: 3.006 Thread 0x00007f8680009800 DEOPT PACKING pc=0x00007f8670dbaec6 sp=0x00007f86868a5390
Event: 3.006 Thread 0x00007f8680009800 DEOPT UNPACKING pc=0x00007f86707fa633 sp=0x00007f86868a50d0 mode 0
Event: 3.053 Thread 0x00007f8680009800 DEOPT PACKING pc=0x00007f8670dff4f9 sp=0x00007f86868a54c0
Event: 3.053 Thread 0x00007f8680009800 DEOPT UNPACKING pc=0x00007f86707fa633 sp=0x00007f86868a5260 mode 0
Event: 3.062 Thread 0x00007f8680009800 DEOPT PACKING pc=0x00007f8670dff4f9 sp=0x00007f86868a54c0
Event: 3.062 Thread 0x00007f8680009800 DEOPT UNPACKING pc=0x00007f86707fa633 sp=0x00007f86868a5260 mode 0
Event: 3.065 Thread 0x00007f8680009800 DEOPT PACKING pc=0x00007f8670dff4f9 sp=0x00007f86868a54c0
Event: 3.065 Thread 0x00007f8680009800 DEOPT UNPACKING pc=0x00007f86707fa633 sp=0x00007f86868a5260 mode 0
Event: 3.102 Executing VM operation: ParallelGCFailedAllocation


Dynamic libraries:
00400000-00401000 r-xp 00000000 08:04 4986776                            /usr/lib/jvm/java-8-oracle/jre/bin/java
00600000-00601000 rw-p 00000000 08:04 4986776                            /usr/lib/jvm/java-8-oracle/jre/bin/java
01701000-01722000 rw-p 00000000 00:00 0                                  [heap]
c0000000-c2980000 rw-p 00000000 00:00 0 
c2980000-eab00000 ---p 00000000 00:00 0 
eab00000-eee00000 rw-p 00000000 00:00 0 
f4400000-100000000 ---p 00000000 00:00 0 
100000000-1000c0000 rw-p 00000000 00:00 0 
1000c0000-140000000 ---p 00000000 00:00 0 
7f8628000000-7f8628021000 rw-p 00000000 00:00 0 
7f8628021000-7f862c000000 ---p 00000000 00:00 0 
7f8630000000-7f863078b000 rw-p 00000000 00:00 0 
7f863078b000-7f8634000000 ---p 00000000 00:00 0 
7f8634000000-7f8634021000 rw-p 00000000 00:00 0 
7f8634021000-7f8638000000 ---p 00000000 00:00 0 
7f8638000000-7f8639162000 rw-p 00000000 00:00 0 
7f8639162000-7f863c000000 ---p 00000000 00:00 0 
7f863c000000-7f863ccda000 rw-p 00000000 00:00 0 
7f863ccda000-7f8640000000 ---p 00000000 00:00 0 
7f8640000000-7f8640021000 rw-p 00000000 00:00 0 
7f8640021000-7f8644000000 ---p 00000000 00:00 0 
7f8644000000-7f8644021000 rw-p 00000000 00:00 0 
7f8644021000-7f8648000000 ---p 00000000 00:00 0 
7f8648000000-7f864828a000 rw-p 00000000 00:00 0 
7f864828a000-7f864c000000 ---p 00000000 00:00 0 
7f864c000000-7f864c021000 rw-p 00000000 00:00 0 
7f864c021000-7f8650000000 ---p 00000000 00:00 0 
7f8650000000-7f8650021000 rw-p 00000000 00:00 0 
7f8650021000-7f8654000000 ---p 00000000 00:00 0 
7f8658000000-7f8658021000 rw-p 00000000 00:00 0 
7f8658021000-7f865c000000 ---p 00000000 00:00 0 
7f8660000000-7f8660021000 rw-p 00000000 00:00 0 
7f8660021000-7f8664000000 ---p 00000000 00:00 0 
7f8667630000-7f8667631000 ---p 00000000 00:00 0 
7f8667631000-7f8667731000 rw-p 00000000 00:00 0                          [stack:9595]
7f8667731000-7f8667734000 ---p 00000000 00:00 0 
7f8667734000-7f8667832000 rw-p 00000000 00:00 0                          [stack:9594]
7f8667832000-7f8667835000 ---p 00000000 00:00 0 
7f8667835000-7f8667933000 rw-p 00000000 00:00 0                          [stack:9593]
7f8667933000-7f8667936000 ---p 00000000 00:00 0 
7f8667936000-7f8667a34000 rw-p 00000000 00:00 0                          [stack:9592]
7f8667a34000-7f8667a37000 ---p 00000000 00:00 0 
7f8667a37000-7f8667b35000 rw-p 00000000 00:00 0                          [stack:9591]
7f8667b35000-7f8667b38000 ---p 00000000 00:00 0 
7f8667b38000-7f8667c36000 rw-p 00000000 00:00 0                          [stack:9590]
7f8667c36000-7f8667eff000 r--p 00000000 08:04 1580843                    /usr/lib/locale/locale-archive
7f8667eff000-7f8667f02000 ---p 00000000 00:00 0 
7f8667f02000-7f8668000000 rw-p 00000000 00:00 0                          [stack:9589]
7f8668000000-7f8668021000 rw-p 00000000 00:00 0 
7f8668021000-7f866c000000 ---p 00000000 00:00 0 
7f866c08e000-7f866c091000 ---p 00000000 00:00 0 
7f866c091000-7f866c18f000 rw-p 00000000 00:00 0                          [stack:9588]
7f866c18f000-7f866c190000 ---p 00000000 00:00 0 
7f866c190000-7f866d19f000 rw-p 00000000 00:00 0                          [stack:9587]
7f866d19f000-7f866d378000 r--s 03d09000 08:04 2893612                    /usr/lib/jvm/java-8-oracle/jre/lib/rt.jar
7f866d378000-7f866daae000 rw-p 00000000 00:00 0 
7f866daae000-7f866dbee000 ---p 00000000 00:00 0 
7f866dbee000-7f866fdee000 rw-p 00000000 00:00 0 
7f866fdee000-7f866fdef000 ---p 00000000 00:00 0 
7f866fdef000-7f866feef000 rw-p 00000000 00:00 0                          [stack:9586]
7f866feef000-7f866fef0000 ---p 00000000 00:00 0 
7f866fef0000-7f866fff0000 rw-p 00000000 00:00 0                          [stack:9585]
7f866fff0000-7f866fff1000 ---p 00000000 00:00 0 
7f866fff1000-7f86700f1000 rw-p 00000000 00:00 0                          [stack:9584]
7f86700f1000-7f86700f2000 ---p 00000000 00:00 0 
7f86700f2000-7f8670207000 rw-p 00000000 00:00 0                          [stack:9583]
7f8670207000-7f8670347000 ---p 00000000 00:00 0 
7f8670347000-7f8670369000 rw-p 00000000 00:00 0 
7f8670369000-7f86703f2000 ---p 00000000 00:00 0 
7f86703f2000-7f867040e000 rw-p 00000000 00:00 0 
7f867040e000-7f86707b3000 ---p 00000000 00:00 0 
7f86707b3000-7f8670e63000 rwxp 00000000 00:00 0 
7f8670e63000-7f867f7b3000 ---p 00000000 00:00 0 
7f867f7b3000-7f867f7cd000 r-xp 00000000 08:04 4462554                    /usr/lib/jvm/java-8-oracle/jre/lib/amd64/libzip.so
7f867f7cd000-7f867f9cd000 ---p 0001a000 08:04 4462554                    /usr/lib/jvm/java-8-oracle/jre/lib/amd64/libzip.so
7f867f9cd000-7f867f9ce000 rw-p 0001a000 08:04 4462554                    /usr/lib/jvm/java-8-oracle/jre/lib/amd64/libzip.so
7f867f9ce000-7f867f9d9000 r-xp 00000000 08:04 3150469                    /lib/x86_64-linux-gnu/libnss_files-2.19.so
7f867f9d9000-7f867fbd8000 ---p 0000b000 08:04 3150469                    /lib/x86_64-linux-gnu/libnss_files-2.19.so
7f867fbd8000-7f867fbd9000 r--p 0000a000 08:04 3150469                    /lib/x86_64-linux-gnu/libnss_files-2.19.so
7f867fbd9000-7f867fbda000 rw-p 0000b000 08:04 3150469                    /lib/x86_64-linux-gnu/libnss_files-2.19.so
7f867fbda000-7f867fbe5000 r-xp 00000000 08:04 3150466                    /lib/x86_64-linux-gnu/libnss_nis-2.19.so
7f867fbe5000-7f867fde4000 ---p 0000b000 08:04 3150466                    /lib/x86_64-linux-gnu/libnss_nis-2.19.so
7f867fde4000-7f867fde5000 r--p 0000a000 08:04 3150466                    /lib/x86_64-linux-gnu/libnss_nis-2.19.so
7f867fde5000-7f867fde6000 rw-p 0000b000 08:04 3150466                    /lib/x86_64-linux-gnu/libnss_nis-2.19.so
7f867fde6000-7f867fdfd000 r-xp 00000000 08:04 3150460                    /lib/x86_64-linux-gnu/libnsl-2.19.so
7f867fdfd000-7f867fffc000 ---p 00017000 08:04 3150460                    /lib/x86_64-linux-gnu/libnsl-2.19.so
7f867fffc000-7f867fffd000 r--p 00016000 08:04 3150460                    /lib/x86_64-linux-gnu/libnsl-2.19.so
7f867fffd000-7f867fffe000 rw-p 00017000 08:04 3150460                    /lib/x86_64-linux-gnu/libnsl-2.19.so
7f867fffe000-7f8680000000 rw-p 00000000 00:00 0 
7f8680000000-7f8680465000 rw-p 00000000 00:00 0 
7f8680465000-7f8684000000 ---p 00000000 00:00 0 
7f8684035000-7f868404a000 rw-p 00000000 00:00 0 
7f868404a000-7f868418b000 ---p 00000000 00:00 0 
7f868418b000-7f8684194000 r-xp 00000000 08:04 3150457                    /lib/x86_64-linux-gnu/libnss_compat-2.19.so
7f8684194000-7f8684393000 ---p 00009000 08:04 3150457                    /lib/x86_64-linux-gnu/libnss_compat-2.19.so
7f8684393000-7f8684394000 r--p 00008000 08:04 3150457                    /lib/x86_64-linux-gnu/libnss_compat-2.19.so
7f8684394000-7f8684395000 rw-p 00009000 08:04 3150457                    /lib/x86_64-linux-gnu/libnss_compat-2.19.so
7f8684395000-7f86843bf000 r-xp 00000000 08:04 4461799                    /usr/lib/jvm/java-8-oracle/jre/lib/amd64/libjava.so
7f86843bf000-7f86845bf000 ---p 0002a000 08:04 4461799                    /usr/lib/jvm/java-8-oracle/jre/lib/amd64/libjava.so
7f86845bf000-7f86845c1000 rw-p 0002a000 08:04 4461799                    /usr/lib/jvm/java-8-oracle/jre/lib/amd64/libjava.so
7f86845c1000-7f86845ce000 r-xp 00000000 08:04 4462580                    /usr/lib/jvm/java-8-oracle/jre/lib/amd64/libverify.so
7f86845ce000-7f86847ce000 ---p 0000d000 08:04 4462580                    /usr/lib/jvm/java-8-oracle/jre/lib/amd64/libverify.so
7f86847ce000-7f86847d0000 rw-p 0000d000 08:04 4462580                    /usr/lib/jvm/java-8-oracle/jre/lib/amd64/libverify.so
7f86847d0000-7f86847d7000 r-xp 00000000 08:04 3150452                    /lib/x86_64-linux-gnu/librt-2.19.so
7f86847d7000-7f86849d6000 ---p 00007000 08:04 3150452                    /lib/x86_64-linux-gnu/librt-2.19.so
7f86849d6000-7f86849d7000 r--p 00006000 08:04 3150452                    /lib/x86_64-linux-gnu/librt-2.19.so
7f86849d7000-7f86849d8000 rw-p 00007000 08:04 3150452                    /lib/x86_64-linux-gnu/librt-2.19.so
7f86849d8000-7f8684add000 r-xp 00000000 08:04 3150459                    /lib/x86_64-linux-gnu/libm-2.19.so
7f8684add000-7f8684cdc000 ---p 00105000 08:04 3150459                    /lib/x86_64-linux-gnu/libm-2.19.so
7f8684cdc000-7f8684cdd000 r--p 00104000 08:04 3150459                    /lib/x86_64-linux-gnu/libm-2.19.so
7f8684cdd000-7f8684cde000 rw-p 00105000 08:04 3150459                    /lib/x86_64-linux-gnu/libm-2.19.so
7f8684cde000-7f868598c000 r-xp 00000000 08:04 4723906                    /usr/lib/jvm/java-8-oracle/jre/lib/amd64/server/libjvm.so
7f868598c000-7f8685b8b000 ---p 00cae000 08:04 4723906                    /usr/lib/jvm/java-8-oracle/jre/lib/amd64/server/libjvm.so
7f8685b8b000-7f8685c62000 rw-p 00cad000 08:04 4723906                    /usr/lib/jvm/java-8-oracle/jre/lib/amd64/server/libjvm.so
7f8685c62000-7f8685ca6000 rw-p 00000000 00:00 0 
7f8685ca6000-7f8685e61000 r-xp 00000000 08:04 3150451                    /lib/x86_64-linux-gnu/libc-2.19.so
7f8685e61000-7f8686061000 ---p 001bb000 08:04 3150451                    /lib/x86_64-linux-gnu/libc-2.19.so
7f8686061000-7f8686065000 r--p 001bb000 08:04 3150451                    /lib/x86_64-linux-gnu/libc-2.19.so
7f8686065000-7f8686067000 rw-p 001bf000 08:04 3150451                    /lib/x86_64-linux-gnu/libc-2.19.so
7f8686067000-7f868606c000 rw-p 00000000 00:00 0 
7f868606c000-7f868606f000 r-xp 00000000 08:04 3150455                    /lib/x86_64-linux-gnu/libdl-2.19.so
7f868606f000-7f868626e000 ---p 00003000 08:04 3150455                    /lib/x86_64-linux-gnu/libdl-2.19.so
7f868626e000-7f868626f000 r--p 00002000 08:04 3150455                    /lib/x86_64-linux-gnu/libdl-2.19.so
7f868626f000-7f8686270000 rw-p 00003000 08:04 3150455                    /lib/x86_64-linux-gnu/libdl-2.19.so
7f8686270000-7f8686285000 r-xp 00000000 08:04 4589480                    /usr/lib/jvm/java-8-oracle/jre/lib/amd64/jli/libjli.so
7f8686285000-7f8686485000 ---p 00015000 08:04 4589480                    /usr/lib/jvm/java-8-oracle/jre/lib/amd64/jli/libjli.so
7f8686485000-7f8686486000 rw-p 00015000 08:04 4589480                    /usr/lib/jvm/java-8-oracle/jre/lib/amd64/jli/libjli.so
7f8686486000-7f868649f000 r-xp 00000000 08:04 3150468                    /lib/x86_64-linux-gnu/libpthread-2.19.so
7f868649f000-7f868669e000 ---p 00019000 08:04 3150468                    /lib/x86_64-linux-gnu/libpthread-2.19.so
7f868669e000-7f868669f000 r--p 00018000 08:04 3150468                    /lib/x86_64-linux-gnu/libpthread-2.19.so
7f868669f000-7f86866a0000 rw-p 00019000 08:04 3150468                    /lib/x86_64-linux-gnu/libpthread-2.19.so
7f86866a0000-7f86866a4000 rw-p 00000000 00:00 0 
7f86866a4000-7f86866c7000 r-xp 00000000 08:04 3150449                    /lib/x86_64-linux-gnu/ld-2.19.so
7f86866e2000-7f86866e3000 rw-p 00000000 00:00 0 
7f86866e3000-7f86866e8000 r--s 00094000 08:04 2893606                    /usr/lib/jvm/java-8-oracle/jre/lib/jsse.jar
7f86866e8000-7f86867a6000 rw-p 00000000 00:00 0 
7f86867a6000-7f86867a9000 ---p 00000000 00:00 0 
7f86867a9000-7f86868ab000 rw-p 00000000 00:00 0                          [stack:9582]
7f86868ab000-7f86868ba000 r--s 000dd000 08:04 1181352                    /home/vikky/Android/Sdk/build-tools/21.1.2/lib/dx.jar
7f86868ba000-7f86868c2000 rw-s 00000000 08:04 5378193                    /tmp/hsperfdata_vikky/9574
7f86868c2000-7f86868c3000 rw-p 00000000 00:00 0 
7f86868c3000-7f86868c4000 ---p 00000000 00:00 0 
7f86868c4000-7f86868c6000 rw-p 00000000 00:00 0 
7f86868c6000-7f86868c7000 r--p 00022000 08:04 3150449                    /lib/x86_64-linux-gnu/ld-2.19.so
7f86868c7000-7f86868c8000 rw-p 00023000 08:04 3150449                    /lib/x86_64-linux-gnu/ld-2.19.so
7f86868c8000-7f86868c9000 rw-p 00000000 00:00 0 
7fffeaf90000-7fffeafb1000 rw-p 00000000 00:00 0                          [stack]
7fffeafe5000-7fffeafe7000 r-xp 00000000 00:00 0                          [vdso]
ffffffffff600000-ffffffffff601000 r-xp 00000000 00:00 0                  [vsyscall]

VM Arguments:
jvm_args: -Xmx1024M 
java_command: /home/vikky/Android/Sdk/build-tools/21.1.2/lib/dx.jar --dex --no-optimize --output /home/vikky/AndroidStudioProjects/Hisab/app/build/intermediates/dex/debug --input-list=/home/vikky/AndroidStudioProjects/Hisab/app/build/intermediates/tmp/dex/debug/inputList.txt
java_class_path (initial): /home/vikky/Android/Sdk/build-tools/21.1.2/lib/dx.jar
Launcher Type: SUN_STANDARD

Environment Variables:
JAVA_HOME=/usr/lib/jvm/java-8-oracle
PATH=/home/vikky/.rbenv/shims:/usr/local/sbin:/usr/local/bin:/usr/sbin:/usr/bin:/sbin:/bin:/usr/games:/usr/local/games:/usr/lib/jvm/java-8-oracle/bin:/usr/lib/jvm/java-8-oracle/db/bin:/usr/lib/jvm/java-8-oracle/jre/bin
LD_LIBRARY_PATH=./android-studio/bin:
SHELL=/bin/bash
DISPLAY=:0.0

Signal Handlers:
SIGSEGV: [libjvm.so+0xaad1e0], sa_mask[0]=11111111011111111101111111111110, sa_flags=SA_RESTART|SA_SIGINFO
SIGBUS: [libjvm.so+0xaad1e0], sa_mask[0]=11111111011111111101111111111110, sa_flags=SA_RESTART|SA_SIGINFO
SIGFPE: [libjvm.so+0x90b450], sa_mask[0]=11111111011111111101111111111110, sa_flags=SA_RESTART|SA_SIGINFO
SIGPIPE: [libjvm.so+0x90b450], sa_mask[0]=11111111011111111101111111111110, sa_flags=SA_RESTART|SA_SIGINFO
SIGXFSZ: [libjvm.so+0x90b450], sa_mask[0]=11111111011111111101111111111110, sa_flags=SA_RESTART|SA_SIGINFO
SIGILL: [libjvm.so+0x90b450], sa_mask[0]=11111111011111111101111111111110, sa_flags=SA_RESTART|SA_SIGINFO
SIGUSR1: SIG_DFL, sa_mask[0]=00000000000000000000000000000000, sa_flags=none
SIGUSR2: [libjvm.so+0x90ca90], sa_mask[0]=00100000000000000000000000000000, sa_flags=SA_RESTART|SA_SIGINFO
SIGHUP: [libjvm.so+0x90dde0], sa_mask[0]=11111111011111111101111111111110, sa_flags=SA_RESTART|SA_SIGINFO
SIGINT: [libjvm.so+0x90dde0], sa_mask[0]=11111111011111111101111111111110, sa_flags=SA_RESTART|SA_SIGINFO
SIGTERM: [libjvm.so+0x90dde0], sa_mask[0]=11111111011111111101111111111110, sa_flags=SA_RESTART|SA_SIGINFO
SIGQUIT: [libjvm.so+0x90dde0], sa_mask[0]=11111111011111111101111111111110, sa_flags=SA_RESTART|SA_SIGINFO


---------------  S Y S T E M  ---------------

OS:DISTRIB_ID=Ubuntu
DISTRIB_RELEASE=14.04
DISTRIB_CODENAME=trusty
DISTRIB_DESCRIPTION="Linux Lite 2.2"

uname:Linux 3.13.0-24-generic #47-Ubuntu SMP Fri May 2 23:30:00 UTC 2014 x86_64
libc:glibc 2.19 NPTL 2.19 
rlimit: STACK 8192k, CORE 0k, NPROC 30981, NOFILE 4096, AS infinity
load average:14.17 5.85 2.71

/proc/meminfo:
MemTotal:        3994112 kB
MemFree:          104064 kB
Buffers:             408 kB
Cached:           105764 kB
SwapCached:            0 kB
Active:          3632524 kB
Inactive:          89160 kB
Active(anon):    3621380 kB
Inactive(anon):    75848 kB
Active(file):      11144 kB
Inactive(file):    13312 kB
Unevictable:          48 kB
Mlocked:              48 kB
SwapTotal:             0 kB
SwapFree:              0 kB
Dirty:               156 kB
Writeback:             0 kB
AnonPages:       3615848 kB
Mapped:            62160 kB
Shmem:             81436 kB
Slab:              56636 kB
SReclaimable:      27268 kB
SUnreclaim:        29368 kB
KernelStack:        4648 kB
PageTables:        33856 kB
NFS_Unstable:          0 kB
Bounce:                0 kB
WritebackTmp:          0 kB
CommitLimit:     1997056 kB
Committed_AS:    6280844 kB
VmallocTotal:   34359738367 kB
VmallocUsed:      555648 kB
VmallocChunk:   34359172812 kB
HardwareCorrupted:     0 kB
AnonHugePages:   1206272 kB
HugePages_Total:       0
HugePages_Free:        0
HugePages_Rsvd:        0
HugePages_Surp:        0
Hugepagesize:       2048 kB
DirectMap4k:       86272 kB
DirectMap2M:     4055040 kB


CPU:total 4 (2 cores per cpu, 2 threads per core) family 6 model 42 stepping 7, cmov, cx8, fxsr, mmx, sse, sse2, sse3, ssse3, sse4.1, sse4.2, popcnt, avx, clmul, ht, tsc, tscinvbit

/proc/cpuinfo:
processor	: 0
vendor_id	: GenuineIntel
cpu family	: 6
model		: 42
model name	: Intel(R) Core(TM) i3-2350M CPU @ 2.30GHz
stepping	: 7
microcode	: 0x1b
cpu MHz		: 2300.000
cache size	: 3072 KB
physical id	: 0
siblings	: 4
core id		: 0
cpu cores	: 2
apicid		: 0
initial apicid	: 0
fpu		: yes
fpu_exception	: yes
cpuid level	: 13
wp		: yes
flags		: fpu vme de pse tsc msr pae mce cx8 apic sep mtrr pge mca cmov pat pse36 clflush dts acpi mmx fxsr sse sse2 ss ht tm pbe syscall nx rdtscp lm constant_tsc arch_perfmon pebs bts rep_good nopl xtopology nonstop_tsc aperfmperf eagerfpu pni pclmulqdq dtes64 monitor ds_cpl vmx est tm2 ssse3 cx16 xtpr pdcm pcid sse4_1 sse4_2 x2apic popcnt tsc_deadline_timer xsave avx lahf_lm arat epb xsaveopt pln pts dtherm tpr_shadow vnmi flexpriority ept vpid
bogomips	: 4589.87
clflush size	: 64
cache_alignment	: 64
address sizes	: 36 bits physical, 48 bits virtual
power management:

processor	: 1
vendor_id	: GenuineIntel
cpu family	: 6
model		: 42
model name	: Intel(R) Core(TM) i3-2350M CPU @ 2.30GHz
stepping	: 7
microcode	: 0x1b
cpu MHz		: 800.000
cache size	: 3072 KB
physical id	: 0
siblings	: 4
core id		: 0
cpu cores	: 2
apicid		: 1
initial apicid	: 1
fpu		: yes
fpu_exception	: yes
cpuid level	: 13
wp		: yes
flags		: fpu vme de pse tsc msr pae mce cx8 apic sep mtrr pge mca cmov pat pse36 clflush dts acpi mmx fxsr sse sse2 ss ht tm pbe syscall nx rdtscp lm constant_tsc arch_perfmon pebs bts rep_good nopl xtopology nonstop_tsc aperfmperf eagerfpu pni pclmulqdq dtes64 monitor ds_cpl vmx est tm2 ssse3 cx16 xtpr pdcm pcid sse4_1 sse4_2 x2apic popcnt tsc_deadline_timer xsave avx lahf_lm arat epb xsaveopt pln pts dtherm tpr_shadow vnmi flexpriority ept vpid
bogomips	: 4589.87
clflush size	: 64
cache_alignment	: 64
address sizes	: 36 bits physical, 48 bits virtual
power management:

processor	: 2
vendor_id	: GenuineIntel
cpu family	: 6
model		: 42
model name	: Intel(R) Core(TM) i3-2350M CPU @ 2.30GHz
stepping	: 7
microcode	: 0x1b
cpu MHz		: 2300.000
cache size	: 3072 KB
physical id	: 0
siblings	: 4
core id		: 1
cpu cores	: 2
apicid		: 2
initial apicid	: 2
fpu		: yes
fpu_exception	: yes
cpuid level	: 13
wp		: yes
flags		: fpu vme de pse tsc msr pae mce cx8 apic sep mtrr pge mca cmov pat pse36 clflush dts acpi mmx fxsr sse sse2 ss ht tm pbe syscall nx rdtscp lm constant_tsc arch_perfmon pebs bts rep_good nopl xtopology nonstop_tsc aperfmperf eagerfpu pni pclmulqdq dtes64 monitor ds_cpl vmx est tm2 ssse3 cx16 xtpr pdcm pcid sse4_1 sse4_2 x2apic popcnt tsc_deadline_timer xsave avx lahf_lm arat epb xsaveopt pln pts dtherm tpr_shadow vnmi flexpriority ept vpid
bogomips	: 4589.87
clflush size	: 64
cache_alignment	: 64
address sizes	: 36 bits physical, 48 bits virtual
power management:

processor	: 3
vendor_id	: GenuineIntel
cpu family	: 6
model		: 42
model name	: Intel(R) Core(TM) i3-2350M CPU @ 2.30GHz
stepping	: 7
microcode	: 0x1b
cpu MHz		: 800.000
cache size	: 3072 KB
physical id	: 0
siblings	: 4
core id		: 1
cpu cores	: 2
apicid		: 3
initial apicid	: 3
fpu		: yes
fpu_exception	: yes
cpuid level	: 13
wp		: yes
flags		: fpu vme de pse tsc msr pae mce cx8 apic sep mtrr pge mca cmov pat pse36 clflush dts acpi mmx fxsr sse sse2 ss ht tm pbe syscall nx rdtscp lm constant_tsc arch_perfmon pebs bts rep_good nopl xtopology nonstop_tsc aperfmperf eagerfpu pni pclmulqdq dtes64 monitor ds_cpl vmx est tm2 ssse3 cx16 xtpr pdcm pcid sse4_1 sse4_2 x2apic popcnt tsc_deadline_timer xsave avx lahf_lm arat epb xsaveopt pln pts dtherm tpr_shadow vnmi flexpriority ept vpid
bogomips	: 4589.87
clflush size	: 64
cache_alignment	: 64
address sizes	: 36 bits physical, 48 bits virtual
power management:



Memory: 4k page, physical 3994112k(104064k free), swap 0k(0k free)

vm_info: Java HotSpot(TM) 64-Bit Server VM (25.45-b02) for linux-amd64 JRE (1.8.0_45-b14), built on Apr 10 2015 10:07:45 by "java_re" with gcc 4.3.0 20080428 (Red Hat 4.3.0-8)

time: Thu Aug  6 19:41:50 2015
elapsed time: 55 seconds (0d 0h 0m 55s)

