#
# There is insufficient memory for the Java Runtime Environment to continue.
# Native memory allocation (mmap) failed to map 90177536 bytes for committing reserved memory.
# Possible reasons:
#   The system is out of physical RAM or swap space
#   In 32 bit mode, the process size limit was hit
# Possible solutions:
#   Reduce memory load on the system
#   Increase physical memory or swap space
#   Check if swap backing store is full
#   Use 64 bit Java on a 64 bit OS
#   Decrease Java heap size (-Xmx/-Xms)
#   Decrease number of Java threads
#   Decrease Java thread stack sizes (-Xss)
#   Set larger code cache with -XX:ReservedCodeCacheSize=
# This output file may be truncated or incomplete.
#
#  Out of Memory Error (os_linux.cpp:2673), pid=13843, tid=140722594404096
#
# JRE version: Java(TM) SE Runtime Environment (8.0_45-b14) (build 1.8.0_45-b14)
# Java VM: Java HotSpot(TM) 64-Bit Server VM (25.45-b02 mixed mode linux-amd64 compressed oops)
# Failed to write core dump. Core dumps have been disabled. To enable core dumping, try "ulimit -c unlimited" before starting Java again
#

---------------  T H R E A D  ---------------

Current thread (0x00007ffc8413e800):  VMThread [stack: 0x00007ffc88305000,0x00007ffc88406000] [id=13859]

Stack: [0x00007ffc88305000,0x00007ffc88406000],  sp=0x00007ffc88403f60,  free space=1019k
Native frames: (J=compiled Java code, j=interpreted, Vv=VM code, C=native code)
V  [libjvm.so+0xaac99a]  VMError::report_and_die()+0x2ba
V  [libjvm.so+0x4f333b]  report_vm_out_of_memory(char const*, int, unsigned long, VMErrorType, char const*)+0x8b
V  [libjvm.so+0x90e7c3]  os::Linux::commit_memory_impl(char*, unsigned long, bool)+0x103
V  [libjvm.so+0x90ed19]  os::pd_commit_memory(char*, unsigned long, unsigned long, bool)+0x29
V  [libjvm.so+0x90867a]  os::commit_memory(char*, unsigned long, unsigned long, bool)+0x2a
V  [libjvm.so+0x97bac3]  PSVirtualSpace::expand_by(unsigned long)+0x53
V  [libjvm.so+0x97cec8]  PSYoungGen::resize_generation(unsigned long, unsigned long)+0xf8
V  [libjvm.so+0x97c022]  PSYoungGen::resize(unsigned long, unsigned long)+0x22
V  [libjvm.so+0x9792fb]  PSScavenge::invoke_no_policy()+0xf7b
V  [libjvm.so+0x979a81]  PSScavenge::invoke()+0x41
V  [libjvm.so+0x932050]  ParallelScavengeHeap::failed_mem_allocate(unsigned long)+0x70
V  [libjvm.so+0xaae1d7]  VM_ParallelGCFailedAllocation::doit()+0x97
V  [libjvm.so+0xab59c5]  VM_Operation::evaluate()+0x55
V  [libjvm.so+0xab3d9a]  VMThread::evaluate_operation(VM_Operation*)+0xba
V  [libjvm.so+0xab411e]  VMThread::loop()+0x1ce
V  [libjvm.so+0xab4590]  VMThread::run()+0x70
V  [libjvm.so+0x910de8]  java_start(Thread*)+0x108

VM_Operation (0x00007ffc8d9e6130): ParallelGCFailedAllocation, mode: safepoint, requested by thread 0x00007ffc84009800


---------------  P R O C E S S  ---------------

Java Threads: ( => current thread )
  0x00007ffc84191000 JavaThread "Service Thread" daemon [_thread_blocked, id=13866, stack(0x00007ffc74933000,0x00007ffc74a34000)]
  0x00007ffc84183800 JavaThread "C1 CompilerThread2" daemon [_thread_blocked, id=13865, stack(0x00007ffc74a34000,0x00007ffc74b35000)]
  0x00007ffc84182000 JavaThread "C2 CompilerThread1" daemon [_thread_blocked, id=13864, stack(0x00007ffc74b35000,0x00007ffc74c36000)]
  0x00007ffc8417f000 JavaThread "C2 CompilerThread0" daemon [_thread_blocked, id=13863, stack(0x00007ffc74c36000,0x00007ffc74d37000)]
  0x00007ffc8417d800 JavaThread "Signal Dispatcher" daemon [_thread_blocked, id=13862, stack(0x00007ffc88002000,0x00007ffc88103000)]
  0x00007ffc84146000 JavaThread "Finalizer" daemon [_thread_blocked, id=13861, stack(0x00007ffc88103000,0x00007ffc88204000)]
  0x00007ffc84143800 JavaThread "Reference Handler" daemon [_thread_blocked, id=13860, stack(0x00007ffc88204000,0x00007ffc88305000)]
  0x00007ffc84009800 JavaThread "main" [_thread_blocked, id=13854, stack(0x00007ffc8d8e7000,0x00007ffc8d9e8000)]

Other Threads:
=>0x00007ffc8413e800 VMThread [stack: 0x00007ffc88305000,0x00007ffc88406000] [id=13859]
  0x00007ffc84193800 WatcherThread [stack: 0x00007ffc74832000,0x00007ffc74933000] [id=13867]

VM state:at safepoint (normal execution)

VM Mutex/Monitor currently owned by a thread:  ([mutex/lock_event])
[0x00007ffc84005ff0] Threads_lock - owner thread: 0x00007ffc8413e800
[0x00007ffc840064f0] Heap_lock - owner thread: 0x00007ffc84009800

Heap:
 PSYoungGen      total 66048K, used 2557K [0x00000000eab00000, 0x00000000eee00000, 0x0000000100000000)
  eden space 63488K, 0% used [0x00000000eab00000,0x00000000eab00000,0x00000000ee900000)
  from space 2560K, 99% used [0x00000000ee900000,0x00000000eeb7f6d0,0x00000000eeb80000)
  to   space 2560K, 0% used [0x00000000eeb80000,0x00000000eeb80000,0x00000000eee00000)
 ParOldGen       total 42496K, used 35333K [0x00000000c0000000, 0x00000000c2980000, 0x00000000eab00000)
  object space 42496K, 83% used [0x00000000c0000000,0x00000000c22816e8,0x00000000c2980000)
 Metaspace       used 6676K, capacity 7384K, committed 7680K, reserved 1056768K
  class space    used 654K, capacity 656K, committed 768K, reserved 1048576K

Card table byte_map: [0x00007ffc8a4be000,0x00007ffc8a6bf000] byte_map_base: 0x00007ffc89ebe000

Marking Bits: (ParMarkBitMap*) 0x00007ffc8cdbc760
 Begin Bits: [0x00007ffc66000000, 0x00007ffc67000000)
 End Bits:   [0x00007ffc67000000, 0x00007ffc68000000)

Polling page: 0x00007ffc8da04000

CodeCache: size=245760Kb used=6591Kb max_used=6600Kb free=239168Kb
 bounds [0x00007ffc75000000, 0x00007ffc75680000, 0x00007ffc84000000]
 total_blobs=2238 nmethods=1946 adapters=206
 compilation: enabled

Compilation events (10 events):
Event: 3.317 Thread 0x00007ffc84182000 nmethod 1884 0x00007ffc7566cf10 code [0x00007ffc7566d6c0, 0x00007ffc75672200]
Event: 3.317 Thread 0x00007ffc84182000 1978       4       com.android.dx.merge.IndexMap$EncodedValueTransformer::transformAnnotation (68 bytes)
Event: 3.344 Thread 0x00007ffc84183800 nmethod 1984% 0x00007ffc7566b550 code [0x00007ffc7566b7c0, 0x00007ffc7566c708]
Event: 3.344 Thread 0x00007ffc84183800 1985       2       java.util.TimSort::mergeLo (659 bytes)
Event: 6.943 Thread 0x00007ffc8417f000 nmethod 1972 0x00007ffc75665510 code [0x00007ffc756656c0, 0x00007ffc75665c28]
Event: 7.233 Thread 0x00007ffc84183800 nmethod 1985 0x00007ffc75668f50 code [0x00007ffc756691e0, 0x00007ffc7566a7d8]
Event: 7.233 Thread 0x00007ffc84182000 nmethod 1978 0x00007ffc756775d0 code [0x00007ffc756778e0, 0x00007ffc756795d0]
Event: 7.554 Thread 0x00007ffc84182000 1991       4       com.android.dx.io.instructions.InstructionCodec::access$400 (5 bytes)
Event: 7.554 Thread 0x00007ffc8417f000 1990       4       com.android.dx.io.instructions.InstructionCodec::access$300 (5 bytes)
Event: 7.554 Thread 0x00007ffc84183800 1986       2       java.util.TimSort::pushRun (31 bytes)

GC Heap History (9 events):
Event: 1.614 GC heap before
{Heap before GC invocations=1 (full 0):
 PSYoungGen      total 18432K, used 15872K [0x00000000eab00000, 0x00000000ebf80000, 0x0000000100000000)
  eden space 15872K, 100% used [0x00000000eab00000,0x00000000eba80000,0x00000000eba80000)
  from space 2560K, 0% used [0x00000000ebd00000,0x00000000ebd00000,0x00000000ebf80000)
  to   space 2560K, 0% used [0x00000000eba80000,0x00000000eba80000,0x00000000ebd00000)
 ParOldGen       total 42496K, used 0K [0x00000000c0000000, 0x00000000c2980000, 0x00000000eab00000)
  object space 42496K, 0% used [0x00000000c0000000,0x00000000c0000000,0x00000000c2980000)
 Metaspace       used 5017K, capacity 6416K, committed 6528K, reserved 1056768K
  class space    used 499K, capacity 584K, committed 640K, reserved 1048576K
Event: 1.646 GC heap after
Heap after GC invocations=1 (full 0):
 PSYoungGen      total 18432K, used 2531K [0x00000000eab00000, 0x00000000ecf00000, 0x0000000100000000)
  eden space 15872K, 0% used [0x00000000eab00000,0x00000000eab00000,0x00000000eba80000)
  from space 2560K, 98% used [0x00000000eba80000,0x00000000ebcf8d20,0x00000000ebd00000)
  to   space 2560K, 0% used [0x00000000ecc80000,0x00000000ecc80000,0x00000000ecf00000)
 ParOldGen       total 42496K, used 4200K [0x00000000c0000000, 0x00000000c2980000, 0x00000000eab00000)
  object space 42496K, 9% used [0x00000000c0000000,0x00000000c041a3b8,0x00000000c2980000)
 Metaspace       used 5017K, capacity 6416K, committed 6528K, reserved 1056768K
  class space    used 499K, capacity 584K, committed 640K, reserved 1048576K
}
Event: 2.348 GC heap before
{Heap before GC invocations=2 (full 0):
 PSYoungGen      total 18432K, used 18403K [0x00000000eab00000, 0x00000000ecf00000, 0x0000000100000000)
  eden space 15872K, 100% used [0x00000000eab00000,0x00000000eba80000,0x00000000eba80000)
  from space 2560K, 98% used [0x00000000eba80000,0x00000000ebcf8d20,0x00000000ebd00000)
  to   space 2560K, 0% used [0x00000000ecc80000,0x00000000ecc80000,0x00000000ecf00000)
 ParOldGen       total 42496K, used 4200K [0x00000000c0000000, 0x00000000c2980000, 0x00000000eab00000)
  object space 42496K, 9% used [0x00000000c0000000,0x00000000c041a3b8,0x00000000c2980000)
 Metaspace       used 6540K, capacity 7320K, committed 7680K, reserved 1056768K
  class space    used 653K, capacity 656K, committed 768K, reserved 1048576K
Event: 2.365 GC heap after
Heap after GC invocations=2 (full 0):
 PSYoungGen      total 34304K, used 2556K [0x00000000eab00000, 0x00000000ecf00000, 0x0000000100000000)
  eden space 31744K, 0% used [0x00000000eab00000,0x00000000eab00000,0x00000000eca00000)
  from space 2560K, 99% used [0x00000000ecc80000,0x00000000eceff1f0,0x00000000ecf00000)
  to   space 2560K, 0% used [0x00000000eca00000,0x00000000eca00000,0x00000000ecc80000)
 ParOldGen       total 42496K, used 8357K [0x00000000c0000000, 0x00000000c2980000, 0x00000000eab00000)
  object space 42496K, 19% used [0x00000000c0000000,0x00000000c08295f8,0x00000000c2980000)
 Metaspace       used 6540K, capacity 7320K, committed 7680K, reserved 1056768K
  class space    used 653K, capacity 656K, committed 768K, reserved 1048576K
}
Event: 2.786 GC heap before
{Heap before GC invocations=3 (full 0):
 PSYoungGen      total 34304K, used 34300K [0x00000000eab00000, 0x00000000ecf00000, 0x0000000100000000)
  eden space 31744K, 100% used [0x00000000eab00000,0x00000000eca00000,0x00000000eca00000)
  from space 2560K, 99% used [0x00000000ecc80000,0x00000000eceff1f0,0x00000000ecf00000)
  to   space 2560K, 0% used [0x00000000eca00000,0x00000000eca00000,0x00000000ecc80000)
 ParOldGen       total 42496K, used 8357K [0x00000000c0000000, 0x00000000c2980000, 0x00000000eab00000)
  object space 42496K, 19% used [0x00000000c0000000,0x00000000c08295f8,0x00000000c2980000)
 Metaspace       used 6636K, capacity 7384K, committed 7680K, reserved 1056768K
  class space    used 653K, capacity 656K, committed 768K, reserved 1048576K
Event: 2.798 GC heap after
Heap after GC invocations=3 (full 0):
 PSYoungGen      total 34304K, used 2528K [0x00000000eab00000, 0x00000000eee00000, 0x0000000100000000)
  eden space 31744K, 0% used [0x00000000eab00000,0x00000000eab00000,0x00000000eca00000)
  from space 2560K, 98% used [0x00000000eca00000,0x00000000ecc78080,0x00000000ecc80000)
  to   space 2560K, 0% used [0x00000000eeb80000,0x00000000eeb80000,0x00000000eee00000)
 ParOldGen       total 42496K, used 20859K [0x00000000c0000000, 0x00000000c2980000, 0x00000000eab00000)
  object space 42496K, 49% used [0x00000000c0000000,0x00000000c145ef78,0x00000000c2980000)
 Metaspace       used 6636K, capacity 7384K, committed 7680K, reserved 1056768K
  class space    used 653K, capacity 656K, committed 768K, reserved 1048576K
}
Event: 2.980 GC heap before
{Heap before GC invocations=4 (full 0):
 PSYoungGen      total 34304K, used 34272K [0x00000000eab00000, 0x00000000eee00000, 0x0000000100000000)
  eden space 31744K, 100% used [0x00000000eab00000,0x00000000eca00000,0x00000000eca00000)
  from space 2560K, 98% used [0x00000000eca00000,0x00000000ecc78080,0x00000000ecc80000)
  to   space 2560K, 0% used [0x00000000eeb80000,0x00000000eeb80000,0x00000000eee00000)
 ParOldGen       total 42496K, used 20859K [0x00000000c0000000, 0x00000000c2980000, 0x00000000eab00000)
  object space 42496K, 49% used [0x00000000c0000000,0x00000000c145ef78,0x00000000c2980000)
 Metaspace       used 6658K, capacity 7384K, committed 7680K, reserved 1056768K
  class space    used 654K, capacity 656K, committed 768K, reserved 1048576K
Event: 2.993 GC heap after
Heap after GC invocations=4 (full 0):
 PSYoungGen      total 66048K, used 2531K [0x00000000eab00000, 0x00000000eee00000, 0x0000000100000000)
  eden space 63488K, 0% used [0x00000000eab00000,0x00000000eab00000,0x00000000ee900000)
  from space 2560K, 98% used [0x00000000eeb80000,0x00000000eedf8d68,0x00000000eee00000)
  to   space 2560K, 0% used [0x00000000ee900000,0x00000000ee900000,0x00000000eeb80000)
 ParOldGen       total 42496K, used 26341K [0x00000000c0000000, 0x00000000c2980000, 0x00000000eab00000)
  object space 42496K, 61% used [0x00000000c0000000,0x00000000c19b9558,0x00000000c2980000)
 Metaspace       used 6658K, capacity 7384K, committed 7680K, reserved 1056768K
  class space    used 654K, capacity 656K, committed 768K, reserved 1048576K
}
Event: 7.575 GC heap before
{Heap before GC invocations=5 (full 0):
 PSYoungGen      total 66048K, used 66019K [0x00000000eab00000, 0x00000000eee00000, 0x0000000100000000)
  eden space 63488K, 100% used [0x00000000eab00000,0x00000000ee900000,0x00000000ee900000)
  from space 2560K, 98% used [0x00000000eeb80000,0x00000000eedf8d68,0x00000000eee00000)
  to   space 2560K, 0% used [0x00000000ee900000,0x00000000ee900000,0x00000000eeb80000)
 ParOldGen       total 42496K, used 26341K [0x00000000c0000000, 0x00000000c2980000, 0x00000000eab00000)
  object space 42496K, 61% used [0x00000000c0000000,0x00000000c19b9558,0x00000000c2980000)
 Metaspace       used 6676K, capacity 7384K, committed 7680K, reserved 1056768K
  class space    used 654K, capacity 656K, committed 768K, reserved 1048576K

Deoptimization events (10 events):
Event: 1.963 Thread 0x00007ffc84009800 Uncommon trap: reason=unstable_if action=reinterpret pc=0x00007ffc7547cd94 method=com.android.dx.util.ByteArrayAnnotatedOutput.writeByte(I)V @ 13
Event: 2.061 Thread 0x00007ffc84009800 Uncommon trap: reason=speculate_class_check action=maybe_recompile pc=0x00007ffc753f3858 method=java.util.HashMap.putVal(ILjava/lang/Object;Ljava/lang/Object;ZZ)Ljava/lang/Object; @ 56
Event: 2.061 Thread 0x00007ffc84009800 Uncommon trap: reason=speculate_class_check action=maybe_recompile pc=0x00007ffc753f3858 method=java.util.HashMap.putVal(ILjava/lang/Object;Ljava/lang/Object;ZZ)Ljava/lang/Object; @ 56
Event: 2.061 Thread 0x00007ffc84009800 Uncommon trap: reason=speculate_class_check action=maybe_recompile pc=0x00007ffc753f3858 method=java.util.HashMap.putVal(ILjava/lang/Object;Ljava/lang/Object;ZZ)Ljava/lang/Object; @ 56
Event: 2.062 Thread 0x00007ffc84009800 Uncommon trap: reason=speculate_class_check action=maybe_recompile pc=0x00007ffc753f38d4 method=java.util.HashMap.putVal(ILjava/lang/Object;Ljava/lang/Object;ZZ)Ljava/lang/Object; @ 152
Event: 2.062 Thread 0x00007ffc84009800 Uncommon trap: reason=speculate_class_check action=maybe_recompile pc=0x00007ffc753f38d4 method=java.util.HashMap.putVal(ILjava/lang/Object;Ljava/lang/Object;ZZ)Ljava/lang/Object; @ 152
Event: 2.171 Thread 0x00007ffc84009800 Uncommon trap: reason=unstable_if action=reinterpret pc=0x00007ffc754a7dcc method=java.util.HashMap.putVal(ILjava/lang/Object;Ljava/lang/Object;ZZ)Ljava/lang/Object; @ 162
Event: 2.390 Thread 0x00007ffc84009800 Uncommon trap: reason=predicate action=maybe_recompile pc=0x00007ffc75547854 method=com.android.dex.Leb128.readUnsignedLeb128(Lcom/android/dex/util/ByteInput;)I @ 41
Event: 2.886 Thread 0x00007ffc84009800 Uncommon trap: reason=unstable_if action=reinterpret pc=0x00007ffc7540a768 method=java.util.HashMap.getNode(ILjava/lang/Object;)Ljava/util/HashMap$Node; @ 84
Event: 2.893 Thread 0x00007ffc84009800 Uncommon trap: reason=unstable_if action=reinterpret pc=0x00007ffc75408798 method=java.util.HashMap.getNode(ILjava/lang/Object;)Ljava/util/HashMap$Node; @ 84

Internal exceptions (2 events):
Event: 0.061 Thread 0x00007ffc84009800 Exception <a 'java/lang/NoSuchMethodError': Method sun.misc.Unsafe.defineClass(Ljava/lang/String;[BII)Ljava/lang/Class; name or signature does not match> (0x00000000eab12a38) thrown at [/RE-WORK/workspace/8-2-build-linux-amd64/jdk8u45/3457/hotspot/src/sha
Event: 0.061 Thread 0x00007ffc84009800 Exception <a 'java/lang/NoSuchMethodError': Method sun.misc.Unsafe.prefetchRead(Ljava/lang/Object;J)V name or signature does not match> (0x00000000eab12cc8) thrown at [/RE-WORK/workspace/8-2-build-linux-amd64/jdk8u45/3457/hotspot/src/share/vm/prims/jni.cp

Events (10 events):
Event: 3.231 Thread 0x00007ffc84009800 DEOPT UNPACKING pc=0x00007ffc75047633 sp=0x00007ffc8d9e6260 mode 0
Event: 3.240 Thread 0x00007ffc84009800 DEOPT PACKING pc=0x00007ffc752f9490 sp=0x00007ffc8d9e6350
Event: 3.240 Thread 0x00007ffc84009800 DEOPT UNPACKING pc=0x00007ffc75047633 sp=0x00007ffc8d9e6060 mode 0
Event: 3.245 Thread 0x00007ffc84009800 DEOPT PACKING pc=0x00007ffc755f8439 sp=0x00007ffc8d9e64c0
Event: 3.245 Thread 0x00007ffc84009800 DEOPT UNPACKING pc=0x00007ffc75047633 sp=0x00007ffc8d9e6260 mode 0
Event: 3.247 Thread 0x00007ffc84009800 DEOPT PACKING pc=0x00007ffc755f8439 sp=0x00007ffc8d9e64c0
Event: 3.247 Thread 0x00007ffc84009800 DEOPT UNPACKING pc=0x00007ffc75047633 sp=0x00007ffc8d9e6260 mode 0
Event: 3.265 Thread 0x00007ffc84009800 DEOPT PACKING pc=0x00007ffc752f9490 sp=0x00007ffc8d9e62d0
Event: 3.265 Thread 0x00007ffc84009800 DEOPT UNPACKING pc=0x00007ffc75047633 sp=0x00007ffc8d9e5fe0 mode 0
Event: 7.568 Executing VM operation: ParallelGCFailedAllocation


Dynamic libraries:
00400000-00401000 r-xp 00000000 08:04 4986776                            /usr/lib/jvm/java-8-oracle/jre/bin/java
00600000-00601000 rw-p 00000000 08:04 4986776                            /usr/lib/jvm/java-8-oracle/jre/bin/java
007be000-007df000 rw-p 00000000 00:00 0                                  [heap]
c0000000-c2980000 rw-p 00000000 00:00 0 
c2980000-eab00000 ---p 00000000 00:00 0 
eab00000-eee00000 rw-p 00000000 00:00 0 
f4400000-100000000 ---p 00000000 00:00 0 
100000000-1000c0000 rw-p 00000000 00:00 0 
1000c0000-140000000 ---p 00000000 00:00 0 
7ffc38000000-7ffc38021000 rw-p 00000000 00:00 0 
7ffc38021000-7ffc3c000000 ---p 00000000 00:00 0 
7ffc40000000-7ffc406d5000 rw-p 00000000 00:00 0 
7ffc406d5000-7ffc44000000 ---p 00000000 00:00 0 
7ffc44000000-7ffc44021000 rw-p 00000000 00:00 0 
7ffc44021000-7ffc48000000 ---p 00000000 00:00 0 
7ffc48000000-7ffc48d68000 rw-p 00000000 00:00 0 
7ffc48d68000-7ffc4c000000 ---p 00000000 00:00 0 
7ffc4c000000-7ffc4c9c7000 rw-p 00000000 00:00 0 
7ffc4c9c7000-7ffc50000000 ---p 00000000 00:00 0 
7ffc50000000-7ffc50021000 rw-p 00000000 00:00 0 
7ffc50021000-7ffc54000000 ---p 00000000 00:00 0 
7ffc54000000-7ffc54021000 rw-p 00000000 00:00 0 
7ffc54021000-7ffc58000000 ---p 00000000 00:00 0 
7ffc58000000-7ffc5828a000 rw-p 00000000 00:00 0 
7ffc5828a000-7ffc5c000000 ---p 00000000 00:00 0 
7ffc5c000000-7ffc5c021000 rw-p 00000000 00:00 0 
7ffc5c021000-7ffc60000000 ---p 00000000 00:00 0 
7ffc60000000-7ffc60021000 rw-p 00000000 00:00 0 
7ffc60021000-7ffc64000000 ---p 00000000 00:00 0 
7ffc66000000-7ffc68000000 rw-p 00000000 00:00 0 
7ffc68000000-7ffc68021000 rw-p 00000000 00:00 0 
7ffc68021000-7ffc6c000000 ---p 00000000 00:00 0 
7ffc6c000000-7ffc6c021000 rw-p 00000000 00:00 0 
7ffc6c021000-7ffc70000000 ---p 00000000 00:00 0 
7ffc70000000-7ffc70021000 rw-p 00000000 00:00 0 
7ffc70021000-7ffc74000000 ---p 00000000 00:00 0 
7ffc74832000-7ffc74833000 ---p 00000000 00:00 0 
7ffc74833000-7ffc74933000 rw-p 00000000 00:00 0                          [stack:13867]
7ffc74933000-7ffc74936000 ---p 00000000 00:00 0 
7ffc74936000-7ffc74a34000 rw-p 00000000 00:00 0                          [stack:13866]
7ffc74a34000-7ffc74a37000 ---p 00000000 00:00 0 
7ffc74a37000-7ffc74b35000 rw-p 00000000 00:00 0                          [stack:13865]
7ffc74b35000-7ffc74b38000 ---p 00000000 00:00 0 
7ffc74b38000-7ffc74c36000 rw-p 00000000 00:00 0                          [stack:13864]
7ffc74c36000-7ffc74c39000 ---p 00000000 00:00 0 
7ffc74c39000-7ffc74d37000 rw-p 00000000 00:00 0                          [stack:13863]
7ffc74d37000-7ffc75000000 r--p 00000000 08:04 1580843                    /usr/lib/locale/locale-archive
7ffc75000000-7ffc75680000 rwxp 00000000 00:00 0 
7ffc75680000-7ffc84000000 ---p 00000000 00:00 0 
7ffc84000000-7ffc8446f000 rw-p 00000000 00:00 0 
7ffc8446f000-7ffc88000000 ---p 00000000 00:00 0 
7ffc88002000-7ffc88005000 ---p 00000000 00:00 0 
7ffc88005000-7ffc88103000 rw-p 00000000 00:00 0                          [stack:13862]
7ffc88103000-7ffc88106000 ---p 00000000 00:00 0 
7ffc88106000-7ffc88204000 rw-p 00000000 00:00 0                          [stack:13861]
7ffc88204000-7ffc88207000 ---p 00000000 00:00 0 
7ffc88207000-7ffc88305000 rw-p 00000000 00:00 0                          [stack:13860]
7ffc88305000-7ffc88306000 ---p 00000000 00:00 0 
7ffc88306000-7ffc89315000 rw-p 00000000 00:00 0                          [stack:13859]
7ffc89315000-7ffc894ee000 r--s 03d09000 08:04 2893612                    /usr/lib/jvm/java-8-oracle/jre/lib/rt.jar
7ffc894ee000-7ffc89c24000 rw-p 00000000 00:00 0 
7ffc89c24000-7ffc89d64000 ---p 00000000 00:00 0 
7ffc89d64000-7ffc89f64000 rw-p 00000000 00:00 0 
7ffc89f64000-7ffc89f65000 ---p 00000000 00:00 0 
7ffc89f65000-7ffc8a065000 rw-p 00000000 00:00 0                          [stack:13858]
7ffc8a065000-7ffc8a066000 ---p 00000000 00:00 0 
7ffc8a066000-7ffc8a166000 rw-p 00000000 00:00 0                          [stack:13857]
7ffc8a166000-7ffc8a167000 ---p 00000000 00:00 0 
7ffc8a167000-7ffc8a267000 rw-p 00000000 00:00 0                          [stack:13856]
7ffc8a267000-7ffc8a268000 ---p 00000000 00:00 0 
7ffc8a268000-7ffc8a37d000 rw-p 00000000 00:00 0                          [stack:13855]
7ffc8a37d000-7ffc8a4be000 ---p 00000000 00:00 0 
7ffc8a4be000-7ffc8a4d3000 rw-p 00000000 00:00 0 
7ffc8a4d3000-7ffc8a613000 ---p 00000000 00:00 0 
7ffc8a613000-7ffc8a635000 rw-p 00000000 00:00 0 
7ffc8a635000-7ffc8a6be000 ---p 00000000 00:00 0 
7ffc8a6be000-7ffc8a6d9000 rw-p 00000000 00:00 0 
7ffc8a6d9000-7ffc8aa7f000 ---p 00000000 00:00 0 
7ffc8aa7f000-7ffc8aa99000 r-xp 00000000 08:04 4462554                    /usr/lib/jvm/java-8-oracle/jre/lib/amd64/libzip.so
7ffc8aa99000-7ffc8ac99000 ---p 0001a000 08:04 4462554                    /usr/lib/jvm/java-8-oracle/jre/lib/amd64/libzip.so
7ffc8ac99000-7ffc8ac9a000 rw-p 0001a000 08:04 4462554                    /usr/lib/jvm/java-8-oracle/jre/lib/amd64/libzip.so
7ffc8ac9a000-7ffc8aca5000 r-xp 00000000 08:04 3150469                    /lib/x86_64-linux-gnu/libnss_files-2.19.so
7ffc8aca5000-7ffc8aea4000 ---p 0000b000 08:04 3150469                    /lib/x86_64-linux-gnu/libnss_files-2.19.so
7ffc8aea4000-7ffc8aea5000 r--p 0000a000 08:04 3150469                    /lib/x86_64-linux-gnu/libnss_files-2.19.so
7ffc8aea5000-7ffc8aea6000 rw-p 0000b000 08:04 3150469                    /lib/x86_64-linux-gnu/libnss_files-2.19.so
7ffc8aea6000-7ffc8aeb1000 r-xp 00000000 08:04 3150466                    /lib/x86_64-linux-gnu/libnss_nis-2.19.so
7ffc8aeb1000-7ffc8b0b0000 ---p 0000b000 08:04 3150466                    /lib/x86_64-linux-gnu/libnss_nis-2.19.so
7ffc8b0b0000-7ffc8b0b1000 r--p 0000a000 08:04 3150466                    /lib/x86_64-linux-gnu/libnss_nis-2.19.so
7ffc8b0b1000-7ffc8b0b2000 rw-p 0000b000 08:04 3150466                    /lib/x86_64-linux-gnu/libnss_nis-2.19.so
7ffc8b0b2000-7ffc8b0c9000 r-xp 00000000 08:04 3150460                    /lib/x86_64-linux-gnu/libnsl-2.19.so
7ffc8b0c9000-7ffc8b2c8000 ---p 00017000 08:04 3150460                    /lib/x86_64-linux-gnu/libnsl-2.19.so
7ffc8b2c8000-7ffc8b2c9000 r--p 00016000 08:04 3150460                    /lib/x86_64-linux-gnu/libnsl-2.19.so
7ffc8b2c9000-7ffc8b2ca000 rw-p 00017000 08:04 3150460                    /lib/x86_64-linux-gnu/libnsl-2.19.so
7ffc8b2ca000-7ffc8b2cc000 rw-p 00000000 00:00 0 
7ffc8b2cc000-7ffc8b2d5000 r-xp 00000000 08:04 3150457                    /lib/x86_64-linux-gnu/libnss_compat-2.19.so
7ffc8b2d5000-7ffc8b4d4000 ---p 00009000 08:04 3150457                    /lib/x86_64-linux-gnu/libnss_compat-2.19.so
7ffc8b4d4000-7ffc8b4d5000 r--p 00008000 08:04 3150457                    /lib/x86_64-linux-gnu/libnss_compat-2.19.so
7ffc8b4d5000-7ffc8b4d6000 rw-p 00009000 08:04 3150457                    /lib/x86_64-linux-gnu/libnss_compat-2.19.so
7ffc8b4d6000-7ffc8b500000 r-xp 00000000 08:04 4461799                    /usr/lib/jvm/java-8-oracle/jre/lib/amd64/libjava.so
7ffc8b500000-7ffc8b700000 ---p 0002a000 08:04 4461799                    /usr/lib/jvm/java-8-oracle/jre/lib/amd64/libjava.so
7ffc8b700000-7ffc8b702000 rw-p 0002a000 08:04 4461799                    /usr/lib/jvm/java-8-oracle/jre/lib/amd64/libjava.so
7ffc8b702000-7ffc8b70f000 r-xp 00000000 08:04 4462580                    /usr/lib/jvm/java-8-oracle/jre/lib/amd64/libverify.so
7ffc8b70f000-7ffc8b90f000 ---p 0000d000 08:04 4462580                    /usr/lib/jvm/java-8-oracle/jre/lib/amd64/libverify.so
7ffc8b90f000-7ffc8b911000 rw-p 0000d000 08:04 4462580                    /usr/lib/jvm/java-8-oracle/jre/lib/amd64/libverify.so
7ffc8b911000-7ffc8b918000 r-xp 00000000 08:04 3150452                    /lib/x86_64-linux-gnu/librt-2.19.so
7ffc8b918000-7ffc8bb17000 ---p 00007000 08:04 3150452                    /lib/x86_64-linux-gnu/librt-2.19.so
7ffc8bb17000-7ffc8bb18000 r--p 00006000 08:04 3150452                    /lib/x86_64-linux-gnu/librt-2.19.so
7ffc8bb18000-7ffc8bb19000 rw-p 00007000 08:04 3150452                    /lib/x86_64-linux-gnu/librt-2.19.so
7ffc8bb19000-7ffc8bc1e000 r-xp 00000000 08:04 3150459                    /lib/x86_64-linux-gnu/libm-2.19.so
7ffc8bc1e000-7ffc8be1d000 ---p 00105000 08:04 3150459                    /lib/x86_64-linux-gnu/libm-2.19.so
7ffc8be1d000-7ffc8be1e000 r--p 00104000 08:04 3150459                    /lib/x86_64-linux-gnu/libm-2.19.so
7ffc8be1e000-7ffc8be1f000 rw-p 00105000 08:04 3150459                    /lib/x86_64-linux-gnu/libm-2.19.so
7ffc8be1f000-7ffc8cacd000 r-xp 00000000 08:04 4723906                    /usr/lib/jvm/java-8-oracle/jre/lib/amd64/server/libjvm.so
7ffc8cacd000-7ffc8cccc000 ---p 00cae000 08:04 4723906                    /usr/lib/jvm/java-8-oracle/jre/lib/amd64/server/libjvm.so
7ffc8cccc000-7ffc8cda3000 rw-p 00cad000 08:04 4723906                    /usr/lib/jvm/java-8-oracle/jre/lib/amd64/server/libjvm.so
7ffc8cda3000-7ffc8cde7000 rw-p 00000000 00:00 0 
7ffc8cde7000-7ffc8cfa2000 r-xp 00000000 08:04 3150451                    /lib/x86_64-linux-gnu/libc-2.19.so
7ffc8cfa2000-7ffc8d1a2000 ---p 001bb000 08:04 3150451                    /lib/x86_64-linux-gnu/libc-2.19.so
7ffc8d1a2000-7ffc8d1a6000 r--p 001bb000 08:04 3150451                    /lib/x86_64-linux-gnu/libc-2.19.so
7ffc8d1a6000-7ffc8d1a8000 rw-p 001bf000 08:04 3150451                    /lib/x86_64-linux-gnu/libc-2.19.so
7ffc8d1a8000-7ffc8d1ad000 rw-p 00000000 00:00 0 
7ffc8d1ad000-7ffc8d1b0000 r-xp 00000000 08:04 3150455                    /lib/x86_64-linux-gnu/libdl-2.19.so
7ffc8d1b0000-7ffc8d3af000 ---p 00003000 08:04 3150455                    /lib/x86_64-linux-gnu/libdl-2.19.so
7ffc8d3af000-7ffc8d3b0000 r--p 00002000 08:04 3150455                    /lib/x86_64-linux-gnu/libdl-2.19.so
7ffc8d3b0000-7ffc8d3b1000 rw-p 00003000 08:04 3150455                    /lib/x86_64-linux-gnu/libdl-2.19.so
7ffc8d3b1000-7ffc8d3c6000 r-xp 00000000 08:04 4589480                    /usr/lib/jvm/java-8-oracle/jre/lib/amd64/jli/libjli.so
7ffc8d3c6000-7ffc8d5c6000 ---p 00015000 08:04 4589480                    /usr/lib/jvm/java-8-oracle/jre/lib/amd64/jli/libjli.so
7ffc8d5c6000-7ffc8d5c7000 rw-p 00015000 08:04 4589480                    /usr/lib/jvm/java-8-oracle/jre/lib/amd64/jli/libjli.so
7ffc8d5c7000-7ffc8d5e0000 r-xp 00000000 08:04 3150468                    /lib/x86_64-linux-gnu/libpthread-2.19.so
7ffc8d5e0000-7ffc8d7df000 ---p 00019000 08:04 3150468                    /lib/x86_64-linux-gnu/libpthread-2.19.so
7ffc8d7df000-7ffc8d7e0000 r--p 00018000 08:04 3150468                    /lib/x86_64-linux-gnu/libpthread-2.19.so
7ffc8d7e0000-7ffc8d7e1000 rw-p 00019000 08:04 3150468                    /lib/x86_64-linux-gnu/libpthread-2.19.so
7ffc8d7e1000-7ffc8d7e5000 rw-p 00000000 00:00 0 
7ffc8d7e5000-7ffc8d808000 r-xp 00000000 08:04 3150449                    /lib/x86_64-linux-gnu/ld-2.19.so
7ffc8d823000-7ffc8d824000 rw-p 00000000 00:00 0 
7ffc8d824000-7ffc8d829000 r--s 00094000 08:04 2893606                    /usr/lib/jvm/java-8-oracle/jre/lib/jsse.jar
7ffc8d829000-7ffc8d8e7000 rw-p 00000000 00:00 0 
7ffc8d8e7000-7ffc8d8ea000 ---p 00000000 00:00 0 
7ffc8d8ea000-7ffc8d9ec000 rw-p 00000000 00:00 0                          [stack:13854]
7ffc8d9ec000-7ffc8d9fb000 r--s 000dd000 08:04 1181352                    /home/vikky/Android/Sdk/build-tools/21.1.2/lib/dx.jar
7ffc8d9fb000-7ffc8da03000 rw-s 00000000 08:04 5377857                    /tmp/hsperfdata_vikky/13843
7ffc8da03000-7ffc8da04000 rw-p 00000000 00:00 0 
7ffc8da04000-7ffc8da05000 ---p 00000000 00:00 0 
7ffc8da05000-7ffc8da07000 rw-p 00000000 00:00 0 
7ffc8da07000-7ffc8da08000 r--p 00022000 08:04 3150449                    /lib/x86_64-linux-gnu/ld-2.19.so
7ffc8da08000-7ffc8da09000 rw-p 00023000 08:04 3150449                    /lib/x86_64-linux-gnu/ld-2.19.so
7ffc8da09000-7ffc8da0a000 rw-p 00000000 00:00 0 
7fff84307000-7fff84328000 rw-p 00000000 00:00 0                          [stack]
7fff8439c000-7fff8439e000 r-xp 00000000 00:00 0                          [vdso]
ffffffffff600000-ffffffffff601000 r-xp 00000000 00:00 0                  [vsyscall]

VM Arguments:
jvm_args: -Xmx1024M 
java_command: /home/vikky/Android/Sdk/build-tools/21.1.2/lib/dx.jar --dex --no-optimize --output /home/vikky/AndroidStudioProjects/Hisab/app/build/intermediates/dex/debug --input-list=/home/vikky/AndroidStudioProjects/Hisab/app/build/intermediates/tmp/dex/debug/inputList.txt
java_class_path (initial): /home/vikky/Android/Sdk/build-tools/21.1.2/lib/dx.jar
Launcher Type: SUN_STANDARD

Environment Variables:
JAVA_HOME=/usr/lib/jvm/java-8-oracle
PATH=/home/vikky/.rbenv/shims:/usr/local/sbin:/usr/local/bin:/usr/sbin:/usr/bin:/sbin:/bin:/usr/games:/usr/local/games:/usr/lib/jvm/java-8-oracle/bin:/usr/lib/jvm/java-8-oracle/db/bin:/usr/lib/jvm/java-8-oracle/jre/bin:/home/vikky/.rvm/bin:/home/vikky/.rvm/bin
LD_LIBRARY_PATH=./android-studio/bin:
SHELL=/bin/bash
DISPLAY=:0.0

Signal Handlers:
SIGSEGV: [libjvm.so+0xaad1e0], sa_mask[0]=11111111011111111101111111111110, sa_flags=SA_RESTART|SA_SIGINFO
SIGBUS: [libjvm.so+0xaad1e0], sa_mask[0]=11111111011111111101111111111110, sa_flags=SA_RESTART|SA_SIGINFO
SIGFPE: [libjvm.so+0x90b450], sa_mask[0]=11111111011111111101111111111110, sa_flags=SA_RESTART|SA_SIGINFO
SIGPIPE: [libjvm.so+0x90b450], sa_mask[0]=11111111011111111101111111111110, sa_flags=SA_RESTART|SA_SIGINFO
SIGXFSZ: [libjvm.so+0x90b450], sa_mask[0]=11111111011111111101111111111110, sa_flags=SA_RESTART|SA_SIGINFO
SIGILL: [libjvm.so+0x90b450], sa_mask[0]=11111111011111111101111111111110, sa_flags=SA_RESTART|SA_SIGINFO
SIGUSR1: SIG_DFL, sa_mask[0]=00000000000000000000000000000000, sa_flags=none
SIGUSR2: [libjvm.so+0x90ca90], sa_mask[0]=00100000000000000000000000000000, sa_flags=SA_RESTART|SA_SIGINFO
SIGHUP: [libjvm.so+0x90dde0], sa_mask[0]=11111111011111111101111111111110, sa_flags=SA_RESTART|SA_SIGINFO
SIGINT: [libjvm.so+0x90dde0], sa_mask[0]=11111111011111111101111111111110, sa_flags=SA_RESTART|SA_SIGINFO
SIGTERM: [libjvm.so+0x90dde0], sa_mask[0]=11111111011111111101111111111110, sa_flags=SA_RESTART|SA_SIGINFO
SIGQUIT: [libjvm.so+0x90dde0], sa_mask[0]=11111111011111111101111111111110, sa_flags=SA_RESTART|SA_SIGINFO


---------------  S Y S T E M  ---------------

OS:DISTRIB_ID=Ubuntu
DISTRIB_RELEASE=14.04
DISTRIB_CODENAME=trusty
DISTRIB_DESCRIPTION="Linux Lite 2.2"

uname:Linux 3.13.0-24-generic #47-Ubuntu SMP Fri May 2 23:30:00 UTC 2014 x86_64
libc:glibc 2.19 NPTL 2.19 
rlimit: STACK 8192k, CORE 0k, NPROC 30981, NOFILE 4096, AS infinity
load average:6.49 1.95 0.93

/proc/meminfo:
MemTotal:        3994112 kB
MemFree:          104260 kB
Buffers:             592 kB
Cached:           169144 kB
SwapCached:            0 kB
Active:          3568448 kB
Inactive:         156808 kB
Active(anon):    3559856 kB
Inactive(anon):   136512 kB
Active(file):       8592 kB
Inactive(file):    20296 kB
Unevictable:          48 kB
Mlocked:              48 kB
SwapTotal:             0 kB
SwapFree:              0 kB
Dirty:               404 kB
Writeback:             0 kB
AnonPages:       3555876 kB
Mapped:            72436 kB
Shmem:            140540 kB
Slab:              55728 kB
SReclaimable:      26636 kB
SUnreclaim:        29092 kB
KernelStack:        4504 kB
PageTables:        33316 kB
NFS_Unstable:          0 kB
Bounce:                0 kB
WritebackTmp:          0 kB
CommitLimit:     1997056 kB
Committed_AS:    6188792 kB
VmallocTotal:   34359738367 kB
VmallocUsed:      555680 kB
VmallocChunk:   34359175836 kB
HardwareCorrupted:     0 kB
AnonHugePages:    786432 kB
HugePages_Total:       0
HugePages_Free:        0
HugePages_Rsvd:        0
HugePages_Surp:        0
Hugepagesize:       2048 kB
DirectMap4k:       84224 kB
DirectMap2M:     4057088 kB


CPU:total 4 (2 cores per cpu, 2 threads per core) family 6 model 42 stepping 7, cmov, cx8, fxsr, mmx, sse, sse2, sse3, ssse3, sse4.1, sse4.2, popcnt, avx, clmul, ht, tsc, tscinvbit

/proc/cpuinfo:
processor	: 0
vendor_id	: GenuineIntel
cpu family	: 6
model		: 42
model name	: Intel(R) Core(TM) i3-2350M CPU @ 2.30GHz
stepping	: 7
microcode	: 0x1b
cpu MHz		: 800.000
cache size	: 3072 KB
physical id	: 0
siblings	: 4
core id		: 0
cpu cores	: 2
apicid		: 0
initial apicid	: 0
fpu		: yes
fpu_exception	: yes
cpuid level	: 13
wp		: yes
flags		: fpu vme de pse tsc msr pae mce cx8 apic sep mtrr pge mca cmov pat pse36 clflush dts acpi mmx fxsr sse sse2 ss ht tm pbe syscall nx rdtscp lm constant_tsc arch_perfmon pebs bts rep_good nopl xtopology nonstop_tsc aperfmperf eagerfpu pni pclmulqdq dtes64 monitor ds_cpl vmx est tm2 ssse3 cx16 xtpr pdcm pcid sse4_1 sse4_2 x2apic popcnt tsc_deadline_timer xsave avx lahf_lm arat epb xsaveopt pln pts dtherm tpr_shadow vnmi flexpriority ept vpid
bogomips	: 4589.72
clflush size	: 64
cache_alignment	: 64
address sizes	: 36 bits physical, 48 bits virtual
power management:

processor	: 1
vendor_id	: GenuineIntel
cpu family	: 6
model		: 42
model name	: Intel(R) Core(TM) i3-2350M CPU @ 2.30GHz
stepping	: 7
microcode	: 0x1b
cpu MHz		: 800.000
cache size	: 3072 KB
physical id	: 0
siblings	: 4
core id		: 0
cpu cores	: 2
apicid		: 1
initial apicid	: 1
fpu		: yes
fpu_exception	: yes
cpuid level	: 13
wp		: yes
flags		: fpu vme de pse tsc msr pae mce cx8 apic sep mtrr pge mca cmov pat pse36 clflush dts acpi mmx fxsr sse sse2 ss ht tm pbe syscall nx rdtscp lm constant_tsc arch_perfmon pebs bts rep_good nopl xtopology nonstop_tsc aperfmperf eagerfpu pni pclmulqdq dtes64 monitor ds_cpl vmx est tm2 ssse3 cx16 xtpr pdcm pcid sse4_1 sse4_2 x2apic popcnt tsc_deadline_timer xsave avx lahf_lm arat epb xsaveopt pln pts dtherm tpr_shadow vnmi flexpriority ept vpid
bogomips	: 4589.72
clflush size	: 64
cache_alignment	: 64
address sizes	: 36 bits physical, 48 bits virtual
power management:

processor	: 2
vendor_id	: GenuineIntel
cpu family	: 6
model		: 42
model name	: Intel(R) Core(TM) i3-2350M CPU @ 2.30GHz
stepping	: 7
microcode	: 0x1b
cpu MHz		: 2300.000
cache size	: 3072 KB
physical id	: 0
siblings	: 4
core id		: 1
cpu cores	: 2
apicid		: 2
initial apicid	: 2
fpu		: yes
fpu_exception	: yes
cpuid level	: 13
wp		: yes
flags		: fpu vme de pse tsc msr pae mce cx8 apic sep mtrr pge mca cmov pat pse36 clflush dts acpi mmx fxsr sse sse2 ss ht tm pbe syscall nx rdtscp lm constant_tsc arch_perfmon pebs bts rep_good nopl xtopology nonstop_tsc aperfmperf eagerfpu pni pclmulqdq dtes64 monitor ds_cpl vmx est tm2 ssse3 cx16 xtpr pdcm pcid sse4_1 sse4_2 x2apic popcnt tsc_deadline_timer xsave avx lahf_lm arat epb xsaveopt pln pts dtherm tpr_shadow vnmi flexpriority ept vpid
bogomips	: 4589.72
clflush size	: 64
cache_alignment	: 64
address sizes	: 36 bits physical, 48 bits virtual
power management:

processor	: 3
vendor_id	: GenuineIntel
cpu family	: 6
model		: 42
model name	: Intel(R) Core(TM) i3-2350M CPU @ 2.30GHz
stepping	: 7
microcode	: 0x1b
cpu MHz		: 800.000
cache size	: 3072 KB
physical id	: 0
siblings	: 4
core id		: 1
cpu cores	: 2
apicid		: 3
initial apicid	: 3
fpu		: yes
fpu_exception	: yes
cpuid level	: 13
wp		: yes
flags		: fpu vme de pse tsc msr pae mce cx8 apic sep mtrr pge mca cmov pat pse36 clflush dts acpi mmx fxsr sse sse2 ss ht tm pbe syscall nx rdtscp lm constant_tsc arch_perfmon pebs bts rep_good nopl xtopology nonstop_tsc aperfmperf eagerfpu pni pclmulqdq dtes64 monitor ds_cpl vmx est tm2 ssse3 cx16 xtpr pdcm pcid sse4_1 sse4_2 x2apic popcnt tsc_deadline_timer xsave avx lahf_lm arat epb xsaveopt pln pts dtherm tpr_shadow vnmi flexpriority ept vpid
bogomips	: 4589.72
clflush size	: 64
cache_alignment	: 64
address sizes	: 36 bits physical, 48 bits virtual
power management:



Memory: 4k page, physical 3994112k(104260k free), swap 0k(0k free)

vm_info: Java HotSpot(TM) 64-Bit Server VM (25.45-b02) for linux-amd64 JRE (1.8.0_45-b14), built on Apr 10 2015 10:07:45 by "java_re" with gcc 4.3.0 20080428 (Red Hat 4.3.0-8)

time: Fri Jul 17 15:47:47 2015
elapsed time: 18 seconds (0d 0h 0m 18s)

