#
# There is insufficient memory for the Java Runtime Environment to continue.
# Native memory allocation (mmap) failed to map 56623104 bytes for committing reserved memory.
# Possible reasons:
#   The system is out of physical RAM or swap space
#   In 32 bit mode, the process size limit was hit
# Possible solutions:
#   Reduce memory load on the system
#   Increase physical memory or swap space
#   Check if swap backing store is full
#   Use 64 bit Java on a 64 bit OS
#   Decrease Java heap size (-Xmx/-Xms)
#   Decrease number of Java threads
#   Decrease Java thread stack sizes (-Xss)
#   Set larger code cache with -XX:ReservedCodeCacheSize=
# This output file may be truncated or incomplete.
#
#  Out of Memory Error (os_linux.cpp:2673), pid=14071, tid=139700217005824
#
# JRE version: Java(TM) SE Runtime Environment (8.0_45-b14) (build 1.8.0_45-b14)
# Java VM: Java HotSpot(TM) 64-Bit Server VM (25.45-b02 mixed mode linux-amd64 compressed oops)
# Failed to write core dump. Core dumps have been disabled. To enable core dumping, try "ulimit -c unlimited" before starting Java again
#

---------------  T H R E A D  ---------------

Current thread (0x00007f0e9013e800):  VMThread [stack: 0x00007f0e7dbf4000,0x00007f0e7dcf5000] [id=14085]

Stack: [0x00007f0e7dbf4000,0x00007f0e7dcf5000],  sp=0x00007f0e7dcf3160,  free space=1020k
Native frames: (J=compiled Java code, j=interpreted, Vv=VM code, C=native code)
V  [libjvm.so+0xaac99a]  VMError::report_and_die()+0x2ba
V  [libjvm.so+0x4f333b]  report_vm_out_of_memory(char const*, int, unsigned long, VMErrorType, char const*)+0x8b
V  [libjvm.so+0x90e7c3]  os::Linux::commit_memory_impl(char*, unsigned long, bool)+0x103
V  [libjvm.so+0x90ed19]  os::pd_commit_memory(char*, unsigned long, unsigned long, bool)+0x29
V  [libjvm.so+0x90867a]  os::commit_memory(char*, unsigned long, unsigned long, bool)+0x2a
V  [libjvm.so+0x97bac3]  PSVirtualSpace::expand_by(unsigned long)+0x53
V  [libjvm.so+0x97cec8]  PSYoungGen::resize_generation(unsigned long, unsigned long)+0xf8
V  [libjvm.so+0x97c022]  PSYoungGen::resize(unsigned long, unsigned long)+0x22
V  [libjvm.so+0x9792fb]  PSScavenge::invoke_no_policy()+0xf7b
V  [libjvm.so+0x979a81]  PSScavenge::invoke()+0x41
V  [libjvm.so+0x932050]  ParallelScavengeHeap::failed_mem_allocate(unsigned long)+0x70
V  [libjvm.so+0xaae1d7]  VM_ParallelGCFailedAllocation::doit()+0x97
V  [libjvm.so+0xab59c5]  VM_Operation::evaluate()+0x55
V  [libjvm.so+0xab3d9a]  VMThread::evaluate_operation(VM_Operation*)+0xba
V  [libjvm.so+0xab411e]  VMThread::loop()+0x1ce
V  [libjvm.so+0xab4590]  VMThread::run()+0x70
V  [libjvm.so+0x910de8]  java_start(Thread*)+0x108

VM_Operation (0x00007f0e98317de0): ParallelGCFailedAllocation, mode: safepoint, requested by thread 0x00007f0e9000a000


---------------  P R O C E S S  ---------------

Java Threads: ( => current thread )
  0x00007f0e90189000 JavaThread "Service Thread" daemon [_thread_blocked, id=14092, stack(0x00007f0e7d224000,0x00007f0e7d325000)]
  0x00007f0e90183800 JavaThread "C1 CompilerThread2" daemon [_thread_blocked, id=14091, stack(0x00007f0e7d325000,0x00007f0e7d426000)]
  0x00007f0e90182000 JavaThread "C2 CompilerThread1" daemon [_thread_blocked, id=14090, stack(0x00007f0e7d426000,0x00007f0e7d527000)]
  0x00007f0e9017f000 JavaThread "C2 CompilerThread0" daemon [_thread_blocked, id=14089, stack(0x00007f0e7d527000,0x00007f0e7d628000)]
  0x00007f0e9017d800 JavaThread "Signal Dispatcher" daemon [_thread_blocked, id=14088, stack(0x00007f0e7d628000,0x00007f0e7d729000)]
  0x00007f0e90146000 JavaThread "Finalizer" daemon [_thread_blocked, id=14087, stack(0x00007f0e7d9f2000,0x00007f0e7daf3000)]
  0x00007f0e90144000 JavaThread "Reference Handler" daemon [_thread_blocked, id=14086, stack(0x00007f0e7daf3000,0x00007f0e7dbf4000)]
  0x00007f0e9000a000 JavaThread "main" [_thread_blocked, id=14080, stack(0x00007f0e98219000,0x00007f0e9831a000)]

Other Threads:
=>0x00007f0e9013e800 VMThread [stack: 0x00007f0e7dbf4000,0x00007f0e7dcf5000] [id=14085]
  0x00007f0e9018b800 WatcherThread [stack: 0x00007f0e7d123000,0x00007f0e7d224000] [id=14093]

VM state:at safepoint (normal execution)

VM Mutex/Monitor currently owned by a thread:  ([mutex/lock_event])
[0x00007f0e90006120] Threads_lock - owner thread: 0x00007f0e9013e800
[0x00007f0e90006620] Heap_lock - owner thread: 0x00007f0e9000a000

Heap:
 PSYoungGen      total 34304K, used 2547K [0x00000000eab00000, 0x00000000ecf00000, 0x0000000100000000)
  eden space 31744K, 0% used [0x00000000eab00000,0x00000000eab00000,0x00000000eca00000)
  from space 2560K, 99% used [0x00000000eca00000,0x00000000ecc7ce28,0x00000000ecc80000)
  to   space 2560K, 0% used [0x00000000ecc80000,0x00000000ecc80000,0x00000000ecf00000)
 ParOldGen       total 42496K, used 26397K [0x00000000c0000000, 0x00000000c2980000, 0x00000000eab00000)
  object space 42496K, 62% used [0x00000000c0000000,0x00000000c19c76b0,0x00000000c2980000)
 Metaspace       used 6547K, capacity 7254K, committed 7424K, reserved 1056768K
  class space    used 648K, capacity 654K, committed 768K, reserved 1048576K

Card table byte_map: [0x00007f0e94df0000,0x00007f0e94ff1000] byte_map_base: 0x00007f0e947f0000

Marking Bits: (ParMarkBitMap*) 0x00007f0e976ee760
 Begin Bits: [0x00007f0e7f000000, 0x00007f0e80000000)
 End Bits:   [0x00007f0e80000000, 0x00007f0e81000000)

Polling page: 0x00007f0e98336000

CodeCache: size=245760Kb used=5574Kb max_used=5574Kb free=240185Kb
 bounds [0x00007f0e81000000, 0x00007f0e81580000, 0x00007f0e90000000]
 total_blobs=2024 nmethods=1732 adapters=206
 compilation: enabled

Compilation events (10 events):
Event: 6.420 Thread 0x00007f0e90183800 1763       2       java.util.HashMap$TreeNode::untreeify (52 bytes)
Event: 6.420 Thread 0x00007f0e90183800 nmethod 1763 0x00007f0e8155d410 code [0x00007f0e8155d580, 0x00007f0e8155d7e8]
Event: 6.420 Thread 0x00007f0e90183800 1764       2       com.android.dx.merge.IndexMap::adjustEncodedArray (44 bytes)
Event: 6.421 Thread 0x00007f0e90183800 nmethod 1764 0x00007f0e815697d0 code [0x00007f0e81569980, 0x00007f0e81569f48]
Event: 6.445 Thread 0x00007f0e90183800 1767       2       com.android.dx.io.instructions.InstructionCodec$7::encode (23 bytes)
Event: 6.445 Thread 0x00007f0e90183800 nmethod 1767 0x00007f0e81569190 code [0x00007f0e81569300, 0x00007f0e81569568]
Event: 6.458 Thread 0x00007f0e90183800 1768       2       com.android.dx.io.instructions.BaseCodeCursor::baseAddressForCursor (25 bytes)
Event: 6.459 Thread 0x00007f0e90183800 nmethod 1768 0x00007f0e81568c90 code [0x00007f0e81568e00, 0x00007f0e81569018]
Event: 6.459 Thread 0x00007f0e90183800 1769       2       com.android.dx.io.instructions.AddressMap::get (28 bytes)
Event: 6.459 Thread 0x00007f0e90183800 nmethod 1769 0x00007f0e815686d0 code [0x00007f0e81568840, 0x00007f0e81568ac8]

GC Heap History (9 events):
Event: 3.817 GC heap before
{Heap before GC invocations=1 (full 0):
 PSYoungGen      total 18432K, used 15471K [0x00000000eab00000, 0x00000000ebf80000, 0x0000000100000000)
  eden space 15872K, 97% used [0x00000000eab00000,0x00000000eba1bce8,0x00000000eba80000)
  from space 2560K, 0% used [0x00000000ebd00000,0x00000000ebd00000,0x00000000ebf80000)
  to   space 2560K, 0% used [0x00000000eba80000,0x00000000eba80000,0x00000000ebd00000)
 ParOldGen       total 42496K, used 0K [0x00000000c0000000, 0x00000000c2980000, 0x00000000eab00000)
  object space 42496K, 0% used [0x00000000c0000000,0x00000000c0000000,0x00000000c2980000)
 Metaspace       used 4937K, capacity 6352K, committed 6528K, reserved 1056768K
  class space    used 496K, capacity 584K, committed 640K, reserved 1048576K
Event: 3.843 GC heap after
Heap after GC invocations=1 (full 0):
 PSYoungGen      total 18432K, used 2543K [0x00000000eab00000, 0x00000000ebf80000, 0x0000000100000000)
  eden space 15872K, 0% used [0x00000000eab00000,0x00000000eab00000,0x00000000eba80000)
  from space 2560K, 99% used [0x00000000eba80000,0x00000000ebcfbfe0,0x00000000ebd00000)
  to   space 2560K, 0% used [0x00000000ebd00000,0x00000000ebd00000,0x00000000ebf80000)
 ParOldGen       total 42496K, used 3591K [0x00000000c0000000, 0x00000000c2980000, 0x00000000eab00000)
  object space 42496K, 8% used [0x00000000c0000000,0x00000000c0381c98,0x00000000c2980000)
 Metaspace       used 4937K, capacity 6352K, committed 6528K, reserved 1056768K
  class space    used 496K, capacity 584K, committed 640K, reserved 1048576K
}
Event: 4.991 GC heap before
{Heap before GC invocations=2 (full 0):
 PSYoungGen      total 18432K, used 18415K [0x00000000eab00000, 0x00000000ebf80000, 0x0000000100000000)
  eden space 15872K, 100% used [0x00000000eab00000,0x00000000eba80000,0x00000000eba80000)
  from space 2560K, 99% used [0x00000000eba80000,0x00000000ebcfbfe0,0x00000000ebd00000)
  to   space 2560K, 0% used [0x00000000ebd00000,0x00000000ebd00000,0x00000000ebf80000)
 ParOldGen       total 42496K, used 3591K [0x00000000c0000000, 0x00000000c2980000, 0x00000000eab00000)
  object space 42496K, 8% used [0x00000000c0000000,0x00000000c0381c98,0x00000000c2980000)
 Metaspace       used 6451K, capacity 7190K, committed 7424K, reserved 1056768K
  class space    used 647K, capacity 654K, committed 768K, reserved 1048576K
Event: 5.038 GC heap after
Heap after GC invocations=2 (full 0):
 PSYoungGen      total 18432K, used 2550K [0x00000000eab00000, 0x00000000ecf00000, 0x0000000100000000)
  eden space 15872K, 0% used [0x00000000eab00000,0x00000000eab00000,0x00000000eba80000)
  from space 2560K, 99% used [0x00000000ebd00000,0x00000000ebf7d910,0x00000000ebf80000)
  to   space 2560K, 0% used [0x00000000eba80000,0x00000000eba80000,0x00000000ebd00000)
 ParOldGen       total 42496K, used 6920K [0x00000000c0000000, 0x00000000c2980000, 0x00000000eab00000)
  object space 42496K, 16% used [0x00000000c0000000,0x00000000c06c23c8,0x00000000c2980000)
 Metaspace       used 6451K, capacity 7190K, committed 7424K, reserved 1056768K
  class space    used 647K, capacity 654K, committed 768K, reserved 1048576K
}
Event: 5.220 GC heap before
{Heap before GC invocations=3 (full 0):
 PSYoungGen      total 18432K, used 18422K [0x00000000eab00000, 0x00000000ecf00000, 0x0000000100000000)
  eden space 15872K, 100% used [0x00000000eab00000,0x00000000eba80000,0x00000000eba80000)
  from space 2560K, 99% used [0x00000000ebd00000,0x00000000ebf7d910,0x00000000ebf80000)
  to   space 2560K, 0% used [0x00000000eba80000,0x00000000eba80000,0x00000000ebd00000)
 ParOldGen       total 42496K, used 6920K [0x00000000c0000000, 0x00000000c2980000, 0x00000000eab00000)
  object space 42496K, 16% used [0x00000000c0000000,0x00000000c06c23c8,0x00000000c2980000)
 Metaspace       used 6502K, capacity 7254K, committed 7424K, reserved 1056768K
  class space    used 647K, capacity 654K, committed 768K, reserved 1048576K
Event: 5.228 GC heap after
Heap after GC invocations=3 (full 0):
 PSYoungGen      total 18432K, used 2542K [0x00000000eab00000, 0x00000000ecf00000, 0x0000000100000000)
  eden space 15872K, 0% used [0x00000000eab00000,0x00000000eab00000,0x00000000eba80000)
  from space 2560K, 99% used [0x00000000eba80000,0x00000000ebcfbb90,0x00000000ebd00000)
  to   space 2560K, 0% used [0x00000000ecc80000,0x00000000ecc80000,0x00000000ecf00000)
 ParOldGen       total 42496K, used 15499K [0x00000000c0000000, 0x00000000c2980000, 0x00000000eab00000)
  object space 42496K, 36% used [0x00000000c0000000,0x00000000c0f22f80,0x00000000c2980000)
 Metaspace       used 6502K, capacity 7254K, committed 7424K, reserved 1056768K
  class space    used 647K, capacity 654K, committed 768K, reserved 1048576K
}
Event: 5.387 GC heap before
{Heap before GC invocations=4 (full 0):
 PSYoungGen      total 18432K, used 18414K [0x00000000eab00000, 0x00000000ecf00000, 0x0000000100000000)
  eden space 15872K, 100% used [0x00000000eab00000,0x00000000eba80000,0x00000000eba80000)
  from space 2560K, 99% used [0x00000000eba80000,0x00000000ebcfbb90,0x00000000ebd00000)
  to   space 2560K, 0% used [0x00000000ecc80000,0x00000000ecc80000,0x00000000ecf00000)
 ParOldGen       total 42496K, used 15499K [0x00000000c0000000, 0x00000000c2980000, 0x00000000eab00000)
  object space 42496K, 36% used [0x00000000c0000000,0x00000000c0f22f80,0x00000000c2980000)
 Metaspace       used 6525K, capacity 7254K, committed 7424K, reserved 1056768K
  class space    used 647K, capacity 654K, committed 768K, reserved 1048576K
Event: 5.404 GC heap after
Heap after GC invocations=4 (full 0):
 PSYoungGen      total 34304K, used 2542K [0x00000000eab00000, 0x00000000ecf00000, 0x0000000100000000)
  eden space 31744K, 0% used [0x00000000eab00000,0x00000000eab00000,0x00000000eca00000)
  from space 2560K, 99% used [0x00000000ecc80000,0x00000000ecefbb90,0x00000000ecf00000)
  to   space 2560K, 0% used [0x00000000eca00000,0x00000000eca00000,0x00000000ecc80000)
 ParOldGen       total 42496K, used 17101K [0x00000000c0000000, 0x00000000c2980000, 0x00000000eab00000)
  object space 42496K, 40% used [0x00000000c0000000,0x00000000c10b3408,0x00000000c2980000)
 Metaspace       used 6525K, capacity 7254K, committed 7424K, reserved 1056768K
  class space    used 647K, capacity 654K, committed 768K, reserved 1048576K
}
Event: 6.473 GC heap before
{Heap before GC invocations=5 (full 0):
 PSYoungGen      total 34304K, used 34286K [0x00000000eab00000, 0x00000000ecf00000, 0x0000000100000000)
  eden space 31744K, 100% used [0x00000000eab00000,0x00000000eca00000,0x00000000eca00000)
  from space 2560K, 99% used [0x00000000ecc80000,0x00000000ecefbb90,0x00000000ecf00000)
  to   space 2560K, 0% used [0x00000000eca00000,0x00000000eca00000,0x00000000ecc80000)
 ParOldGen       total 42496K, used 17101K [0x00000000c0000000, 0x00000000c2980000, 0x00000000eab00000)
  object space 42496K, 40% used [0x00000000c0000000,0x00000000c10b3408,0x00000000c2980000)
 Metaspace       used 6547K, capacity 7254K, committed 7424K, reserved 1056768K
  class space    used 648K, capacity 654K, committed 768K, reserved 1048576K

Deoptimization events (10 events):
Event: 4.460 Thread 0x00007f0e9000a000 Uncommon trap: reason=class_check action=maybe_recompile pc=0x00007f0e81365820 method=java.util.HashMap.putVal(ILjava/lang/Object;Ljava/lang/Object;ZZ)Ljava/lang/Object; @ 56
Event: 4.461 Thread 0x00007f0e9000a000 Uncommon trap: reason=class_check action=maybe_recompile pc=0x00007f0e81365820 method=java.util.HashMap.putVal(ILjava/lang/Object;Ljava/lang/Object;ZZ)Ljava/lang/Object; @ 56
Event: 4.461 Thread 0x00007f0e9000a000 Uncommon trap: reason=class_check action=maybe_recompile pc=0x00007f0e81365820 method=java.util.HashMap.putVal(ILjava/lang/Object;Ljava/lang/Object;ZZ)Ljava/lang/Object; @ 56
Event: 4.461 Thread 0x00007f0e9000a000 Uncommon trap: reason=class_check action=maybe_recompile pc=0x00007f0e813658bc method=java.util.HashMap.putVal(ILjava/lang/Object;Ljava/lang/Object;ZZ)Ljava/lang/Object; @ 152
Event: 4.461 Thread 0x00007f0e9000a000 Uncommon trap: reason=class_check action=maybe_recompile pc=0x00007f0e813658bc method=java.util.HashMap.putVal(ILjava/lang/Object;Ljava/lang/Object;ZZ)Ljava/lang/Object; @ 152
Event: 4.662 Thread 0x00007f0e9000a000 Uncommon trap: reason=unstable_if action=reinterpret pc=0x00007f0e813f4670 method=java.util.HashMap.putVal(ILjava/lang/Object;Ljava/lang/Object;ZZ)Ljava/lang/Object; @ 162
Event: 4.726 Thread 0x00007f0e9000a000 Uncommon trap: reason=unstable_if action=reinterpret pc=0x00007f0e8135c4f8 method=java.util.HashMap.getNode(ILjava/lang/Object;)Ljava/util/HashMap$Node; @ 84
Event: 4.727 Thread 0x00007f0e9000a000 Uncommon trap: reason=unstable_if action=reinterpret pc=0x00007f0e8135ac40 method=java.util.HashMap.getNode(ILjava/lang/Object;)Ljava/util/HashMap$Node; @ 84
Event: 4.892 Thread 0x00007f0e9000a000 Uncommon trap: reason=predicate action=maybe_recompile pc=0x00007f0e81470f94 method=com.android.dex.Leb128.readUnsignedLeb128(Lcom/android/dex/util/ByteInput;)I @ 41
Event: 4.895 Thread 0x00007f0e9000a000 Uncommon trap: reason=unstable_if action=reinterpret pc=0x00007f0e8143d1fc method=java.util.HashMap.putVal(ILjava/lang/Object;Ljava/lang/Object;ZZ)Ljava/lang/Object; @ 109

Internal exceptions (2 events):
Event: 1.545 Thread 0x00007f0e9000a000 Exception <a 'java/lang/NoSuchMethodError': Method sun.misc.Unsafe.defineClass(Ljava/lang/String;[BII)Ljava/lang/Class; name or signature does not match> (0x00000000eab12a38) thrown at [/RE-WORK/workspace/8-2-build-linux-amd64/jdk8u45/3457/hotspot/src/sha
Event: 1.545 Thread 0x00007f0e9000a000 Exception <a 'java/lang/NoSuchMethodError': Method sun.misc.Unsafe.prefetchRead(Ljava/lang/Object;J)V name or signature does not match> (0x00000000eab12cc8) thrown at [/RE-WORK/workspace/8-2-build-linux-amd64/jdk8u45/3457/hotspot/src/share/vm/prims/jni.cp

Events (10 events):
Event: 5.228 Executing VM operation: ParallelGCFailedAllocation done
Event: 5.366 Thread 0x00007f0e9000a000 DEOPT PACKING pc=0x00007f0e8153052b sp=0x00007f0e983183e0
Event: 5.366 Thread 0x00007f0e9000a000 DEOPT UNPACKING pc=0x00007f0e81047633 sp=0x00007f0e98318108 mode 0
Event: 5.387 Executing VM operation: ParallelGCFailedAllocation
Event: 5.404 Executing VM operation: ParallelGCFailedAllocation done
Event: 5.420 loading class java/util/Collections$EmptyIterator
Event: 5.430 loading class java/util/Collections$EmptyIterator done
Event: 6.107 Executing VM operation: EnableBiasedLocking
Event: 6.399 Executing VM operation: EnableBiasedLocking done
Event: 6.473 Executing VM operation: ParallelGCFailedAllocation


Dynamic libraries:
00400000-00401000 r-xp 00000000 08:04 4986776                            /usr/lib/jvm/java-8-oracle/jre/bin/java
00600000-00601000 rw-p 00000000 08:04 4986776                            /usr/lib/jvm/java-8-oracle/jre/bin/java
01429000-0144a000 rw-p 00000000 00:00 0                                  [heap]
c0000000-c2980000 rw-p 00000000 00:00 0 
c2980000-eab00000 ---p 00000000 00:00 0 
eab00000-ecf00000 rw-p 00000000 00:00 0 
f0500000-100000000 ---p 00000000 00:00 0 
100000000-1000c0000 rw-p 00000000 00:00 0 
1000c0000-140000000 ---p 00000000 00:00 0 
7f0e40000000-7f0e40021000 rw-p 00000000 00:00 0 
7f0e40021000-7f0e44000000 ---p 00000000 00:00 0 
7f0e48000000-7f0e48591000 rw-p 00000000 00:00 0 
7f0e48591000-7f0e4c000000 ---p 00000000 00:00 0 
7f0e4c000000-7f0e4c021000 rw-p 00000000 00:00 0 
7f0e4c021000-7f0e50000000 ---p 00000000 00:00 0 
7f0e50000000-7f0e5087c000 rw-p 00000000 00:00 0 
7f0e5087c000-7f0e54000000 ---p 00000000 00:00 0 
7f0e54000000-7f0e544ea000 rw-p 00000000 00:00 0 
7f0e544ea000-7f0e58000000 ---p 00000000 00:00 0 
7f0e58000000-7f0e58021000 rw-p 00000000 00:00 0 
7f0e58021000-7f0e5c000000 ---p 00000000 00:00 0 
7f0e5c000000-7f0e5c021000 rw-p 00000000 00:00 0 
7f0e5c021000-7f0e60000000 ---p 00000000 00:00 0 
7f0e60000000-7f0e6028a000 rw-p 00000000 00:00 0 
7f0e6028a000-7f0e64000000 ---p 00000000 00:00 0 
7f0e64000000-7f0e64021000 rw-p 00000000 00:00 0 
7f0e64021000-7f0e68000000 ---p 00000000 00:00 0 
7f0e68000000-7f0e68021000 rw-p 00000000 00:00 0 
7f0e68021000-7f0e6c000000 ---p 00000000 00:00 0 
7f0e70000000-7f0e70021000 rw-p 00000000 00:00 0 
7f0e70021000-7f0e74000000 ---p 00000000 00:00 0 
7f0e74000000-7f0e74021000 rw-p 00000000 00:00 0 
7f0e74021000-7f0e78000000 ---p 00000000 00:00 0 
7f0e78000000-7f0e78021000 rw-p 00000000 00:00 0 
7f0e78021000-7f0e7c000000 ---p 00000000 00:00 0 
7f0e7d123000-7f0e7d124000 ---p 00000000 00:00 0 
7f0e7d124000-7f0e7d224000 rw-p 00000000 00:00 0                          [stack:14093]
7f0e7d224000-7f0e7d227000 ---p 00000000 00:00 0 
7f0e7d227000-7f0e7d325000 rw-p 00000000 00:00 0                          [stack:14092]
7f0e7d325000-7f0e7d328000 ---p 00000000 00:00 0 
7f0e7d328000-7f0e7d426000 rw-p 00000000 00:00 0                          [stack:14091]
7f0e7d426000-7f0e7d429000 ---p 00000000 00:00 0 
7f0e7d429000-7f0e7d527000 rw-p 00000000 00:00 0                          [stack:14090]
7f0e7d527000-7f0e7d52a000 ---p 00000000 00:00 0 
7f0e7d52a000-7f0e7d628000 rw-p 00000000 00:00 0                          [stack:14089]
7f0e7d628000-7f0e7d62b000 ---p 00000000 00:00 0 
7f0e7d62b000-7f0e7d729000 rw-p 00000000 00:00 0                          [stack:14088]
7f0e7d729000-7f0e7d9f2000 r--p 00000000 08:04 1580843                    /usr/lib/locale/locale-archive
7f0e7d9f2000-7f0e7d9f5000 ---p 00000000 00:00 0 
7f0e7d9f5000-7f0e7daf3000 rw-p 00000000 00:00 0                          [stack:14087]
7f0e7daf3000-7f0e7daf6000 ---p 00000000 00:00 0 
7f0e7daf6000-7f0e7dbf4000 rw-p 00000000 00:00 0                          [stack:14086]
7f0e7dbf4000-7f0e7dbf5000 ---p 00000000 00:00 0 
7f0e7dbf5000-7f0e7ee80000 rw-p 00000000 00:00 0                          [stack:14085]
7f0e7ee80000-7f0e7f000000 ---p 00000000 00:00 0 
7f0e7f000000-7f0e81000000 rw-p 00000000 00:00 0 
7f0e81000000-7f0e81580000 rwxp 00000000 00:00 0 
7f0e81580000-7f0e90000000 ---p 00000000 00:00 0 
7f0e90000000-7f0e90457000 rw-p 00000000 00:00 0 
7f0e90457000-7f0e94000000 ---p 00000000 00:00 0 
7f0e94043000-7f0e94447000 rw-p 00000000 00:00 0 
7f0e94447000-7f0e94620000 r--s 03d09000 08:04 2893612                    /usr/lib/jvm/java-8-oracle/jre/lib/rt.jar
7f0e94620000-7f0e94896000 rw-p 00000000 00:00 0 
7f0e94896000-7f0e94897000 ---p 00000000 00:00 0 
7f0e94897000-7f0e94997000 rw-p 00000000 00:00 0                          [stack:14084]
7f0e94997000-7f0e94998000 ---p 00000000 00:00 0 
7f0e94998000-7f0e94a98000 rw-p 00000000 00:00 0                          [stack:14083]
7f0e94a98000-7f0e94a99000 ---p 00000000 00:00 0 
7f0e94a99000-7f0e94b99000 rw-p 00000000 00:00 0                          [stack:14082]
7f0e94b99000-7f0e94b9a000 ---p 00000000 00:00 0 
7f0e94b9a000-7f0e94caf000 rw-p 00000000 00:00 0                          [stack:14081]
7f0e94caf000-7f0e94df0000 ---p 00000000 00:00 0 
7f0e94df0000-7f0e94e05000 rw-p 00000000 00:00 0 
7f0e94e05000-7f0e94f45000 ---p 00000000 00:00 0 
7f0e94f45000-7f0e94f58000 rw-p 00000000 00:00 0 
7f0e94f58000-7f0e94ff0000 ---p 00000000 00:00 0 
7f0e94ff0000-7f0e95007000 rw-p 00000000 00:00 0 
7f0e95007000-7f0e953b1000 ---p 00000000 00:00 0 
7f0e953b1000-7f0e953cb000 r-xp 00000000 08:04 4462554                    /usr/lib/jvm/java-8-oracle/jre/lib/amd64/libzip.so
7f0e953cb000-7f0e955cb000 ---p 0001a000 08:04 4462554                    /usr/lib/jvm/java-8-oracle/jre/lib/amd64/libzip.so
7f0e955cb000-7f0e955cc000 rw-p 0001a000 08:04 4462554                    /usr/lib/jvm/java-8-oracle/jre/lib/amd64/libzip.so
7f0e955cc000-7f0e955d7000 r-xp 00000000 08:04 3150469                    /lib/x86_64-linux-gnu/libnss_files-2.19.so
7f0e955d7000-7f0e957d6000 ---p 0000b000 08:04 3150469                    /lib/x86_64-linux-gnu/libnss_files-2.19.so
7f0e957d6000-7f0e957d7000 r--p 0000a000 08:04 3150469                    /lib/x86_64-linux-gnu/libnss_files-2.19.so
7f0e957d7000-7f0e957d8000 rw-p 0000b000 08:04 3150469                    /lib/x86_64-linux-gnu/libnss_files-2.19.so
7f0e957d8000-7f0e957e3000 r-xp 00000000 08:04 3150466                    /lib/x86_64-linux-gnu/libnss_nis-2.19.so
7f0e957e3000-7f0e959e2000 ---p 0000b000 08:04 3150466                    /lib/x86_64-linux-gnu/libnss_nis-2.19.so
7f0e959e2000-7f0e959e3000 r--p 0000a000 08:04 3150466                    /lib/x86_64-linux-gnu/libnss_nis-2.19.so
7f0e959e3000-7f0e959e4000 rw-p 0000b000 08:04 3150466                    /lib/x86_64-linux-gnu/libnss_nis-2.19.so
7f0e959e4000-7f0e959fb000 r-xp 00000000 08:04 3150460                    /lib/x86_64-linux-gnu/libnsl-2.19.so
7f0e959fb000-7f0e95bfa000 ---p 00017000 08:04 3150460                    /lib/x86_64-linux-gnu/libnsl-2.19.so
7f0e95bfa000-7f0e95bfb000 r--p 00016000 08:04 3150460                    /lib/x86_64-linux-gnu/libnsl-2.19.so
7f0e95bfb000-7f0e95bfc000 rw-p 00017000 08:04 3150460                    /lib/x86_64-linux-gnu/libnsl-2.19.so
7f0e95bfc000-7f0e95bfe000 rw-p 00000000 00:00 0 
7f0e95bfe000-7f0e95c07000 r-xp 00000000 08:04 3150457                    /lib/x86_64-linux-gnu/libnss_compat-2.19.so
7f0e95c07000-7f0e95e06000 ---p 00009000 08:04 3150457                    /lib/x86_64-linux-gnu/libnss_compat-2.19.so
7f0e95e06000-7f0e95e07000 r--p 00008000 08:04 3150457                    /lib/x86_64-linux-gnu/libnss_compat-2.19.so
7f0e95e07000-7f0e95e08000 rw-p 00009000 08:04 3150457                    /lib/x86_64-linux-gnu/libnss_compat-2.19.so
7f0e95e08000-7f0e95e32000 r-xp 00000000 08:04 4461799                    /usr/lib/jvm/java-8-oracle/jre/lib/amd64/libjava.so
7f0e95e32000-7f0e96032000 ---p 0002a000 08:04 4461799                    /usr/lib/jvm/java-8-oracle/jre/lib/amd64/libjava.so
7f0e96032000-7f0e96034000 rw-p 0002a000 08:04 4461799                    /usr/lib/jvm/java-8-oracle/jre/lib/amd64/libjava.so
7f0e96034000-7f0e96041000 r-xp 00000000 08:04 4462580                    /usr/lib/jvm/java-8-oracle/jre/lib/amd64/libverify.so
7f0e96041000-7f0e96241000 ---p 0000d000 08:04 4462580                    /usr/lib/jvm/java-8-oracle/jre/lib/amd64/libverify.so
7f0e96241000-7f0e96243000 rw-p 0000d000 08:04 4462580                    /usr/lib/jvm/java-8-oracle/jre/lib/amd64/libverify.so
7f0e96243000-7f0e9624a000 r-xp 00000000 08:04 3150452                    /lib/x86_64-linux-gnu/librt-2.19.so
7f0e9624a000-7f0e96449000 ---p 00007000 08:04 3150452                    /lib/x86_64-linux-gnu/librt-2.19.so
7f0e96449000-7f0e9644a000 r--p 00006000 08:04 3150452                    /lib/x86_64-linux-gnu/librt-2.19.so
7f0e9644a000-7f0e9644b000 rw-p 00007000 08:04 3150452                    /lib/x86_64-linux-gnu/librt-2.19.so
7f0e9644b000-7f0e96550000 r-xp 00000000 08:04 3150459                    /lib/x86_64-linux-gnu/libm-2.19.so
7f0e96550000-7f0e9674f000 ---p 00105000 08:04 3150459                    /lib/x86_64-linux-gnu/libm-2.19.so
7f0e9674f000-7f0e96750000 r--p 00104000 08:04 3150459                    /lib/x86_64-linux-gnu/libm-2.19.so
7f0e96750000-7f0e96751000 rw-p 00105000 08:04 3150459                    /lib/x86_64-linux-gnu/libm-2.19.so
7f0e96751000-7f0e973ff000 r-xp 00000000 08:04 4723906                    /usr/lib/jvm/java-8-oracle/jre/lib/amd64/server/libjvm.so
7f0e973ff000-7f0e975fe000 ---p 00cae000 08:04 4723906                    /usr/lib/jvm/java-8-oracle/jre/lib/amd64/server/libjvm.so
7f0e975fe000-7f0e976d5000 rw-p 00cad000 08:04 4723906                    /usr/lib/jvm/java-8-oracle/jre/lib/amd64/server/libjvm.so
7f0e976d5000-7f0e97719000 rw-p 00000000 00:00 0 
7f0e97719000-7f0e978d4000 r-xp 00000000 08:04 3150451                    /lib/x86_64-linux-gnu/libc-2.19.so
7f0e978d4000-7f0e97ad4000 ---p 001bb000 08:04 3150451                    /lib/x86_64-linux-gnu/libc-2.19.so
7f0e97ad4000-7f0e97ad8000 r--p 001bb000 08:04 3150451                    /lib/x86_64-linux-gnu/libc-2.19.so
7f0e97ad8000-7f0e97ada000 rw-p 001bf000 08:04 3150451                    /lib/x86_64-linux-gnu/libc-2.19.so
7f0e97ada000-7f0e97adf000 rw-p 00000000 00:00 0 
7f0e97adf000-7f0e97ae2000 r-xp 00000000 08:04 3150455                    /lib/x86_64-linux-gnu/libdl-2.19.so
7f0e97ae2000-7f0e97ce1000 ---p 00003000 08:04 3150455                    /lib/x86_64-linux-gnu/libdl-2.19.so
7f0e97ce1000-7f0e97ce2000 r--p 00002000 08:04 3150455                    /lib/x86_64-linux-gnu/libdl-2.19.so
7f0e97ce2000-7f0e97ce3000 rw-p 00003000 08:04 3150455                    /lib/x86_64-linux-gnu/libdl-2.19.so
7f0e97ce3000-7f0e97cf8000 r-xp 00000000 08:04 4589480                    /usr/lib/jvm/java-8-oracle/jre/lib/amd64/jli/libjli.so
7f0e97cf8000-7f0e97ef8000 ---p 00015000 08:04 4589480                    /usr/lib/jvm/java-8-oracle/jre/lib/amd64/jli/libjli.so
7f0e97ef8000-7f0e97ef9000 rw-p 00015000 08:04 4589480                    /usr/lib/jvm/java-8-oracle/jre/lib/amd64/jli/libjli.so
7f0e97ef9000-7f0e97f12000 r-xp 00000000 08:04 3150468                    /lib/x86_64-linux-gnu/libpthread-2.19.so
7f0e97f12000-7f0e98111000 ---p 00019000 08:04 3150468                    /lib/x86_64-linux-gnu/libpthread-2.19.so
7f0e98111000-7f0e98112000 r--p 00018000 08:04 3150468                    /lib/x86_64-linux-gnu/libpthread-2.19.so
7f0e98112000-7f0e98113000 rw-p 00019000 08:04 3150468                    /lib/x86_64-linux-gnu/libpthread-2.19.so
7f0e98113000-7f0e98117000 rw-p 00000000 00:00 0 
7f0e98117000-7f0e9813a000 r-xp 00000000 08:04 3150449                    /lib/x86_64-linux-gnu/ld-2.19.so
7f0e98155000-7f0e98156000 rw-p 00000000 00:00 0 
7f0e98156000-7f0e9815b000 r--s 00094000 08:04 2893606                    /usr/lib/jvm/java-8-oracle/jre/lib/jsse.jar
7f0e9815b000-7f0e98219000 rw-p 00000000 00:00 0 
7f0e98219000-7f0e9821c000 ---p 00000000 00:00 0 
7f0e9821c000-7f0e9831e000 rw-p 00000000 00:00 0                          [stack:14080]
7f0e9831e000-7f0e9832d000 r--s 000dd000 08:04 1181352                    /home/vikky/Android/Sdk/build-tools/21.1.2/lib/dx.jar
7f0e9832d000-7f0e98335000 rw-s 00000000 08:04 5377844                    /tmp/hsperfdata_vikky/14071
7f0e98335000-7f0e98336000 rw-p 00000000 00:00 0 
7f0e98336000-7f0e98337000 ---p 00000000 00:00 0 
7f0e98337000-7f0e98339000 rw-p 00000000 00:00 0 
7f0e98339000-7f0e9833a000 r--p 00022000 08:04 3150449                    /lib/x86_64-linux-gnu/ld-2.19.so
7f0e9833a000-7f0e9833b000 rw-p 00023000 08:04 3150449                    /lib/x86_64-linux-gnu/ld-2.19.so
7f0e9833b000-7f0e9833c000 rw-p 00000000 00:00 0 
7fff2daa5000-7fff2dac6000 rw-p 00000000 00:00 0                          [stack]
7fff2db21000-7fff2db23000 r-xp 00000000 00:00 0                          [vdso]
ffffffffff600000-ffffffffff601000 r-xp 00000000 00:00 0                  [vsyscall]

VM Arguments:
jvm_args: -Xmx1024M 
java_command: /home/vikky/Android/Sdk/build-tools/21.1.2/lib/dx.jar --dex --no-optimize --output /home/vikky/AndroidStudioProjects/Hisab/app/build/intermediates/dex/debug --input-list=/home/vikky/AndroidStudioProjects/Hisab/app/build/intermediates/tmp/dex/debug/inputList.txt
java_class_path (initial): /home/vikky/Android/Sdk/build-tools/21.1.2/lib/dx.jar
Launcher Type: SUN_STANDARD

Environment Variables:
JAVA_HOME=/usr/lib/jvm/java-8-oracle
CLASSPATH=./android-studio/bin/../lib/bootstrap.jar:./android-studio/bin/../lib/extensions.jar:./android-studio/bin/../lib/util.jar:./android-studio/bin/../lib/jdom.jar:./android-studio/bin/../lib/log4j.jar:./android-studio/bin/../lib/trove4j.jar:./android-studio/bin/../lib/jna.jar:/usr/lib/jvm/java-8-oracle/lib/tools.jar
PATH=/home/vikky/.rbenv/shims:/usr/local/sbin:/usr/local/bin:/usr/sbin:/usr/bin:/sbin:/bin:/usr/games:/usr/local/games:/usr/lib/jvm/java-8-oracle/bin:/usr/lib/jvm/java-8-oracle/db/bin:/usr/lib/jvm/java-8-oracle/jre/bin:/home/vikky/.rvm/bin:/home/vikky/.rvm/bin
LD_LIBRARY_PATH=./android-studio/bin:
SHELL=/bin/bash
DISPLAY=:0.0

Signal Handlers:
SIGSEGV: [libjvm.so+0xaad1e0], sa_mask[0]=11111111011111111101111111111110, sa_flags=SA_RESTART|SA_SIGINFO
SIGBUS: [libjvm.so+0xaad1e0], sa_mask[0]=11111111011111111101111111111110, sa_flags=SA_RESTART|SA_SIGINFO
SIGFPE: [libjvm.so+0x90b450], sa_mask[0]=11111111011111111101111111111110, sa_flags=SA_RESTART|SA_SIGINFO
SIGPIPE: [libjvm.so+0x90b450], sa_mask[0]=11111111011111111101111111111110, sa_flags=SA_RESTART|SA_SIGINFO
SIGXFSZ: [libjvm.so+0x90b450], sa_mask[0]=11111111011111111101111111111110, sa_flags=SA_RESTART|SA_SIGINFO
SIGILL: [libjvm.so+0x90b450], sa_mask[0]=11111111011111111101111111111110, sa_flags=SA_RESTART|SA_SIGINFO
SIGUSR1: SIG_DFL, sa_mask[0]=00000000000000000000000000000000, sa_flags=none
SIGUSR2: [libjvm.so+0x90ca90], sa_mask[0]=00100000000000000000000000000000, sa_flags=SA_RESTART|SA_SIGINFO
SIGHUP: [libjvm.so+0x90dde0], sa_mask[0]=11111111011111111101111111111110, sa_flags=SA_RESTART|SA_SIGINFO
SIGINT: [libjvm.so+0x90dde0], sa_mask[0]=11111111011111111101111111111110, sa_flags=SA_RESTART|SA_SIGINFO
SIGTERM: [libjvm.so+0x90dde0], sa_mask[0]=11111111011111111101111111111110, sa_flags=SA_RESTART|SA_SIGINFO
SIGQUIT: [libjvm.so+0x90dde0], sa_mask[0]=11111111011111111101111111111110, sa_flags=SA_RESTART|SA_SIGINFO


---------------  S Y S T E M  ---------------

OS:DISTRIB_ID=Ubuntu
DISTRIB_RELEASE=14.04
DISTRIB_CODENAME=trusty
DISTRIB_DESCRIPTION="Linux Lite 2.2"

uname:Linux 3.13.0-24-generic #47-Ubuntu SMP Fri May 2 23:30:00 UTC 2014 x86_64
libc:glibc 2.19 NPTL 2.19 
rlimit: STACK 8192k, CORE 0k, NPROC 30981, NOFILE 4096, AS infinity
load average:9.65 2.88 1.29

/proc/meminfo:
MemTotal:        3994112 kB
MemFree:          108280 kB
Buffers:             248 kB
Cached:           147648 kB
SwapCached:            0 kB
Active:          3565352 kB
Inactive:         137932 kB
Active(anon):    3560180 kB
Inactive(anon):   133592 kB
Active(file):       5172 kB
Inactive(file):     4340 kB
Unevictable:          48 kB
Mlocked:              48 kB
SwapTotal:             0 kB
SwapFree:              0 kB
Dirty:               108 kB
Writeback:             0 kB
AnonPages:       3555732 kB
Mapped:            75424 kB
Shmem:            138088 kB
Slab:              58292 kB
SReclaimable:      27516 kB
SUnreclaim:        30776 kB
KernelStack:        4672 kB
PageTables:        35396 kB
NFS_Unstable:          0 kB
Bounce:                0 kB
WritebackTmp:          0 kB
CommitLimit:     1997056 kB
Committed_AS:    6735248 kB
VmallocTotal:   34359738367 kB
VmallocUsed:      555648 kB
VmallocChunk:   34359173516 kB
HardwareCorrupted:     0 kB
AnonHugePages:    372736 kB
HugePages_Total:       0
HugePages_Free:        0
HugePages_Rsvd:        0
HugePages_Surp:        0
Hugepagesize:       2048 kB
DirectMap4k:       78080 kB
DirectMap2M:     4063232 kB


CPU:total 4 (2 cores per cpu, 2 threads per core) family 6 model 42 stepping 7, cmov, cx8, fxsr, mmx, sse, sse2, sse3, ssse3, sse4.1, sse4.2, popcnt, avx, clmul, ht, tsc, tscinvbit

/proc/cpuinfo:
processor	: 0
vendor_id	: GenuineIntel
cpu family	: 6
model		: 42
model name	: Intel(R) Core(TM) i3-2350M CPU @ 2.30GHz
stepping	: 7
microcode	: 0x1b
cpu MHz		: 2300.000
cache size	: 3072 KB
physical id	: 0
siblings	: 4
core id		: 0
cpu cores	: 2
apicid		: 0
initial apicid	: 0
fpu		: yes
fpu_exception	: yes
cpuid level	: 13
wp		: yes
flags		: fpu vme de pse tsc msr pae mce cx8 apic sep mtrr pge mca cmov pat pse36 clflush dts acpi mmx fxsr sse sse2 ss ht tm pbe syscall nx rdtscp lm constant_tsc arch_perfmon pebs bts rep_good nopl xtopology nonstop_tsc aperfmperf eagerfpu pni pclmulqdq dtes64 monitor ds_cpl vmx est tm2 ssse3 cx16 xtpr pdcm pcid sse4_1 sse4_2 x2apic popcnt tsc_deadline_timer xsave avx lahf_lm arat epb xsaveopt pln pts dtherm tpr_shadow vnmi flexpriority ept vpid
bogomips	: 4589.20
clflush size	: 64
cache_alignment	: 64
address sizes	: 36 bits physical, 48 bits virtual
power management:

processor	: 1
vendor_id	: GenuineIntel
cpu family	: 6
model		: 42
model name	: Intel(R) Core(TM) i3-2350M CPU @ 2.30GHz
stepping	: 7
microcode	: 0x1b
cpu MHz		: 800.000
cache size	: 3072 KB
physical id	: 0
siblings	: 4
core id		: 0
cpu cores	: 2
apicid		: 1
initial apicid	: 1
fpu		: yes
fpu_exception	: yes
cpuid level	: 13
wp		: yes
flags		: fpu vme de pse tsc msr pae mce cx8 apic sep mtrr pge mca cmov pat pse36 clflush dts acpi mmx fxsr sse sse2 ss ht tm pbe syscall nx rdtscp lm constant_tsc arch_perfmon pebs bts rep_good nopl xtopology nonstop_tsc aperfmperf eagerfpu pni pclmulqdq dtes64 monitor ds_cpl vmx est tm2 ssse3 cx16 xtpr pdcm pcid sse4_1 sse4_2 x2apic popcnt tsc_deadline_timer xsave avx lahf_lm arat epb xsaveopt pln pts dtherm tpr_shadow vnmi flexpriority ept vpid
bogomips	: 4589.20
clflush size	: 64
cache_alignment	: 64
address sizes	: 36 bits physical, 48 bits virtual
power management:

processor	: 2
vendor_id	: GenuineIntel
cpu family	: 6
model		: 42
model name	: Intel(R) Core(TM) i3-2350M CPU @ 2.30GHz
stepping	: 7
microcode	: 0x1b
cpu MHz		: 2300.000
cache size	: 3072 KB
physical id	: 0
siblings	: 4
core id		: 1
cpu cores	: 2
apicid		: 2
initial apicid	: 2
fpu		: yes
fpu_exception	: yes
cpuid level	: 13
wp		: yes
flags		: fpu vme de pse tsc msr pae mce cx8 apic sep mtrr pge mca cmov pat pse36 clflush dts acpi mmx fxsr sse sse2 ss ht tm pbe syscall nx rdtscp lm constant_tsc arch_perfmon pebs bts rep_good nopl xtopology nonstop_tsc aperfmperf eagerfpu pni pclmulqdq dtes64 monitor ds_cpl vmx est tm2 ssse3 cx16 xtpr pdcm pcid sse4_1 sse4_2 x2apic popcnt tsc_deadline_timer xsave avx lahf_lm arat epb xsaveopt pln pts dtherm tpr_shadow vnmi flexpriority ept vpid
bogomips	: 4589.20
clflush size	: 64
cache_alignment	: 64
address sizes	: 36 bits physical, 48 bits virtual
power management:

processor	: 3
vendor_id	: GenuineIntel
cpu family	: 6
model		: 42
model name	: Intel(R) Core(TM) i3-2350M CPU @ 2.30GHz
stepping	: 7
microcode	: 0x1b
cpu MHz		: 800.000
cache size	: 3072 KB
physical id	: 0
siblings	: 4
core id		: 1
cpu cores	: 2
apicid		: 3
initial apicid	: 3
fpu		: yes
fpu_exception	: yes
cpuid level	: 13
wp		: yes
flags		: fpu vme de pse tsc msr pae mce cx8 apic sep mtrr pge mca cmov pat pse36 clflush dts acpi mmx fxsr sse sse2 ss ht tm pbe syscall nx rdtscp lm constant_tsc arch_perfmon pebs bts rep_good nopl xtopology nonstop_tsc aperfmperf eagerfpu pni pclmulqdq dtes64 monitor ds_cpl vmx est tm2 ssse3 cx16 xtpr pdcm pcid sse4_1 sse4_2 x2apic popcnt tsc_deadline_timer xsave avx lahf_lm arat epb xsaveopt pln pts dtherm tpr_shadow vnmi flexpriority ept vpid
bogomips	: 4589.20
clflush size	: 64
cache_alignment	: 64
address sizes	: 36 bits physical, 48 bits virtual
power management:



Memory: 4k page, physical 3994112k(108280k free), swap 0k(0k free)

vm_info: Java HotSpot(TM) 64-Bit Server VM (25.45-b02) for linux-amd64 JRE (1.8.0_45-b14), built on Apr 10 2015 10:07:45 by "java_re" with gcc 4.3.0 20080428 (Red Hat 4.3.0-8)

time: Sun Jul  5 13:52:00 2015
elapsed time: 35 seconds (0d 0h 0m 35s)

