#
# There is insufficient memory for the Java Runtime Environment to continue.
# Native memory allocation (mmap) failed to map 91226112 bytes for committing reserved memory.
# Possible reasons:
#   The system is out of physical RAM or swap space
#   In 32 bit mode, the process size limit was hit
# Possible solutions:
#   Reduce memory load on the system
#   Increase physical memory or swap space
#   Check if swap backing store is full
#   Use 64 bit Java on a 64 bit OS
#   Decrease Java heap size (-Xmx/-Xms)
#   Decrease number of Java threads
#   Decrease Java thread stack sizes (-Xss)
#   Set larger code cache with -XX:ReservedCodeCacheSize=
# This output file may be truncated or incomplete.
#
#  Out of Memory Error (os_linux.cpp:2673), pid=13860, tid=139984531044096
#
# JRE version: Java(TM) SE Runtime Environment (8.0_45-b14) (build 1.8.0_45-b14)
# Java VM: Java HotSpot(TM) 64-Bit Server VM (25.45-b02 mixed mode linux-amd64 compressed oops)
# Failed to write core dump. Core dumps have been disabled. To enable core dumping, try "ulimit -c unlimited" before starting Java again
#

---------------  T H R E A D  ---------------

Current thread (0x00007f50c013e800):  VMThread [stack: 0x00007f50b02f3000,0x00007f50b03f4000] [id=13874]

Stack: [0x00007f50b02f3000,0x00007f50b03f4000],  sp=0x00007f50b03f22e0,  free space=1020k
Native frames: (J=compiled Java code, j=interpreted, Vv=VM code, C=native code)
V  [libjvm.so+0xaac99a]  VMError::report_and_die()+0x2ba
V  [libjvm.so+0x4f333b]  report_vm_out_of_memory(char const*, int, unsigned long, VMErrorType, char const*)+0x8b
V  [libjvm.so+0x90e7c3]  os::Linux::commit_memory_impl(char*, unsigned long, bool)+0x103
V  [libjvm.so+0x90ed19]  os::pd_commit_memory(char*, unsigned long, unsigned long, bool)+0x29
V  [libjvm.so+0x90867a]  os::commit_memory(char*, unsigned long, unsigned long, bool)+0x2a
V  [libjvm.so+0x97bac3]  PSVirtualSpace::expand_by(unsigned long)+0x53
V  [libjvm.so+0x97cec8]  PSYoungGen::resize_generation(unsigned long, unsigned long)+0xf8
V  [libjvm.so+0x97c022]  PSYoungGen::resize(unsigned long, unsigned long)+0x22
V  [libjvm.so+0x9792fb]  PSScavenge::invoke_no_policy()+0xf7b
V  [libjvm.so+0x979a81]  PSScavenge::invoke()+0x41
V  [libjvm.so+0x932050]  ParallelScavengeHeap::failed_mem_allocate(unsigned long)+0x70
V  [libjvm.so+0xaae1d7]  VM_ParallelGCFailedAllocation::doit()+0x97
V  [libjvm.so+0xab59c5]  VM_Operation::evaluate()+0x55
V  [libjvm.so+0xab3d9a]  VMThread::evaluate_operation(VM_Operation*)+0xba
V  [libjvm.so+0xab411e]  VMThread::loop()+0x1ce
V  [libjvm.so+0xab4590]  VMThread::run()+0x70
V  [libjvm.so+0x910de8]  java_start(Thread*)+0x108

VM_Operation (0x00007f50c8a0d090): ParallelGCFailedAllocation, mode: safepoint, requested by thread 0x00007f50c0009800


---------------  P R O C E S S  ---------------

Java Threads: ( => current thread )
  0x00007f50c0199000 JavaThread "Service Thread" daemon [_thread_blocked, id=13881, stack(0x00007f50a9832000,0x00007f50a9933000)]
  0x00007f50c0183800 JavaThread "C1 CompilerThread2" daemon [_thread_blocked, id=13880, stack(0x00007f50a9933000,0x00007f50a9a34000)]
  0x00007f50c0182000 JavaThread "C2 CompilerThread1" daemon [_thread_blocked, id=13879, stack(0x00007f50a9a34000,0x00007f50a9b35000)]
  0x00007f50c017f000 JavaThread "C2 CompilerThread0" daemon [_thread_blocked, id=13878, stack(0x00007f50a9b35000,0x00007f50a9c36000)]
  0x00007f50c017d800 JavaThread "Signal Dispatcher" daemon [_thread_blocked, id=13877, stack(0x00007f50a9c36000,0x00007f50a9d37000)]
  0x00007f50c0146000 JavaThread "Finalizer" daemon [_thread_blocked, id=13876, stack(0x00007f50b00f1000,0x00007f50b01f2000)]
  0x00007f50c0143800 JavaThread "Reference Handler" daemon [_thread_blocked, id=13875, stack(0x00007f50b01f2000,0x00007f50b02f3000)]
  0x00007f50c0009800 JavaThread "main" [_thread_blocked, id=13869, stack(0x00007f50c890e000,0x00007f50c8a0f000)]

Other Threads:
=>0x00007f50c013e800 VMThread [stack: 0x00007f50b02f3000,0x00007f50b03f4000] [id=13874]
  0x00007f50c019b800 WatcherThread [stack: 0x00007f50a9731000,0x00007f50a9832000] [id=13882]

VM state:at safepoint (normal execution)

VM Mutex/Monitor currently owned by a thread:  ([mutex/lock_event])
[0x00007f50c0005ff0] Threads_lock - owner thread: 0x00007f50c013e800
[0x00007f50c00064f0] Heap_lock - owner thread: 0x00007f50c0009800

Heap:
 PSYoungGen      total 66048K, used 2528K [0x00000000eab00000, 0x00000000eee00000, 0x0000000100000000)
  eden space 63488K, 0% used [0x00000000eab00000,0x00000000eab00000,0x00000000ee900000)
  from space 2560K, 98% used [0x00000000ee900000,0x00000000eeb78020,0x00000000eeb80000)
  to   space 2560K, 0% used [0x00000000eeb80000,0x00000000eeb80000,0x00000000eee00000)
 ParOldGen       total 42496K, used 34974K [0x00000000c0000000, 0x00000000c2980000, 0x00000000eab00000)
  object space 42496K, 82% used [0x00000000c0000000,0x00000000c2227bc0,0x00000000c2980000)
 Metaspace       used 6727K, capacity 7384K, committed 7680K, reserved 1056768K
  class space    used 654K, capacity 656K, committed 768K, reserved 1048576K

Card table byte_map: [0x00007f50c54e5000,0x00007f50c56e6000] byte_map_base: 0x00007f50c4ee5000

Marking Bits: (ParMarkBitMap*) 0x00007f50c7de3760
 Begin Bits: [0x00007f50aa000000, 0x00007f50ab000000)
 End Bits:   [0x00007f50ab000000, 0x00007f50ac000000)

Polling page: 0x00007f50c8a2b000

CodeCache: size=245760Kb used=7200Kb max_used=7211Kb free=238559Kb
 bounds [0x00007f50b1000000, 0x00007f50b1720000, 0x00007f50c0000000]
 total_blobs=2317 nmethods=2025 adapters=206
 compilation: enabled

Compilation events (10 events):
Event: 3.088 Thread 0x00007f50c0183800 2051 %     3       com.android.dx.merge.DexMerger::getSortedTypes @ 51 (139 bytes)
Event: 3.090 Thread 0x00007f50c0183800 nmethod 2051% 0x00007f50b1709b10 code [0x00007f50b1709d80, 0x00007f50b170acc8]
Event: 3.091 Thread 0x00007f50c0182000 nmethod 2038 0x00007f50b17108d0 code [0x00007f50b1710a40, 0x00007f50b1710d98]
Event: 3.091 Thread 0x00007f50c0182000 2044       4       com.android.dex.EncodedValueCodec::readUnsignedInt (86 bytes)
Event: 3.105 Thread 0x00007f50c0182000 nmethod 2044 0x00007f50b1710010 code [0x00007f50b1710180, 0x00007f50b17106f8]
Event: 3.105 Thread 0x00007f50c0182000 2048       4       com.android.dex.Dex$ClassDefIterator::hasNext (26 bytes)
Event: 3.105 Thread 0x00007f50c0182000 nmethod 2048 0x00007f50b1709810 code [0x00007f50b1709960, 0x00007f50b1709a18]
Event: 3.105 Thread 0x00007f50c0182000 2049       4       com.android.dex.ClassDef::<init> (62 bytes)
Event: 3.106 Thread 0x00007f50c0182000 nmethod 2049 0x00007f50b17111d0 code [0x00007f50b1711320, 0x00007f50b17113d8]
Event: 3.106 Thread 0x00007f50c0182000 2050       4       com.android.dex.Dex$Section::readTypeList (28 bytes)

GC Heap History (9 events):
Event: 1.222 GC heap before
{Heap before GC invocations=1 (full 0):
 PSYoungGen      total 18432K, used 15872K [0x00000000eab00000, 0x00000000ebf80000, 0x0000000100000000)
  eden space 15872K, 100% used [0x00000000eab00000,0x00000000eba80000,0x00000000eba80000)
  from space 2560K, 0% used [0x00000000ebd00000,0x00000000ebd00000,0x00000000ebf80000)
  to   space 2560K, 0% used [0x00000000eba80000,0x00000000eba80000,0x00000000ebd00000)
 ParOldGen       total 42496K, used 0K [0x00000000c0000000, 0x00000000c2980000, 0x00000000eab00000)
  object space 42496K, 0% used [0x00000000c0000000,0x00000000c0000000,0x00000000c2980000)
 Metaspace       used 4981K, capacity 6416K, committed 6528K, reserved 1056768K
  class space    used 496K, capacity 584K, committed 640K, reserved 1048576K
Event: 1.237 GC heap after
Heap after GC invocations=1 (full 0):
 PSYoungGen      total 18432K, used 2544K [0x00000000eab00000, 0x00000000ecf00000, 0x0000000100000000)
  eden space 15872K, 0% used [0x00000000eab00000,0x00000000eab00000,0x00000000eba80000)
  from space 2560K, 99% used [0x00000000eba80000,0x00000000ebcfc2e0,0x00000000ebd00000)
  to   space 2560K, 0% used [0x00000000ecc80000,0x00000000ecc80000,0x00000000ecf00000)
 ParOldGen       total 42496K, used 4326K [0x00000000c0000000, 0x00000000c2980000, 0x00000000eab00000)
  object space 42496K, 10% used [0x00000000c0000000,0x00000000c0439ab0,0x00000000c2980000)
 Metaspace       used 4981K, capacity 6416K, committed 6528K, reserved 1056768K
  class space    used 496K, capacity 584K, committed 640K, reserved 1048576K
}
Event: 2.016 GC heap before
{Heap before GC invocations=2 (full 0):
 PSYoungGen      total 18432K, used 18416K [0x00000000eab00000, 0x00000000ecf00000, 0x0000000100000000)
  eden space 15872K, 100% used [0x00000000eab00000,0x00000000eba80000,0x00000000eba80000)
  from space 2560K, 99% used [0x00000000eba80000,0x00000000ebcfc2e0,0x00000000ebd00000)
  to   space 2560K, 0% used [0x00000000ecc80000,0x00000000ecc80000,0x00000000ecf00000)
 ParOldGen       total 42496K, used 4326K [0x00000000c0000000, 0x00000000c2980000, 0x00000000eab00000)
  object space 42496K, 10% used [0x00000000c0000000,0x00000000c0439ab0,0x00000000c2980000)
 Metaspace       used 5961K, capacity 6960K, committed 7040K, reserved 1056768K
  class space    used 578K, capacity 616K, committed 640K, reserved 1048576K
Event: 2.031 GC heap after
Heap after GC invocations=2 (full 0):
 PSYoungGen      total 34304K, used 2560K [0x00000000eab00000, 0x00000000ecf00000, 0x0000000100000000)
  eden space 31744K, 0% used [0x00000000eab00000,0x00000000eab00000,0x00000000eca00000)
  from space 2560K, 100% used [0x00000000ecc80000,0x00000000ecf00000,0x00000000ecf00000)
  to   space 2560K, 0% used [0x00000000eca00000,0x00000000eca00000,0x00000000ecc80000)
 ParOldGen       total 42496K, used 8385K [0x00000000c0000000, 0x00000000c2980000, 0x00000000eab00000)
  object space 42496K, 19% used [0x00000000c0000000,0x00000000c0830638,0x00000000c2980000)
 Metaspace       used 5961K, capacity 6960K, committed 7040K, reserved 1056768K
  class space    used 578K, capacity 616K, committed 640K, reserved 1048576K
}
Event: 2.569 GC heap before
{Heap before GC invocations=3 (full 0):
 PSYoungGen      total 34304K, used 34304K [0x00000000eab00000, 0x00000000ecf00000, 0x0000000100000000)
  eden space 31744K, 100% used [0x00000000eab00000,0x00000000eca00000,0x00000000eca00000)
  from space 2560K, 100% used [0x00000000ecc80000,0x00000000ecf00000,0x00000000ecf00000)
  to   space 2560K, 0% used [0x00000000eca00000,0x00000000eca00000,0x00000000ecc80000)
 ParOldGen       total 42496K, used 8385K [0x00000000c0000000, 0x00000000c2980000, 0x00000000eab00000)
  object space 42496K, 19% used [0x00000000c0000000,0x00000000c0830638,0x00000000c2980000)
 Metaspace       used 6669K, capacity 7384K, committed 7680K, reserved 1056768K
  class space    used 653K, capacity 656K, committed 768K, reserved 1048576K
Event: 2.581 GC heap after
Heap after GC invocations=3 (full 0):
 PSYoungGen      total 34304K, used 2560K [0x00000000eab00000, 0x00000000eee00000, 0x0000000100000000)
  eden space 31744K, 0% used [0x00000000eab00000,0x00000000eab00000,0x00000000eca00000)
  from space 2560K, 100% used [0x00000000eca00000,0x00000000ecc80000,0x00000000ecc80000)
  to   space 2560K, 0% used [0x00000000eeb80000,0x00000000eeb80000,0x00000000eee00000)
 ParOldGen       total 42496K, used 13331K [0x00000000c0000000, 0x00000000c2980000, 0x00000000eab00000)
  object space 42496K, 31% used [0x00000000c0000000,0x00000000c0d04eb8,0x00000000c2980000)
 Metaspace       used 6669K, capacity 7384K, committed 7680K, reserved 1056768K
  class space    used 653K, capacity 656K, committed 768K, reserved 1048576K
}
Event: 2.766 GC heap before
{Heap before GC invocations=4 (full 0):
 PSYoungGen      total 34304K, used 34304K [0x00000000eab00000, 0x00000000eee00000, 0x0000000100000000)
  eden space 31744K, 100% used [0x00000000eab00000,0x00000000eca00000,0x00000000eca00000)
  from space 2560K, 100% used [0x00000000eca00000,0x00000000ecc80000,0x00000000ecc80000)
  to   space 2560K, 0% used [0x00000000eeb80000,0x00000000eeb80000,0x00000000eee00000)
 ParOldGen       total 42496K, used 13331K [0x00000000c0000000, 0x00000000c2980000, 0x00000000eab00000)
  object space 42496K, 31% used [0x00000000c0000000,0x00000000c0d04eb8,0x00000000c2980000)
 Metaspace       used 6703K, capacity 7384K, committed 7680K, reserved 1056768K
  class space    used 653K, capacity 656K, committed 768K, reserved 1048576K
Event: 2.783 GC heap after
Heap after GC invocations=4 (full 0):
 PSYoungGen      total 66048K, used 2560K [0x00000000eab00000, 0x00000000eee00000, 0x0000000100000000)
  eden space 63488K, 0% used [0x00000000eab00000,0x00000000eab00000,0x00000000ee900000)
  from space 2560K, 100% used [0x00000000eeb80000,0x00000000eee00000,0x00000000eee00000)
  to   space 2560K, 0% used [0x00000000ee900000,0x00000000ee900000,0x00000000eeb80000)
 ParOldGen       total 42496K, used 22424K [0x00000000c0000000, 0x00000000c2980000, 0x00000000eab00000)
  object space 42496K, 52% used [0x00000000c0000000,0x00000000c15e6238,0x00000000c2980000)
 Metaspace       used 6703K, capacity 7384K, committed 7680K, reserved 1056768K
  class space    used 653K, capacity 656K, committed 768K, reserved 1048576K
}
Event: 3.109 GC heap before
{Heap before GC invocations=5 (full 0):
 PSYoungGen      total 66048K, used 66048K [0x00000000eab00000, 0x00000000eee00000, 0x0000000100000000)
  eden space 63488K, 100% used [0x00000000eab00000,0x00000000ee900000,0x00000000ee900000)
  from space 2560K, 100% used [0x00000000eeb80000,0x00000000eee00000,0x00000000eee00000)
  to   space 2560K, 0% used [0x00000000ee900000,0x00000000ee900000,0x00000000eeb80000)
 ParOldGen       total 42496K, used 22424K [0x00000000c0000000, 0x00000000c2980000, 0x00000000eab00000)
  object space 42496K, 52% used [0x00000000c0000000,0x00000000c15e6238,0x00000000c2980000)
 Metaspace       used 6727K, capacity 7384K, committed 7680K, reserved 1056768K
  class space    used 654K, capacity 656K, committed 768K, reserved 1048576K

Deoptimization events (10 events):
Event: 1.920 Thread 0x00007f50c0009800 Uncommon trap: reason=class_check action=maybe_recompile pc=0x00007f50b147bcc4 method=java.util.HashMap.putVal(ILjava/lang/Object;Ljava/lang/Object;ZZ)Ljava/lang/Object; @ 56
Event: 1.920 Thread 0x00007f50c0009800 Uncommon trap: reason=class_check action=maybe_recompile pc=0x00007f50b147bcc4 method=java.util.HashMap.putVal(ILjava/lang/Object;Ljava/lang/Object;ZZ)Ljava/lang/Object; @ 56
Event: 1.920 Thread 0x00007f50c0009800 Uncommon trap: reason=class_check action=maybe_recompile pc=0x00007f50b147bcc4 method=java.util.HashMap.putVal(ILjava/lang/Object;Ljava/lang/Object;ZZ)Ljava/lang/Object; @ 56
Event: 1.920 Thread 0x00007f50c0009800 Uncommon trap: reason=class_check action=maybe_recompile pc=0x00007f50b147bcc4 method=java.util.HashMap.putVal(ILjava/lang/Object;Ljava/lang/Object;ZZ)Ljava/lang/Object; @ 56
Event: 2.073 Thread 0x00007f50c0009800 Uncommon trap: reason=unstable_if action=reinterpret pc=0x00007f50b152a17c method=com.android.dx.util.ByteArrayAnnotatedOutput.ensureCapacity(I)V @ 6
Event: 2.076 Thread 0x00007f50c0009800 Uncommon trap: reason=unstable_if action=reinterpret pc=0x00007f50b153d0a4 method=java.util.HashMap.putVal(ILjava/lang/Object;Ljava/lang/Object;ZZ)Ljava/lang/Object; @ 162
Event: 2.090 Thread 0x00007f50c0009800 Uncommon trap: reason=predicate action=maybe_recompile pc=0x00007f50b1550850 method=com.android.dex.Leb128.writeUnsignedLeb128(Lcom/android/dex/util/ByteOutput;I)V @ 9
Event: 2.091 Thread 0x00007f50c0009800 Uncommon trap: reason=unstable_if action=reinterpret pc=0x00007f50b146e08c method=java.util.HashMap.getNode(ILjava/lang/Object;)Ljava/util/HashMap$Node; @ 84
Event: 2.131 Thread 0x00007f50c0009800 Uncommon trap: reason=unstable_if action=reinterpret pc=0x00007f50b14783c0 method=java.util.HashMap.getNode(ILjava/lang/Object;)Ljava/util/HashMap$Node; @ 84
Event: 2.247 Thread 0x00007f50c0009800 Uncommon trap: reason=predicate action=maybe_recompile pc=0x00007f50b15d71d4 method=com.android.dex.Leb128.readUnsignedLeb128(Lcom/android/dex/util/ByteInput;)I @ 41

Internal exceptions (2 events):
Event: 0.039 Thread 0x00007f50c0009800 Exception <a 'java/lang/NoSuchMethodError': Method sun.misc.Unsafe.defineClass(Ljava/lang/String;[BII)Ljava/lang/Class; name or signature does not match> (0x00000000eab12a38) thrown at [/RE-WORK/workspace/8-2-build-linux-amd64/jdk8u45/3457/hotspot/src/sha
Event: 0.039 Thread 0x00007f50c0009800 Exception <a 'java/lang/NoSuchMethodError': Method sun.misc.Unsafe.prefetchRead(Ljava/lang/Object;J)V name or signature does not match> (0x00000000eab12cc8) thrown at [/RE-WORK/workspace/8-2-build-linux-amd64/jdk8u45/3457/hotspot/src/share/vm/prims/jni.cp

Events (10 events):
Event: 2.807 loading class com/android/dex/Dex$1 done
Event: 2.999 Thread 0x00007f50c0009800 DEOPT PACKING pc=0x00007f50b16720aa sp=0x00007f50c8a0d3e0
Event: 2.999 Thread 0x00007f50c0009800 DEOPT UNPACKING pc=0x00007f50b1047633 sp=0x00007f50c8a0d108 mode 0
Event: 3.005 Thread 0x00007f50c0009800 DEOPT PACKING pc=0x00007f50b164ed46 sp=0x00007f50c8a0d390
Event: 3.005 Thread 0x00007f50c0009800 DEOPT UNPACKING pc=0x00007f50b1047633 sp=0x00007f50c8a0d0d0 mode 0
Event: 3.011 Thread 0x00007f50c0009800 DEOPT PACKING pc=0x00007f50b164ed46 sp=0x00007f50c8a0d390
Event: 3.011 Thread 0x00007f50c0009800 DEOPT UNPACKING pc=0x00007f50b1047633 sp=0x00007f50c8a0d0d0 mode 0
Event: 3.045 Thread 0x00007f50c0009800 DEOPT PACKING pc=0x00007f50b16a85f9 sp=0x00007f50c8a0d4c0
Event: 3.045 Thread 0x00007f50c0009800 DEOPT UNPACKING pc=0x00007f50b1047633 sp=0x00007f50c8a0d260 mode 0
Event: 3.108 Executing VM operation: ParallelGCFailedAllocation


Dynamic libraries:
00400000-00401000 r-xp 00000000 08:04 4986776                            /usr/lib/jvm/java-8-oracle/jre/bin/java
00600000-00601000 rw-p 00000000 08:04 4986776                            /usr/lib/jvm/java-8-oracle/jre/bin/java
015fa000-0161b000 rw-p 00000000 00:00 0                                  [heap]
c0000000-c2980000 rw-p 00000000 00:00 0 
c2980000-eab00000 ---p 00000000 00:00 0 
eab00000-eee00000 rw-p 00000000 00:00 0 
f4500000-100000000 ---p 00000000 00:00 0 
100000000-1000c0000 rw-p 00000000 00:00 0 
1000c0000-140000000 ---p 00000000 00:00 0 
7f5074000000-7f5074021000 rw-p 00000000 00:00 0 
7f5074021000-7f5078000000 ---p 00000000 00:00 0 
7f507c000000-7f507c62e000 rw-p 00000000 00:00 0 
7f507c62e000-7f5080000000 ---p 00000000 00:00 0 
7f5080000000-7f5080021000 rw-p 00000000 00:00 0 
7f5080021000-7f5084000000 ---p 00000000 00:00 0 
7f5084000000-7f508493f000 rw-p 00000000 00:00 0 
7f508493f000-7f5088000000 ---p 00000000 00:00 0 
7f5088000000-7f508903c000 rw-p 00000000 00:00 0 
7f508903c000-7f508c000000 ---p 00000000 00:00 0 
7f508c000000-7f508c021000 rw-p 00000000 00:00 0 
7f508c021000-7f5090000000 ---p 00000000 00:00 0 
7f5090000000-7f5090021000 rw-p 00000000 00:00 0 
7f5090021000-7f5094000000 ---p 00000000 00:00 0 
7f5094000000-7f509428a000 rw-p 00000000 00:00 0 
7f509428a000-7f5098000000 ---p 00000000 00:00 0 
7f5098000000-7f5098021000 rw-p 00000000 00:00 0 
7f5098021000-7f509c000000 ---p 00000000 00:00 0 
7f509c000000-7f509c021000 rw-p 00000000 00:00 0 
7f509c021000-7f50a0000000 ---p 00000000 00:00 0 
7f50a0000000-7f50a0021000 rw-p 00000000 00:00 0 
7f50a0021000-7f50a4000000 ---p 00000000 00:00 0 
7f50a4000000-7f50a4021000 rw-p 00000000 00:00 0 
7f50a4021000-7f50a8000000 ---p 00000000 00:00 0 
7f50a9731000-7f50a9732000 ---p 00000000 00:00 0 
7f50a9732000-7f50a9832000 rw-p 00000000 00:00 0                          [stack:13882]
7f50a9832000-7f50a9835000 ---p 00000000 00:00 0 
7f50a9835000-7f50a9933000 rw-p 00000000 00:00 0                          [stack:13881]
7f50a9933000-7f50a9936000 ---p 00000000 00:00 0 
7f50a9936000-7f50a9a34000 rw-p 00000000 00:00 0                          [stack:13880]
7f50a9a34000-7f50a9a37000 ---p 00000000 00:00 0 
7f50a9a37000-7f50a9b35000 rw-p 00000000 00:00 0                          [stack:13879]
7f50a9b35000-7f50a9b38000 ---p 00000000 00:00 0 
7f50a9b38000-7f50a9c36000 rw-p 00000000 00:00 0                          [stack:13878]
7f50a9c36000-7f50a9c39000 ---p 00000000 00:00 0 
7f50a9c39000-7f50a9d37000 rw-p 00000000 00:00 0                          [stack:13877]
7f50a9d37000-7f50aa000000 r--p 00000000 08:04 1580843                    /usr/lib/locale/locale-archive
7f50aa000000-7f50ac000000 rw-p 00000000 00:00 0 
7f50ac000000-7f50ac021000 rw-p 00000000 00:00 0 
7f50ac021000-7f50b0000000 ---p 00000000 00:00 0 
7f50b00f1000-7f50b00f4000 ---p 00000000 00:00 0 
7f50b00f4000-7f50b01f2000 rw-p 00000000 00:00 0                          [stack:13876]
7f50b01f2000-7f50b01f5000 ---p 00000000 00:00 0 
7f50b01f5000-7f50b02f3000 rw-p 00000000 00:00 0                          [stack:13875]
7f50b02f3000-7f50b02f4000 ---p 00000000 00:00 0 
7f50b02f4000-7f50b1000000 rw-p 00000000 00:00 0                          [stack:13874]
7f50b1000000-7f50b1720000 rwxp 00000000 00:00 0 
7f50b1720000-7f50c0000000 ---p 00000000 00:00 0 
7f50c0000000-7f50c048f000 rw-p 00000000 00:00 0 
7f50c048f000-7f50c4000000 ---p 00000000 00:00 0 
7f50c4039000-7f50c433c000 rw-p 00000000 00:00 0 
7f50c433c000-7f50c4515000 r--s 03d09000 08:04 2893612                    /usr/lib/jvm/java-8-oracle/jre/lib/rt.jar
7f50c4515000-7f50c4c4b000 rw-p 00000000 00:00 0 
7f50c4c4b000-7f50c4d8b000 ---p 00000000 00:00 0 
7f50c4d8b000-7f50c4f8b000 rw-p 00000000 00:00 0 
7f50c4f8b000-7f50c4f8c000 ---p 00000000 00:00 0 
7f50c4f8c000-7f50c508c000 rw-p 00000000 00:00 0                          [stack:13873]
7f50c508c000-7f50c508d000 ---p 00000000 00:00 0 
7f50c508d000-7f50c518d000 rw-p 00000000 00:00 0                          [stack:13872]
7f50c518d000-7f50c518e000 ---p 00000000 00:00 0 
7f50c518e000-7f50c528e000 rw-p 00000000 00:00 0                          [stack:13871]
7f50c528e000-7f50c528f000 ---p 00000000 00:00 0 
7f50c528f000-7f50c53a4000 rw-p 00000000 00:00 0                          [stack:13870]
7f50c53a4000-7f50c54e5000 ---p 00000000 00:00 0 
7f50c54e5000-7f50c54fa000 rw-p 00000000 00:00 0 
7f50c54fa000-7f50c563a000 ---p 00000000 00:00 0 
7f50c563a000-7f50c565c000 rw-p 00000000 00:00 0 
7f50c565c000-7f50c56e5000 ---p 00000000 00:00 0 
7f50c56e5000-7f50c5703000 rw-p 00000000 00:00 0 
7f50c5703000-7f50c5aa6000 ---p 00000000 00:00 0 
7f50c5aa6000-7f50c5ac0000 r-xp 00000000 08:04 4462554                    /usr/lib/jvm/java-8-oracle/jre/lib/amd64/libzip.so
7f50c5ac0000-7f50c5cc0000 ---p 0001a000 08:04 4462554                    /usr/lib/jvm/java-8-oracle/jre/lib/amd64/libzip.so
7f50c5cc0000-7f50c5cc1000 rw-p 0001a000 08:04 4462554                    /usr/lib/jvm/java-8-oracle/jre/lib/amd64/libzip.so
7f50c5cc1000-7f50c5ccc000 r-xp 00000000 08:04 3150469                    /lib/x86_64-linux-gnu/libnss_files-2.19.so
7f50c5ccc000-7f50c5ecb000 ---p 0000b000 08:04 3150469                    /lib/x86_64-linux-gnu/libnss_files-2.19.so
7f50c5ecb000-7f50c5ecc000 r--p 0000a000 08:04 3150469                    /lib/x86_64-linux-gnu/libnss_files-2.19.so
7f50c5ecc000-7f50c5ecd000 rw-p 0000b000 08:04 3150469                    /lib/x86_64-linux-gnu/libnss_files-2.19.so
7f50c5ecd000-7f50c5ed8000 r-xp 00000000 08:04 3150466                    /lib/x86_64-linux-gnu/libnss_nis-2.19.so
7f50c5ed8000-7f50c60d7000 ---p 0000b000 08:04 3150466                    /lib/x86_64-linux-gnu/libnss_nis-2.19.so
7f50c60d7000-7f50c60d8000 r--p 0000a000 08:04 3150466                    /lib/x86_64-linux-gnu/libnss_nis-2.19.so
7f50c60d8000-7f50c60d9000 rw-p 0000b000 08:04 3150466                    /lib/x86_64-linux-gnu/libnss_nis-2.19.so
7f50c60d9000-7f50c60f0000 r-xp 00000000 08:04 3150460                    /lib/x86_64-linux-gnu/libnsl-2.19.so
7f50c60f0000-7f50c62ef000 ---p 00017000 08:04 3150460                    /lib/x86_64-linux-gnu/libnsl-2.19.so
7f50c62ef000-7f50c62f0000 r--p 00016000 08:04 3150460                    /lib/x86_64-linux-gnu/libnsl-2.19.so
7f50c62f0000-7f50c62f1000 rw-p 00017000 08:04 3150460                    /lib/x86_64-linux-gnu/libnsl-2.19.so
7f50c62f1000-7f50c62f3000 rw-p 00000000 00:00 0 
7f50c62f3000-7f50c62fc000 r-xp 00000000 08:04 3150457                    /lib/x86_64-linux-gnu/libnss_compat-2.19.so
7f50c62fc000-7f50c64fb000 ---p 00009000 08:04 3150457                    /lib/x86_64-linux-gnu/libnss_compat-2.19.so
7f50c64fb000-7f50c64fc000 r--p 00008000 08:04 3150457                    /lib/x86_64-linux-gnu/libnss_compat-2.19.so
7f50c64fc000-7f50c64fd000 rw-p 00009000 08:04 3150457                    /lib/x86_64-linux-gnu/libnss_compat-2.19.so
7f50c64fd000-7f50c6527000 r-xp 00000000 08:04 4461799                    /usr/lib/jvm/java-8-oracle/jre/lib/amd64/libjava.so
7f50c6527000-7f50c6727000 ---p 0002a000 08:04 4461799                    /usr/lib/jvm/java-8-oracle/jre/lib/amd64/libjava.so
7f50c6727000-7f50c6729000 rw-p 0002a000 08:04 4461799                    /usr/lib/jvm/java-8-oracle/jre/lib/amd64/libjava.so
7f50c6729000-7f50c6736000 r-xp 00000000 08:04 4462580                    /usr/lib/jvm/java-8-oracle/jre/lib/amd64/libverify.so
7f50c6736000-7f50c6936000 ---p 0000d000 08:04 4462580                    /usr/lib/jvm/java-8-oracle/jre/lib/amd64/libverify.so
7f50c6936000-7f50c6938000 rw-p 0000d000 08:04 4462580                    /usr/lib/jvm/java-8-oracle/jre/lib/amd64/libverify.so
7f50c6938000-7f50c693f000 r-xp 00000000 08:04 3150452                    /lib/x86_64-linux-gnu/librt-2.19.so
7f50c693f000-7f50c6b3e000 ---p 00007000 08:04 3150452                    /lib/x86_64-linux-gnu/librt-2.19.so
7f50c6b3e000-7f50c6b3f000 r--p 00006000 08:04 3150452                    /lib/x86_64-linux-gnu/librt-2.19.so
7f50c6b3f000-7f50c6b40000 rw-p 00007000 08:04 3150452                    /lib/x86_64-linux-gnu/librt-2.19.so
7f50c6b40000-7f50c6c45000 r-xp 00000000 08:04 3150459                    /lib/x86_64-linux-gnu/libm-2.19.so
7f50c6c45000-7f50c6e44000 ---p 00105000 08:04 3150459                    /lib/x86_64-linux-gnu/libm-2.19.so
7f50c6e44000-7f50c6e45000 r--p 00104000 08:04 3150459                    /lib/x86_64-linux-gnu/libm-2.19.so
7f50c6e45000-7f50c6e46000 rw-p 00105000 08:04 3150459                    /lib/x86_64-linux-gnu/libm-2.19.so
7f50c6e46000-7f50c7af4000 r-xp 00000000 08:04 4723906                    /usr/lib/jvm/java-8-oracle/jre/lib/amd64/server/libjvm.so
7f50c7af4000-7f50c7cf3000 ---p 00cae000 08:04 4723906                    /usr/lib/jvm/java-8-oracle/jre/lib/amd64/server/libjvm.so
7f50c7cf3000-7f50c7dca000 rw-p 00cad000 08:04 4723906                    /usr/lib/jvm/java-8-oracle/jre/lib/amd64/server/libjvm.so
7f50c7dca000-7f50c7e0e000 rw-p 00000000 00:00 0 
7f50c7e0e000-7f50c7fc9000 r-xp 00000000 08:04 3150451                    /lib/x86_64-linux-gnu/libc-2.19.so
7f50c7fc9000-7f50c81c9000 ---p 001bb000 08:04 3150451                    /lib/x86_64-linux-gnu/libc-2.19.so
7f50c81c9000-7f50c81cd000 r--p 001bb000 08:04 3150451                    /lib/x86_64-linux-gnu/libc-2.19.so
7f50c81cd000-7f50c81cf000 rw-p 001bf000 08:04 3150451                    /lib/x86_64-linux-gnu/libc-2.19.so
7f50c81cf000-7f50c81d4000 rw-p 00000000 00:00 0 
7f50c81d4000-7f50c81d7000 r-xp 00000000 08:04 3150455                    /lib/x86_64-linux-gnu/libdl-2.19.so
7f50c81d7000-7f50c83d6000 ---p 00003000 08:04 3150455                    /lib/x86_64-linux-gnu/libdl-2.19.so
7f50c83d6000-7f50c83d7000 r--p 00002000 08:04 3150455                    /lib/x86_64-linux-gnu/libdl-2.19.so
7f50c83d7000-7f50c83d8000 rw-p 00003000 08:04 3150455                    /lib/x86_64-linux-gnu/libdl-2.19.so
7f50c83d8000-7f50c83ed000 r-xp 00000000 08:04 4589480                    /usr/lib/jvm/java-8-oracle/jre/lib/amd64/jli/libjli.so
7f50c83ed000-7f50c85ed000 ---p 00015000 08:04 4589480                    /usr/lib/jvm/java-8-oracle/jre/lib/amd64/jli/libjli.so
7f50c85ed000-7f50c85ee000 rw-p 00015000 08:04 4589480                    /usr/lib/jvm/java-8-oracle/jre/lib/amd64/jli/libjli.so
7f50c85ee000-7f50c8607000 r-xp 00000000 08:04 3150468                    /lib/x86_64-linux-gnu/libpthread-2.19.so
7f50c8607000-7f50c8806000 ---p 00019000 08:04 3150468                    /lib/x86_64-linux-gnu/libpthread-2.19.so
7f50c8806000-7f50c8807000 r--p 00018000 08:04 3150468                    /lib/x86_64-linux-gnu/libpthread-2.19.so
7f50c8807000-7f50c8808000 rw-p 00019000 08:04 3150468                    /lib/x86_64-linux-gnu/libpthread-2.19.so
7f50c8808000-7f50c880c000 rw-p 00000000 00:00 0 
7f50c880c000-7f50c882f000 r-xp 00000000 08:04 3150449                    /lib/x86_64-linux-gnu/ld-2.19.so
7f50c884a000-7f50c884b000 rw-p 00000000 00:00 0 
7f50c884b000-7f50c8850000 r--s 00094000 08:04 2893606                    /usr/lib/jvm/java-8-oracle/jre/lib/jsse.jar
7f50c8850000-7f50c890e000 rw-p 00000000 00:00 0 
7f50c890e000-7f50c8911000 ---p 00000000 00:00 0 
7f50c8911000-7f50c8a13000 rw-p 00000000 00:00 0                          [stack:13869]
7f50c8a13000-7f50c8a22000 r--s 000dd000 08:04 1181352                    /home/vikky/Android/Sdk/build-tools/21.1.2/lib/dx.jar
7f50c8a22000-7f50c8a2a000 rw-s 00000000 08:04 5378197                    /tmp/hsperfdata_vikky/13860
7f50c8a2a000-7f50c8a2b000 rw-p 00000000 00:00 0 
7f50c8a2b000-7f50c8a2c000 ---p 00000000 00:00 0 
7f50c8a2c000-7f50c8a2e000 rw-p 00000000 00:00 0 
7f50c8a2e000-7f50c8a2f000 r--p 00022000 08:04 3150449                    /lib/x86_64-linux-gnu/ld-2.19.so
7f50c8a2f000-7f50c8a30000 rw-p 00023000 08:04 3150449                    /lib/x86_64-linux-gnu/ld-2.19.so
7f50c8a30000-7f50c8a31000 rw-p 00000000 00:00 0 
7fff2fd6a000-7fff2fd8b000 rw-p 00000000 00:00 0                          [stack]
7fff2fda9000-7fff2fdab000 r-xp 00000000 00:00 0                          [vdso]
ffffffffff600000-ffffffffff601000 r-xp 00000000 00:00 0                  [vsyscall]

VM Arguments:
jvm_args: -Xmx1024M 
java_command: /home/vikky/Android/Sdk/build-tools/21.1.2/lib/dx.jar --dex --no-optimize --output /home/vikky/AndroidStudioProjects/Hisab/app/build/intermediates/dex/debug --input-list=/home/vikky/AndroidStudioProjects/Hisab/app/build/intermediates/tmp/dex/debug/inputList.txt
java_class_path (initial): /home/vikky/Android/Sdk/build-tools/21.1.2/lib/dx.jar
Launcher Type: SUN_STANDARD

Environment Variables:
JAVA_HOME=/usr/lib/jvm/java-8-oracle
PATH=/home/vikky/.rbenv/shims:/usr/local/sbin:/usr/local/bin:/usr/sbin:/usr/bin:/sbin:/bin:/usr/games:/usr/local/games:/usr/lib/jvm/java-8-oracle/bin:/usr/lib/jvm/java-8-oracle/db/bin:/usr/lib/jvm/java-8-oracle/jre/bin
LD_LIBRARY_PATH=./android-studio/bin:
SHELL=/bin/bash
DISPLAY=:0.0

Signal Handlers:
SIGSEGV: [libjvm.so+0xaad1e0], sa_mask[0]=11111111011111111101111111111110, sa_flags=SA_RESTART|SA_SIGINFO
SIGBUS: [libjvm.so+0xaad1e0], sa_mask[0]=11111111011111111101111111111110, sa_flags=SA_RESTART|SA_SIGINFO
SIGFPE: [libjvm.so+0x90b450], sa_mask[0]=11111111011111111101111111111110, sa_flags=SA_RESTART|SA_SIGINFO
SIGPIPE: [libjvm.so+0x90b450], sa_mask[0]=11111111011111111101111111111110, sa_flags=SA_RESTART|SA_SIGINFO
SIGXFSZ: [libjvm.so+0x90b450], sa_mask[0]=11111111011111111101111111111110, sa_flags=SA_RESTART|SA_SIGINFO
SIGILL: [libjvm.so+0x90b450], sa_mask[0]=11111111011111111101111111111110, sa_flags=SA_RESTART|SA_SIGINFO
SIGUSR1: SIG_DFL, sa_mask[0]=00000000000000000000000000000000, sa_flags=none
SIGUSR2: [libjvm.so+0x90ca90], sa_mask[0]=00100000000000000000000000000000, sa_flags=SA_RESTART|SA_SIGINFO
SIGHUP: [libjvm.so+0x90dde0], sa_mask[0]=11111111011111111101111111111110, sa_flags=SA_RESTART|SA_SIGINFO
SIGINT: [libjvm.so+0x90dde0], sa_mask[0]=11111111011111111101111111111110, sa_flags=SA_RESTART|SA_SIGINFO
SIGTERM: [libjvm.so+0x90dde0], sa_mask[0]=11111111011111111101111111111110, sa_flags=SA_RESTART|SA_SIGINFO
SIGQUIT: [libjvm.so+0x90dde0], sa_mask[0]=11111111011111111101111111111110, sa_flags=SA_RESTART|SA_SIGINFO


---------------  S Y S T E M  ---------------

OS:DISTRIB_ID=Ubuntu
DISTRIB_RELEASE=14.04
DISTRIB_CODENAME=trusty
DISTRIB_DESCRIPTION="Linux Lite 2.2"

uname:Linux 3.13.0-24-generic #47-Ubuntu SMP Fri May 2 23:30:00 UTC 2014 x86_64
libc:glibc 2.19 NPTL 2.19 
rlimit: STACK 8192k, CORE 0k, NPROC 30981, NOFILE 4096, AS infinity
load average:1.31 1.18 1.24

/proc/meminfo:
MemTotal:        3994112 kB
MemFree:          120288 kB
Buffers:            1956 kB
Cached:           226764 kB
SwapCached:            0 kB
Active:          3485064 kB
Inactive:         198432 kB
Active(anon):    3458696 kB
Inactive(anon):   178032 kB
Active(file):      26368 kB
Inactive(file):    20400 kB
Unevictable:          64 kB
Mlocked:              64 kB
SwapTotal:             0 kB
SwapFree:              0 kB
Dirty:              1528 kB
Writeback:             0 kB
AnonPages:       3455436 kB
Mapped:           179528 kB
Shmem:            181448 kB
Slab:              63632 kB
SReclaimable:      30568 kB
SUnreclaim:        33064 kB
KernelStack:        5216 kB
PageTables:        42568 kB
NFS_Unstable:          0 kB
Bounce:                0 kB
WritebackTmp:          0 kB
CommitLimit:     1997056 kB
Committed_AS:    6942116 kB
VmallocTotal:   34359738367 kB
VmallocUsed:      555616 kB
VmallocChunk:   34359170284 kB
HardwareCorrupted:     0 kB
AnonHugePages:   1081344 kB
HugePages_Total:       0
HugePages_Free:        0
HugePages_Rsvd:        0
HugePages_Surp:        0
Hugepagesize:       2048 kB
DirectMap4k:       69888 kB
DirectMap2M:     4071424 kB


CPU:total 4 (2 cores per cpu, 2 threads per core) family 6 model 42 stepping 7, cmov, cx8, fxsr, mmx, sse, sse2, sse3, ssse3, sse4.1, sse4.2, popcnt, avx, clmul, ht, tsc, tscinvbit

/proc/cpuinfo:
processor	: 0
vendor_id	: GenuineIntel
cpu family	: 6
model		: 42
model name	: Intel(R) Core(TM) i3-2350M CPU @ 2.30GHz
stepping	: 7
microcode	: 0x1b
cpu MHz		: 2300.000
cache size	: 3072 KB
physical id	: 0
siblings	: 4
core id		: 0
cpu cores	: 2
apicid		: 0
initial apicid	: 0
fpu		: yes
fpu_exception	: yes
cpuid level	: 13
wp		: yes
flags		: fpu vme de pse tsc msr pae mce cx8 apic sep mtrr pge mca cmov pat pse36 clflush dts acpi mmx fxsr sse sse2 ss ht tm pbe syscall nx rdtscp lm constant_tsc arch_perfmon pebs bts rep_good nopl xtopology nonstop_tsc aperfmperf eagerfpu pni pclmulqdq dtes64 monitor ds_cpl vmx est tm2 ssse3 cx16 xtpr pdcm pcid sse4_1 sse4_2 x2apic popcnt tsc_deadline_timer xsave avx lahf_lm arat epb xsaveopt pln pts dtherm tpr_shadow vnmi flexpriority ept vpid
bogomips	: 4589.76
clflush size	: 64
cache_alignment	: 64
address sizes	: 36 bits physical, 48 bits virtual
power management:

processor	: 1
vendor_id	: GenuineIntel
cpu family	: 6
model		: 42
model name	: Intel(R) Core(TM) i3-2350M CPU @ 2.30GHz
stepping	: 7
microcode	: 0x1b
cpu MHz		: 800.000
cache size	: 3072 KB
physical id	: 0
siblings	: 4
core id		: 0
cpu cores	: 2
apicid		: 1
initial apicid	: 1
fpu		: yes
fpu_exception	: yes
cpuid level	: 13
wp		: yes
flags		: fpu vme de pse tsc msr pae mce cx8 apic sep mtrr pge mca cmov pat pse36 clflush dts acpi mmx fxsr sse sse2 ss ht tm pbe syscall nx rdtscp lm constant_tsc arch_perfmon pebs bts rep_good nopl xtopology nonstop_tsc aperfmperf eagerfpu pni pclmulqdq dtes64 monitor ds_cpl vmx est tm2 ssse3 cx16 xtpr pdcm pcid sse4_1 sse4_2 x2apic popcnt tsc_deadline_timer xsave avx lahf_lm arat epb xsaveopt pln pts dtherm tpr_shadow vnmi flexpriority ept vpid
bogomips	: 4589.76
clflush size	: 64
cache_alignment	: 64
address sizes	: 36 bits physical, 48 bits virtual
power management:

processor	: 2
vendor_id	: GenuineIntel
cpu family	: 6
model		: 42
model name	: Intel(R) Core(TM) i3-2350M CPU @ 2.30GHz
stepping	: 7
microcode	: 0x1b
cpu MHz		: 2300.000
cache size	: 3072 KB
physical id	: 0
siblings	: 4
core id		: 1
cpu cores	: 2
apicid		: 2
initial apicid	: 2
fpu		: yes
fpu_exception	: yes
cpuid level	: 13
wp		: yes
flags		: fpu vme de pse tsc msr pae mce cx8 apic sep mtrr pge mca cmov pat pse36 clflush dts acpi mmx fxsr sse sse2 ss ht tm pbe syscall nx rdtscp lm constant_tsc arch_perfmon pebs bts rep_good nopl xtopology nonstop_tsc aperfmperf eagerfpu pni pclmulqdq dtes64 monitor ds_cpl vmx est tm2 ssse3 cx16 xtpr pdcm pcid sse4_1 sse4_2 x2apic popcnt tsc_deadline_timer xsave avx lahf_lm arat epb xsaveopt pln pts dtherm tpr_shadow vnmi flexpriority ept vpid
bogomips	: 4589.76
clflush size	: 64
cache_alignment	: 64
address sizes	: 36 bits physical, 48 bits virtual
power management:

processor	: 3
vendor_id	: GenuineIntel
cpu family	: 6
model		: 42
model name	: Intel(R) Core(TM) i3-2350M CPU @ 2.30GHz
stepping	: 7
microcode	: 0x1b
cpu MHz		: 2300.000
cache size	: 3072 KB
physical id	: 0
siblings	: 4
core id		: 1
cpu cores	: 2
apicid		: 3
initial apicid	: 3
fpu		: yes
fpu_exception	: yes
cpuid level	: 13
wp		: yes
flags		: fpu vme de pse tsc msr pae mce cx8 apic sep mtrr pge mca cmov pat pse36 clflush dts acpi mmx fxsr sse sse2 ss ht tm pbe syscall nx rdtscp lm constant_tsc arch_perfmon pebs bts rep_good nopl xtopology nonstop_tsc aperfmperf eagerfpu pni pclmulqdq dtes64 monitor ds_cpl vmx est tm2 ssse3 cx16 xtpr pdcm pcid sse4_1 sse4_2 x2apic popcnt tsc_deadline_timer xsave avx lahf_lm arat epb xsaveopt pln pts dtherm tpr_shadow vnmi flexpriority ept vpid
bogomips	: 4589.76
clflush size	: 64
cache_alignment	: 64
address sizes	: 36 bits physical, 48 bits virtual
power management:



Memory: 4k page, physical 3994112k(120288k free), swap 0k(0k free)

vm_info: Java HotSpot(TM) 64-Bit Server VM (25.45-b02) for linux-amd64 JRE (1.8.0_45-b14), built on Apr 10 2015 10:07:45 by "java_re" with gcc 4.3.0 20080428 (Red Hat 4.3.0-8)

time: Thu Aug  6 03:43:21 2015
elapsed time: 3 seconds (0d 0h 0m 3s)

